/System/Volumes/Data/mnt/g2/scratch/bpeck/mcao/hybrid/maos -o 15as2S_30km60asR_lgs_mcao_study1A/0rayleigh -c A_mcao_hybrid.conf plot.all=1 plot.setup=1 -O powfs.nwfs=[2 0 3 1] wfs.thetax=[15.0 -15.0 5 -2.5 -2.5 0] wfs.thetay=[0.0 0.0 0 4.33 -4.33 0] powfs0_llt.ox = [1.0 -1.0]*6.5 powfs0_llt.oy=[0.0 0.0]*6.5 powfs1_llt.ox = []*6.5 powfs1_llt.oy=[]*6.5 
Output folder is '15as2S_30km60asR_lgs_mcao_study1A/0rayleigh'.
SRC: /u/bpeck/code/maos v2.9 2.9
BUILT: /u/bpeck/code/maos/build by CLANG (v14.0.0) on 2024/03/22 14:52:24 CPU(F64,+O3) w/o CUDA
Launched at 2024/06/14 15:23:53 in dragon with PID 97808.
The web based job monitor can be accessed at http://localhost:10300
Main config file is /System/Volumes/Data/mnt/g2/scratch/bpeck/mcao/hybrid/A_mcao_hybrid.conf
Warning(path.c:48): Path not found: path=/System/Volumes/Data/mnt/g2/scratch/bpeck/mcao/hybrid/bin; abspath=/System/Volumes/Data/mnt/g2/scratch/bpeck/mcao/hybrid/bin; Ignored.
Warning(path.c:48): Path not found: path=/System/Volumes/Data/mnt/g2/scratch/bpeck/mcao/hybrid/atm; abspath=/System/Volumes/Data/mnt/g2/scratch/bpeck/mcao/hybrid/atm; Ignored.
Warning(readcfg.c:399): sim.apfsm has been renamed to powfs.apfsm.
Warning(readcfg.c:399): sim.epfsm has been renamed to powfs.epfsm.
Warning(readcfg.c:399): sim.alfsm has been renamed to powfs.alfsm.
Warning(readcfg.c:399): sim.commonfsm has been renamed to powfs.commonfsm.
Warning(readcfg.c:399): sim.idealfsm has been renamed to powfs.idealfsm.
Warning(readcfg.c:399): sim.zetafsm has been renamed to powfs.zetafsm.
Warning(readcfg.c:399): sim.f0fsm has been renamed to powfs.f0fsm.
Warning(readcfg.c:399): surf has been renamed to ncpa.surf.
Warning(readcfg.c:399): tsurf has been renamed to ncpa.tsurf.
Warning(readcfg.c:399): sim.ncpa_calib has been renamed to ncpa.calib.
Warning(readcfg.c:399): sim.ncpa_ttr has been renamed to ncpa.ttr.
Warning(readcfg.c:399): sim.ncpa_thetax has been renamed to ncpa.thetax.
Warning(readcfg.c:399): sim.ncpa_thetay has been renamed to ncpa.thetay.
Warning(readcfg.c:399): sim.ncpa_wt has been renamed to ncpa.wt.
Warning(readcfg.c:399): sim.ncpa_hs has been renamed to ncpa.hs.
loaded 139 (133 new) records from '/System/Volumes/Data/mnt/g2/scratch/bpeck/mcao/hybrid/./keck_sim.conf'
loaded  19 ( 19 new) records from '/System/Volumes/Data/mnt/g2/scratch/bpeck/mcao/hybrid/./dm_none.conf'
loaded  19 (  0 new) records from '/System/Volumes/Data/mnt/g2/scratch/bpeck/mcao/hybrid/./keck_DM1.conf'
loaded  19 (  0 new) records from '/System/Volumes/Data/mnt/g2/scratch/bpeck/mcao/hybrid/./keck_DM2.conf'
loaded  19 (  0 new) records from '/System/Volumes/Data/mnt/g2/scratch/bpeck/mcao/hybrid/./keck_DM3.conf'
loaded   0 (  0 new) records from '/System/Volumes/Data/mnt/g2/scratch/bpeck/mcao/hybrid/./keck_dm_multiple.conf'
loaded   7 (  5 new) records from '/System/Volumes/Data/mnt/g2/scratch/bpeck/mcao/hybrid/./atm_mk13n50p_ground_detail.conf'
loaded  69 ( 69 new) records from '/System/Volumes/Data/mnt/g2/scratch/bpeck/mcao/hybrid/./powfs_common.conf'
loaded  44 ( 38 new) records from '/System/Volumes/Data/mnt/g2/scratch/bpeck/mcao/hybrid/./powfs_none.conf'
loaded  45 (  0 new) records from '/System/Volumes/Data/mnt/g2/scratch/bpeck/mcao/hybrid/./keck_shwfs_lgs.conf'
loaded  46 (  0 new) records from '/System/Volumes/Data/mnt/g2/scratch/bpeck/mcao/hybrid/./keck_shwfs_lgs_R20.conf'
loaded  45 (  0 new) records from '/System/Volumes/Data/mnt/g2/scratch/bpeck/mcao/hybrid/./keck_shwfs_ttf_strap.conf'
loaded  44 (  0 new) records from '/System/Volumes/Data/mnt/g2/scratch/bpeck/mcao/hybrid/./keck_shwfs_twfs_lbwfs.conf'
loaded   0 (  0 new) records from '/System/Volumes/Data/mnt/g2/scratch/bpeck/mcao/hybrid/./keck_wfs_hybrid_strap_lbwfs.conf'
loaded  71 ( 71 new) records from '/u/bpeck/code/maos/config/maos/recon.conf'
loaded  80 ( 80 new) records from '/u/bpeck/code/maos/config/maos/dbg.conf'
loaded   4 (  4 new) records from '/System/Volumes/Data/mnt/g2/scratch/bpeck/mcao/hybrid/./keck_fit.conf'
loaded  38 ( 10 new) records from '/System/Volumes/Data/mnt/g2/scratch/bpeck/mcao/hybrid/A_mcao_hybrid.conf'
Overriding plot.all            	0 --> 1
Overriding plot.setup          	0 --> 1
Overriding powfs.nwfs          	[1 1 1 1] --> [2 0 3 1]
Overriding wfs.thetax          	[0 0 0 0] --> [15.0 -15.0 5 -2.5 -2.5 0]
Overriding wfs.thetay          	[0 0 0 0] --> [0.0 0.0 0 4.33 -4.33 0]
Overriding powfs0_llt.ox       	[0]*6.5 --> [1.0 -1.0]*6.5
Overriding powfs0_llt.oy       	[0]*6.5 --> [0.0 0.0]*6.5
Overriding powfs1_llt.ox       	[0]*6.5 --> []*6.5
Overriding powfs1_llt.oy       	[0]*6.5 --> []*6.5
loaded   9 (  0 new) records from 'command line'
loaded  23 ( 23 new) records from '/System/Volumes/Data/mnt/g2/scratch/bpeck/mcao/hybrid/./keck_llt_CL.conf'
loaded  23 ( 23 new) records from '/System/Volumes/Data/mnt/g2/scratch/bpeck/mcao/hybrid/./keck_llt_CL.conf'
draw_helper started
Adjust LGS range by telescope altitude 4145m.
Zenith angle is 30 degree.
    Scaling turbulence height and LGS hs by sec(za).
    Scaling r0 by cos(za)^(3/5).
    Scaling wind speed and LGS signal level by cos(za).
powfs0: Adjusting dx from 0.0078125 to 0.00797222. 
powfs0.llt.fsm: f0=0 Hz, LPF ep=0
powfs2: Adjusting dx from 0.03125 to 0.0287. 
powfs2 is TWFS for powfs0
Warning(parms.c:2297): Layer 1 at 17.3205m is very close to layer 0 at 0m (OK).
Warning(parms.c:2297): Layer 2 at 34.641m is very close to layer 1 at 17.3205m (OK).
Warning(parms.c:2297): Layer 3 at 51.9615m is very close to layer 2 at 34.641m (OK).
dm 0: stroke=300 um is provided in micron.
dm 0: assume ia stroke=20 um is provided in micron.
dm 1: stroke=300 um is provided in micron.
dm 1: assume ia stroke=20 um is provided in micron.
dm 2: stroke=300 um is provided in micron.
dm 2: assume ia stroke=20 um is provided in micron.
There are 1 valid simulation seeds:  1
Output PSF for 10 directions
Used 475 of 475 supplied keys
[00;00mAperture[00;00m is 11 m with sampling 1/128 m
[00;00mTurbulence at 30 degree zenith angle:[00;00m r0=0.128424m, L0=30m, 14 layers.
    Greenwood freq is 25.1Hz, anisoplanatic angle is 1.58 as
    Sampled 8192x8192 at 1/128m. wind dir is randomized.
    layer 0: ht=      0 m, wt= 0.302, ws=  4.8 m/s
    layer 1: ht=     17 m, wt= 0.154, ws=  5.0 m/s
    layer 2: ht=     35 m, wt= 0.041, ws=  5.4 m/s
    layer 3: ht=     52 m, wt= 0.002, ws=  6.6 m/s
    layer 4: ht=    139 m, wt= 0.021, ws=  6.1 m/s
    layer 5: ht=    231 m, wt= 0.010, ws=  6.1 m/s
    layer 6: ht=    323 m, wt= 0.008, ws=  6.1 m/s
    layer 7: ht=    416 m, wt= 0.005, ws=  6.1 m/s
    layer 8: ht=    508 m, wt= 0.001, ws=  6.1 m/s
    layer 9: ht=    932 m, wt= 0.107, ws=  5.6 m/s
    layer 10: ht=   5022 m, wt= 0.144, ws= 11.1 m/s
    layer 11: ht=   9238 m, wt= 0.093, ws= 19.1 m/s
    layer 12: ht=  13856 m, wt= 0.075, ws=  8.2 m/s
    layer 13: ht=  22518 m, wt= 0.036, ws=  4.8 m/s
[00;00mReconstruction[00;00m: r0=0.128424m L0=30m. 14 layers. use cone coordinate.
    layer 0: ht=      0 m, wt= 0.302
    layer 1: ht=     17 m, wt= 0.154
    layer 2: ht=     35 m, wt= 0.041
    layer 3: ht=     52 m, wt= 0.002
    layer 4: ht=    139 m, wt= 0.021
    layer 5: ht=    231 m, wt= 0.010
    layer 6: ht=    323 m, wt= 0.008
    layer 7: ht=    416 m, wt= 0.005
    layer 8: ht=    508 m, wt= 0.001
    layer 9: ht=    932 m, wt= 0.107
    layer 10: ht=   5022 m, wt= 0.144
    layer 11: ht=   9238 m, wt= 0.093
    layer 12: ht=  13856 m, wt= 0.075
    layer 13: ht=  22518 m, wt= 0.036
[00;00mThere are 3 powfs[00;00m
  powfs0: Order 39, LGS at 99.1 km. Sampling 1/125.436 m. Thres 30%. [00;00mT/T is removed in right hand side in tomography.[00;00m
    Gtilt in reconstruction. Geomtric optics start at 0 with gtilt [00;00m(noisy)[00;00m
  powfs1: Order  1, NGS at inf km. Sampling 1/16 m. Thres 30%. 
    Gtilt in reconstruction. Geomtric optics start at 2 with ztilt [00;00m(noisy)[00;00m
  powfs2: Order 39, NGS at inf km. Sampling 1/34.8432 m. Thres 50%. 
    Gtilt in reconstruction. Geomtric optics start at 50 with gtilt [00;00m(noisy)[00;00m
[00;00mThere are 6 wfs[00;00m
    wfs 0: type 0, at (  15.00,    0.00) arcsec,  99 km, siglev is 1099.85 bkgrnd is 1.5
    wfs 1: type 0, at ( -15.00,    0.00) arcsec,  99 km, siglev is 1099.85 bkgrnd is 1.5
    wfs 2: type 1, at (   5.00,    0.00) arcsec, inf km, siglev is 64529 bkgrnd is 8.273
    wfs 3: type 1, at (  -2.50,    4.33) arcsec, inf km, siglev is 64529 bkgrnd is 8.273
    wfs 4: type 1, at (  -2.50,   -4.33) arcsec, inf km, siglev is 64529 bkgrnd is 8.273
    wfs 5: type 2, at (   0.00,    0.00) arcsec, inf km, siglev is 1.47933e+08 bkgrnd is 25.25
[00;00mThere are 3 DMs[00;00m
  DM 0 at    0km, actuator pitch 0.287m, offset   0, with 300.000000 micron stroke.
    Normalized cubic influence function with inter-actuator coupling of 0.223
  DM 1 at    6km, actuator pitch 0.287m, offset   0, with 300.000000 micron stroke.
    Normalized cubic influence function with inter-actuator coupling of 0.223
  DM 2 at   10km, actuator pitch 0.287m, offset   0, with 300.000000 micron stroke.
    Normalized cubic influence function with inter-actuator coupling of 0.223
[00;00mTomography[00;00m is using CG, with [00;00mNo[00;00m preconditioner, [00;00m40[00;00m iterations, ad hoc split tomo.
[00;00mDM Fitting [00;00mis using CG, with [00;00mNo[00;00m preconditioner, [00;00m10[00;00m iterations
[00;00mThere are 9 fit directions[00;00m
    Fit 0: weight is 0.444, at (   0.00,    0.00) arcsec
    Fit 1: weight is 0.111, at (  15.00,    0.00) arcsec
    Fit 2: weight is 0.111, at (   0.00,   15.00) arcsec
    Fit 3: weight is 0.111, at ( -15.00,    0.00) arcsec
    Fit 4: weight is 0.111, at (   0.00,  -15.00) arcsec
    Fit 5: weight is 0.028, at (  15.00,   15.00) arcsec
    Fit 6: weight is 0.028, at ( -15.00,   15.00) arcsec
    Fit 7: weight is 0.028, at ( -15.00,  -15.00) arcsec
    Fit 8: weight is 0.028, at (  15.00,  -15.00) arcsec
[00;00mThere are 10 evaluation directions[00;00m at sampling 1/128 m.
    Evl 0: weight is 0.100, at (   0.00,    0.00) arcsec
    Evl 1: weight is 0.100, at (   5.00,    0.00) arcsec
    Evl 2: weight is 0.100, at (  10.00,    0.00) arcsec
    Evl 3: weight is 0.100, at (  15.00,    0.00) arcsec
    Evl 4: weight is 0.100, at (  20.00,    0.00) arcsec
    Evl 5: weight is 0.100, at (  25.00,    0.00) arcsec
    Evl 6: weight is 0.100, at (  30.00,    0.00) arcsec
    Evl 7: weight is 0.100, at (  35.00,    0.00) arcsec
    Evl 8: weight is 0.100, at (  45.00,    0.00) arcsec
    Evl 9: weight is 0.100, at (  60.00,    0.00) arcsec
[00;00mSimulation[00;00m start at step 0, end at step 1000, with time step 1/1500s, [00;00mclose loop[00;00m.
After setup_parms:	2.2 MiB.

*** Preparation started at 2024/06/14 15:23:53 in dragon. ***

Using thread pool with 32 threads
Reading aperture amplitude map from KECK.fits
Warning(accphi.c:477): 108578 points not covered by input screen
iwvl 0: Science PSF is using grid size of 2880. The PSF will sum to 6.95167232824563
iwvl 1: Science PSF is using grid size of 2880. The PSF will sum to 6.95167232824563
iwvl 2: Science PSF is using grid size of 2880. The PSF will sum to 6.95167232824563
iwvl 3: Science PSF is using grid size of 2880. The PSF will sum to 6.95167232824563
iwvl 4: Science PSF is using grid size of 2880. The PSF will sum to 6.95167232824563
iwvl 5: Science PSF is using grid size of 2880. The PSF will sum to 6.95167232824563
iwvl 6: Science PSF is using grid size of 2880. The PSF will sum to 6.95167232824563
iwvl 7: Science PSF is using grid size of 2880. The PSF will sum to 6.95167232824563
iwvl 8: Science PSF is using grid size of 2880. The PSF will sum to 6.95167232824563
After setup_aper:	88.2 MiB.

[00;00mSetting up powfs 0 geom[00;00m

There are 36 points in each subaperture of 0.287m.
There are 919 valid subaperture.

[00;00mSetting up powfs 1 geom[00;00m

There are 176 points in each subaperture of 11m.
There are 1 valid subaperture.

[00;00mSetting up powfs 2 geom[00;00m

There are 10 points in each subaperture of 0.287m.
There are 893 valid subaperture.
After setup_powfs_init:	187.8 MiB.

[00;00mSetting up reconstructor geometry.[00;00m

PLOC is 81x81, with sampling of 0.14m (not square)
    DM 0: grid is 42 x 42
    DM 1: grid is 50 x 46
    DM 2: grid is 55 x 48
FLOC is 81x81, with sampling of 0.14m (not square)
Tomography grid is not square:
    layer 0: xloc grid is  81 x  81, sampling is 0.143 m,  5185 points
    layer 1: xloc grid is  81 x  81, sampling is 0.143 m,  5187 points
    layer 2: xloc grid is  81 x  81, sampling is 0.143 m,  5195 points
    layer 3: xloc grid is  81 x  81, sampling is 0.143 m,  5199 points
    layer 4: xloc grid is  81 x  81, sampling is 0.143 m,  5231 points
    layer 5: xloc grid is  81 x  81, sampling is 0.143 m,  5265 points
    layer 6: xloc grid is  82 x  81, sampling is 0.143 m,  5298 points
    layer 7: xloc grid is  82 x  81, sampling is 0.143 m,  5318 points
    layer 8: xloc grid is  82 x  81, sampling is 0.143 m,  5350 points
    layer 9: xloc grid is  84 x  83, sampling is 0.142 m,  5530 points
    layer 10: xloc grid is  99 x  91, sampling is 0.136 m,  7171 points
    layer 11: xloc grid is 114 x  99, sampling is 0.130 m,  9246 points
    layer 12: xloc grid is 134 x 109, sampling is 0.123 m, 12010 points
    layer 13: xloc grid is 177 x 133, sampling is 0.111 m, 19245 points
Setting up surface OPD

Surface 0:
Loading surface OPD from Keck_ncpa_rmswfe130nm.fits
Does not contain SURFEVL. Assume it covers all evaluation directions.
Does not contain SURFWFS, Assume it covers all WFS.

[00;00mSetting up reconstructor[00;00m

Low order modes: nmod=6, mffocus=1, ahst_focus=1, indps=2, indastig=0
Low order control includes WFS 2 3 4
Recon NEA: geom(43.34) geom(43.34) geom(2.22) geom(2.22) geom(2.22) geom(0.04)  mas
Setup or update control matrix parameters.
RRtwfs svd threshold is 1e-10
Replacing HA by HA*fit->actextrap
Adding piston cr to fit matrix
Adding TT cr on upper DMs to fit matrix.
    dm 0, mode 1: there are 8 slave actuators
    dm 1, mode 1: there are 236 slave actuators
    dm 2, mode 1: there are 358 slave actuators
Before assembling fit matrix:	596.6 MiB.
Building fit->FR
Building fit->FL
Adding tikhonov constraint of 1.0e-07 to FLM
The maximum eigen value is estimated to be around 7.3e-04
DM Fit number of Low rank terms: 16 in LHS
After assemble fit matrix:	1110.0 MiB.
After setup_recon:	1110.0 MiB.

*** Simulation started at 2024/06/14 15:23:58 in dragon. ***

Running seed 1
Converting windshake PSD to time series.
DM cache with grid 1/13.9373m 1/13.9373m 1/13.9373m
Wind dir: 267.3 261.7 167.0 130.5 300.7  32.3 119.8 139.0 150.8 277.7 203.0 133.1  45.9 265.1 deg
Using /u/bpeck/.aos/cache/atm/vonkarman_14_8192x8192_0.0078125_1115374592d.bin
After genatm:	1307.7 MiB.
Step     #  Open Loop  PR TT  On axis  PR TT  Field RMS PR TT Split     HIGH   TT    LOW     Timing 
Step     0: OL  995.7  435.8  OA 1000.7 444.2 CL  995.7 435.8 Split   890.6 426.9  445.2 nm  0.111 s
Step     5: OL 1012.5  466.9  OA  385.6 299.7 CL  452.5 277.9 Split   360.6 215.4  273.3 nm  0.245 s
Step    10: OL 1005.4  444.2  OA  255.2  39.9 CL  545.6 402.4 Split   369.3 299.5  401.7 nm  0.252 s
Step    15: OL  981.7  379.1  OA  257.1  61.6 CL  435.8 230.5 Split   373.2 132.3  225.0 nm  0.239 s
Step    20: OL  957.1  299.8  OA  246.1  49.4 CL  486.4 315.5 Split   369.6 206.7  316.2 nm  2.170 s
Step    21: OL  953.3  285.3  OA  246.0  39.5 CL  485.1 315.1 Split   367.8 213.2  316.3 nm  1.888 s
Step    22: OL  950.1  271.8  OA  242.1  28.2 CL  557.7 426.0 Split   362.4 307.9  423.9 nm  1.886 s
Step    23: OL  947.3  259.6  OA  241.3  19.5 CL  518.4 371.7 Split   362.3 260.0  370.7 nm  1.833 s
Step    24: OL  945.2  248.9  OA  243.7   6.6 CL  436.1 238.1 Split   363.5 144.8  240.9 nm  1.828 s
Step    25: OL  943.5  239.8  OA  244.1   9.5 CL  424.8 214.3 Split   362.8 123.9  221.0 nm  1.932 s
Step    26: OL  942.3  232.5  OA  239.7  22.4 CL  425.7 221.2 Split   362.6 123.4  223.0 nm  1.937 s
Step    27: OL  941.7  227.2  OA  244.1  35.4 CL  429.2 222.2 Split   364.6 119.5  226.5 nm  1.884 s
Step    28: OL  941.5  223.8  OA  245.2  35.5 CL  431.2 224.5 Split   365.5 124.5  228.8 nm  1.863 s
Step    29: OL  941.9  222.5  OA  237.8  14.4 CL  458.7 280.1 Split   363.7 180.7  279.6 nm  1.924 s
Step    30: OL  942.7  223.3  OA  235.2  13.6 CL  538.7 398.7 Split   362.4 285.1  398.6 nm  1.916 s
Step    31: OL  944.1  226.1  OA  234.7  13.7 CL  545.4 410.8 Split   359.9 293.5  409.8 nm  2.032 s
Step    32: OL  946.0  231.0  OA  236.0  13.3 CL  470.2 306.9 Split   358.7 202.8  304.0 nm  2.001 s
Step    33: OL  948.3  238.0  OA  238.4  18.0 CL  436.4 254.2 Split   357.2 158.3  250.7 nm  2.017 s
Step    34: OL  951.2  246.9  OA  241.1  31.8 CL  427.9 238.5 Split   356.9 141.7  236.0 nm  1.992 s
Step    35: OL  954.7  257.7  OA  243.1  46.5 CL  409.5 202.5 Split   358.6 115.8  197.8 nm  1.940 s
Step    36: OL  958.7  270.2  OA  242.4  39.4 CL  392.5 159.5 Split   360.1  82.5  156.1 nm  2.082 s
Step    37: OL  963.4  284.3  OA  243.7  61.2 CL  400.6 174.4 Split   359.8 110.9  176.2 nm  1.990 s
Step    38: OL  968.6  299.8  OA  243.0  60.7 CL  442.8 255.6 Split   360.7 180.8  256.8 nm  2.121 s
Step    39: OL  974.4  316.4  OA  240.8  50.4 CL  460.7 284.4 Split   361.1 198.1  286.1 nm  1.957 s
Step    40: OL  980.8  333.8  OA  240.0  38.6 CL  428.7 229.9 Split   360.1 149.7  232.7 nm  2.023 s
Step    41: OL  987.6  351.7  OA  238.2  40.7 CL  394.9 164.3 Split   358.9  84.0  164.9 nm  2.034 s
Step    42: OL  994.8  369.9  OA  237.8  47.7 CL  416.5 213.2 Split   357.7 118.9  213.3 nm  2.216 s
Step    43: OL 1002.2  387.9  OA  239.0  60.2 CL  462.6 296.7 Split   356.8 190.9  294.4 nm  2.251 s
Step    44: OL 1009.8  405.6  OA  240.9  62.9 CL  472.3 308.7 Split   358.4 215.4  307.6 nm  2.077 s
Step    45: OL 1017.2  422.4  OA  243.8  61.5 CL  474.7 304.1 Split   360.2 224.6  309.1 nm  2.081 s
Step    46: OL 1024.4  438.2  OA  241.9  50.4 CL  443.0 251.2 Split   360.7 178.0  257.2 nm  2.020 s
Step    47: OL 1031.2  452.7  OA  240.9  44.9 CL  420.5 214.0 Split   360.6 135.6  216.3 nm  2.062 s
Step    48: OL 1037.5  465.4  OA  236.4  34.0 CL  416.3 215.3 Split   358.8 133.1  211.1 nm  2.197 s
Step    49: OL 1042.9  476.3  OA  234.1  34.6 CL  465.2 300.4 Split   358.0 201.1  297.0 nm  2.107 s
Step    50: OL 1047.5  485.0  OA  233.4  27.6 CL  520.8 380.8 Split   358.0 268.6  378.1 nm  2.049 s
Step    51: OL 1051.0  491.4  OA  233.7  32.3 CL  502.8 354.2 Split   358.2 244.5  352.9 nm  2.056 s
Step    52: OL 1053.4  495.4  OA  233.2  33.1 CL  503.7 353.1 Split   356.6 239.6  355.8 nm  1.956 s
Step    53: OL 1054.6  496.8  OA  227.3  29.3 CL  495.9 346.9 Split   354.0 230.4  347.2 nm  2.146 s
Step    54: OL 1054.6  495.6  OA  224.6  13.9 CL  476.6 321.1 Split   353.8 214.7  319.2 nm  2.141 s
Step    55: OL 1053.4  491.8  OA  225.0  18.3 CL  441.6 268.6 Split   353.7 176.6  264.4 nm  1.981 s
Step    56: OL 1050.9  485.5  OA  227.9  12.3 CL  446.6 274.3 Split   355.5 183.7  270.3 nm  2.028 s
Step    57: OL 1047.4  476.7  OA  227.9  13.1 CL  435.8 253.1 Split   356.9 162.1  250.1 nm  1.931 s
Step    58: OL 1043.0  465.7  OA  230.0  24.0 CL  424.9 233.3 Split   356.1 140.2  231.8 nm  1.991 s
Step    59: OL 1037.7  452.6  OA  234.5  28.6 CL  395.2 171.9 Split   354.4  91.8  174.9 nm  2.013 s
Step    60: OL 1031.8  437.6  OA  229.8  28.9 CL  427.3 238.5 Split   354.8 145.9  238.1 nm  2.083 s
Step    61: OL 1025.5  421.2  OA  226.3  23.6 CL  484.0 328.3 Split   355.1 221.2  328.8 nm  2.049 s
Step    62: OL 1018.9  403.5  OA  228.5  40.3 CL  538.7 405.3 Split   354.7 287.9  405.4 nm  1.994 s
Step    63: OL 1012.3  385.0  OA  231.8  54.2 CL  538.8 406.1 Split   355.3 286.0  405.1 nm  1.992 s
Step    64: OL 1005.8  365.9  OA  235.7  72.6 CL  492.4 343.6 Split   354.8 236.4  341.4 nm  2.017 s
Step    65: OL  999.6  346.8  OA  238.4  81.3 CL  454.5 286.1 Split   355.2 195.0  283.6 nm  2.057 s
Step    66: OL  993.7  327.9  OA  235.6  73.5 CL  404.5 195.6 Split   355.6 129.0  192.8 nm  2.062 s
Step    67: OL  988.3  309.7  OA  236.3  65.3 CL  413.3 210.0 Split   357.0 151.2  208.2 nm  2.043 s
Step    68: OL  983.6  292.4  OA  234.5  44.3 CL  396.1 164.8 Split   357.5  96.4  170.5 nm  1.944 s
Step    69: OL  979.5  276.5  OA  231.1  27.2 CL  426.0 225.0 Split   356.2 132.2  233.7 nm  2.024 s
Step    70: OL  976.1  262.2  OA  228.1  26.4 CL  503.1 351.6 Split   354.2 239.9  357.2 nm  2.073 s
Step    71: OL  973.5  249.7  OA  226.7  33.2 CL  464.5 295.9 Split   355.7 189.0  298.8 nm  1.970 s
Step    72: OL  971.4  239.3  OA  228.4  37.9 CL  380.1 132.0 Split   356.6  41.3  131.8 nm  2.078 s
Step    73: OL  970.0  231.1  OA  225.4  35.8 CL  385.2 154.7 Split   355.9  73.1  147.4 nm  2.100 s
Step    74: OL  969.1  225.1  OA  225.3  21.6 CL  387.9 160.4 Split   356.3  85.4  153.2 nm  2.076 s
Step    75: OL  968.7  221.5  OA  226.1  15.0 CL  438.9 260.3 Split   356.6 174.7  256.0 nm  2.079 s
Step    76: OL  969.0  220.1  OA  227.4  25.2 CL  444.8 266.2 Split   357.8 180.7  264.3 nm  2.146 s
Step    77: OL  969.7  221.1  OA  226.2  17.2 CL  442.7 262.4 Split   358.5 175.8  259.8 nm  2.094 s
Step    78: OL  971.0  224.2  OA  223.8   9.5 CL  449.6 273.8 Split   357.9 184.9  272.1 nm  2.132 s
Step    79: OL  972.8  229.6  OA  225.3  18.1 CL  461.7 285.8 Split   359.3 195.0  290.0 nm  2.110 s
Step    80: OL  975.1  237.0  OA  225.0  31.1 CL  474.4 309.2 Split   358.8 216.3  310.3 nm  2.176 s
Step    81: OL  977.9  246.3  OA  225.5  30.5 CL  431.8 243.3 Split   358.1 152.7  241.2 nm  2.027 s
Step    82: OL  981.3  257.3  OA  223.1  35.0 CL  401.9 189.0 Split   357.0  95.6  184.6 nm  2.092 s
Step    83: OL  985.2  270.0  OA  220.3  29.4 CL  383.2 144.9 Split   357.6  60.7  137.5 nm  2.230 s
Step    84: OL  989.6  283.8  OA  223.5  35.1 CL  381.6 127.3 Split   360.5  53.1  125.1 nm  1.973 s
Step    85: OL  994.4  298.7  OA  229.1  48.9 CL  416.3 205.3 Split   360.7 130.3  207.8 nm  2.162 s
Step    86: OL  999.8  314.2  OA  231.2  61.4 CL  449.1 267.0 Split   361.3 185.3  266.7 nm  2.100 s
Step    87: OL 1005.4  330.1  OA  226.9  51.8 CL  481.7 321.4 Split   361.1 228.3  318.9 nm  2.014 s
Step    88: OL 1011.3  345.9  OA  227.2  54.9 CL  445.3 260.5 Split   361.2 178.3  260.4 nm  2.200 s
Step    89: OL 1017.2  361.4  OA  227.8  38.1 CL  417.5 199.4 Split   361.5 131.2  208.8 nm  2.078 s
Step    90: OL 1023.0  376.2  OA  223.2  26.6 CL  428.5 227.5 Split   362.3 144.9  228.8 nm  1.961 s
Step    91: OL 1028.7  390.0  OA  219.9  25.3 CL  493.5 336.5 Split   361.2 231.7  336.3 nm  2.142 s
Step    92: OL 1034.0  402.5  OA  221.2  30.1 CL  478.7 315.3 Split   362.1 208.1  313.1 nm  2.084 s
Step    93: OL 1038.8  413.5  OA  223.3  32.1 CL  425.6 221.4 Split   363.3 124.6  221.6 nm  2.044 s
Step    94: OL 1043.0  422.7  OA  221.6  20.5 CL  418.3 207.5 Split   364.7 114.8  204.9 nm  2.054 s
Step    95: OL 1046.5  430.1  OA  225.3  10.3 CL  407.3 182.2 Split   366.6 109.8  177.6 nm  2.082 s
Step    96: OL 1049.1  435.4  OA  225.6   7.6 CL  425.1 218.6 Split   368.0 145.9  212.8 nm  2.101 s
Step    97: OL 1050.9  438.6  OA  223.5   9.7 CL  435.5 234.4 Split   368.9 153.0  231.5 nm  2.114 s
Step    98: OL 1051.9  439.7  OA  221.9   9.7 CL  450.0 256.6 Split   369.3 167.2  257.0 nm  2.140 s
Step    99: OL 1051.9  438.6  OA  221.1   8.9 CL  460.4 273.7 Split   369.9 181.2  274.2 nm  2.072 s
Step   100: OL 1051.1  435.5  OA  224.2   9.1 CL  427.5 206.8 Split   371.3 117.9  211.9 nm  2.049 s
Step   101: OL 1049.5  430.5  OA  225.0  23.9 CL  432.2 214.3 Split   372.3 116.5  219.6 nm  1.968 s
Step   102: OL 1047.2  423.7  OA  225.7  26.1 CL  415.1 173.7 Split   373.1  75.8  181.9 nm  2.164 s
Step   103: OL 1044.3  415.3  OA  229.1  24.8 CL  416.5 164.4 Split   374.9  70.4  181.4 nm  2.167 s
Step   104: OL 1040.9  405.5  OA  234.9  31.2 CL  428.3 178.7 Split   376.9  84.0  203.4 nm  2.018 s
Step   105: OL 1037.2  394.5  OA  225.7  24.1 CL  423.8 180.8 Split   376.8  89.7  194.0 nm  2.123 s
Step   106: OL 1033.3  382.6  OA  219.9  21.4 CL  423.5 191.9 Split   377.5 103.7  191.9 nm  2.146 s
Step   107: OL 1029.1  370.0  OA  218.8  26.5 CL  437.6 223.4 Split   377.0 135.6  222.3 nm  2.153 s
Step   108: OL 1025.0  357.1  OA  218.9  28.2 CL  435.9 219.8 Split   377.1 137.7  218.5 nm  2.076 s
Step   109: OL 1021.0  344.0  OA  214.3  15.2 CL  462.4 269.4 Split   376.5 174.9  268.6 nm  2.149 s
Step   110: OL 1017.2  331.1  OA  214.5  20.9 CL  494.6 321.3 Split   376.3 209.8  320.9 nm  2.130 s
Step   111: OL 1013.7  318.6  OA  220.2  30.5 CL  547.7 398.2 Split   377.5 272.3  396.9 nm  2.164 s
Step   112: OL 1010.4  306.6  OA  220.8  25.3 CL  512.8 345.1 Split   380.1 229.2  344.2 nm  2.098 s
Step   113: OL 1007.6  295.6  OA  219.8  24.0 CL  449.1 236.8 Split   381.6 136.3  236.8 nm  2.102 s
Step   114: OL 1005.1  285.4  OA  218.8  35.8 CL  419.6 177.6 Split   380.7  85.0  176.4 nm  2.164 s
Step   115: OL 1003.0  276.4  OA  216.4  24.9 CL  416.8 167.6 Split   378.6  75.9  174.3 nm  2.145 s
Step   116: OL 1001.3  268.7  OA  219.5  26.5 CL  413.3 156.8 Split   378.9  71.2  165.1 nm  2.123 s
Step   117: OL 1000.1  262.2  OA  223.7  28.6 CL  402.7 129.6 Split   379.5  64.4  134.8 nm  2.280 s
Step   118: OL  999.1  257.1  OA  221.8  19.2 CL  414.8 169.8 Split   379.6 110.3  167.2 nm  2.261 s
Step   119: OL  998.6  253.3  OA  219.3  12.0 CL  452.0 248.3 Split   380.0 161.5  244.9 nm  1.918 s
Step   120: OL  998.4  250.9  OA  218.5   7.2 CL  535.7 377.1 Split   383.0 268.3  374.6 nm  2.117 s
Step   121: OL  998.6  249.8  OA  217.6   6.8 CL  537.3 375.0 Split   385.3 263.6  374.5 nm  2.165 s
Step   122: OL  999.1  250.0  OA  217.7   8.3 CL  541.6 376.4 Split   386.7 261.9  379.2 nm  2.104 s
Step   123: OL  999.9  251.5  OA  219.8   6.0 CL  515.4 332.6 Split   388.2 224.7  339.1 nm  2.057 s
Step   124: OL 1000.9  254.0  OA  219.5  18.0 CL  510.1 325.7 Split   386.9 223.7  332.4 nm  2.089 s
Step   125: OL 1002.3  257.7  OA  217.9  26.9 CL  487.2 293.0 Split   385.5 196.6  297.9 nm  2.132 s
Step   126: OL 1003.9  262.3  OA  217.1  21.3 CL  513.5 339.9 Split   386.3 230.3  338.4 nm  2.185 s
Step   127: OL 1005.8  267.8  OA  217.8  19.2 CL  541.2 380.5 Split   387.1 264.6  378.3 nm  2.103 s
Step   128: OL 1007.9  274.0  OA  217.0  11.8 CL  469.6 267.1 Split   387.8 170.1  265.0 nm  2.166 s
Step   129: OL 1010.2  280.8  OA  216.2  14.7 CL  455.1 236.6 Split   388.0 144.0  237.7 nm  2.147 s
Step   130: OL 1012.6  288.2  OA  214.3  17.3 CL  473.6 272.4 Split   387.6 174.9  272.2 nm  2.074 s
Step   131: OL 1015.2  295.9  OA  214.4  22.5 CL  497.8 309.6 Split   389.2 209.0  310.4 nm  2.184 s
Step   132: OL 1017.9  303.9  OA  219.2  32.8 CL  490.4 297.7 Split   389.6 198.9  297.8 nm  2.242 s
Step   133: OL 1020.8  311.9  OA  217.5  34.3 CL  466.0 254.5 Split   390.2 160.7  254.9 nm  2.169 s
Step   134: OL 1023.6  319.9  OA  219.0  51.4 CL  497.4 307.9 Split   390.7 206.1  307.8 nm  2.085 s
Step   135: OL 1026.4  327.8  OA  218.3  42.5 CL  444.6 210.1 Split   391.2 130.3  211.2 nm  1.987 s
Step   136: OL 1029.1  335.4  OA  219.7  45.6 CL  469.3 256.5 Split   390.7 168.4  259.9 nm  2.122 s
Step   137: OL 1031.8  342.6  OA  219.3  33.8 CL  456.1 232.0 Split   390.1 138.5  236.5 nm  2.057 s
Step   138: OL 1034.4  349.4  OA  221.0  32.2 CL  477.0 268.1 Split   391.0 165.2  273.2 nm  2.046 s
Step   139: OL 1036.8  355.7  OA  218.8  30.5 CL  491.2 293.6 Split   391.2 186.0  297.1 nm  2.158 s
Step   140: OL 1039.1  361.3  OA  215.0  24.3 CL  487.0 290.4 Split   390.2 188.3  291.4 nm  2.055 s
Step   141: OL 1041.2  366.4  OA  211.7  18.9 CL  480.5 281.4 Split   389.3 183.0  281.6 nm  2.127 s
Step   142: OL 1043.0  370.8  OA  210.2  11.2 CL  472.3 266.8 Split   389.2 175.5  267.6 nm  2.249 s
Step   143: OL 1044.6  374.6  OA  210.1   9.9 CL  483.6 285.0 Split   389.4 190.6  286.7 nm  2.163 s
Step   144: OL 1045.9  377.7  OA  210.4  24.1 CL  506.4 321.5 Split   388.3 227.0  325.0 nm  2.091 s
Step   145: OL 1047.1  380.1  OA  216.3  12.3 CL  529.6 348.1 Split   389.6 246.8  358.7 nm  2.038 s
Step   146: OL 1048.0  381.9  OA  213.8   5.5 CL  483.8 275.0 Split   392.7 183.1  282.5 nm  2.125 s
Step   147: OL 1048.6  383.1  OA  213.7  15.9 CL  441.3 191.1 Split   394.7 106.9  197.6 nm  2.205 s
Step   148: OL 1049.1  383.8  OA  213.1  11.0 CL  436.2 179.1 Split   394.4  93.5  186.3 nm  2.247 s
Step   149: OL 1049.3  383.9  OA  213.4   6.1 CL  433.8 168.8 Split   394.0  88.9  181.5 nm  2.077 s
Step   150: OL 1049.4  383.5  OA  213.6  13.5 CL  488.2 278.6 Split   395.4 179.6  286.2 nm  2.221 s
Step   151: OL 1049.2  382.6  OA  211.9  17.5 CL  563.9 399.4 Split   396.8 280.5  400.7 nm  2.172 s
Step   152: OL 1049.0  381.4  OA  214.7  13.4 CL  525.3 339.9 Split   399.2 230.8  341.4 nm  2.029 s
Step   153: OL 1048.6  379.8  OA  214.0   4.4 CL  477.4 262.3 Split   398.7 166.8  262.5 nm  2.234 s
Step   154: OL 1048.0  377.8  OA  214.1  22.1 CL  468.3 246.9 Split   398.0 153.4  246.7 nm  2.123 s
Step   155: OL 1047.4  375.6  OA  218.6  29.5 CL  458.6 223.7 Split   399.0 128.1  226.1 nm  2.142 s
Step   156: OL 1046.6  373.1  OA  219.3  28.4 CL  504.7 306.5 Split   399.4 198.8  308.5 nm  2.194 s
Step   157: OL 1045.7  370.3  OA  217.3  20.9 CL  533.6 352.8 Split   398.1 236.1  355.4 nm  2.103 s
Step   158: OL 1044.8  367.4  OA  215.1  14.2 CL  591.4 436.9 Split   396.3 308.4  438.9 nm  2.079 s
Step   159: OL 1043.8  364.2  OA  213.2  25.3 CL  493.4 292.6 Split   395.7 181.4  294.8 nm  2.216 s
Step   160: OL 1042.7  360.8  OA  217.0  32.8 CL  451.8 203.6 Split   398.3  99.4  213.3 nm  2.183 s
Step   161: OL 1041.6  357.3  OA  216.7  21.9 CL  441.9 176.2 Split   399.1  80.0  189.8 nm  2.252 s
Step   162: OL 1040.4  353.6  OA  213.9  18.9 CL  465.6 237.1 Split   398.4 141.5  240.9 nm  2.157 s
Step   163: OL 1039.2  349.8  OA  211.8  18.6 CL  544.7 371.2 Split   397.2 264.4  372.8 nm  2.133 s
Step   164: OL 1037.9  345.8  OA  211.9  18.1 CL  523.0 338.8 Split   396.5 242.6  341.0 nm  2.108 s
Step   165: OL 1036.6  341.7  OA  213.2  21.4 CL  503.9 305.6 Split   398.4 215.1  308.6 nm  2.137 s
Step   166: OL 1035.2  337.4  OA  214.1  17.1 CL  438.2 170.8 Split   400.0  93.3  179.1 nm  2.074 s
Step   167: OL 1033.8  333.1  OA  212.9   7.5 CL  462.0 224.9 Split   400.7 138.4  229.9 nm  2.210 s
Step   168: OL 1032.4  328.7  OA  212.9   8.6 CL  464.4 228.2 Split   401.5 139.7  233.4 nm  2.084 s
Step   169: OL 1031.0  324.3  OA  212.7  11.7 CL  453.2 202.5 Split   400.4 120.2  212.4 nm  2.215 s
Step   170: OL 1029.7  319.9  OA  210.7  18.7 CL  481.4 262.8 Split   397.9 173.1  271.0 nm  2.124 s
Step   171: OL 1028.3  315.5  OA  210.9  20.4 CL  529.7 346.0 Split   396.9 238.5  350.8 nm  2.076 s
Step   172: OL 1027.0  311.2  OA  210.6  24.9 CL  534.5 355.4 Split   396.3 250.1  358.7 nm  2.188 s
Step   173: OL 1025.7  307.0  OA  211.3  26.8 CL  580.0 420.9 Split   397.6 303.2  422.3 nm  2.110 s
Step   174: OL 1024.4  303.0  OA  213.2  21.6 CL  566.4 400.4 Split   399.1 284.9  401.9 nm  2.074 s
Step   175: OL 1023.3  299.2  OA  215.4  30.4 CL  531.4 345.5 Split   400.5 236.6  349.2 nm  2.086 s
Step   176: OL 1022.2  295.8  OA  217.3  32.4 CL  466.0 225.3 Split   402.3 125.1  235.1 nm  2.051 s
Step   177: OL 1021.2  292.7  OA  214.9  17.5 CL  463.0 217.5 Split   401.6 123.0  230.5 nm  2.116 s
Step   178: OL 1020.4  290.0  OA  211.5  11.2 CL  505.6 300.5 Split   400.9 199.7  308.1 nm  2.087 s
Step   179: OL 1019.7  287.8  OA  210.4   5.8 CL  536.5 351.5 Split   401.7 241.7  355.5 nm  2.132 s
Step   180: OL 1019.1  286.1  OA  209.0  18.2 CL  511.2 313.3 Split   402.2 210.2  315.6 nm  2.193 s
Step   181: OL 1018.7  285.0  OA  208.7   7.9 CL  487.5 270.6 Split   402.7 175.6  274.8 nm  2.148 s
Step   182: OL 1018.5  284.5  OA  209.5  10.5 CL  451.0 192.0 Split   402.3 111.8  203.8 nm  2.141 s
Step   183: OL 1018.4  284.6  OA  212.2  20.2 CL  497.7 281.9 Split   403.0 192.2  292.0 nm  2.212 s
Step   184: OL 1018.6  285.5  OA  215.4  19.5 CL  548.5 361.4 Split   404.4 256.3  370.7 nm  2.173 s
Step   185: OL 1018.9  287.0  OA  212.4   7.4 CL  537.0 347.9 Split   404.2 238.9  353.6 nm  2.066 s
Step   186: OL 1019.4  289.2  OA  210.2  20.9 CL  545.9 367.4 Split   401.2 250.1  370.2 nm  2.128 s
Step   187: OL 1020.1  292.1  OA  209.0  21.5 CL  455.0 206.9 Split   401.3 116.9  214.5 nm  2.196 s
Step   188: OL 1021.0  295.7  OA  207.2  19.6 CL  445.7 189.6 Split   400.9 102.0  194.8 nm  2.173 s
Step   189: OL 1022.1  299.9  OA  208.5  28.3 CL  476.4 251.9 Split   401.0 162.0  257.2 nm  2.195 s
Step   190: OL 1023.3  304.7  OA  208.6  19.7 CL  497.5 288.7 Split   402.3 193.6  292.6 nm  2.291 s
Step   191: OL 1024.8  310.0  OA  208.5  16.1 CL  471.2 241.6 Split   401.8 151.4  246.3 nm  2.234 s
Step   192: OL 1026.4  315.7  OA  208.9  14.9 CL  445.6 185.8 Split   401.3 108.4  193.6 nm  2.142 s
Step   193: OL 1028.2  321.8  OA  211.2  20.6 CL  478.2 253.0 Split   401.7 167.9  259.4 nm  2.140 s
Step   194: OL 1030.0  328.1  OA  212.4  19.8 CL  472.0 237.9 Split   403.2 150.2  245.3 nm  2.148 s
Step   195: OL 1031.9  334.6  OA  211.9  15.8 CL  462.5 215.1 Split   404.7 126.0  223.8 nm  2.346 s
Step   196: OL 1033.9  341.1  OA  210.9  10.4 CL  478.0 248.6 Split   404.3 154.8  255.1 nm  2.252 s
Step   197: OL 1035.8  347.4  OA  211.6  21.1 CL  479.0 249.8 Split   403.7 159.5  257.8 nm  2.089 s
Step   198: OL 1037.7  353.5  OA  216.3  36.3 CL  499.7 284.9 Split   405.4 197.7  292.1 nm  2.148 s
Step   199: OL 1039.5  359.2  OA  216.6  39.2 CL  520.5 319.7 Split   404.9 230.7  327.0 nm  2.167 s
Step   200: OL 1041.1  364.4  OA  213.7  35.3 CL  535.1 343.4 Split   404.7 250.4  350.2 nm  2.174 s
Step   201: OL 1042.5  369.0  OA  212.0  22.1 CL  539.3 351.2 Split   404.6 253.8  356.5 nm  2.190 s
Step   202: OL 1043.7  372.9  OA  209.6   1.7 CL  572.0 402.0 Split   403.4 290.4  405.6 nm  2.081 s
Step   203: OL 1044.6  376.0  OA  209.9   7.1 CL  630.0 484.2 Split   399.3 360.5  487.3 nm  2.059 s
Step   204: OL 1045.1  378.2  OA  209.3  13.8 CL  591.3 433.6 Split   398.5 319.7  436.9 nm  2.164 s
Step   205: OL 1045.4  379.5  OA  209.0  21.0 CL  485.7 271.5 Split   399.7 180.0  276.1 nm  2.143 s
Step   206: OL 1045.3  379.9  OA  208.4  21.2 CL  478.1 256.3 Split   399.7 170.1  262.5 nm  2.161 s
Step   207: OL 1044.9  379.3  OA  210.4   9.8 CL  517.6 320.9 Split   399.4 224.7  329.3 nm  2.315 s
Step   208: OL 1044.1  377.8  OA  212.6  14.0 CL  509.9 309.3 Split   398.8 217.8  317.8 nm  2.218 s
Step   209: OL 1043.0  375.4  OA  212.2  17.7 CL  523.6 331.8 Split   400.1 239.8  337.8 nm  2.261 s
Step   210: OL 1041.6  372.3  OA  211.5  23.0 CL  481.9 262.1 Split   399.5 185.7  269.4 nm  2.148 s
Step   211: OL 1040.0  368.3  OA  210.0  20.2 CL  481.0 259.4 Split   399.1 175.8  268.5 nm  2.224 s
Step   212: OL 1038.1  363.8  OA  207.8  16.8 CL  483.9 266.6 Split   398.1 176.8  275.1 nm  2.270 s
Step   213: OL 1036.0  358.6  OA  207.8   8.3 CL  548.1 371.1 Split   398.2 265.1  376.7 nm  2.206 s
Step   214: OL 1033.8  353.1  OA  210.4   7.3 CL  596.8 439.9 Split   398.6 323.5  444.3 nm  2.163 s
Step   215: OL 1031.5  347.3  OA  211.7   6.3 CL  591.7 433.5 Split   398.4 322.1  437.5 nm  2.262 s
Step   216: OL 1029.1  341.4  OA  211.2  12.8 CL  548.0 372.2 Split   398.6 274.2  376.0 nm  2.130 s
Step   217: OL 1026.8  335.4  OA  207.4  16.5 CL  531.5 347.7 Split   397.6 252.2  352.7 nm  2.246 s
Step   218: OL 1024.6  329.5  OA  206.8  21.4 CL  544.1 366.1 Split   396.6 268.0  372.5 nm  2.211 s
Step   219: OL 1022.4  323.9  OA  210.5  28.2 CL  560.8 388.2 Split   395.7 281.2  397.4 nm  1.979 s
Step   220: OL 1020.3  318.6  OA  211.4  28.3 CL  524.9 333.0 Split   396.2 232.8  344.3 nm  2.286 s
Step   221: OL 1018.4  313.7  OA  213.2  20.0 CL  503.7 294.4 Split   396.8 203.6  310.3 nm  2.046 s
Step   222: OL 1016.6  309.3  OA  209.5  12.9 CL  469.5 235.9 Split   395.7 155.9  252.7 nm  2.124 s
Step   223: OL 1015.1  305.6  OA  207.0   9.0 CL  442.3 179.8 Split   394.1 107.2  200.7 nm  2.121 s
Step   224: OL 1013.7  302.4  OA  205.4  16.0 CL  446.6 191.0 Split   395.0 118.6  208.3 nm  2.061 s
Step   225: OL 1012.6  299.9  OA  207.1  24.3 CL  433.8 161.0 Split   394.6  97.7  180.4 nm  2.027 s
Step   226: OL 1011.6  298.1  OA  209.2  25.3 CL  453.5 210.1 Split   394.4 151.8  223.8 nm  2.099 s
Step   227: OL 1010.9  297.0  OA  212.5  30.8 CL  484.7 270.5 Split   393.6 201.6  282.8 nm  2.226 s
Step   228: OL 1010.3  296.5  OA  212.0  21.3 CL  515.7 323.7 Split   393.8 241.1  332.9 nm  2.130 s
Step   229: OL 1009.8  296.6  OA  211.0  14.3 CL  490.2 283.8 Split   393.3 206.0  292.6 nm  2.150 s
Step   230: OL 1009.6  297.3  OA  212.0   8.3 CL  480.9 272.1 Split   390.7 195.9  280.3 nm  2.031 s
Step   231: OL 1009.5  298.6  OA  213.1  10.6 CL  444.5 200.2 Split   390.8 131.2  211.9 nm  2.156 s
Step   232: OL 1009.5  300.3  OA  212.7  17.6 CL  461.4 237.1 Split   390.3 155.3  246.1 nm  2.114 s
Step   233: OL 1009.7  302.4  OA  212.1  21.3 CL  477.2 266.3 Split   390.2 183.6  274.6 nm  2.111 s
Step   234: OL 1009.9  304.8  OA  213.0  31.0 CL  485.4 279.5 Split   390.4 199.7  288.5 nm  2.096 s
Step   235: OL 1010.2  307.5  OA  211.0  24.9 CL  487.2 283.3 Split   389.1 203.7  293.2 nm  2.126 s
Step   236: OL 1010.5  310.2  OA  213.6  16.5 CL  447.0 200.6 Split   389.3 136.1  219.6 nm  2.267 s
Step   237: OL 1010.8  313.0  OA  217.7   8.5 CL  427.3 143.1 Split   388.2  82.8  178.5 nm  2.193 s
Step   238: OL 1011.1  315.8  OA  213.7   5.6 CL  426.0 154.8 Split   386.6  91.3  179.0 nm  2.211 s
Step   239: OL 1011.4  318.4  OA  209.6   7.3 CL  414.7 134.0 Split   384.8  67.5  154.7 nm  2.217 s
Step   240: OL 1011.6  320.8  OA  208.9  10.8 CL  421.8 157.7 Split   383.3  92.3  175.9 nm  2.151 s
Step   241: OL 1011.8  323.0  OA  209.6  11.2 CL  442.4 210.3 Split   382.3 141.8  222.6 nm  2.015 s
Step   242: OL 1011.8  324.8  OA  211.0  17.0 CL  421.7 162.6 Split   382.1 101.4  178.4 nm  2.128 s
Step   243: OL 1011.8  326.2  OA  214.6   1.7 CL  433.7 190.5 Split   383.9 119.5  201.9 nm  2.298 s
Step   244: OL 1011.7  327.3  OA  212.7  11.9 CL  421.2 161.3 Split   382.7  93.4  175.9 nm  2.349 s
Step   245: OL 1011.4  327.9  OA  212.3  17.2 CL  414.8 138.6 Split   382.0  75.8  161.8 nm  2.103 s
Step   246: OL 1011.0  328.1  OA  212.9  15.2 CL  424.9 160.6 Split   382.1  93.1  185.7 nm  2.149 s
Step   247: OL 1010.3  327.8  OA  212.3  11.4 CL  494.1 300.3 Split   382.5 214.9  312.8 nm  2.085 s
Step   248: OL 1009.4  327.2  OA  214.7  10.5 CL  512.7 328.3 Split   383.0 238.1  340.9 nm  2.141 s
Step   249: OL 1008.4  326.1  OA  212.4   8.4 CL  492.1 300.0 Split   381.0 210.3  311.5 nm  2.114 s
Step   250: OL 1007.3  324.8  OA  211.8   8.5 CL  486.7 293.8 Split   380.2 208.1  303.8 nm  2.110 s
Step   251: OL 1006.1  323.1  OA  209.8   6.8 CL  467.6 263.7 Split   378.8 184.6  274.1 nm  2.144 s
Step   252: OL 1004.9  321.3  OA  210.4  13.2 CL  448.7 228.9 Split   379.5 160.7  239.4 nm  2.164 s
Step   253: OL 1003.7  319.3  OA  211.7   6.2 CL  429.8 190.0 Split   379.4 125.0  202.0 nm  2.163 s
Step   254: OL 1002.5  317.2  OA  211.7   7.8 CL  429.6 191.2 Split   378.6 127.9  203.1 nm  2.068 s
Step   255: OL 1001.2  315.1  OA  213.7   6.5 CL  467.1 265.8 Split   378.6 189.1  273.6 nm  2.029 s
Step   255 updated high order loop gain: 0.426
Step   255 updated low order loop gain : 0.303
Step   256: OL 1000.0  313.0  OA  212.8  17.3 CL  517.3 350.1 Split   375.3 266.1  356.1 nm  2.017 s
Step   257: OL  998.6  311.0  OA  209.6  22.3 CL  512.0 345.3 Split   373.0 264.1  350.7 nm  2.144 s
Step   258: OL  997.3  309.1  OA  210.6  23.6 CL  505.5 336.6 Split   371.9 258.2  342.3 nm  1.997 s
Step   259: OL  996.1  307.5  OA  215.0  19.6 CL  503.4 334.5 Split   371.8 252.7  339.4 nm  2.021 s
Step   260: OL  995.0  306.1  OA  214.1  10.0 CL  503.0 333.6 Split   372.2 246.7  338.4 nm  2.072 s
Step   261: OL  994.0  305.1  OA  209.6   9.0 CL  444.1 234.1 Split   372.4 159.3  241.9 nm  2.052 s
Step   262: OL  993.1  304.4  OA  210.5   9.7 CL  445.8 233.8 Split   373.4 156.2  243.6 nm  2.260 s
Step   263: OL  992.2  304.0  OA  209.6   5.2 CL  420.5 173.0 Split   375.7 106.3  188.9 nm  2.153 s
Step   264: OL  991.6  304.0  OA  212.2  10.2 CL  419.1 158.7 Split   378.1  99.1  180.8 nm  2.158 s
Step   265: OL  991.0  304.4  OA  210.3   9.0 CL  405.0 119.0 Split   376.6  61.6  149.0 nm  2.098 s
Step   266: OL  990.5  305.2  OA  210.4   7.7 CL  413.9 152.9 Split   373.9  95.2  177.6 nm  2.211 s
Step   267: OL  990.1  306.3  OA  212.2  14.1 CL  436.5 212.5 Split   372.3 148.9  227.7 nm  2.030 s
Step   268: OL  989.8  307.8  OA  212.5  16.7 CL  439.8 222.7 Split   372.4 158.7  233.9 nm  2.227 s
Step   269: OL  989.5  309.6  OA  211.1   9.4 CL  442.7 232.2 Split   369.8 163.2  243.3 nm  2.242 s
Step   270: OL  989.4  311.6  OA  212.1   1.3 CL  425.7 196.1 Split   369.1 130.3  212.2 nm  2.128 s
Step   271: OL  989.3  313.9  OA  211.4  11.8 CL  415.1 175.5 Split   368.4 109.9  191.3 nm  2.187 s
Step   272: OL  989.2  316.3  OA  209.7  14.9 CL  415.4 180.8 Split   368.7 112.6  191.3 nm  2.327 s
Step   273: OL  989.3  318.7  OA  210.9   4.3 CL  432.4 218.1 Split   369.0 149.0  225.4 nm  2.294 s
Step   274: OL  989.3  321.2  OA  210.9   4.3 CL  421.4 193.6 Split   369.3 131.0  203.0 nm  2.313 s
Step   275: OL  989.3  323.6  OA  211.1  12.4 CL  397.6 131.5 Split   368.4  81.4  149.8 nm  2.220 s
Step   276: OL  989.3  325.9  OA  213.5  16.6 CL  417.0 186.7 Split   368.3 132.2  195.4 nm  2.232 s
Step   277: OL  989.3  328.0  OA  212.2  27.2 CL  398.7 143.3 Split   368.1  99.5  153.3 nm  2.180 s
Step   278: OL  989.2  329.7  OA  214.4  22.6 CL  419.3 193.2 Split   368.3 138.9  200.4 nm  2.150 s
Step   279: OL  988.9  331.1  OA  215.5  26.0 CL  429.0 215.1 Split   367.9 158.5  220.6 nm  2.116 s
Step   280: OL  988.5  332.0  OA  214.9  26.3 CL  432.2 222.0 Split   366.8 165.2  228.6 nm  2.192 s
Step   281: OL  988.0  332.4  OA  213.5  15.1 CL  458.7 269.6 Split   366.9 200.4  275.3 nm  2.207 s
Step   282: OL  987.1  332.2  OA  212.4   3.5 CL  441.8 238.1 Split   368.1 169.3  244.3 nm  2.073 s
Step   283: OL  986.1  331.4  OA  214.3  18.8 CL  465.9 282.5 Split   366.2 198.7  288.0 nm  2.185 s
Step   284: OL  984.8  329.9  OA  212.0  14.7 CL  464.9 280.7 Split   365.7 200.4  287.1 nm  2.232 s
Step   285: OL  983.2  327.8  OA  211.0   7.2 CL  438.7 236.0 Split   365.1 166.3  243.3 nm  2.138 s
Step   286: OL  981.4  325.0  OA  210.6   4.7 CL  431.6 221.7 Split   365.5 159.2  229.5 nm  2.184 s
Step   287: OL  979.5  321.5  OA  213.7   2.4 CL  420.3 196.2 Split   367.3 136.9  204.3 nm  2.180 s
Step   288: OL  977.4  317.4  OA  214.9  11.4 CL  389.9 116.3 Split   367.1  69.1  131.5 nm  2.344 s
Step   289: OL  975.2  312.8  OA  215.1  10.0 CL  382.0  79.3 Split   366.7  41.5  107.0 nm  2.200 s
Step   290: OL  972.9  307.7  OA  216.2  17.4 CL  388.2  96.1 Split   367.3  57.0  125.4 nm  2.108 s
Step   291: OL  970.5  302.2  OA  217.4  18.9 CL  399.9 136.1 Split   367.4  84.8  157.9 nm  2.243 s
Step   292: OL  967.9  296.5  OA  216.9  27.1 CL  391.2 118.6 Split   366.3  70.2  137.3 nm  2.268 s
Step   293: OL  965.4  290.5  OA  214.9  29.3 CL  384.6  84.6 Split   366.1  56.7  117.7 nm  2.149 s
Step   294: OL  962.9  284.5  OA  213.1  24.8 CL  400.2 142.8 Split   366.2 103.2  161.5 nm  2.179 s
Step   295: OL  960.3  278.7  OA  212.3  20.0 CL  405.4 155.8 Split   366.2 115.4  173.9 nm  2.101 s
Step   296: OL  957.9  273.0  OA  214.1  22.1 CL  422.6 198.1 Split   365.4 154.4  212.3 nm  2.116 s
Step   297: OL  955.5  267.8  OA  212.2  19.1 CL  422.0 200.5 Split   364.3 155.3  213.0 nm  2.222 s
Step   298: OL  953.4  263.1  OA  207.7  10.9 CL  388.6 121.0 Split   363.6  81.5  137.0 nm  2.195 s
Step   299: OL  951.5  259.1  OA  210.8  13.2 CL  383.4  89.1 Split   364.9  42.1  117.8 nm  2.192 s
Step   300: OL  949.9  255.9  OA  211.5  14.9 CL  383.2  83.6 Split   364.8  38.7  117.2 nm  2.093 s
Step   301: OL  948.5  253.6  OA  209.6  16.7 CL  400.4 142.9 Split   365.5  98.8  163.4 nm  2.156 s
Step   302: OL  947.3  252.4  OA  209.4  20.6 CL  413.6 175.7 Split   365.6 131.7  193.5 nm  2.124 s
Step   303: OL  946.3  252.3  OA  208.1  10.8 CL  396.3 135.6 Split   365.1  94.3  154.1 nm  2.244 s
Step   304: OL  945.7  253.4  OA  208.6  11.7 CL  397.8 145.2 Split   365.4  98.7  157.4 nm  2.221 s
Step   305: OL  945.6  255.8  OA  212.2  27.6 CL  417.9 194.5 Split   366.0 146.6  201.7 nm  2.215 s
Step   306: OL  945.8  259.6  OA  210.0  35.5 CL  401.2 153.3 Split   365.7 113.9  165.0 nm  2.087 s
Step   307: OL  946.5  264.8  OA  211.1  39.7 CL  399.0 150.4 Split   364.7 107.4  161.9 nm  2.094 s
Step   308: OL  947.6  271.4  OA  210.8  37.5 CL  401.0 152.1 Split   364.4 106.3  167.3 nm  2.135 s
Step   309: OL  949.1  279.5  OA  209.6  41.0 CL  398.6 150.0 Split   362.9 103.6  164.8 nm  2.113 s
Step   310: OL  951.1  288.8  OA  208.8  37.8 CL  400.6 148.7 Split   364.0 103.8  167.2 nm  2.160 s
Step   311: OL  953.6  299.5  OA  209.3  31.7 CL  381.8  76.8 Split   365.9  41.5  108.9 nm  2.235 s
Step   312: OL  956.6  311.3  OA  212.6  37.5 CL  377.9  41.4 Split   366.4   5.6   92.4 nm  2.069 s
Step   313: OL  960.1  324.2  OA  214.5  47.0 CL  375.9  43.2 Split   365.4  18.8   88.4 nm  2.027 s
Step   314: OL  964.2  337.8  OA  216.0  54.2 CL  387.2 110.8 Split   364.3  92.4  131.1 nm  2.071 s
Step   315: OL  968.6  352.1  OA  217.2  63.5 CL  384.4 105.9 Split   363.0  87.9  126.4 nm  2.100 s
Step   316: OL  973.4  366.7  OA  214.3  55.0 CL  384.9 112.6 Split   361.4  84.7  132.5 nm  2.116 s
Step   317: OL  978.3  381.5  OA  212.2  48.8 CL  392.1 136.5 Split   360.0  99.1  155.4 nm  2.067 s
Step   318: OL  983.3  396.0  OA  209.0  43.1 CL  393.4 141.0 Split   359.0 102.9  161.0 nm  2.107 s
Step   319: OL  988.2  410.1  OA  206.9  35.9 CL  394.3 152.6 Split   358.8 113.5  163.5 nm  2.380 s
Step   320: OL  993.0  423.4  OA  208.0  34.2 CL  393.6 150.8 Split   359.0 114.6  161.5 nm  2.369 s
Step   321: OL  997.5  435.8  OA  211.0  40.7 CL  411.1 188.6 Split   359.6 148.5  199.1 nm  2.133 s
Step   322: OL 1001.5  446.9  OA  211.0  32.0 CL  426.2 218.1 Split   360.2 170.2  227.8 nm  2.110 s
Step   323: OL 1004.9  456.5  OA  208.3  23.3 CL  420.4 205.5 Split   361.3 155.4  214.8 nm  2.030 s
Step   324: OL 1007.6  464.4  OA  206.6  14.7 CL  405.5 173.7 Split   359.6 123.2  187.4 nm  2.164 s
Step   325: OL 1009.6  470.5  OA  206.2  25.0 CL  423.8 216.5 Split   358.0 157.3  226.8 nm  2.205 s
Step   326: OL 1010.5  474.6  OA  207.6  31.0 CL  411.8 194.9 Split   357.3 139.3  204.8 nm  2.265 s
Step   327: OL 1010.6  476.6  OA  210.9  32.4 CL  404.5 177.1 Split   358.2 128.6  187.8 nm  2.124 s
Step   328: OL 1009.8  476.6  OA  207.2  22.2 CL  399.3 166.0 Split   358.1 123.8  176.7 nm  2.142 s
Step   329: OL 1008.0  474.5  OA  203.7  13.5 CL  406.6 183.9 Split   357.3 137.3  194.1 nm  2.112 s
Step   330: OL 1005.1  470.4  OA  203.8   3.7 CL  395.9 156.8 Split   357.3 118.5  170.5 nm  2.179 s
Step   331: OL 1001.4  464.3  OA  205.8  12.5 CL  379.7 108.1 Split   358.0  77.8  126.8 nm  2.100 s
Step   332: OL  997.0  456.5  OA  206.0  19.9 CL  383.1 122.4 Split   357.8  88.8  136.9 nm  2.031 s
Step   333: OL  991.9  447.0  OA  204.4  19.7 CL  375.2  93.7 Split   358.0  72.1  112.5 nm  2.129 s
Step   334: OL  986.4  436.2  OA  205.5  36.0 CL  388.7 137.8 Split   356.4 113.6  155.1 nm  2.059 s
Step   335: OL  980.3  424.3  OA  208.6  43.2 CL  395.9 150.2 Split   357.8 131.0  169.5 nm  2.162 s
Step   336: OL  974.1  411.4  OA  210.6  48.1 CL  382.2 108.9 Split   359.8  92.4  128.8 nm  2.135 s
Step   337: OL  967.7  398.1  OA  213.7  51.8 CL  389.4 129.6 Split   360.3 115.1  147.6 nm  2.119 s
Step   338: OL  961.5  384.4  OA  218.5  59.0 CL  424.8 215.7 Split   359.0 183.9  227.0 nm  2.026 s
Step   339: OL  955.2  370.8  OA  216.7  67.9 CL  421.6 213.8 Split   356.7 183.9  224.8 nm  2.128 s
Step   340: OL  949.3  357.6  OA  212.5  62.0 CL  409.1 199.6 Split   354.6 159.4  204.0 nm  2.106 s
Step   341: OL  943.7  344.9  OA  208.1  48.9 CL  378.9 122.2 Split   355.1  87.9  132.1 nm  2.145 s
Step   342: OL  938.7  333.2  OA  208.2  41.6 CL  388.2 150.1 Split   355.7 113.2  155.7 nm  2.181 s
Step   343: OL  934.2  322.6  OA  208.7  44.6 CL  389.7 150.7 Split   356.5 114.5  157.3 nm  2.114 s
Step   344: OL  930.2  313.3  OA  203.9  24.8 CL  392.4 153.6 Split   357.5 120.6  161.8 nm  2.160 s
Step   345: OL  926.7  305.6  OA  202.0  10.7 CL  406.5 185.6 Split   357.2 144.6  194.0 nm  2.216 s
Step   346: OL  923.9  299.6  OA  201.3  16.3 CL  373.8  92.5 Split   356.8  61.5  111.6 nm  2.092 s
Step   347: OL  921.7  295.3  OA  200.1  12.3 CL  373.8  89.0 Split   356.8  55.4  111.4 nm  2.086 s
Step   348: OL  920.0  292.9  OA  199.0  18.9 CL  372.3  86.6 Split   355.5  53.6  110.9 nm  2.021 s
Step   349: OL  918.8  292.5  OA  199.9  24.5 CL  376.6 109.2 Split   354.0  79.3  128.4 nm  2.134 s
Step   350: OL  918.3  294.0  OA  199.2  20.4 CL  372.9  99.4 Split   354.2  71.1  116.6 nm  2.153 s
Step   351: OL  918.5  297.5  OA  201.6  21.7 CL  371.8  92.0 Split   354.6  58.9  111.8 nm  2.127 s
Step   352: OL  919.2  302.9  OA  207.0  23.1 CL  387.7 140.2 Split   355.2 103.1  155.5 nm  2.138 s
Step   353: OL  920.8  310.2  OA  210.6  25.7 CL  400.0 177.4 Split   355.0 134.5  184.4 nm  2.078 s
Step   354: OL  922.9  319.2  OA  207.0  29.8 CL  384.5 140.9 Split   354.1 106.1  149.6 nm  2.201 s
Step   355: OL  925.8  330.0  OA  206.2  31.3 CL  367.8  89.9 Split   353.9  65.3  100.0 nm  2.151 s
Step   356: OL  929.4  342.2  OA  207.1  42.5 CL  366.6  88.8 Split   353.8  65.6   96.0 nm  2.222 s
Step   357: OL  933.8  355.8  OA  204.8  51.5 CL  363.1  63.7 Split   353.4  39.3   83.4 nm  2.157 s
Step   358: OL  938.7  370.6  OA  204.4  45.9 CL  368.7  98.0 Split   352.9  69.9  106.8 nm  2.104 s
Step   359: OL  944.2  386.3  OA  202.9  33.0 CL  367.3  94.7 Split   352.5  64.4  103.1 nm  2.103 s
Step   360: OL  950.3  402.8  OA  202.8  44.7 CL  364.7  81.1 Split   352.5  52.2   93.8 nm  2.114 s
Step   361: OL  956.8  419.7  OA  205.1  58.7 CL  367.3  80.6 Split   353.7  44.5   99.1 nm  2.138 s
Step   362: OL  963.5  436.8  OA  204.0  52.8 CL  373.3  89.8 Split   353.1  53.1  121.1 nm  2.178 s
Step   363: OL  970.5  454.0  OA  202.0  51.5 CL  359.0  49.2 Split   351.4   7.6   73.7 nm  2.033 s
Step   364: OL  977.7  470.9  OA  203.1  53.5 CL  362.5  74.2 Split   350.9  60.3   90.9 nm  2.133 s
Step   365: OL  985.1  487.4  OA  202.1  43.2 CL  373.4 112.8 Split   350.6  94.0  128.5 nm  2.151 s
Step   366: OL  992.5  503.2  OA  202.1  43.0 CL  356.2  42.3 Split   350.0  16.0   66.3 nm  2.046 s
Step   367: OL  999.5  518.2  OA  204.6  48.2 CL  369.7 109.1 Split   349.6  77.5  120.2 nm  2.270 s
Step   368: OL 1005.9  532.1  OA  207.1  55.4 CL  387.3 153.4 Split   350.5 113.0  164.9 nm  2.054 s
Step   369: OL 1011.5  544.8  OA  202.7  50.0 CL  377.3 127.1 Split   350.5  89.4  139.9 nm  2.174 s
Step   370: OL 1016.6  556.2  OA  200.9  41.7 CL  368.8 103.4 Split   349.9  63.7  116.3 nm  2.047 s
Step   371: OL 1021.1  566.2  OA  200.2  41.2 CL  369.0 109.2 Split   349.1  70.8  119.3 nm  2.011 s
Step   372: OL 1024.8  574.6  OA  198.7  32.7 CL  371.1 118.4 Split   349.7  84.5  124.3 nm  2.130 s
Step   373: OL 1027.7  581.6  OA  197.5  23.5 CL  357.2  55.9 Split   350.6  32.0   68.2 nm  2.046 s
Step   374: OL 1029.9  586.9  OA  198.8  19.1 CL  356.8  63.7 Split   350.1  38.0   68.6 nm  2.074 s
Step   375: OL 1031.3  590.6  OA  201.4  15.4 CL  367.5 115.4 Split   349.6  83.9  113.3 nm  2.116 s
Step   376: OL 1031.6  592.7  OA  202.8  10.7 CL  380.2 148.6 Split   350.6 111.6  147.0 nm  2.061 s
Step   377: OL 1031.0  593.2  OA  201.5   4.6 CL  384.5 156.1 Split   351.1 118.4  156.7 nm  2.137 s
Step   378: OL 1029.4  592.2  OA  199.6   8.9 CL  385.0 160.8 Split   350.1 121.7  160.2 nm  2.191 s
Step   379: OL 1026.9  589.8  OA  201.0  18.9 CL  401.0 197.9 Split   348.7 157.6  198.0 nm  2.142 s
Step   380: OL 1023.6  586.0  OA  199.3  19.3 CL  433.3 257.6 Split   347.7 207.9  258.6 nm  2.116 s
Step   381: OL 1019.6  581.0  OA  198.5  10.2 CL  385.7 165.9 Split   347.7 128.5  166.8 nm  2.186 s
Step   382: OL 1015.0  574.9  OA  202.6  11.0 CL  381.1 150.6 Split   348.6 116.3  154.1 nm  2.125 s
Step   383: OL 1010.0  567.8  OA  202.4   9.7 CL  367.1 117.6 Split   346.6  86.2  121.0 nm  2.154 s
Step   384: OL 1004.7  559.9  OA  200.6  12.7 CL  354.8  76.5 Split   345.3  53.3   81.5 nm  2.215 s
Step   385: OL  999.1  551.3  OA  200.1  13.6 CL  356.3  88.0 Split   344.2  64.9   92.0 nm  2.204 s
Step   386: OL  993.2  542.3  OA  196.8  18.5 CL  351.9  76.7 Split   343.6  51.1   75.8 nm  2.233 s
Step   387: OL  987.1  532.9  OA  201.8  34.7 CL  355.5  97.5 Split   343.4  72.0   92.3 nm  2.234 s
Step   388: OL  981.2  523.4  OA  199.3  40.6 CL  348.3  64.0 Split   344.4  22.3   51.7 nm  2.110 s
Step   389: OL  975.4  513.9  OA  197.2  38.8 CL  356.0  94.0 Split   345.1  41.3   87.5 nm  2.104 s
Step   390: OL  969.6  504.7  OA  199.3  44.4 CL  349.4  64.8 Split   343.7  16.1   62.9 nm  2.147 s
Step   391: OL  964.1  495.8  OA  200.7  38.4 CL  351.0  76.6 Split   342.9  43.4   75.1 nm  2.134 s
Step   392: OL  958.8  487.5  OA  201.2  31.2 CL  355.1  85.8 Split   342.5  72.5   94.0 nm  2.067 s
Step   393: OL  953.9  479.8  OA  200.4  36.3 CL  357.5  95.6 Split   342.2  84.4  103.4 nm  2.138 s
Step   394: OL  949.4  473.0  OA  203.7  33.2 CL  381.8 155.9 Split   344.0 135.9  165.7 nm  2.294 s
Step   395: OL  945.5  467.2  OA  199.8  29.1 CL  378.1 142.3 Split   344.3 126.3  156.3 nm  2.113 s
Step   396: OL  942.2  462.4  OA  193.4  22.2 CL  357.9  88.9 Split   343.4  77.3  100.9 nm  2.100 s
Step   397: OL  939.4  458.8  OA  190.6   2.7 CL  352.0  56.7 Split   344.9  40.9   70.3 nm  2.093 s
Step   398: OL  937.3  456.4  OA  192.9   3.7 CL  348.4  48.3 Split   344.9  15.2   48.8 nm  2.175 s
Step   399: OL  935.7  455.3  OA  195.5  15.9 CL  350.3  57.7 Split   345.9  22.2   55.0 nm  2.232 s
Step   400: OL  934.8  455.5  OA  195.6  18.1 CL  348.8  47.8 Split   345.4   6.4   48.6 nm  2.095 s
Step   401: OL  934.6  457.1  OA  196.7   9.8 CL  356.9  76.8 Split   345.5  61.0   89.4 nm  2.012 s
Step   402: OL  934.9  459.9  OA  197.8  19.5 CL  361.4  93.1 Split   345.6  74.6  105.7 nm  2.124 s
Step   403: OL  935.8  464.0  OA  195.8  21.9 CL  357.7  69.6 Split   346.2  49.4   90.2 nm  2.068 s
Step   404: OL  937.4  469.3  OA  195.0  16.7 CL  365.6 102.6 Split   345.3  79.3  120.3 nm  2.037 s
Step   405: OL  939.7  475.7  OA  191.7  10.5 CL  349.5  58.6 Split   343.0  40.4   67.1 nm  2.049 s
Step   406: OL  942.5  483.1  OA  192.9   4.1 CL  345.5  40.4 Split   343.0   8.0   41.5 nm  2.151 s
Step   407: OL  945.8  491.5  OA  196.6  24.1 CL  348.0  58.2 Split   343.6  25.6   54.9 nm  2.218 s
Step   408: OL  949.5  500.5  OA  197.9  32.3 CL  353.2  84.4 Split   344.1  58.2   79.8 nm  2.090 s
Step   409: OL  953.6  510.2  OA  199.7  41.5 CL  355.3  95.4 Split   343.9  73.4   89.3 nm  2.124 s
Step   410: OL  958.0  520.3  OA  197.3  45.5 CL  349.0  59.8 Split   343.3  33.6   63.1 nm  1.997 s
Step   411: OL  962.6  530.7  OA  195.5  44.0 CL  350.8  65.2 Split   343.7  37.8   70.2 nm  2.153 s
Step   412: OL  967.3  541.2  OA  195.8  48.7 CL  352.7  65.0 Split   345.8  44.3   69.8 nm  2.165 s
Step   413: OL  972.1  551.7  OA  195.9  48.3 CL  360.9 104.2 Split   346.7  81.9  100.3 nm  2.249 s
Step   414: OL  976.8  561.9  OA  197.0  42.6 CL  370.1 132.1 Split   348.5 101.3  124.6 nm  2.297 s
Step   415: OL  981.4  571.8  OA  196.1  32.7 CL  366.4 121.3 Split   348.3  89.4  113.5 nm  2.196 s
Step   416: OL  985.7  581.1  OA  196.6  29.1 CL  362.2 102.0 Split   348.9  75.8   97.2 nm  2.177 s
Step   417: OL  989.7  589.9  OA  197.6  33.4 CL  356.9  66.9 Split   348.2  43.3   78.1 nm  2.174 s
Step   418: OL  993.4  597.8  OA  201.1  38.8 CL  369.2 111.7 Split   348.4  85.8  122.1 nm  2.202 s
Step   419: OL  996.6  605.0  OA  198.1  32.6 CL  374.4 129.3 Split   348.1 104.7  137.9 nm  2.111 s
Step   420: OL  999.3  611.2  OA  196.3  20.2 CL  390.3 172.9 Split   348.5 138.6  175.7 nm  2.303 s
Step   421: OL 1001.3  616.6  OA  192.4  13.5 CL  397.5 191.4 Split   347.8 151.4  192.5 nm  2.181 s
Step   422: OL 1002.6  620.9  OA  191.4  18.1 CL  377.8 149.6 Split   348.0 112.2  147.2 nm  2.121 s
Step   423: OL 1003.4  624.3  OA  191.6  22.7 CL  381.6 158.8 Split   349.6 121.0  152.9 nm  2.163 s
Step   424: OL 1003.8  626.7  OA  189.8  12.3 CL  379.4 153.2 Split   350.6 118.1  144.9 nm  2.159 s
Step   425: OL 1003.7  628.2  OA  191.0  23.0 CL  373.7 134.7 Split   350.8 106.9  128.5 nm  2.334 s
Step   426: OL 1003.2  628.9  OA  190.9  23.0 CL  374.7 132.3 Split   350.0 110.0  134.0 nm  2.119 s
Step   427: OL 1002.0  628.8  OA  189.7  14.5 CL  355.3  63.0 Split   349.7  43.9   62.5 nm  2.068 s
Step   428: OL 1000.5  628.1  OA  191.3  19.0 CL  372.6 128.1 Split   349.9  98.9  128.0 nm  2.095 s
Step   429: OL  998.6  626.7  OA  191.7  26.6 CL  374.5 134.7 Split   349.4 103.7  134.9 nm  2.317 s
Step   430: OL  996.4  624.8  OA  191.7  20.9 CL  371.7 122.3 Split   349.3  96.5  127.0 nm  2.240 s
Step   431: OL  994.0  622.6  OA  190.6  18.6 CL  369.3 115.6 Split   348.3  97.2  122.6 nm  2.225 s
Step   432: OL  991.5  620.1  OA  189.8  21.9 CL  356.8  73.6 Split   348.8  59.6   75.5 nm  2.280 s
Step   433: OL  988.9  617.4  OA  193.1  25.0 CL  374.4 124.8 Split   348.5 109.7  136.9 nm  2.265 s
Step   434: OL  986.2  614.6  OA  191.5  14.2 CL  358.5  74.2 Split   348.4  58.3   84.8 nm  2.262 s
Step   435: OL  983.4  611.8  OA  192.1  12.0 CL  361.0  90.0 Split   348.1  65.3   95.7 nm  2.100 s
Step   436: OL  980.6  609.1  OA  193.3  14.9 CL  367.9 111.4 Split   348.0  84.5  119.3 nm  2.042 s
Step   437: OL  978.0  606.5  OA  192.4  16.2 CL  366.4 102.6 Split   348.0  82.7  114.6 nm  2.131 s
Step   438: OL  975.6  604.0  OA  190.5  18.4 CL  357.4  78.1 Split   348.3  52.7   79.8 nm  2.059 s
Step   439: OL  973.2  601.8  OA  188.9  10.1 CL  357.1  81.1 Split   348.7  54.1   77.2 nm  2.071 s
Step   440: OL  970.9  599.9  OA  186.5   6.5 CL  362.6 108.3 Split   347.5  80.8  103.7 nm  2.002 s
Step   441: OL  968.7  598.1  OA  189.2   8.2 CL  374.3 131.7 Split   347.7 108.5  138.5 nm  1.987 s
Step   442: OL  966.8  596.6  OA  189.0   5.2 CL  362.1  86.6 Split   348.8  70.4   97.3 nm  2.052 s
Step   443: OL  965.2  595.3  OA  186.6  12.3 CL  352.4  54.0 Split   348.1  28.8   54.9 nm  2.053 s
Step   444: OL  963.7  594.1  OA  186.0   9.0 CL  352.6  71.1 Split   347.3  42.7   60.9 nm  2.076 s
Step   445: OL  962.2  593.1  OA  187.5  14.3 CL  351.9  62.6 Split   348.6  37.9   48.3 nm  1.995 s
Step   446: OL  960.8  592.1  OA  187.8  17.7 CL  365.9 116.2 Split   348.7  82.6  110.8 nm  2.005 s
Step   447: OL  959.1  591.2  OA  191.3  21.1 CL  372.0 130.5 Split   349.2  94.6  128.1 nm  2.069 s
Step   448: OL  957.5  590.2  OA  192.4  13.3 CL  377.4 149.0 Split   348.6 111.8  144.6 nm  2.122 s
Step   449: OL  955.9  589.2  OA  192.4   4.0 CL  394.3 189.2 Split   347.0 148.1  187.3 nm  2.064 s
Step   450: OL  954.4  588.0  OA  189.8   9.6 CL  372.9 137.6 Split   347.2 107.9  135.9 nm  2.161 s
Step   451: OL  952.7  586.6  OA  187.7  13.2 CL  348.9  49.5 Split   346.8  28.2   37.8 nm  2.108 s
Step   452: OL  951.1  585.0  OA  186.8   5.9 CL  353.7  74.5 Split   347.0  52.7   68.6 nm  2.156 s
Step   453: OL  949.4  583.2  OA  186.7   2.7 CL  347.8  39.5 Split   347.4   6.8   15.7 nm  2.067 s
Step   454: OL  947.6  581.0  OA  188.8  10.0 CL  351.6  60.7 Split   347.5  34.7   53.6 nm  2.053 s
Step   455: OL  945.5  578.6  OA  190.9   4.4 CL  365.8 109.1 Split   348.6  84.6  110.8 nm  1.987 s
Step   456: OL  943.2  575.9  OA  189.7  17.6 CL  377.7 144.1 Split   348.5 119.5  145.5 nm  2.178 s
Step   457: OL  940.7  572.9  OA  190.7  16.4 CL  385.7 160.0 Split   346.9 135.2  168.6 nm  2.203 s
Step   458: OL  938.0  569.6  OA  189.9  25.7 CL  367.9 113.9 Split   346.7  97.8  123.0 nm  2.158 s
Step   459: OL  935.2  566.1  OA  189.6  23.9 CL  364.1 101.3 Split   347.8  87.1  107.7 nm  2.164 s
Step   460: OL  932.2  562.4  OA  187.8   4.8 CL  352.5  58.6 Split   348.1  40.7   55.6 nm  2.269 s
Step   461: OL  929.3  558.5  OA  190.9  12.6 CL  363.5 103.2 Split   348.0  78.8  105.0 nm  2.091 s
Step   462: OL  926.3  554.6  OA  191.9  15.8 CL  383.6 157.2 Split   347.0 121.1  163.4 nm  2.086 s
Step   463: OL  923.3  550.6  OA  190.0  18.8 CL  390.6 170.9 Split   346.7 132.8  179.8 nm  2.168 s
Step   464: OL  920.2  546.7  OA  186.0   8.8 CL  370.7 121.1 Split   347.3  96.9  129.5 nm  2.195 s
Step   465: OL  917.3  542.8  OA  179.8   8.1 CL  349.2  51.2 Split   346.8  31.8   41.1 nm  2.191 s
Step   466: OL  914.5  539.2  OA  179.1   8.2 CL  351.5  72.8 Split   345.8  51.4   62.5 nm  2.332 s
Step   467: OL  912.0  535.8  OA  176.1  10.9 CL  352.2  89.7 Split   344.7  63.1   72.5 nm  2.214 s
Step   468: OL  909.5  532.8  OA  175.9  12.3 CL  348.3  66.9 Split   344.8  36.4   49.2 nm  2.190 s
Step   469: OL  907.3  530.1  OA  179.2  14.1 CL  360.3 107.6 Split   346.6  77.3   98.6 nm  2.250 s
Step   470: OL  905.2  527.9  OA  177.1   9.6 CL  368.7 136.3 Split   346.4 104.5  126.4 nm  2.105 s
Step   471: OL  903.5  526.2  OA  177.7  21.4 CL  370.0 139.8 Split   344.8 115.6  134.3 nm  2.163 s
Step   472: OL  902.1  525.0  OA  181.3  17.8 CL  371.8 134.0 Split   345.1 112.6  138.4 nm  2.096 s
Step   473: OL  901.0  524.5  OA  180.3  15.8 CL  385.8 171.6 Split   343.9 143.0  174.9 nm  2.128 s
Step   474: OL  900.4  524.6  OA  179.4   4.0 CL  380.0 162.2 Split   344.2 130.6  160.8 nm  2.240 s
Step   475: OL  900.1  525.3  OA  181.2   3.1 CL  366.6 129.4 Split   344.9 101.9  124.4 nm  2.019 s
Step   476: OL  900.3  526.8  OA  183.8  14.4 CL  357.5 101.0 Split   345.5  75.6   91.9 nm  2.102 s
Step   477: OL  901.1  528.9  OA  183.6  21.3 CL  379.1 161.3 Split   344.8 128.7  157.7 nm  2.145 s
Step   478: OL  902.2  531.8  OA  186.3  28.5 CL  378.6 157.5 Split   344.7 125.4  156.6 nm  2.044 s
Step   479: OL  903.8  535.3  OA  186.4  26.6 CL  369.5 131.2 Split   344.6 104.2  133.2 nm  2.081 s
Step   480: OL  905.8  539.5  OA  182.3  15.6 CL  352.4  75.9 Split   344.3  56.3   75.0 nm  2.035 s
Step   481: OL  908.3  544.3  OA  181.4  15.6 CL  350.1  61.3 Split   343.5  40.4   68.0 nm  2.161 s
Step   482: OL  911.3  549.8  OA  182.6  18.1 CL  351.0  66.9 Split   342.2  48.6   77.8 nm  2.160 s
Step   483: OL  914.5  555.8  OA  183.2  33.6 CL  346.4  54.2 Split   340.2  27.7   65.3 nm  2.116 s
Step   484: OL  918.1  562.4  OA  185.2  40.9 CL  345.9  51.3 Split   340.2  18.6   62.1 nm  1.997 s
Step   485: OL  921.9  569.3  OA  187.6  33.3 CL  359.3 107.0 Split   340.5  78.3  114.7 nm  2.079 s
Step   486: OL  926.1  576.7  OA  189.9  29.2 CL  394.0 195.0 Split   339.0 154.9  200.8 nm  2.186 s
Step   487: OL  930.5  584.3  OA  188.3  25.9 CL  411.7 229.7 Split   338.2 183.9  234.7 nm  2.027 s
Step   488: OL  934.9  592.2  OA  186.2  28.3 CL  419.4 243.6 Split   339.0 193.8  247.1 nm  2.162 s
Step   489: OL  939.4  600.1  OA  184.2  38.8 CL  380.6 172.7 Split   340.7 136.7  169.7 nm  2.106 s
Step   490: OL  944.0  608.1  OA  185.8  45.7 CL  352.5  91.8 Split   341.2  65.4   88.5 nm  2.216 s
Step   491: OL  948.6  615.9  OA  190.2  49.0 CL  353.8  79.9 Split   340.6  45.9   95.8 nm  2.179 s
Step   492: OL  953.1  623.5  OA  188.6  44.0 CL  357.4  93.8 Split   339.5  60.3  111.8 nm  2.222 s
Step   493: OL  957.5  630.7  OA  189.3  43.8 CL  363.4 112.7 Split   339.6  77.0  129.2 nm  2.149 s
Step   494: OL  961.6  637.5  OA  184.1  40.4 CL  345.6  56.7 Split   339.4  27.7   65.2 nm  2.147 s
Step   495: OL  965.5  643.7  OA  181.2  30.2 CL  348.1  86.4 Split   340.1  66.9   73.8 nm  2.240 s
Step   496: OL  969.0  649.2  OA  183.3  27.9 CL  348.8  86.8 Split   339.7  64.5   79.2 nm  2.102 s
Step   497: OL  971.9  653.9  OA  181.4  21.0 CL  341.4  43.4 Split   338.1  17.8   47.5 nm  2.114 s
Step   498: OL  974.3  657.6  OA  184.5  18.4 CL  355.8 100.8 Split   337.9  78.9  111.5 nm  2.145 s
Step   499: OL  976.0  660.3  OA  184.0  13.4 CL  358.7 107.1 Split   337.0  82.7  122.9 nm  2.091 s
Step   500: OL  976.9  661.8  OA  182.6   6.7 CL  357.7 109.7 Split   335.9  89.3  122.8 nm  2.150 s
Step   501: OL  977.0  662.2  OA  182.1  14.8 CL  353.7 100.8 Split   335.6  81.4  111.8 nm  2.044 s
Step   502: OL  976.3  661.3  OA  187.9  18.4 CL  372.3 145.7 Split   337.3 121.4  157.7 nm  2.145 s
Step   503: OL  974.7  659.1  OA  185.4   4.7 CL  362.8 126.6 Split   336.1 105.3  136.6 nm  2.091 s
Step   504: OL  972.2  655.5  OA  184.4   9.2 CL  353.8 102.3 Split   335.2  83.8  113.2 nm  2.160 s
Step   505: OL  968.9  650.7  OA  184.5  18.4 CL  354.2 109.5 Split   334.0  95.0  117.9 nm  2.185 s
Step   506: OL  964.7  644.5  OA  185.8  18.8 CL  353.1 109.5 Split   333.9  94.3  114.7 nm  2.175 s
Step   507: OL  959.8  637.1  OA  184.7  28.2 CL  342.8  81.8 Split   332.7  69.8   82.8 nm  2.131 s
Step   508: OL  954.3  628.5  OA  185.7  35.3 CL  337.5  69.0 Split   331.1  57.8   65.7 nm  2.217 s
Step   509: OL  948.1  618.9  OA  186.9  30.9 CL  338.4  73.3 Split   330.4  62.5   73.0 nm  2.194 s
Step   510: OL  941.4  608.3  OA  191.0  20.6 CL  363.9 139.5 Split   330.9 120.5  151.2 nm  2.171 s
Step   511: OL  934.4  596.9  OA  192.2  16.8 CL  366.9 145.5 Split   330.9 125.2  158.4 nm  2.138 s
Step   511 updated high order loop gain: 0.379
Step   511 updated low order loop gain : 0.234
Step   512: OL  927.0  584.8  OA  189.0  23.4 CL  354.6 118.4 Split   331.3 100.6  126.3 nm  2.108 s
Step   513: OL  919.4  572.3  OA  195.1  36.0 CL  377.9 170.1 Split   331.3 148.5  181.8 nm  2.110 s
Step   514: OL  911.7  559.5  OA  192.9  35.5 CL  371.6 159.4 Split   330.5 138.6  169.8 nm  2.203 s
Step   515: OL  904.0  546.6  OA  193.2  33.4 CL  379.5 175.3 Split   330.8 150.2  186.0 nm  2.251 s
Step   516: OL  896.7  533.9  OA  194.2  48.0 CL  367.2 152.3 Split   330.4 133.9  160.3 nm  2.240 s
Step   517: OL  889.7  521.6  OA  196.0  56.5 CL  359.2 135.5 Split   329.9 123.6  142.1 nm  2.185 s
Step   518: OL  883.2  509.8  OA  197.5  59.4 CL  356.2 128.5 Split   330.3 118.1  133.4 nm  2.096 s
Step   519: OL  877.3  498.9  OA  192.9  47.4 CL  343.5 100.7 Split   328.8  80.3   99.5 nm  2.120 s
Step   520: OL  872.1  489.0  OA  190.3  36.8 CL  343.7 102.3 Split   328.7  72.1  100.1 nm  2.224 s
Step   521: OL  867.7  480.2  OA  189.9  30.8 CL  341.6  97.8 Split   328.0  65.6   95.5 nm  2.159 s
Step   522: OL  864.1  472.8  OA  193.1  30.6 CL  350.5 118.5 Split   328.0  98.2  123.6 nm  2.274 s
Step   523: OL  861.3  466.9  OA  193.3  28.0 CL  340.6  86.7 Split   328.5  75.5   90.1 nm  2.151 s
Step   524: OL  859.4  462.6  OA  192.6  26.3 CL  346.0 103.6 Split   328.6  91.1  108.4 nm  2.005 s
Step   525: OL  858.4  459.9  OA  192.1  24.3 CL  350.1 117.1 Split   327.8 103.2  122.9 nm  2.208 s
Step   526: OL  858.4  459.1  OA  192.5  24.4 CL  360.9 143.0 Split   327.4 125.4  152.0 nm  2.135 s
Step   527: OL  859.3  460.0  OA  192.3  25.2 CL  353.2 128.5 Split   325.8 113.0  136.4 nm  2.027 s
Step   528: OL  861.3  462.7  OA  196.3  22.4 CL  385.9 201.3 Split   324.6 175.0  208.7 nm  2.044 s
Step   529: OL  864.1  467.1  OA  196.1  12.3 CL  378.9 185.4 Split   325.3 159.7  194.3 nm  2.127 s
Step   530: OL  867.8  473.3  OA  194.8  11.5 CL  359.7 141.1 Split   325.8 119.0  152.4 nm  2.067 s
Step   531: OL  872.4  481.0  OA  197.1  20.4 CL  352.0 117.6 Split   327.2  93.8  129.8 nm  2.082 s
Step   532: OL  878.0  490.2  OA  199.0  34.8 CL  348.0 107.4 Split   326.3  79.7  120.9 nm  2.082 s
Step   533: OL  884.3  500.7  OA  201.6  43.9 CL  349.5 116.9 Split   324.9  86.0  128.7 nm  2.190 s
Step   534: OL  891.4  512.4  OA  201.2  48.9 CL  340.6  87.9 Split   324.4  57.8  103.9 nm  2.146 s
Step   535: OL  899.2  525.0  OA  197.6  51.5 CL  337.8  78.3 Split   324.3  47.7   94.5 nm  2.078 s
Step   536: OL  907.6  538.3  OA  197.5  53.9 CL  344.8 106.3 Split   325.4  81.6  114.0 nm  2.191 s
Step   537: OL  916.2  552.1  OA  202.2  60.4 CL  354.8 134.3 Split   326.7 107.3  138.3 nm  2.089 s
Step   538: OL  925.2  566.1  OA  203.4  61.9 CL  353.8 130.2 Split   328.3 105.9  131.9 nm  2.074 s
Step   539: OL  934.3  580.1  OA  206.1  61.7 CL  342.2  76.1 Split   328.7  46.3   95.3 nm  2.041 s
Step   540: OL  943.4  593.8  OA  206.1  64.6 CL  336.5  47.0 Split   329.7  16.1   67.2 nm  2.054 s
Step   541: OL  952.4  607.1  OA  205.1  63.3 CL  337.8  65.2 Split   327.7  34.4   81.8 nm  2.078 s
Step   542: OL  961.1  619.6  OA  204.4  60.2 CL  335.1  62.4 Split   326.8  34.9   74.2 nm  2.008 s
Step   543: OL  969.3  631.1  OA  205.4  60.1 CL  335.4  66.2 Split   325.8  32.0   79.4 nm  2.065 s
Step   544: OL  976.8  641.5  OA  201.5  53.6 CL  339.4  88.0 Split   325.4  52.8   96.7 nm  1.996 s
Step   545: OL  983.6  650.5  OA  200.1  51.4 CL  341.4  95.1 Split   325.9  60.0  101.6 nm  1.999 s
Step   546: OL  989.4  658.0  OA  197.9  49.1 CL  347.1 120.3 Split   325.6  90.9  120.3 nm  2.166 s
Step   547: OL  994.1  663.8  OA  193.9  46.2 CL  354.3 143.2 Split   324.7 112.9  141.8 nm  2.120 s
Step   548: OL  997.6  667.9  OA  193.2  40.3 CL  337.5  99.1 Split   323.4  75.7   96.2 nm  2.139 s
Step   549: OL  999.9  670.2  OA  192.1  33.1 CL  329.4  65.8 Split   323.8  44.5   60.5 nm  2.081 s
Step   550: OL 1000.9  670.6  OA  190.8  20.8 CL  327.9  46.0 Split   325.3  18.8   40.7 nm  2.229 s
Step   551: OL 1000.7  669.1  OA  191.4  16.9 CL  330.3  42.5 Split   326.4  18.5   50.5 nm  2.149 s
Step   552: OL  999.2  665.8  OA  194.9   9.6 CL  345.3 103.6 Split   325.9  87.2  114.1 nm  2.189 s
Step   553: OL  996.4  660.6  OA  197.9   5.4 CL  355.4 131.6 Split   324.5 113.4  145.0 nm  2.139 s
Step   554: OL  992.6  653.8  OA  200.1  14.9 CL  362.4 147.2 Split   323.8 128.6  162.7 nm  2.125 s
Step   555: OL  987.8  645.3  OA  197.4  12.0 CL  353.1 127.0 Split   323.4 106.4  141.7 nm  2.026 s
Step   556: OL  982.2  635.3  OA  196.6  11.8 CL  349.6 117.9 Split   324.1  98.1  131.1 nm  2.059 s
Step   557: OL  975.7  623.9  OA  195.5  20.1 CL  339.1  87.1 Split   325.2  73.1   96.1 nm  2.076 s
Step   558: OL  968.6  611.4  OA  192.4  26.9 CL  329.8  55.4 Split   324.7  39.3   57.5 nm  2.011 s
Step   559: OL  961.0  597.8  OA  194.9  38.6 CL  333.7  74.6 Split   325.1  62.3   75.5 nm  2.089 s
Step   560: OL  953.0  583.4  OA  198.2  50.7 CL  343.0 108.0 Split   324.9  94.2  110.1 nm  2.113 s
Step   561: OL  944.7  568.3  OA  198.6  48.9 CL  333.6  71.9 Split   325.3  60.0   74.1 nm  2.091 s
Step   562: OL  936.4  552.9  OA  197.2  43.2 CL  333.8  66.9 Split   326.2  54.8   71.0 nm  2.065 s
Step   563: OL  928.1  537.1  OA  198.8  45.9 CL  334.9  63.4 Split   328.1  49.3   67.1 nm  2.081 s
Step   564: OL  920.1  521.4  OA  199.5  47.9 CL  345.8 104.9 Split   328.1  91.0  109.1 nm  2.060 s
Step   565: OL  912.3  505.8  OA  200.7  57.6 CL  345.7 104.7 Split   329.2  91.4  105.7 nm  2.199 s
Step   566: OL  904.9  490.6  OA  200.9  59.0 CL  350.7 121.2 Split   329.0 105.4  121.6 nm  2.151 s
Step   567: OL  898.0  475.9  OA  205.4  71.1 CL  354.7 130.2 Split   328.0 122.4  135.1 nm  2.227 s
Step   568: OL  891.7  461.9  OA  207.7  74.7 CL  368.0 161.3 Split   327.2 152.7  168.5 nm  2.148 s
Step   569: OL  886.0  448.8  OA  204.5  64.5 CL  359.9 141.6 Split   328.2 133.6  147.8 nm  2.127 s
Step   570: OL  880.9  436.6  OA  199.3  49.6 CL  352.0 116.4 Split   329.4 106.8  124.0 nm  2.070 s
Step   571: OL  876.7  425.6  OA  197.2  48.4 CL  339.8  82.1 Split   329.6  64.0   82.7 nm  2.144 s
Step   572: OL  873.1  415.8  OA  195.2  39.8 CL  341.2  88.8 Split   329.8  59.3   87.7 nm  2.150 s
Step   573: OL  870.2  407.2  OA  192.2  31.1 CL  342.9  92.5 Split   330.6  59.9   91.1 nm  2.144 s
Step   574: OL  868.1  400.1  OA  192.6  31.8 CL  338.0  73.3 Split   330.6  41.7   70.6 nm  1.996 s
Step   575: OL  866.6  394.3  OA  191.8  32.6 CL  335.8  66.5 Split   328.7  46.9   68.7 nm  2.137 s
Step   576: OL  865.9  390.0  OA  193.4  28.8 CL  337.9  75.2 Split   327.4  63.4   83.6 nm  2.149 s
Step   577: OL  865.7  387.2  OA  194.3  25.9 CL  344.0  96.3 Split   327.9  75.0  103.8 nm  2.189 s
Step   578: OL  866.3  385.8  OA  194.8  20.6 CL  348.8 109.9 Split   327.9  85.3  118.9 nm  2.049 s
Step   579: OL  867.5  385.8  OA  194.6  19.4 CL  364.1 146.7 Split   328.4 117.3  157.4 nm  2.044 s
Step   580: OL  869.3  387.2  OA  194.7  18.0 CL  363.2 142.1 Split   328.7 116.1  154.4 nm  2.059 s
Step   581: OL  871.7  390.0  OA  191.0  12.6 CL  346.9 104.8 Split   328.1  79.6  112.5 nm  1.982 s
Step   582: OL  874.7  394.1  OA  191.5  13.0 CL  342.8  87.9 Split   328.6  63.1   97.8 nm  2.019 s
Step   583: OL  878.3  399.4  OA  193.1  22.6 CL  338.1  72.3 Split   327.0  47.4   86.0 nm  2.109 s
Step   584: OL  882.4  405.8  OA  194.3  26.0 CL  339.7  79.4 Split   326.4  49.9   94.1 nm  2.093 s
Step   585: OL  887.0  413.2  OA  192.7  27.2 CL  333.4  58.1 Split   326.4  29.3   68.1 nm  1.976 s
Step   586: OL  892.1  421.5  OA  192.4  31.5 CL  332.9  65.8 Split   325.8  45.9   68.5 nm  2.085 s
Step   587: OL  897.5  430.5  OA  195.2  30.4 CL  336.9  69.1 Split   326.4  42.0   83.2 nm  2.058 s
Step   588: OL  903.3  440.2  OA  197.3  31.6 CL  335.8  61.8 Split   325.5  35.8   82.3 nm  2.138 s
Step   589: OL  909.4  450.2  OA  199.0  36.6 CL  333.6  40.8 Split   326.0  11.0   70.7 nm  2.100 s
Step   590: OL  915.7  460.6  OA  201.0  38.3 CL  335.0  44.1 Split   327.3  24.6   71.3 nm  2.104 s
Step   591: OL  922.1  471.0  OA  202.2  39.2 CL  341.4  84.9 Split   326.2  67.9  100.9 nm  2.106 s
Step   592: OL  928.5  481.3  OA  201.1  40.4 CL  343.6 100.3 Split   325.1  80.1  111.2 nm  2.095 s
Step   593: OL  934.8  491.3  OA  202.2  45.1 CL  337.6  73.7 Split   325.6  56.7   89.0 nm  2.130 s
Step   594: OL  941.0  500.9  OA  200.4  43.0 CL  345.5 109.1 Split   325.8  89.0  115.0 nm  2.121 s
Step   595: OL  946.8  509.7  OA  202.5  50.2 CL  338.5  79.8 Split   327.7  65.9   84.9 nm  2.066 s
Step   596: OL  952.2  517.7  OA  206.3  52.5 CL  336.3  53.5 Split   329.0  40.3   70.0 nm  2.038 s
Step   597: OL  957.2  524.7  OA  207.5  53.2 CL  336.4  46.9 Split   329.2  32.3   69.1 nm  2.003 s
Step   598: OL  961.5  530.5  OA  205.6  49.8 CL  338.5  66.8 Split   328.3  49.5   82.4 nm  2.205 s
Step   599: OL  965.1  535.0  OA  201.0  40.8 CL  344.9 105.4 Split   327.2  83.3  109.2 nm  2.018 s
Step   600: OL  968.0  538.0  OA  198.0  30.5 CL  337.9  78.8 Split   327.1  56.2   84.9 nm  2.048 s
Step   601: OL  969.9  539.4  OA  195.8  18.6 CL  331.3  36.0 Split   327.3   3.5   51.2 nm  2.124 s
Step   602: OL  970.9  539.2  OA  197.4   7.2 CL  338.2  68.3 Split   327.1  54.7   86.2 nm  2.133 s
Step   603: OL  971.0  537.3  OA  197.1   2.6 CL  349.4 102.9 Split   328.7  86.7  118.6 nm  2.164 s
Step   604: OL  970.1  533.6  OA  199.2  18.0 CL  345.4  87.1 Split   329.5  77.4  103.4 nm  2.124 s
Step   605: OL  968.3  528.2  OA  200.3  24.7 CL  348.8 107.0 Split   328.1  96.3  118.3 nm  2.194 s
Step   606: OL  965.5  521.0  OA  202.5  25.4 CL  354.7 121.2 Split   327.5 109.3  136.2 nm  2.105 s
Step   607: OL  961.9  512.1  OA  202.3  26.0 CL  355.3 125.2 Split   327.0 110.0  139.0 nm  2.143 s
Step   608: OL  957.5  501.6  OA  203.2  29.1 CL  359.7 134.0 Split   327.2 120.7  149.4 nm  2.098 s
Step   609: OL  952.4  489.5  OA  204.4  36.4 CL  359.4 134.5 Split   326.8 122.7  149.6 nm  2.090 s
Step   610: OL  946.7  476.1  OA  207.2  41.2 CL  372.0 163.6 Split   326.7 148.6  178.1 nm  2.108 s
Step   611: OL  940.6  461.4  OA  207.0  53.5 CL  367.6 159.3 Split   326.2 147.0  169.5 nm  2.166 s
Step   612: OL  934.1  445.6  OA  207.9  66.9 CL  366.1 159.8 Split   326.1 145.0  166.3 nm  2.122 s
Step   613: OL  927.5  429.0  OA  208.5  73.1 CL  359.5 144.9 Split   325.8 136.2  152.0 nm  2.105 s
Step   614: OL  920.9  411.7  OA  210.4  76.0 CL  358.5 143.1 Split   324.7 137.3  152.1 nm  2.155 s
Step   615: OL  914.3  394.0  OA  209.4  69.8 CL  365.8 159.3 Split   324.4 144.4  168.9 nm  1.973 s
Step   616: OL  908.0  376.1  OA  212.2  75.4 CL  359.3 142.5 Split   325.2 131.6  152.8 nm  2.046 s
Step   617: OL  902.1  358.4  OA  210.8  72.9 CL  351.7 124.8 Split   323.8 117.8  137.2 nm  2.103 s
Step   618: OL  896.5  340.9  OA  213.3  76.5 CL  372.4 171.2 Split   323.8 163.4  183.9 nm  2.018 s
Step   619: OL  891.5  324.1  OA  218.4  90.2 CL  374.4 174.4 Split   324.9 168.1  186.1 nm  2.008 s
Step   620: OL  887.0  308.1  OA  218.8  92.7 CL  370.6 165.1 Split   326.2 155.2  176.0 nm  2.074 s
Step   621: OL  883.2  293.2  OA  216.5  87.5 CL  369.5 161.4 Split   327.5 152.3  171.0 nm  2.097 s
Step   622: OL  880.0  279.5  OA  213.6  84.4 CL  363.4 151.0 Split   326.4 144.1  159.8 nm  2.161 s
Step   623: OL  877.5  267.1  OA  209.3  79.2 CL  354.4 130.0 Split   326.3 124.6  138.2 nm  2.277 s
Step   624: OL  875.5  256.3  OA  209.0  71.1 CL  375.1 176.4 Split   325.9 161.8  185.8 nm  2.201 s
Step   625: OL  874.1  247.1  OA  207.4  64.8 CL  365.3 157.5 Split   324.3 146.7  168.3 nm  2.118 s
Step   626: OL  873.2  239.4  OA  209.7  68.3 CL  367.5 163.4 Split   322.8 155.2  175.5 nm  2.191 s
Step   627: OL  872.8  233.2  OA  210.6  65.5 CL  371.6 170.0 Split   323.6 161.4  182.7 nm  2.151 s
Step   628: OL  872.8  228.5  OA  208.4  58.2 CL  363.2 151.5 Split   324.1 143.7  164.1 nm  2.090 s
Step   629: OL  873.2  225.2  OA  203.6  46.5 CL  348.7 116.2 Split   323.9 109.7  129.2 nm  2.140 s
Step   630: OL  874.0  223.1  OA  201.1  37.9 CL  343.0 101.6 Split   322.9  91.9  115.6 nm  2.070 s
Step   631: OL  875.0  222.3  OA  196.6  24.9 CL  334.4  76.6 Split   321.9  59.3   90.6 nm  2.178 s
Step   632: OL  876.4  222.6  OA  197.7  15.1 CL  340.8  95.9 Split   321.5  86.4  113.3 nm  2.229 s
Step   633: OL  878.0  224.1  OA  196.0   5.0 CL  350.2 128.2 Split   321.9 107.0  138.0 nm  2.256 s
Step   634: OL  879.9  226.6  OA  196.6   6.2 CL  349.7 129.9 Split   321.1 108.1  138.5 nm  2.194 s
Step   635: OL  882.1  230.2  OA  198.4  12.6 CL  343.8 113.9 Split   320.9  91.7  123.2 nm  2.186 s
Step   636: OL  884.6  234.9  OA  198.0  25.2 CL  341.3 110.4 Split   320.8  84.5  116.7 nm  2.156 s
Step   637: OL  887.4  240.7  OA  199.1  30.1 CL  339.9 105.1 Split   321.2  81.3  111.3 nm  2.092 s
Step   638: OL  890.5  247.4  OA  196.9  28.8 CL  328.9  59.8 Split   321.8  39.1   67.7 nm  2.284 s
Step   639: OL  893.8  255.1  OA  195.2  28.0 CL  325.4  37.2 Split   321.0  12.0   53.1 nm  2.185 s
Step   640: OL  897.4  263.5  OA  196.0  35.9 CL  325.3  38.7 Split   321.1  14.2   52.1 nm  2.224 s
Step   641: OL  901.3  272.6  OA  196.3  46.7 CL  331.3  74.7 Split   321.6  54.6   79.7 nm  2.136 s
Step   642: OL  905.3  282.1  OA  201.3  61.0 CL  343.5 111.9 Split   323.4  88.3  115.6 nm  2.143 s
Step   643: OL  909.6  291.8  OA  207.0  65.1 CL  339.4  94.2 Split   323.5  69.6  102.6 nm  2.055 s
Step   644: OL  913.8  301.5  OA  208.7  64.6 CL  331.4  63.9 Split   322.6  43.2   75.7 nm  1.938 s
Step   645: OL  918.1  310.9  OA  208.4  62.8 CL  327.7  47.7 Split   321.1  24.6   65.1 nm  2.162 s
Step   646: OL  922.2  319.9  OA  205.5  51.6 CL  327.3  53.4 Split   320.1  27.2   68.6 nm  2.111 s
Step   647: OL  926.2  328.1  OA  204.4  42.4 CL  340.3 104.5 Split   320.6  75.9  114.1 nm  2.055 s
Step   648: OL  929.8  335.3  OA  202.4  40.7 CL  334.9  89.4 Split   319.3  67.3  101.2 nm  2.124 s
Step   649: OL  933.0  341.3  OA  198.2  43.4 CL  333.1  86.7 Split   319.9  59.7   92.7 nm  2.204 s
Step   650: OL  935.8  346.0  OA  196.7  42.0 CL  325.9  49.4 Split   321.3  22.7   54.3 nm  2.279 s
Step   651: OL  938.0  349.1  OA  194.7  37.0 CL  327.5  55.5 Split   322.7  33.6   55.4 nm  2.047 s
Step   652: OL  939.6  350.7  OA  195.6  30.3 CL  328.0  56.1 Split   322.8  28.6   58.1 nm  2.140 s
Step   653: OL  940.5  350.6  OA  197.3  27.4 CL  328.8  54.3 Split   323.6  25.7   58.4 nm  2.136 s
Step   654: OL  940.8  348.8  OA  198.2  16.4 CL  326.3  41.3 Split   322.4   8.5   50.5 nm  2.171 s
Step   655: OL  940.5  345.2  OA  197.7   7.2 CL  327.1  49.0 Split   322.0  30.0   57.5 nm  2.260 s
Step   656: OL  939.6  340.0  OA  196.7  14.0 CL  326.9  56.4 Split   321.0  23.8   62.0 nm  2.333 s
Step   657: OL  938.1  333.3  OA  198.5  21.8 CL  327.5  60.7 Split   320.8   3.4   66.1 nm  2.239 s
Step   658: OL  936.2  325.2  OA  197.9  25.9 CL  325.6  59.8 Split   319.5   2.7   63.0 nm  2.193 s
Step   659: OL  933.9  315.8  OA  197.9  37.1 CL  326.1  62.4 Split   319.7  37.8   63.8 nm  2.083 s
Step   660: OL  931.4  305.4  OA  197.6  45.4 CL  334.4  95.0 Split   320.6  66.3   95.3 nm  2.105 s
Step   661: OL  928.7  294.3  OA  199.0  48.2 CL  333.7  90.6 Split   321.3  66.0   90.0 nm  2.029 s
Step   662: OL  926.0  282.6  OA  202.7  55.5 CL  339.7 110.5 Split   321.4  96.0  110.0 nm  2.068 s
Step   663: OL  923.3  270.8  OA  206.2  64.9 CL  339.4 115.8 Split   318.9 106.9  116.2 nm  2.143 s
Step   664: OL  920.8  259.2  OA  210.9  76.3 CL  347.6 142.5 Split   316.6 129.0  143.5 nm  2.111 s
Step   665: OL  918.7  248.1  OA  212.4  79.8 CL  349.6 146.5 Split   316.7 140.8  148.2 nm  2.110 s
Step   666: OL  916.8  237.7  OA  214.6  83.6 CL  343.4 124.2 Split   319.0 119.0  127.1 nm  2.140 s
Step   667: OL  915.3  228.5  OA  217.0  84.2 CL  338.2 104.7 Split   319.4  94.3  111.3 nm  2.238 s
Step   668: OL  914.2  220.6  OA  213.6  79.0 CL  335.0  92.0 Split   319.5  75.6  100.7 nm  2.103 s
Step   669: OL  913.5  214.1  OA  210.5  72.3 CL  331.4  77.7 Split   319.6  46.8   87.5 nm  2.186 s
Step   670: OL  913.2  209.3  OA  207.6  68.6 CL  340.9 114.6 Split   320.1  85.9  117.3 nm  2.153 s
Step   671: OL  913.2  205.9  OA  205.3  64.7 CL  344.7 125.7 Split   319.8  88.0  128.7 nm  2.124 s
Step   672: OL  913.6  204.0  OA  204.4  62.6 CL  331.5  77.7 Split   320.8  18.7   83.5 nm  2.167 s
Step   673: OL  914.2  203.2  OA  202.4  65.2 CL  336.9  98.5 Split   320.5  24.0  103.7 nm  2.244 s
Step   674: OL  915.0  203.5  OA  201.2  59.3 CL  332.3  81.0 Split   321.6  14.8   83.5 nm  2.115 s
Step   675: OL  915.9  204.4  OA  201.4  51.4 CL  334.8  85.2 Split   323.1  47.0   87.6 nm  2.279 s
Step   676: OL  916.9  205.8  OA  201.5  39.7 CL  331.6  78.0 Split   322.9  60.4   75.7 nm  2.197 s
Step   677: OL  918.0  207.4  OA  200.7  37.5 CL  333.4  86.1 Split   322.8  59.9   83.2 nm  2.307 s
Step   678: OL  919.0  209.0  OA  199.4  34.2 CL  343.3 121.5 Split   322.1  99.4  118.7 nm  2.302 s
Step   679: OL  920.1  210.5  OA  199.4  23.3 CL  344.6 125.8 Split   321.9 104.8  123.0 nm  2.163 s
Step   680: OL  921.0  211.8  OA  196.1  15.7 CL  334.1  93.2 Split   321.6  66.5   90.3 nm  2.305 s
Step   681: OL  921.9  212.7  OA  196.0  17.4 CL  344.1 128.9 Split   320.4 101.6  125.7 nm  2.267 s
Step   682: OL  922.7  213.4  OA  194.1  12.1 CL  346.2 134.2 Split   320.3 100.6  131.3 nm  2.176 s
Step   683: OL  923.5  213.7  OA  193.6  10.9 CL  329.1  70.1 Split   321.9  24.4   68.3 nm  2.158 s
Step   684: OL  924.1  213.8  OA  194.1  14.2 CL  336.9  91.6 Split   324.1  46.4   92.0 nm  2.208 s
Step   685: OL  924.6  213.6  OA  193.4  12.1 CL  339.6 100.4 Split   324.5  58.1  100.1 nm  2.108 s
Step   686: OL  925.1  213.3  OA  197.6  14.4 CL  329.3  56.2 Split   325.1  17.4   52.5 nm  2.207 s
Step   687: OL  925.6  212.9  OA  200.3  11.0 CL  330.5  65.7 Split   324.9  35.4   60.9 nm  2.163 s
Step   688: OL  926.1  212.5  OA  201.0  12.0 CL  328.1  54.1 Split   323.8  14.8   53.3 nm  2.231 s
Step   689: OL  926.5  212.1  OA  201.4  12.3 CL  327.9  52.9 Split   324.3  11.3   48.4 nm  2.223 s
