/System/Volumes/Data/mnt/g2/scratch/bpeck/mcao/hybrid/maos -o 0S_rayleigh_mag_study1A/6W -c A_mcao_hybrid.conf plot.all=1 plot.setup=1 -O powfs.siglev=[32.835 8.8 128116.746 41.558] 
Output folder is '0S_rayleigh_mag_study1A/6W'.
SRC: /u/bpeck/code/maos v2.9 2.9
BUILT: /u/bpeck/code/maos/build by CLANG (v14.0.0) on 2024/03/22 14:52:24 CPU(F64,+O3) w/o CUDA
Launched at 2024/06/26 14:25:00 in dragon with PID 9276.
The web based job monitor can be accessed at http://localhost:10300
Main config file is /System/Volumes/Data/mnt/g2/scratch/bpeck/mcao/hybrid/A_mcao_hybrid.conf
Warning(path.c:48): Path not found: path=/System/Volumes/Data/mnt/g2/scratch/bpeck/mcao/hybrid/bin; abspath=/System/Volumes/Data/mnt/g2/scratch/bpeck/mcao/hybrid/bin; Ignored.
Warning(path.c:48): Path not found: path=/System/Volumes/Data/mnt/g2/scratch/bpeck/mcao/hybrid/atm; abspath=/System/Volumes/Data/mnt/g2/scratch/bpeck/mcao/hybrid/atm; Ignored.
Warning(readcfg.c:399): sim.apfsm has been renamed to powfs.apfsm.
Warning(readcfg.c:399): sim.epfsm has been renamed to powfs.epfsm.
Warning(readcfg.c:399): sim.alfsm has been renamed to powfs.alfsm.
Warning(readcfg.c:399): sim.commonfsm has been renamed to powfs.commonfsm.
Warning(readcfg.c:399): sim.idealfsm has been renamed to powfs.idealfsm.
Warning(readcfg.c:399): sim.zetafsm has been renamed to powfs.zetafsm.
Warning(readcfg.c:399): sim.f0fsm has been renamed to powfs.f0fsm.
Warning(readcfg.c:399): surf has been renamed to ncpa.surf.
Warning(readcfg.c:399): tsurf has been renamed to ncpa.tsurf.
Warning(readcfg.c:399): sim.ncpa_calib has been renamed to ncpa.calib.
Warning(readcfg.c:399): sim.ncpa_ttr has been renamed to ncpa.ttr.
Warning(readcfg.c:399): sim.ncpa_thetax has been renamed to ncpa.thetax.
Warning(readcfg.c:399): sim.ncpa_thetay has been renamed to ncpa.thetay.
Warning(readcfg.c:399): sim.ncpa_wt has been renamed to ncpa.wt.
Warning(readcfg.c:399): sim.ncpa_hs has been renamed to ncpa.hs.
loaded 139 (133 new) records from '/System/Volumes/Data/mnt/g2/scratch/bpeck/mcao/hybrid/./keck_sim.conf'
loaded  19 ( 19 new) records from '/System/Volumes/Data/mnt/g2/scratch/bpeck/mcao/hybrid/./dm_none.conf'
loaded  19 (  0 new) records from '/System/Volumes/Data/mnt/g2/scratch/bpeck/mcao/hybrid/./keck_DM1.conf'
loaded  19 (  0 new) records from '/System/Volumes/Data/mnt/g2/scratch/bpeck/mcao/hybrid/./keck_DM2.conf'
loaded  19 (  0 new) records from '/System/Volumes/Data/mnt/g2/scratch/bpeck/mcao/hybrid/./keck_DM3.conf'
loaded   0 (  0 new) records from '/System/Volumes/Data/mnt/g2/scratch/bpeck/mcao/hybrid/./keck_dm_multiple.conf'
loaded   7 (  5 new) records from '/System/Volumes/Data/mnt/g2/scratch/bpeck/mcao/hybrid/./atm_mk13n50p_ground_detail.conf'
loaded  69 ( 69 new) records from '/System/Volumes/Data/mnt/g2/scratch/bpeck/mcao/hybrid/./powfs_common.conf'
loaded  44 ( 38 new) records from '/System/Volumes/Data/mnt/g2/scratch/bpeck/mcao/hybrid/./powfs_none.conf'
loaded  45 (  0 new) records from '/System/Volumes/Data/mnt/g2/scratch/bpeck/mcao/hybrid/./keck_shwfs_lgs.conf'
loaded  46 (  0 new) records from '/System/Volumes/Data/mnt/g2/scratch/bpeck/mcao/hybrid/./keck_shwfs_lgs_R20.conf'
loaded  45 (  0 new) records from '/System/Volumes/Data/mnt/g2/scratch/bpeck/mcao/hybrid/./keck_shwfs_ttf_strap.conf'
loaded  44 (  0 new) records from '/System/Volumes/Data/mnt/g2/scratch/bpeck/mcao/hybrid/./keck_shwfs_twfs_lbwfs.conf'
loaded   0 (  0 new) records from '/System/Volumes/Data/mnt/g2/scratch/bpeck/mcao/hybrid/./keck_wfs_hybrid_strap_lbwfs.conf'
loaded  71 ( 71 new) records from '/u/bpeck/code/maos/config/maos/recon.conf'
loaded  80 ( 80 new) records from '/u/bpeck/code/maos/config/maos/dbg.conf'
loaded   4 (  4 new) records from '/System/Volumes/Data/mnt/g2/scratch/bpeck/mcao/hybrid/./keck_fit.conf'
loaded  43 ( 10 new) records from '/System/Volumes/Data/mnt/g2/scratch/bpeck/mcao/hybrid/A_mcao_hybrid.conf'
Overriding plot.all            	0 --> 1
Overriding plot.setup          	0 --> 1
Overriding powfs.siglev        	[32.835 28.17 128116.746 41.558] --> [32.835 8.8 128116.746 41.558]
loaded   3 (  0 new) records from 'command line'
loaded  23 ( 23 new) records from '/System/Volumes/Data/mnt/g2/scratch/bpeck/mcao/hybrid/./keck_llt_CL.conf'
loaded  23 ( 23 new) records from '/System/Volumes/Data/mnt/g2/scratch/bpeck/mcao/hybrid/./keck_llt_CL.conf'
draw_helper started
Adjust LGS range by telescope altitude 4145m.
Zenith angle is 30 degree.
    Scaling turbulence height and LGS hs by sec(za).
    Scaling r0 by cos(za)^(3/5).
    Scaling wind speed and LGS signal level by cos(za).
powfs0: Adjusting dx from 0.0078125 to 0.0077. 
powfs0.llt.fsm: f0=0 Hz, LPF ep=0
powfs1: Adjusting dx from 0.0078125 to 0.0077. 
Warning(parms.c:1929): There are multiple LGS type. parms->ilgspowfs points to the first one
powfs1.llt.fsm: f0=0 Hz, LPF ep=0
powfs3: Adjusting dx from 0.03125 to 0.0385. 
powfs3 is TWFS for powfs0
Warning(parms.c:2297): Layer 1 at 17.3205m is very close to layer 0 at 0m (OK).
Warning(parms.c:2297): Layer 2 at 34.641m is very close to layer 1 at 17.3205m (OK).
Warning(parms.c:2297): Layer 3 at 51.9615m is very close to layer 2 at 34.641m (OK).
Warning(parms.c:2341): Two high order POWFS with different hs found: 99136.8 and 19982.1. Please double check the results.
dm 0: stroke=300 um is provided in micron.
dm 0: assume ia stroke=20 um is provided in micron.
dm 1: stroke=300 um is provided in micron.
dm 1: assume ia stroke=20 um is provided in micron.
dm 2: stroke=300 um is provided in micron.
dm 2: assume ia stroke=20 um is provided in micron.
There are 1 valid simulation seeds:  1
Output PSF for 10 directions
Used 475 of 475 supplied keys
[00;00mAperture[00;00m is 11 m with sampling 1/128 m
[00;00mTurbulence at 30 degree zenith angle:[00;00m r0=0.128424m, L0=30m, 14 layers.
    Greenwood freq is 25.1Hz, anisoplanatic angle is 1.58 as
    Sampled 8192x8192 at 1/128m. wind dir is randomized.
    layer 0: ht=      0 m, wt= 0.302, ws=  4.8 m/s
    layer 1: ht=     17 m, wt= 0.154, ws=  5.0 m/s
    layer 2: ht=     35 m, wt= 0.041, ws=  5.4 m/s
    layer 3: ht=     52 m, wt= 0.002, ws=  6.6 m/s
    layer 4: ht=    139 m, wt= 0.021, ws=  6.1 m/s
    layer 5: ht=    231 m, wt= 0.010, ws=  6.1 m/s
    layer 6: ht=    323 m, wt= 0.008, ws=  6.1 m/s
    layer 7: ht=    416 m, wt= 0.005, ws=  6.1 m/s
    layer 8: ht=    508 m, wt= 0.001, ws=  6.1 m/s
    layer 9: ht=    932 m, wt= 0.107, ws=  5.6 m/s
    layer 10: ht=   5022 m, wt= 0.144, ws= 11.1 m/s
    layer 11: ht=   9238 m, wt= 0.093, ws= 19.1 m/s
    layer 12: ht=  13856 m, wt= 0.075, ws=  8.2 m/s
    layer 13: ht=  22518 m, wt= 0.036, ws=  4.8 m/s
[00;00mReconstruction[00;00m: r0=0.128424m L0=30m. 13 layers. use cone coordinate.
    layer 0: ht=      0 m, wt= 0.314
    layer 1: ht=     17 m, wt= 0.160
    layer 2: ht=     35 m, wt= 0.043
    layer 3: ht=     52 m, wt= 0.002
    layer 4: ht=    139 m, wt= 0.022
    layer 5: ht=    231 m, wt= 0.010
    layer 6: ht=    323 m, wt= 0.008
    layer 7: ht=    416 m, wt= 0.005
    layer 8: ht=    508 m, wt= 0.001
    layer 9: ht=    932 m, wt= 0.111
    layer 10: ht=   5022 m, wt= 0.150
    layer 11: ht=   9238 m, wt= 0.097
    layer 12: ht=  13856 m, wt= 0.078
[00;00mThere are 4 powfs[00;00m
  powfs0: Order 72, LGS at 99.1 km. Sampling 1/129.87 m. Thres 30%. [00;00mT/T is removed in right hand side in tomography.[00;00m
    Gtilt in reconstruction. Geomtric optics start at 0 with gtilt [00;00m(noisy)[00;00m
  powfs1: Order 72, LGS at  20 km. Sampling 1/129.87 m. Thres 30%. [00;00mT/T is removed in right hand side in tomography.[00;00m
    Gtilt in reconstruction. Geomtric optics start at 0 with gtilt [00;00m(noisy)[00;00m
  powfs2: Order  1, NGS at inf km. Sampling 1/16 m. Thres 30%. 
    Gtilt in reconstruction. Geomtric optics start at 2 with ztilt [00;00m(noisy)[00;00m
  powfs3: Order 72, NGS at inf km. Sampling 1/25.974 m. Thres 50%. 
    Gtilt in reconstruction. Geomtric optics start at 50 with gtilt [00;00m(noisy)[00;00m
[00;00mThere are 6 wfs[00;00m
    wfs 0: type 0, at (   0.00,    0.00) arcsec,  99 km, siglev is 28.4359 bkgrnd is 0.1
    wfs 1: type 1, at (   0.00,    0.00) arcsec,  20 km, siglev is 7.62102 bkgrnd is 0.1
    wfs 2: type 2, at (   5.00,    0.00) arcsec, inf km, siglev is 128117 bkgrnd is 2.603
    wfs 3: type 2, at (  -2.50,    4.33) arcsec, inf km, siglev is 128117 bkgrnd is 2.603
    wfs 4: type 2, at (  -2.50,   -4.33) arcsec, inf km, siglev is 128117 bkgrnd is 2.603
    wfs 5: type 3, at (   0.00,    0.00) arcsec, inf km, siglev is 41558 bkgrnd is 0.001
[00;00mThere are 3 DMs[00;00m
  DM 0 at    0km, actuator pitch 0.154m, offset   0, with 300.000000 micron stroke.
    Normalized cubic influence function with inter-actuator coupling of 0.223
  DM 1 at    6km, actuator pitch 0.154m, offset   0, with 300.000000 micron stroke.
    Normalized cubic influence function with inter-actuator coupling of 0.223
  DM 2 at   10km, actuator pitch 0.154m, offset   0, with 300.000000 micron stroke.
    Normalized cubic influence function with inter-actuator coupling of 0.223
[00;00mTomography[00;00m is using CG, with [00;00mNo[00;00m preconditioner, [00;00m40[00;00m iterations, ad hoc split tomo.
[00;00mDM Fitting [00;00mis using CG, with [00;00mNo[00;00m preconditioner, [00;00m10[00;00m iterations
[00;00mThere are 9 fit directions[00;00m
    Fit 0: weight is 0.444, at (   0.00,    0.00) arcsec
    Fit 1: weight is 0.111, at (   7.50,    0.00) arcsec
    Fit 2: weight is 0.111, at (   0.00,    7.50) arcsec
    Fit 3: weight is 0.111, at (  -7.50,    0.00) arcsec
    Fit 4: weight is 0.111, at (   0.00,   -7.50) arcsec
    Fit 5: weight is 0.028, at (   7.50,    7.50) arcsec
    Fit 6: weight is 0.028, at (  -7.50,    7.50) arcsec
    Fit 7: weight is 0.028, at (  -7.50,   -7.50) arcsec
    Fit 8: weight is 0.028, at (   7.50,   -7.50) arcsec
[00;00mThere are 10 evaluation directions[00;00m at sampling 1/128 m.
    Evl 0: weight is 0.100, at (   0.00,    0.00) arcsec
    Evl 1: weight is 0.100, at (   5.00,    0.00) arcsec
    Evl 2: weight is 0.100, at (  10.00,    0.00) arcsec
    Evl 3: weight is 0.100, at (  15.00,    0.00) arcsec
    Evl 4: weight is 0.100, at (  20.00,    0.00) arcsec
    Evl 5: weight is 0.100, at (  25.00,    0.00) arcsec
    Evl 6: weight is 0.100, at (  30.00,    0.00) arcsec
    Evl 7: weight is 0.100, at (  35.00,    0.00) arcsec
    Evl 8: weight is 0.100, at (  45.00,    0.00) arcsec
    Evl 9: weight is 0.100, at (  60.00,    0.00) arcsec
[00;00mSimulation[00;00m start at step 0, end at step 1000, with time step 1/1500s, [00;00mclose loop[00;00m.
After setup_parms:	1.9 MiB.

*** Preparation started at 2024/06/26 14:25:00 in dragon. ***

Using thread pool with 32 threads
Reading aperture amplitude map from KECK.fits
Warning(accphi.c:477): 108578 points not covered by input screen
iwvl 0: Science PSF is using grid size of 2880. The PSF will sum to 6.95167232824563
iwvl 1: Science PSF is using grid size of 2880. The PSF will sum to 6.95167232824563
iwvl 2: Science PSF is using grid size of 2880. The PSF will sum to 6.95167232824563
iwvl 3: Science PSF is using grid size of 2880. The PSF will sum to 6.95167232824563
iwvl 4: Science PSF is using grid size of 2880. The PSF will sum to 6.95167232824563
iwvl 5: Science PSF is using grid size of 2880. The PSF will sum to 6.95167232824563
iwvl 6: Science PSF is using grid size of 2880. The PSF will sum to 6.95167232824563
iwvl 7: Science PSF is using grid size of 2880. The PSF will sum to 6.95167232824563
iwvl 8: Science PSF is using grid size of 2880. The PSF will sum to 6.95167232824563
After setup_aper:	88.0 MiB.

[00;00mSetting up powfs 0 geom[00;00m

There are 20 points in each subaperture of 0.154m.
There are 3142 valid subaperture.

[00;00mSetting up powfs 1 geom[00;00m

There are 20 points in each subaperture of 0.154m.
There are 3142 valid subaperture.

[00;00mSetting up powfs 2 geom[00;00m

There are 176 points in each subaperture of 11m.
There are 1 valid subaperture.

[00;00mSetting up powfs 3 geom[00;00m

There are 4 points in each subaperture of 0.154m.
There are 3105 valid subaperture.
After setup_powfs_init:	309.5 MiB.

[00;00mSetting up reconstructor geometry.[00;00m

PLOC is 147x147, with sampling of 0.08m (not square)
    DM 0: grid is 75 x 75
    DM 1: grid is 89 x 79
    DM 2: grid is 97 x 81
FLOC is 147x147, with sampling of 0.08m (not square)
Tomography grid is not square:
    layer 0: xloc grid is 147 x 147, sampling is 0.077 m, 17069 points
    layer 1: xloc grid is 147 x 147, sampling is 0.077 m, 17103 points
    layer 2: xloc grid is 147 x 147, sampling is 0.077 m, 17121 points
    layer 3: xloc grid is 147 x 147, sampling is 0.077 m, 17129 points
    layer 4: xloc grid is 148 x 147, sampling is 0.077 m, 17210 points
    layer 5: xloc grid is 148 x 147, sampling is 0.077 m, 17308 points
    layer 6: xloc grid is 148 x 147, sampling is 0.077 m, 17382 points
    layer 7: xloc grid is 149 x 147, sampling is 0.077 m, 17485 points
    layer 8: xloc grid is 150 x 149, sampling is 0.077 m, 17596 points
    layer 9: xloc grid is 152 x 149, sampling is 0.076 m, 18036 points
    layer 10: xloc grid is 177 x 159, sampling is 0.073 m, 22817 points
    layer 11: xloc grid is 205 x 171, sampling is 0.070 m, 28679 points
    layer 12: xloc grid is 238 x 185, sampling is 0.066 m, 36392 points
Setting up surface OPD

[00;00mSetting up reconstructor[00;00m

Low order modes: nmod=2, mffocus=1, ahst_focus=1, indps=0, indastig=0
Low order control includes WFS 2 3 4
Recon NEA: geom(381.13) geom(381.13) geom(1.57) geom(1.57) geom(1.57) geom(6.43)  mas
Setup or update control matrix parameters.
RRtwfs svd threshold is 1e-10
Replacing HA by HA*fit->actextrap
Adding piston cr to fit matrix
Adding TT cr on upper DMs to fit matrix.
    dm 0, mode 1: there are 32 slave actuators
    dm 1, mode 1: there are 846 slave actuators
    dm 2, mode 1: there are 1286 slave actuators
Before assembling fit matrix:	1076.2 MiB.
Building fit->FR
Building fit->FL
Adding tikhonov constraint of 1.0e-07 to FLM
The maximum eigen value is estimated to be around 2.4e-04
DM Fit number of Low rank terms: 16 in LHS
After assemble fit matrix:	2703.1 MiB.
After setup_recon:	2703.1 MiB.

*** Simulation started at 2024/06/26 14:25:14 in dragon. ***

Running seed 1
Converting windshake PSD to time series.
DM cache with grid 1/25.974m 1/25.974m 1/25.974m
Wind dir: 267.3 261.7 167.0 130.5 300.7  32.3 119.8 139.0 150.8 277.7 203.0 133.1  45.9 265.1 deg
Using /u/bpeck/.aos/cache/atm/vonkarman_14_8192x8192_0.0078125_1115374592d.bin
After genatm:	2853.9 MiB.
Step     #  Open Loop  PR TT  On axis  PR TT  Field RMS PR TT Split     HIGH   TT    LOW     Timing 
Step     0: OL  957.9  440.5  OA  960.4 448.9 CL  957.9 440.5 Split   855.1 431.6  431.6 nm  9.188 s
Step     1: OL  963.2  450.8  OA  966.9 460.0 CL  963.2 450.8 Split   855.7 442.1  442.1 nm  1.017 s
Step     3: OL  971.3  465.5  OA  939.1 454.3 CL  938.7 444.2 Split   831.7 435.4  435.4 nm  0.671 s
Step     5: OL  975.4  471.6  OA  792.4  57.7 CL  805.1  93.1 Split   804.2  38.2   38.2 nm  0.667 s
Step     7: OL  975.2  468.9  OA  773.8  86.7 CL  792.6 137.2 Split   785.1 108.8  108.8 nm  0.642 s
Step     9: OL  971.0  457.7  OA  755.7  48.7 CL  774.6 110.5 Split   771.2  72.0   72.0 nm  0.653 s
Step    11: OL  963.5  438.8  OA  740.3  34.9 CL  760.2 102.3 Split   757.9  58.9   58.9 nm  0.658 s
Step    13: OL  953.5  413.7  OA  727.9  49.3 CL  749.2 111.8 Split   745.5  74.6   74.6 nm  0.670 s
Step    15: OL  942.3  384.1  OA  717.2  59.1 CL  739.1 119.0 Split   734.2  85.2   85.2 nm  0.688 s
Step    17: OL  931.0  352.3  OA  708.3  63.9 CL  730.3 123.2 Split   724.6  91.1   91.1 nm  0.647 s
Step    19: OL  920.6  320.4  OA  697.7  49.8 CL  719.8 113.7 Split   715.6  77.8   77.8 nm  0.652 s
Step    20: OL  916.0  305.1  OA  693.5  56.5 CL  716.2 118.8 Split   711.1  85.2   85.2 nm  2.408 s
Step    21: OL  911.9  290.6  OA  688.8  54.1 CL  711.7 117.3 Split   706.8  83.4   83.4 nm  1.915 s
Step    22: OL  908.4  277.2  OA  684.0  50.3 CL  707.0 114.9 Split   702.5  80.1   80.1 nm  1.818 s
Step    23: OL  905.4  265.1  OA  679.0  40.0 CL  701.7 108.3 Split   698.2  70.4   70.4 nm  1.844 s
Step    24: OL  903.0  254.4  OA  674.8  26.6 CL  697.0 100.3 Split   694.6  57.2   57.2 nm  1.851 s
Step    25: OL  901.1  245.4  OA  671.5  22.8 CL  693.4  97.8 Split   691.4  52.7   52.7 nm  2.121 s
Step    26: OL  899.8  238.2  OA  668.6  32.7 CL  691.0 103.7 Split   688.1  63.2   63.2 nm  1.908 s
Step    27: OL  899.1  232.9  OA  665.2  37.0 CL  688.0 106.4 Split   684.7  67.6   67.6 nm  1.832 s
Step    28: OL  898.9  229.5  OA  661.6  36.7 CL  684.7 106.5 Split   681.3  67.9   67.9 nm  1.898 s
Step    29: OL  899.2  228.3  OA  657.8  25.8 CL  680.5 100.2 Split   678.0  57.6   57.6 nm  1.986 s
Step    30: OL  900.0  229.0  OA  654.6  21.7 CL  677.1  98.5 Split   674.9  54.7   54.7 nm  1.931 s
Step    31: OL  901.4  231.9  OA  651.5  22.1 CL  674.0  98.2 Split   671.8  54.3   54.3 nm  1.954 s
Step    32: OL  903.3  236.8  OA  648.8  20.7 CL  670.4  94.4 Split   668.8  46.8   46.8 nm  1.988 s
Step    33: OL  905.8  243.8  OA  646.4  13.6 CL  667.0  89.0 Split   666.1  34.6   34.6 nm  1.948 s
Step    34: OL  908.9  252.7  OA  644.0  20.9 CL  663.5  84.0 Split   663.2  17.8   17.8 nm  2.038 s
Step    35: OL  912.6  263.5  OA  641.9  38.0 CL  660.1  82.2 Split   660.1   3.9    3.9 nm  1.958 s
Step    36: OL  916.9  276.1  OA  638.8  36.2 CL  657.0  82.2 Split   657.0   2.7    2.7 nm  2.036 s
Step    37: OL  921.9  290.1  OA  636.9  49.5 CL  654.3  83.6 Split   654.2  14.8   14.8 nm  1.902 s
Step    38: OL  927.5  305.6  OA  634.4  44.6 CL  651.6  82.6 Split   651.6   8.8    8.8 nm  1.996 s
Step    39: OL  933.7  322.1  OA  631.8  37.2 CL  649.3  82.5 Split   649.3   8.2    8.2 nm  2.030 s
Step    40: OL  940.4  339.5  OA  629.0  30.5 CL  646.9  82.4 Split   646.8   9.6    9.6 nm  1.979 s
Step    41: OL  947.7  357.4  OA  626.7  34.1 CL  644.6  83.5 Split   644.4  16.7   16.7 nm  1.962 s
Step    42: OL  955.3  375.5  OA  624.7  39.8 CL  642.4  84.5 Split   642.1  21.1   21.1 nm  2.003 s
Step    43: OL  963.1  393.6  OA  622.9  46.7 CL  639.9  83.8 Split   639.6  18.4   18.4 nm  2.032 s
Step    44: OL  971.1  411.2  OA  620.8  46.1 CL  636.9  82.0 Split   636.9   8.8    8.8 nm  2.096 s
Step    45: OL  978.9  428.0  OA  618.6  44.7 CL  634.1  81.8 Split   634.1   7.3    7.3 nm  1.931 s
Step    46: OL  986.5  443.8  OA  615.9  37.0 CL  631.5  81.5 Split   631.5   2.9    2.9 nm  1.954 s
Step    47: OL  993.7  458.3  OA  613.5  36.1 CL  629.1  81.6 Split   629.0   5.8    5.8 nm  1.970 s
Step    48: OL 1000.3  471.0  OA  611.5  30.5 CL  627.5  82.1 Split   627.4  10.9   10.9 nm  2.214 s
Step    49: OL 1006.0  481.9  OA  610.7  34.8 CL  626.5  83.6 Split   626.2  18.9   18.9 nm  1.916 s
Step    50: OL 1010.8  490.6  OA  609.1  27.9 CL  624.9  83.7 Split   624.6  20.1   20.1 nm  1.899 s
Step    51: OL 1014.5  497.0  OA  606.7  20.3 CL  622.5  83.9 Split   622.2  21.5   21.5 nm  1.858 s
Step    52: OL 1017.1  501.0  OA  604.2  13.8 CL  620.6  87.1 Split   619.8  32.0   32.0 nm  1.927 s
Step    53: OL 1018.3  502.4  OA  601.9  12.7 CL  618.8  92.2 Split   617.2  44.3   44.3 nm  1.957 s
Step    54: OL 1018.4  501.2  OA  599.7   9.9 CL  616.6  93.7 Split   614.8  47.4   47.4 nm  1.888 s
Step    55: OL 1017.1  497.5  OA  598.1  22.2 CL  615.7 101.3 Split   612.7  61.2   61.2 nm  1.867 s
Step    56: OL 1014.6  491.2  OA  596.6  20.3 CL  613.7 100.1 Split   610.9  59.2   59.2 nm  1.891 s
Step    57: OL 1011.0  482.4  OA  595.2  22.4 CL  612.4 101.7 Split   609.3  61.9   61.9 nm  1.867 s
Step    58: OL 1006.4  471.4  OA  594.4  30.0 CL  611.5 105.6 Split   607.7  68.2   68.2 nm  1.920 s
Step    59: OL 1001.0  458.4  OA  592.9  30.8 CL  609.8 106.5 Split   605.9  69.6   69.6 nm  1.885 s
Step    60: OL  994.9  443.5  OA  591.8  35.4 CL  608.6 110.3 Split   603.9  75.5   75.5 nm  1.842 s
Step    61: OL  988.3  427.1  OA  590.9  41.4 CL  607.8 114.9 Split   602.2  82.1   82.1 nm  1.876 s
Step    62: OL  981.4  409.5  OA  590.6  54.1 CL  608.1 124.3 Split   600.7  94.9   94.9 nm  1.981 s
Step    63: OL  974.5  391.0  OA  589.7  59.1 CL  607.2 127.8 Split   599.0  99.4   99.4 nm  1.848 s
Step    64: OL  967.7  372.0  OA  589.1  68.9 CL  607.1 135.2 Split   597.3 108.8  108.8 nm  1.778 s
Step    65: OL  961.1  353.0  OA  588.5  77.4 CL  607.1 142.4 Split   595.6 117.7  117.7 nm  1.857 s
Step    66: OL  955.0  334.2  OA  586.9  73.5 CL  605.2 139.7 Split   594.3 114.4  114.4 nm  1.843 s
Step    67: OL  949.5  316.0  OA  585.0  65.2 CL  602.3 133.0 Split   592.9 106.1  106.1 nm  1.828 s
Step    68: OL  944.6  298.9  OA  582.3  48.5 CL  597.9 119.7 Split   591.3  88.8   88.8 nm  1.863 s
Step    69: OL  940.4  283.1  OA  580.1  35.4 CL  594.5 111.0 Split   589.5  76.6   76.6 nm  1.898 s
Step    70: OL  936.9  268.8  OA  578.9  39.3 CL  593.0 113.8 Split   587.5  80.5   80.5 nm  1.902 s
Step    71: OL  934.1  256.5  OA  578.3  43.3 CL  591.9 116.4 Split   585.9  84.1   84.1 nm  1.926 s
Step    72: OL  931.9  246.2  OA  577.8  48.2 CL  590.8 118.5 Split   584.4  86.9   86.9 nm  1.936 s
Step    73: OL  930.5  238.0  OA  576.6  42.7 CL  588.5 114.5 Split   582.9  81.2   81.2 nm  1.932 s
Step    74: OL  929.7  232.1  OA  574.7  29.1 CL  585.6 106.7 Split   581.4  70.0   70.0 nm  1.790 s
Step    75: OL  929.5  228.5  OA  573.1  19.7 CL  583.4 101.1 Split   580.2  61.1   61.1 nm  1.824 s
Step    76: OL  929.9  227.2  OA  572.0  23.4 CL  582.4 103.3 Split   578.8  64.7   64.7 nm  1.863 s
Step    77: OL  930.8  228.1  OA  570.5  16.3 CL  580.3  99.2 Split   577.4  57.7   57.7 nm  1.897 s
Step    78: OL  932.3  231.3  OA  569.6   9.5 CL  578.6  95.5 Split   576.3  50.8   50.8 nm  1.862 s
Step    79: OL  934.3  236.6  OA  568.7   8.7 CL  576.4  89.5 Split   575.2  37.8   37.8 nm  1.894 s
Step    80: OL  936.9  244.0  OA  568.1  17.9 CL  574.4  85.1 Split   573.9  25.2   25.2 nm  1.950 s
Step    81: OL  940.0  253.3  OA  567.6  25.5 CL  573.0  84.3 Split   572.6  21.3   21.3 nm  1.919 s
Step    82: OL  943.7  264.3  OA  567.1  29.6 CL  572.0  85.0 Split   571.6  23.2   23.2 nm  1.919 s
Step    83: OL  948.0  276.8  OA  566.5  29.0 CL  570.9  83.1 Split   570.7  14.9   14.9 nm  1.901 s
Step    84: OL  952.8  290.7  OA  566.3  35.2 CL  569.8  82.2 Split   569.8   8.9    8.9 nm  1.997 s
Step    85: OL  958.1  305.5  OA  565.7  43.7 CL  568.5  82.6 Split   568.4  12.0   12.0 nm  1.832 s
Step    86: OL  963.9  320.9  OA  565.1  51.1 CL  567.1  83.9 Split   566.8  18.9   18.9 nm  1.844 s
Step    87: OL  969.9  336.7  OA  563.8  41.7 CL  566.1  82.8 Split   565.9  12.8   12.8 nm  1.957 s
Step    88: OL  976.2  352.5  OA  563.3  45.3 CL  565.2  83.0 Split   565.0  14.0   14.0 nm  1.867 s
Step    89: OL  982.5  368.0  OA  561.6  33.5 CL  564.2  84.0 Split   563.9  19.5   19.5 nm  2.424 s
Step    90: OL  988.8  382.7  OA  559.9  22.7 CL  563.2  85.9 Split   562.5  26.7   26.7 nm  1.847 s
Step    91: OL  994.9  396.5  OA  558.4  20.6 CL  562.0  84.7 Split   561.6  21.6   21.6 nm  1.907 s
Step    92: OL 1000.6  409.0  OA  557.4  25.4 CL  561.1  84.8 Split   560.7  21.3   21.3 nm  1.844 s
Step    93: OL 1005.8  419.9  OA  556.7  33.4 CL  560.4  86.8 Split   559.7  27.8   27.8 nm  1.890 s
Step    94: OL 1010.4  429.1  OA  555.6  26.1 CL  559.6  87.2 Split   558.9  29.0   29.0 nm  1.869 s
Step    95: OL 1014.2  436.5  OA  554.3  14.9 CL  558.7  88.7 Split   557.8  33.4   33.4 nm  1.946 s
Step    96: OL 1017.1  441.8  OA  553.6   7.7 CL  558.1  89.0 Split   557.0  34.1   34.1 nm  1.893 s
Step    97: OL 1019.2  445.0  OA  553.2   4.7 CL  557.6  90.8 Split   556.2  38.5   38.5 nm  1.917 s
Step    98: OL 1020.3  446.1  OA  552.8   3.1 CL  556.9  92.2 Split   555.4  41.5   41.5 nm  1.925 s
Step    99: OL 1020.6  445.1  OA  552.1   5.0 CL  556.3  94.5 Split   554.3  46.3   46.3 nm  1.881 s
Step   100: OL 1019.9  442.0  OA  551.0   6.2 CL  555.1  95.3 Split   553.1  47.8   47.8 nm  1.897 s
Step   101: OL 1018.4  437.0  OA  550.0  17.5 CL  554.2  97.2 Split   551.9  51.0   51.0 nm  1.917 s
Step   102: OL 1016.2  430.2  OA  549.2  25.4 CL  553.8 100.9 Split   550.8  57.6   57.6 nm  1.885 s
Step   103: OL 1013.4  421.9  OA  548.4  28.1 CL  553.6 105.7 Split   549.6  65.7   65.7 nm  1.817 s
Step   104: OL 1010.0  412.1  OA  548.2  36.9 CL  554.1 113.1 Split   548.7  77.1   77.1 nm  1.945 s
Step   105: OL 1006.3  401.1  OA  547.8  35.6 CL  553.7 112.8 Split   548.3  76.7   76.7 nm  1.862 s
Step   106: OL 1002.3  389.3  OA  546.9  30.7 CL  552.5 109.7 Split   547.8  71.9   71.9 nm  1.839 s
Step   107: OL  998.2  376.8  OA  546.2  31.1 CL  551.8 110.3 Split   547.0  72.8   72.8 nm  1.892 s
Step   108: OL  994.1  363.9  OA  545.5  34.3 CL  551.1 112.2 Split   545.9  75.6   75.6 nm  1.822 s
Step   109: OL  990.1  350.9  OA  544.8  32.2 CL  549.8 110.6 Split   544.9  73.0   73.0 nm  1.912 s
Step   110: OL  986.3  338.1  OA  544.2  33.7 CL  548.6 109.2 Split   544.1  70.7   70.7 nm  1.859 s
Step   111: OL  982.8  325.7  OA  543.3  35.0 CL  547.8 109.2 Split   543.2  70.5   70.5 nm  1.798 s
Step   112: OL  979.6  313.8  OA  542.2  32.7 CL  546.7 108.6 Split   542.2  69.4   69.4 nm  1.837 s
Step   113: OL  976.8  302.8  OA  541.5  29.8 CL  545.8 107.0 Split   541.7  66.6   66.6 nm  1.792 s
Step   114: OL  974.4  292.8  OA  540.9  34.4 CL  545.6 109.9 Split   541.0  70.9   70.9 nm  1.867 s
Step   115: OL  972.5  283.8  OA  539.4  28.0 CL  543.9 107.2 Split   539.9  66.4   66.4 nm  1.850 s
Step   116: OL  971.0  276.1  OA  538.5  30.4 CL  543.7 110.1 Split   539.0  71.0   71.0 nm  1.805 s
Step   117: OL  969.8  269.7  OA  537.3  31.4 CL  542.7 110.1 Split   538.0  71.0   71.0 nm  1.813 s
Step   118: OL  969.1  264.7  OA  535.8  22.8 CL  540.4 103.5 Split   537.1  59.9   59.9 nm  1.887 s
Step   119: OL  968.8  260.9  OA  534.7  15.4 CL  539.0 100.4 Split   536.3  54.0   54.0 nm  1.813 s
Step   120: OL  968.8  258.6  OA  533.8  13.1 CL  538.0 100.7 Split   535.2  54.5   54.5 nm  1.827 s
Step   121: OL  969.2  257.5  OA  532.9  13.4 CL  537.0 100.7 Split   534.3  54.3   54.3 nm  1.812 s
Step   122: OL  969.9  257.7  OA  531.9  15.9 CL  536.3 101.0 Split   533.5  54.6   54.6 nm  1.835 s
Step   123: OL  970.9  259.1  OA  531.0  13.4 CL  534.9  97.4 Split   532.8  47.2   47.2 nm  1.889 s
Step   124: OL  972.3  261.7  OA  530.1   8.5 CL  533.3  92.2 Split   532.2  34.5   34.5 nm  1.833 s
Step   125: OL  973.9  265.3  OA  529.4  12.1 CL  532.4  90.9 Split   531.5  30.5   30.5 nm  1.887 s
Step   126: OL  975.8  269.9  OA  528.7  10.0 CL  532.3  92.7 Split   531.1  35.2   35.2 nm  1.834 s
Step   127: OL  977.9  275.4  OA  527.8   7.5 CL  531.7  92.9 Split   530.5  35.3   35.3 nm  1.840 s
Step   128: OL  980.3  281.6  OA  526.9   7.0 CL  531.0  93.1 Split   529.9  35.5   35.5 nm  1.870 s
Step   129: OL  982.9  288.4  OA  526.4  15.2 CL  529.9  90.5 Split   529.2  27.3   27.3 nm  1.905 s
Step   130: OL  985.7  295.8  OA  525.5  23.0 CL  528.5  88.6 Split   528.1  19.6   19.6 nm  1.869 s
Step   131: OL  988.7  303.4  OA  524.3  25.2 CL  527.4  88.6 Split   527.1  18.6   18.6 nm  1.823 s
Step   132: OL  991.7  311.4  OA  523.0  26.5 CL  526.5  88.8 Split   526.2  18.8   18.8 nm  1.831 s
Step   133: OL  994.9  319.4  OA  521.7  22.6 CL  525.7  89.4 Split   525.2  20.8   20.8 nm  1.834 s
Step   134: OL  998.1  327.4  OA  521.2  33.9 CL  524.6  87.8 Split   524.5   9.1    9.1 nm  1.870 s
Step   135: OL 1001.3  335.2  OA  519.4  29.6 CL  523.8  88.7 Split   523.5  14.7   14.7 nm  1.866 s
Step   136: OL 1004.4  342.7  OA  518.8  35.8 CL  523.0  88.1 Split   522.9   8.3    8.3 nm  1.868 s
Step   137: OL 1007.4  349.9  OA  517.8  27.9 CL  522.8  89.4 Split   522.5  16.6   16.6 nm  1.975 s
Step   138: OL 1010.4  356.7  OA  516.9  24.4 CL  522.5  91.4 Split   521.9  24.6   24.6 nm  1.915 s
Step   139: OL 1013.2  362.9  OA  516.0  19.4 CL  521.9  92.2 Split   521.2  26.8   26.8 nm  1.876 s
Step   140: OL 1015.7  368.6  OA  515.1  15.9 CL  521.1  92.9 Split   520.4  28.8   28.8 nm  1.838 s
Step   141: OL 1018.1  373.6  OA  513.9  13.5 CL  520.4  94.3 Split   519.4  32.5   32.5 nm  1.892 s
Step   142: OL 1020.3  378.0  OA  512.8   9.8 CL  520.2  98.0 Split   518.5  42.3   42.3 nm  1.885 s
Step   143: OL 1022.2  381.8  OA  511.6   8.3 CL  519.4  99.1 Split   517.5  44.5   44.5 nm  1.920 s
Step   144: OL 1023.9  384.9  OA  511.0  15.8 CL  519.2 102.0 Split   516.8  50.4   50.4 nm  1.865 s
Step   145: OL 1025.3  387.3  OA  510.4   5.0 CL  518.4 100.1 Split   516.3  46.0   46.0 nm  1.813 s
Step   146: OL 1026.5  389.1  OA  509.8   4.0 CL  517.3  98.5 Split   515.6  41.9   41.9 nm  1.862 s
Step   147: OL 1027.5  390.3  OA  509.2  15.7 CL  516.2  96.3 Split   515.0  35.7   35.7 nm  1.929 s
Step   148: OL 1028.2  391.0  OA  508.2  13.3 CL  516.0  98.0 Split   514.4  39.6   39.6 nm  1.847 s
Step   149: OL 1028.7  391.1  OA  507.1   6.7 CL  515.5  98.5 Split   514.0  40.5   40.5 nm  1.973 s
Step   150: OL 1029.1  390.7  OA  506.2  11.4 CL  514.7  96.6 Split   513.6  34.8   34.8 nm  1.866 s
Step   151: OL 1029.2  389.9  OA  505.2  13.9 CL  514.1  96.1 Split   513.1  32.6   32.6 nm  1.847 s
Step   152: OL 1029.2  388.6  OA  504.0  11.8 CL  513.8  98.7 Split   512.3  39.3   39.3 nm  1.881 s
Step   153: OL 1029.0  387.0  OA  503.0  11.9 CL  514.2 104.6 Split   511.5  52.3   52.3 nm  1.954 s
Step   154: OL 1028.8  385.1  OA  502.6  24.7 CL  515.6 113.6 Split   511.0  68.6   68.6 nm  1.940 s
Step   155: OL 1028.4  382.9  OA  502.0  28.3 CL  515.9 116.5 Split   510.7  72.9   72.9 nm  2.006 s
Step   156: OL 1027.8  380.4  OA  500.5  25.1 CL  514.6 113.3 Split   510.2  67.3   67.3 nm  1.927 s
Step   157: OL 1027.3  377.6  OA  499.0  20.1 CL  512.9 108.5 Split   509.6  58.2   58.2 nm  1.942 s
Step   158: OL 1026.6  374.7  OA  497.6  15.3 CL  511.6 105.8 Split   508.9  52.6   52.6 nm  1.944 s
Step   159: OL 1025.8  371.5  OA  497.0  15.1 CL  510.9 104.8 Split   508.5  50.0   50.0 nm  1.833 s
Step   160: OL 1025.0  368.2  OA  496.5  19.1 CL  510.1 102.5 Split   508.2  44.2   44.2 nm  1.947 s
Step   161: OL 1024.1  364.7  OA  495.9  16.0 CL  509.7 101.7 Split   507.9  42.0   42.0 nm  1.912 s
Step   162: OL 1023.2  361.0  OA  494.8  19.5 CL  509.2 102.2 Split   507.4  42.6   42.6 nm  1.891 s
Step   163: OL 1022.2  357.2  OA  493.8  12.4 CL  509.8 107.0 Split   507.0  53.1   53.1 nm  1.840 s
Step   164: OL 1021.2  353.3  OA  493.1  12.6 CL  509.9 109.0 Split   506.7  56.6   56.6 nm  1.962 s
Step   165: OL 1020.1  349.2  OA  492.1  12.4 CL  510.2 111.5 Split   506.5  61.1   61.1 nm  1.873 s
Step   166: OL 1019.1  345.0  OA  491.1  12.2 CL  510.0 112.3 Split   506.2  62.1   62.1 nm  1.897 s
Step   167: OL 1017.9  340.7  OA  489.8   9.5 CL  509.0 110.0 Split   505.7  57.5   57.5 nm  1.872 s
Step   168: OL 1016.8  336.3  OA  488.1   8.7 CL  508.2 109.9 Split   505.0  57.0   57.0 nm  1.885 s
Step   169: OL 1015.7  331.9  OA  486.8  21.2 CL  509.3 117.2 Split   504.5  70.0   70.0 nm  1.813 s
Step   170: OL 1014.6  327.5  OA  485.7  22.8 CL  509.0 117.4 Split   504.2  70.0   70.0 nm  1.904 s
Step   171: OL 1013.5  323.2  OA  484.6  19.6 CL  507.3 112.1 Split   503.7  60.2   60.2 nm  1.831 s
Step   172: OL 1012.4  318.9  OA  483.9  23.9 CL  508.0 115.3 Split   503.7  65.8   65.8 nm  1.962 s
Step   173: OL 1011.4  314.7  OA  482.5  24.8 CL  508.1 116.6 Split   503.6  67.8   67.8 nm  1.903 s
Step   174: OL 1010.5  310.8  OA  480.6  21.1 CL  507.2 115.0 Split   503.0  64.8   64.8 nm  1.906 s
Step   175: OL 1009.6  307.0  OA  478.8  23.7 CL  506.9 118.4 Split   501.9  70.7   70.7 nm  1.863 s
Step   176: OL 1008.8  303.6  OA  477.3  28.0 CL  506.1 118.6 Split   501.1  70.7   70.7 nm  1.903 s
Step   177: OL 1008.2  300.5  OA  475.7  20.8 CL  504.2 113.3 Split   500.5  61.0   61.0 nm  1.844 s
Step   178: OL 1007.6  297.8  OA  474.8  14.0 CL  504.0 113.5 Split   500.3  60.9   60.9 nm  1.868 s
Step   179: OL 1007.2  295.7  OA  474.0   8.2 CL  503.4 111.2 Split   500.3  56.1   56.1 nm  1.884 s
Step   180: OL 1007.0  294.0  OA  473.5  10.8 CL  503.0 109.0 Split   500.4  51.0   51.0 nm  1.845 s
Step   181: OL 1006.9  292.9  OA  472.3   7.5 CL  503.8 111.9 Split   500.6  56.7   56.7 nm  1.837 s
Step   182: OL 1007.0  292.4  OA  471.2   2.5 CL  504.6 114.2 Split   500.9  60.8   60.8 nm  1.875 s
Step   183: OL 1007.3  292.5  OA  471.0   5.8 CL  505.5 116.4 Split   501.4  64.8   64.8 nm  1.809 s
Step   184: OL 1007.8  293.4  OA  470.7   4.8 CL  505.9 116.1 Split   501.9  64.1   64.1 nm  1.828 s
Step   185: OL 1008.4  294.9  OA  470.5   7.7 CL  505.3 111.4 Split   502.3  54.6   54.6 nm  1.854 s
Step   186: OL 1009.3  297.1  OA  470.4  20.6 CL  504.7 106.8 Split   502.8  43.8   43.8 nm  1.881 s
Step   187: OL 1010.3  300.0  OA  469.6  21.5 CL  504.4 105.3 Split   502.8  39.4   39.4 nm  1.958 s
Step   188: OL 1011.6  303.5  OA  468.4  17.3 CL  504.4 107.4 Split   502.4  44.3   44.3 nm  1.842 s
Step   189: OL 1013.1  307.7  OA  467.4  18.4 CL  504.9 110.2 Split   502.4  50.5   50.5 nm  1.852 s
Step   190: OL 1014.7  312.4  OA  465.8  13.7 CL  505.9 115.0 Split   502.3  60.2   60.2 nm  1.839 s
Step   191: OL 1016.6  317.7  OA  465.1  11.2 CL  505.5 112.8 Split   502.4  55.5   55.5 nm  1.846 s
Step   192: OL 1018.5  323.4  OA  465.0  17.6 CL  505.2 110.7 Split   502.7  50.6   50.6 nm  1.796 s
Step   193: OL 1020.7  329.5  OA  464.8  26.8 CL  504.7 107.9 Split   502.9  43.4   43.4 nm  1.796 s
Step   194: OL 1022.9  335.8  OA  463.9  28.4 CL  504.4 105.9 Split   503.0  37.6   37.6 nm  1.803 s
Step   195: OL 1025.2  342.2  OA  462.3  22.6 CL  504.7 107.7 Split   502.9  42.3   42.3 nm  1.852 s
Step   196: OL 1027.5  348.6  OA  461.2  13.7 CL  506.0 112.4 Split   503.2  53.0   53.0 nm  1.828 s
Step   197: OL 1029.8  355.0  OA  460.3   8.7 CL  506.6 115.0 Split   503.2  58.0   58.0 nm  1.851 s
Step   198: OL 1032.1  361.0  OA  459.9  18.3 CL  507.1 117.7 Split   503.2  62.9   62.9 nm  1.806 s
Step   199: OL 1034.3  366.7  OA  459.9  24.9 CL  507.8 118.9 Split   503.6  65.0   65.0 nm  1.851 s
Step   200: OL 1036.2  371.9  OA  459.9  26.7 CL  508.8 120.8 Split   504.2  68.1   68.1 nm  1.866 s
Step   201: OL 1038.0  376.4  OA  459.3  21.9 CL  509.3 121.0 Split   504.7  68.3   68.3 nm  1.841 s
Step   202: OL 1039.6  380.3  OA  458.1   7.7 CL  509.3 119.8 Split   505.0  66.1   66.1 nm  1.825 s
Step   203: OL 1040.9  383.4  OA  457.4   2.9 CL  510.3 122.5 Split   505.4  70.9   70.9 nm  1.867 s
Step   204: OL 1041.8  385.6  OA  456.7   3.1 CL  510.6 122.4 Split   505.7  70.5   70.5 nm  1.878 s
Step   205: OL 1042.4  386.9  OA  456.2   8.6 CL  511.5 124.8 Split   506.0  74.5   74.5 nm  1.836 s
Step   206: OL 1042.6  387.2  OA  456.1  12.1 CL  513.0 129.3 Split   506.4  81.9   81.9 nm  1.912 s
Step   207: OL 1042.5  386.7  OA  455.6   8.1 CL  512.9 127.5 Split   506.8  78.7   78.7 nm  1.895 s
Step   208: OL 1042.1  385.2  OA  454.9   7.5 CL  513.2 127.5 Split   507.2  78.6   78.6 nm  1.933 s
Step   209: OL 1041.3  382.8  OA  453.9   9.5 CL  513.3 127.6 Split   507.2  78.7   78.7 nm  1.900 s
Step   210: OL 1040.2  379.7  OA  453.3  17.5 CL  514.5 132.1 Split   507.3  85.8   85.8 nm  1.928 s
Step   211: OL 1038.9  375.7  OA  452.2  19.6 CL  514.5 131.8 Split   507.4  85.1   85.1 nm  2.026 s
Step   212: OL 1037.3  371.2  OA  451.3  18.6 CL  513.5 127.4 Split   507.6  78.0   78.0 nm  1.869 s
Step   213: OL 1035.6  366.1  OA  450.0  13.9 CL  513.2 126.6 Split   507.4  76.6   76.6 nm  1.869 s
Step   214: OL 1033.7  360.6  OA  449.5  14.0 CL  513.1 126.2 Split   507.4  75.8   75.8 nm  2.009 s
Step   215: OL 1031.7  354.8  OA  449.2   6.3 CL  513.3 125.7 Split   507.8  74.8   74.8 nm  1.903 s
Step   216: OL 1029.7  348.9  OA  448.4   5.3 CL  513.7 126.0 Split   508.1  75.4   75.4 nm  1.950 s
Step   217: OL 1027.8  343.0  OA  447.6  12.9 CL  514.1 127.2 Split   508.2  77.2   77.2 nm  1.882 s
Step   218: OL 1025.9  337.1  OA  446.3  13.5 CL  514.8 130.5 Split   508.2  82.6   82.6 nm  1.852 s
Step   219: OL 1024.0  331.5  OA  445.6  21.6 CL  516.5 135.9 Split   508.4  90.9   90.9 nm  1.883 s
Step   220: OL 1022.3  326.3  OA  445.0  22.3 CL  517.2 137.5 Split   508.7  93.2   93.2 nm  1.824 s
Step   221: OL 1020.8  321.4  OA  444.6  18.1 CL  517.3 137.9 Split   508.7  93.8   93.8 nm  1.884 s
Step   222: OL 1019.4  317.1  OA  444.2  14.6 CL  516.9 135.9 Split   508.9  90.8   90.8 nm  1.943 s
Step   223: OL 1018.2  313.3  OA  443.3  13.3 CL  516.5 134.1 Split   508.9  87.9   87.9 nm  1.873 s
Step   224: OL 1017.2  310.2  OA  441.7  20.4 CL  517.0 137.4 Split   508.6  92.8   92.8 nm  1.871 s
Step   225: OL 1016.4  307.7  OA  440.5  27.0 CL  517.7 140.2 Split   508.6  96.9   96.9 nm  1.836 s
Step   226: OL 1015.7  305.9  OA  438.9  23.3 CL  517.5 139.2 Split   508.6  95.3   95.3 nm  1.822 s
Step   227: OL 1015.3  304.7  OA  437.6  16.2 CL  517.4 138.1 Split   508.8  93.5   93.5 nm  1.814 s
Step   228: OL 1015.1  304.2  OA  436.3   1.7 CL  515.7 130.8 Split   509.1  82.1   82.1 nm  1.827 s
Step   229: OL 1015.0  304.4  OA  435.3   7.7 CL  515.4 129.4 Split   509.2  79.7   79.7 nm  1.907 s
Step   230: OL 1015.1  305.1  OA  434.4  12.0 CL  515.2 128.3 Split   509.3  77.7   77.7 nm  1.852 s
Step   231: OL 1015.4  306.3  OA  433.4  10.5 CL  514.6 126.0 Split   509.3  73.8   73.8 nm  1.849 s
Step   232: OL 1015.8  308.1  OA  432.4  11.3 CL  513.9 124.8 Split   508.9  71.6   71.6 nm  1.819 s
Step   233: OL 1016.3  310.1  OA  430.8  10.1 CL  514.1 127.3 Split   508.4  75.8   75.8 nm  1.960 s
Step   234: OL 1016.9  312.5  OA  429.5  16.6 CL  514.0 127.8 Split   508.3  76.6   76.6 nm  1.899 s
Step   235: OL 1017.5  315.2  OA  428.3  14.5 CL  514.7 129.7 Split   508.5  79.8   79.8 nm  1.867 s
Step   236: OL 1018.2  317.9  OA  427.4  11.1 CL  515.1 130.4 Split   508.7  80.8   80.8 nm  1.938 s
Step   237: OL 1018.9  320.7  OA  426.8   8.2 CL  515.1 129.8 Split   508.9  79.8   79.8 nm  1.885 s
Step   238: OL 1019.6  323.4  OA  426.4   6.5 CL  515.3 130.7 Split   508.9  81.3   81.3 nm  1.938 s
Step   239: OL 1020.2  326.0  OA  426.1   8.7 CL  515.2 129.9 Split   509.0  79.9   79.9 nm  1.863 s
Step   240: OL 1020.8  328.4  OA  425.3   7.8 CL  514.6 128.7 Split   508.7  77.9   77.9 nm  1.827 s
Step   241: OL 1021.3  330.6  OA  424.4   1.7 CL  516.3 134.5 Split   508.9  87.3   87.3 nm  1.854 s
Step   242: OL 1021.6  332.3  OA  423.7  11.5 CL  518.1 140.8 Split   508.9  96.8   96.8 nm  1.928 s
Step   243: OL 1021.9  333.8  OA  421.9   1.9 CL  516.6 135.0 Split   509.1  88.1   88.1 nm  1.880 s
Step   244: OL 1022.0  334.8  OA  420.8  11.0 CL  515.8 131.2 Split   509.3  82.0   82.0 nm  1.880 s
Step   245: OL 1021.9  335.4  OA  419.9  12.9 CL  515.9 130.3 Split   509.6  80.5   80.5 nm  1.779 s
Step   246: OL 1021.7  335.6  OA  419.0   9.0 CL  515.7 129.4 Split   509.6  79.0   79.0 nm  1.843 s
Step   247: OL 1021.3  335.3  OA  418.4  12.3 CL  515.5 129.0 Split   509.5  78.2   78.2 nm  1.841 s
Step   248: OL 1020.8  334.6  OA  417.8  14.1 CL  516.3 132.1 Split   509.5  83.2   83.2 nm  1.831 s
Step   249: OL 1020.2  333.6  OA  417.6  18.2 CL  515.2 128.4 Split   509.5  76.9   76.9 nm  1.838 s
Step   250: OL 1019.5  332.3  OA  416.8   6.4 CL  516.6 133.5 Split   509.5  85.2   85.2 nm  1.949 s
Step   251: OL 1018.6  330.7  OA  415.7   2.4 CL  516.8 135.3 Split   509.3  87.7   87.7 nm  1.878 s
Step   252: OL 1017.7  328.8  OA  414.2   7.7 CL  517.7 140.7 Split   508.7  95.9   95.9 nm  1.846 s
Step   253: OL 1016.7  326.8  OA  413.1   4.4 CL  517.2 139.2 Split   508.7  93.6   93.6 nm  1.814 s
Step   254: OL 1015.7  324.7  OA  412.4   5.4 CL  517.5 139.2 Split   509.0  93.4   93.4 nm  1.808 s
Step   255: OL 1014.6  322.6  OA  411.9   8.3 CL  516.2 132.8 Split   509.4  83.3   83.3 nm  1.790 s
Step   255 updated high order loop gain: 0.368
Step   255 updated low order loop gain : 0.445
Step   256: OL 1013.6  320.5  OA  411.3   4.0 CL  517.7 137.0 Split   509.8  90.0   90.0 nm  1.859 s
Step   257: OL 1012.6  318.5  OA  410.5   8.5 CL  518.0 138.3 Split   509.8  92.0   92.0 nm  1.912 s
Step   258: OL 1011.6  316.6  OA  409.5  12.5 CL  519.7 145.2 Split   509.5 102.3  102.3 nm  1.825 s
Step   259: OL 1010.7  315.0  OA  408.7  16.7 CL  520.8 149.8 Split   509.4 108.7  108.7 nm  1.796 s
Step   260: OL 1009.9  313.7  OA  407.5   4.7 CL  519.0 142.2 Split   509.7  97.8   97.8 nm  1.919 s
Step   261: OL 1009.1  312.6  OA  406.9   3.7 CL  518.0 137.0 Split   510.1  90.0   90.0 nm  1.817 s
Step   262: OL 1008.5  311.9  OA  406.3   5.5 CL  518.6 138.4 Split   510.4  92.0   92.0 nm  1.816 s
Step   263: OL 1007.9  311.5  OA  405.9   6.6 CL  520.3 144.2 Split   510.5 100.7  100.7 nm  1.842 s
Step   264: OL 1007.4  311.5  OA  405.5   8.0 CL  520.7 145.5 Split   510.6 102.5  102.5 nm  1.822 s
Step   265: OL 1007.1  311.9  OA  405.0   5.7 CL  519.2 139.7 Split   510.7  93.9   93.9 nm  1.947 s
Step   266: OL 1006.8  312.7  OA  404.7   5.1 CL  519.1 137.9 Split   511.0  91.3   91.3 nm  1.888 s
Step   267: OL 1006.7  313.8  OA  403.9   4.2 CL  519.2 138.1 Split   511.1  91.5   91.5 nm  1.860 s
Step   268: OL 1006.7  315.3  OA  403.2   3.2 CL  519.3 138.7 Split   511.0  92.4   92.4 nm  1.830 s
Step   269: OL 1006.7  317.0  OA  402.5   6.9 CL  518.7 136.7 Split   511.0  89.2   89.2 nm  1.883 s
Step   270: OL 1006.8  319.0  OA  401.0  10.2 CL  518.7 138.8 Split   510.4  92.5   92.5 nm  1.871 s
Step   271: OL 1007.0  321.3  OA  399.8  12.1 CL  517.3 135.1 Split   510.0  86.7   86.7 nm  1.941 s
Step   272: OL 1007.2  323.6  OA  398.9  14.0 CL  516.6 133.1 Split   509.8  83.4   83.4 nm  1.885 s
Step   273: OL 1007.4  326.1  OA  397.9   3.3 CL  518.9 141.6 Split   509.8  96.5   96.5 nm  1.871 s
Step   274: OL 1007.7  328.5  OA  397.0   8.5 CL  517.7 136.7 Split   509.9  89.1   89.1 nm  1.872 s
Step   275: OL 1007.9  330.9  OA  395.9  11.4 CL  517.0 134.8 Split   509.8  86.0   86.0 nm  1.888 s
Step   276: OL 1008.1  333.2  OA  394.2   8.8 CL  517.2 136.9 Split   509.5  89.2   89.2 nm  1.852 s
Step   277: OL 1008.1  335.2  OA  392.6   9.3 CL  520.2 147.8 Split   509.4 105.4  105.4 nm  1.878 s
Step   278: OL 1008.1  336.9  OA  391.4   9.6 CL  520.0 147.4 Split   509.3 104.8  104.8 nm  1.910 s
Step   279: OL 1008.0  338.3  OA  390.6  14.3 CL  519.7 146.9 Split   509.2 104.0  104.0 nm  1.857 s
Step   280: OL 1007.7  339.2  OA  390.1  14.2 CL  519.6 146.7 Split   509.2 103.6  103.6 nm  1.771 s
Step   281: OL 1007.2  339.5  OA  389.6   7.0 CL  518.6 142.4 Split   509.4  97.3   97.3 nm  1.806 s
Step   282: OL 1006.5  339.3  OA  389.2   5.3 CL  518.4 140.9 Split   509.6  95.1   95.1 nm  1.821 s
Step   283: OL 1005.6  338.5  OA  389.4  22.1 CL  517.7 137.9 Split   509.7  90.6   90.6 nm  1.940 s
Step   284: OL 1004.5  337.0  OA  388.8  19.9 CL  518.4 140.6 Split   509.6  94.7   94.7 nm  1.819 s
Step   285: OL 1003.1  334.9  OA  388.2  11.5 CL  518.2 140.3 Split   509.6  94.2   94.2 nm  1.855 s
Step   286: OL 1001.6  332.1  OA  388.0   4.3 CL  518.9 142.5 Split   509.7  97.3   97.3 nm  1.845 s
Step   287: OL  999.8  328.7  OA  387.4   8.4 CL  519.0 142.7 Split   509.7  97.6   97.6 nm  1.857 s
Step   288: OL  997.8  324.6  OA  387.3  20.5 CL  519.8 145.9 Split   509.7 102.1  102.1 nm  1.871 s
Step   289: OL  995.7  320.0  OA  386.1  14.2 CL  520.2 147.3 Split   509.7 104.1  104.1 nm  1.925 s
Step   290: OL  993.4  314.9  OA  385.2  17.1 CL  520.5 148.2 Split   509.7 105.3  105.3 nm  1.899 s
Step   291: OL  991.0  309.4  OA  384.1  12.9 CL  518.5 141.3 Split   509.7  95.1   95.1 nm  1.833 s
Step   292: OL  988.6  303.7  OA  384.0  15.0 CL  517.8 139.1 Split   509.6  91.7   91.7 nm  1.958 s
Step   293: OL  986.1  297.7  OA  383.4  10.9 CL  518.9 143.9 Split   509.3  98.9   98.9 nm  1.928 s
Step   294: OL  983.6  291.8  OA  382.9  13.0 CL  518.8 144.8 Split   509.0 100.2  100.2 nm  1.916 s
Step   295: OL  981.2  285.9  OA  382.5  19.2 CL  519.3 147.8 Split   508.6 104.6  104.6 nm  2.005 s
Step   296: OL  978.9  280.3  OA  382.3  27.0 CL  521.5 156.7 Split   508.2 117.0  117.0 nm  1.877 s
Step   297: OL  976.7  275.1  OA  381.5  22.1 CL  519.1 149.8 Split   507.8 107.4  107.4 nm  2.001 s
Step   298: OL  974.7  270.4  OA  380.9  13.2 CL  517.2 144.7 Split   507.4  99.9   99.9 nm  1.880 s
Step   299: OL  972.9  266.4  OA  380.3  15.4 CL  517.8 148.2 Split   507.0 105.0  105.0 nm  1.875 s
Step   300: OL  971.3  263.2  OA  379.3  14.0 CL  518.2 150.6 Split   506.7 108.3  108.3 nm  1.907 s
Step   301: OL  970.0  260.9  OA  378.5   9.3 CL  518.2 151.5 Split   506.5 109.5  109.5 nm  1.921 s
Step   302: OL  968.9  259.7  OA  378.0  14.0 CL  519.6 156.5 Split   506.5 116.3  116.3 nm  1.960 s
Step   303: OL  968.2  259.5  OA  377.9  11.9 CL  517.2 147.5 Split   506.7 103.5  103.5 nm  1.964 s
