/System/Volumes/Data/mnt/g2/scratch/bpeck/mcao/hybrid/maos -o 15as8S_30km60asR_lgs_mcao_study1A/3rayleigh -c A_mcao_hybrid.conf plot.all=1 plot.setup=1 -O powfs.nwfs=[8 3 3 1] wfs.thetax=[15.0 10.61 0.0 -10.61 -15.0 -10.61 -0.0 10.61 60.0 -30.0 -30.0 5 -2.5 -2.5 0] wfs.thetay=[0.0 10.61 15.0 10.61 0.0 -10.61 -15.0 -10.61 0.0 51.96 -51.96 0 4.33 -4.33 0] powfs0_llt.ox = [1.0 0.71 0.0 -0.71 -1.0 -0.71 -0.0 0.71]*6.5 powfs0_llt.oy=[0.0 0.71 1.0 0.71 0.0 -0.71 -1.0 -0.71]*6.5 powfs1_llt.ox = [1.0 -0.5 -0.5]*6.5 powfs1_llt.oy=[0.0 0.87 -0.87]*6.5 
Output folder is '15as8S_30km60asR_lgs_mcao_study1A/3rayleigh'.
SRC: /u/bpeck/code/maos v2.9 2.9
BUILT: /u/bpeck/code/maos/build by CLANG (v14.0.0) on 2024/03/22 14:52:24 CPU(F64,+O3) w/o CUDA
Launched at 2024/06/17 16:36:02 in dragon with PID 41687.
The web based job monitor can be accessed at http://localhost:10300
Main config file is /System/Volumes/Data/mnt/g2/scratch/bpeck/mcao/hybrid/A_mcao_hybrid.conf
Warning(path.c:48): Path not found: path=/System/Volumes/Data/mnt/g2/scratch/bpeck/mcao/hybrid/bin; abspath=/System/Volumes/Data/mnt/g2/scratch/bpeck/mcao/hybrid/bin; Ignored.
Warning(path.c:48): Path not found: path=/System/Volumes/Data/mnt/g2/scratch/bpeck/mcao/hybrid/atm; abspath=/System/Volumes/Data/mnt/g2/scratch/bpeck/mcao/hybrid/atm; Ignored.
Warning(readcfg.c:399): sim.apfsm has been renamed to powfs.apfsm.
Warning(readcfg.c:399): sim.epfsm has been renamed to powfs.epfsm.
Warning(readcfg.c:399): sim.alfsm has been renamed to powfs.alfsm.
Warning(readcfg.c:399): sim.commonfsm has been renamed to powfs.commonfsm.
Warning(readcfg.c:399): sim.idealfsm has been renamed to powfs.idealfsm.
Warning(readcfg.c:399): sim.zetafsm has been renamed to powfs.zetafsm.
Warning(readcfg.c:399): sim.f0fsm has been renamed to powfs.f0fsm.
Warning(readcfg.c:399): surf has been renamed to ncpa.surf.
Warning(readcfg.c:399): tsurf has been renamed to ncpa.tsurf.
Warning(readcfg.c:399): sim.ncpa_calib has been renamed to ncpa.calib.
Warning(readcfg.c:399): sim.ncpa_ttr has been renamed to ncpa.ttr.
Warning(readcfg.c:399): sim.ncpa_thetax has been renamed to ncpa.thetax.
Warning(readcfg.c:399): sim.ncpa_thetay has been renamed to ncpa.thetay.
Warning(readcfg.c:399): sim.ncpa_wt has been renamed to ncpa.wt.
Warning(readcfg.c:399): sim.ncpa_hs has been renamed to ncpa.hs.
loaded 139 (133 new) records from '/System/Volumes/Data/mnt/g2/scratch/bpeck/mcao/hybrid/./keck_sim.conf'
loaded  19 ( 19 new) records from '/System/Volumes/Data/mnt/g2/scratch/bpeck/mcao/hybrid/./dm_none.conf'
loaded  19 (  0 new) records from '/System/Volumes/Data/mnt/g2/scratch/bpeck/mcao/hybrid/./keck_DM1.conf'
loaded  19 (  0 new) records from '/System/Volumes/Data/mnt/g2/scratch/bpeck/mcao/hybrid/./keck_DM2.conf'
loaded  19 (  0 new) records from '/System/Volumes/Data/mnt/g2/scratch/bpeck/mcao/hybrid/./keck_DM3.conf'
loaded   0 (  0 new) records from '/System/Volumes/Data/mnt/g2/scratch/bpeck/mcao/hybrid/./keck_dm_multiple.conf'
loaded   7 (  5 new) records from '/System/Volumes/Data/mnt/g2/scratch/bpeck/mcao/hybrid/./atm_mk13n50p_ground_detail.conf'
loaded  69 ( 69 new) records from '/System/Volumes/Data/mnt/g2/scratch/bpeck/mcao/hybrid/./powfs_common.conf'
loaded  44 ( 38 new) records from '/System/Volumes/Data/mnt/g2/scratch/bpeck/mcao/hybrid/./powfs_none.conf'
loaded  45 (  0 new) records from '/System/Volumes/Data/mnt/g2/scratch/bpeck/mcao/hybrid/./keck_shwfs_lgs.conf'
loaded  46 (  0 new) records from '/System/Volumes/Data/mnt/g2/scratch/bpeck/mcao/hybrid/./keck_shwfs_lgs_R20.conf'
loaded  45 (  0 new) records from '/System/Volumes/Data/mnt/g2/scratch/bpeck/mcao/hybrid/./keck_shwfs_ttf_strap.conf'
loaded  44 (  0 new) records from '/System/Volumes/Data/mnt/g2/scratch/bpeck/mcao/hybrid/./keck_shwfs_twfs_lbwfs.conf'
loaded   0 (  0 new) records from '/System/Volumes/Data/mnt/g2/scratch/bpeck/mcao/hybrid/./keck_wfs_hybrid_strap_lbwfs.conf'
loaded  71 ( 71 new) records from '/u/bpeck/code/maos/config/maos/recon.conf'
loaded  80 ( 80 new) records from '/u/bpeck/code/maos/config/maos/dbg.conf'
loaded   4 (  4 new) records from '/System/Volumes/Data/mnt/g2/scratch/bpeck/mcao/hybrid/./keck_fit.conf'
loaded  38 ( 10 new) records from '/System/Volumes/Data/mnt/g2/scratch/bpeck/mcao/hybrid/A_mcao_hybrid.conf'
Overriding plot.all            	0 --> 1
Overriding plot.setup          	0 --> 1
Overriding powfs.nwfs          	[1 1 1 1] --> [8 3 3 1]
Overriding wfs.thetax          	[0 0 0 0] --> [15.0 10.61 0.0 -10.61 -15.0 -10.61 -0.0 10.61 60.0 -30.0 -30.0 5 -2.5 -2.5 0]
Overriding wfs.thetay          	[0 0 0 0] --> [0.0 10.61 15.0 10.61 0.0 -10.61 -15.0 -10.61 0.0 51.96 -51.96 0 4.33 -4.33 0]
Overriding powfs0_llt.ox       	[0]*6.5 --> [1.0 0.71 0.0 -0.71 -1.0 -0.71 -0.0 0.71]*6.5
Overriding powfs0_llt.oy       	[0]*6.5 --> [0.0 0.71 1.0 0.71 0.0 -0.71 -1.0 -0.71]*6.5
Overriding powfs1_llt.ox       	[0]*6.5 --> [1.0 -0.5 -0.5]*6.5
Overriding powfs1_llt.oy       	[0]*6.5 --> [0.0 0.87 -0.87]*6.5
loaded   9 (  0 new) records from 'command line'
loaded  23 ( 23 new) records from '/System/Volumes/Data/mnt/g2/scratch/bpeck/mcao/hybrid/./keck_llt_CL.conf'
loaded  23 ( 23 new) records from '/System/Volumes/Data/mnt/g2/scratch/bpeck/mcao/hybrid/./keck_llt_CL.conf'
draw_helper started
Adjust LGS range by telescope altitude 4145m.
Zenith angle is 30 degree.
    Scaling turbulence height and LGS hs by sec(za).
    Scaling r0 by cos(za)^(3/5).
    Scaling wind speed and LGS signal level by cos(za).
powfs0: Adjusting dx from 0.0078125 to 0.00797222. 
powfs0.llt.fsm: f0=0 Hz, LPF ep=0
powfs1: Adjusting dx from 0.0078125 to 0.00797222. 
Warning(parms.c:1929): There are multiple LGS type. parms->ilgspowfs points to the first one
powfs1.llt.fsm: f0=0 Hz, LPF ep=0
powfs3: Adjusting dx from 0.03125 to 0.0287. 
powfs3 is TWFS for powfs0
Warning(parms.c:2297): Layer 1 at 17.3205m is very close to layer 0 at 0m (OK).
Warning(parms.c:2297): Layer 2 at 34.641m is very close to layer 1 at 17.3205m (OK).
Warning(parms.c:2297): Layer 3 at 51.9615m is very close to layer 2 at 34.641m (OK).
Warning(parms.c:2341): Two high order POWFS with different hs found: 99136.8 and 29981.8. Please double check the results.
dm 0: stroke=300 um is provided in micron.
dm 0: assume ia stroke=20 um is provided in micron.
dm 1: stroke=300 um is provided in micron.
dm 1: assume ia stroke=20 um is provided in micron.
dm 2: stroke=300 um is provided in micron.
dm 2: assume ia stroke=20 um is provided in micron.
There are 1 valid simulation seeds:  1
Output PSF for 10 directions
Used 475 of 475 supplied keys
[00;00mAperture[00;00m is 11 m with sampling 1/128 m
[00;00mTurbulence at 30 degree zenith angle:[00;00m r0=0.128424m, L0=30m, 14 layers.
    Greenwood freq is 25.1Hz, anisoplanatic angle is 1.58 as
    Sampled 8192x8192 at 1/128m. wind dir is randomized.
    layer 0: ht=      0 m, wt= 0.302, ws=  4.8 m/s
    layer 1: ht=     17 m, wt= 0.154, ws=  5.0 m/s
    layer 2: ht=     35 m, wt= 0.041, ws=  5.4 m/s
    layer 3: ht=     52 m, wt= 0.002, ws=  6.6 m/s
    layer 4: ht=    139 m, wt= 0.021, ws=  6.1 m/s
    layer 5: ht=    231 m, wt= 0.010, ws=  6.1 m/s
    layer 6: ht=    323 m, wt= 0.008, ws=  6.1 m/s
    layer 7: ht=    416 m, wt= 0.005, ws=  6.1 m/s
    layer 8: ht=    508 m, wt= 0.001, ws=  6.1 m/s
    layer 9: ht=    932 m, wt= 0.107, ws=  5.6 m/s
    layer 10: ht=   5022 m, wt= 0.144, ws= 11.1 m/s
    layer 11: ht=   9238 m, wt= 0.093, ws= 19.1 m/s
    layer 12: ht=  13856 m, wt= 0.075, ws=  8.2 m/s
    layer 13: ht=  22518 m, wt= 0.036, ws=  4.8 m/s
[00;00mReconstruction[00;00m: r0=0.128424m L0=30m. 14 layers. use cone coordinate.
    layer 0: ht=      0 m, wt= 0.302
    layer 1: ht=     17 m, wt= 0.154
    layer 2: ht=     35 m, wt= 0.041
    layer 3: ht=     52 m, wt= 0.002
    layer 4: ht=    139 m, wt= 0.021
    layer 5: ht=    231 m, wt= 0.010
    layer 6: ht=    323 m, wt= 0.008
    layer 7: ht=    416 m, wt= 0.005
    layer 8: ht=    508 m, wt= 0.001
    layer 9: ht=    932 m, wt= 0.107
    layer 10: ht=   5022 m, wt= 0.144
    layer 11: ht=   9238 m, wt= 0.093
    layer 12: ht=  13856 m, wt= 0.075
    layer 13: ht=  22518 m, wt= 0.036
[00;00mThere are 4 powfs[00;00m
  powfs0: Order 39, LGS at 99.1 km. Sampling 1/125.436 m. Thres 30%. [00;00mT/T is removed in right hand side in tomography.[00;00m
    Gtilt in reconstruction. Geomtric optics start at 0 with gtilt [00;00m(noisy)[00;00m
  powfs1: Order 39, LGS at  30 km. Sampling 1/125.436 m. Thres 30%. [00;00mT/T is removed in right hand side in tomography.[00;00m
    Gtilt in reconstruction. Geomtric optics start at 0 with gtilt [00;00m(noisy)[00;00m
  powfs2: Order  1, NGS at inf km. Sampling 1/16 m. Thres 30%. 
    Gtilt in reconstruction. Geomtric optics start at 2 with ztilt [00;00m(noisy)[00;00m
  powfs3: Order 39, NGS at inf km. Sampling 1/34.8432 m. Thres 50%. 
    Gtilt in reconstruction. Geomtric optics start at 50 with gtilt [00;00m(noisy)[00;00m
[00;00mThere are 15 wfs[00;00m
    wfs 0: type 0, at (  15.00,    0.00) arcsec,  99 km, siglev is 1099.85 bkgrnd is 1.5
    wfs 1: type 0, at (  10.61,   10.61) arcsec,  99 km, siglev is 1099.85 bkgrnd is 1.5
    wfs 2: type 0, at (   0.00,   15.00) arcsec,  99 km, siglev is 1099.85 bkgrnd is 1.5
    wfs 3: type 0, at ( -10.61,   10.61) arcsec,  99 km, siglev is 1099.85 bkgrnd is 1.5
    wfs 4: type 0, at ( -15.00,    0.00) arcsec,  99 km, siglev is 1099.85 bkgrnd is 1.5
    wfs 5: type 0, at ( -10.61,  -10.61) arcsec,  99 km, siglev is 1099.85 bkgrnd is 1.5
    wfs 6: type 0, at (   0.00,  -15.00) arcsec,  99 km, siglev is 1099.85 bkgrnd is 1.5
    wfs 7: type 0, at (  10.61,  -10.61) arcsec,  99 km, siglev is 1099.85 bkgrnd is 1.5
    wfs 8: type 1, at (  60.00,    0.00) arcsec,  30 km, siglev is 1099.85 bkgrnd is 1.5
    wfs 9: type 1, at ( -30.00,   51.96) arcsec,  30 km, siglev is 1099.85 bkgrnd is 1.5
    wfs 10: type 1, at ( -30.00,  -51.96) arcsec,  30 km, siglev is 1099.85 bkgrnd is 1.5
    wfs 11: type 2, at (   5.00,    0.00) arcsec, inf km, siglev is 64529 bkgrnd is 8.273
    wfs 12: type 2, at (  -2.50,    4.33) arcsec, inf km, siglev is 64529 bkgrnd is 8.273
    wfs 13: type 2, at (  -2.50,   -4.33) arcsec, inf km, siglev is 64529 bkgrnd is 8.273
    wfs 14: type 3, at (   0.00,    0.00) arcsec, inf km, siglev is 1.47933e+08 bkgrnd is 25.25
[00;00mThere are 3 DMs[00;00m
  DM 0 at    0km, actuator pitch 0.287m, offset   0, with 300.000000 micron stroke.
    Normalized cubic influence function with inter-actuator coupling of 0.223
  DM 1 at    6km, actuator pitch 0.287m, offset   0, with 300.000000 micron stroke.
    Normalized cubic influence function with inter-actuator coupling of 0.223
  DM 2 at   10km, actuator pitch 0.287m, offset   0, with 300.000000 micron stroke.
    Normalized cubic influence function with inter-actuator coupling of 0.223
[00;00mTomography[00;00m is using CG, with [00;00mNo[00;00m preconditioner, [00;00m40[00;00m iterations, ad hoc split tomo.
[00;00mDM Fitting [00;00mis using CG, with [00;00mNo[00;00m preconditioner, [00;00m10[00;00m iterations
[00;00mThere are 9 fit directions[00;00m
    Fit 0: weight is 0.444, at (   0.00,    0.00) arcsec
    Fit 1: weight is 0.111, at (  15.00,    0.00) arcsec
    Fit 2: weight is 0.111, at (   0.00,   15.00) arcsec
    Fit 3: weight is 0.111, at ( -15.00,    0.00) arcsec
    Fit 4: weight is 0.111, at (   0.00,  -15.00) arcsec
    Fit 5: weight is 0.028, at (  15.00,   15.00) arcsec
    Fit 6: weight is 0.028, at ( -15.00,   15.00) arcsec
    Fit 7: weight is 0.028, at ( -15.00,  -15.00) arcsec
    Fit 8: weight is 0.028, at (  15.00,  -15.00) arcsec
[00;00mThere are 10 evaluation directions[00;00m at sampling 1/128 m.
    Evl 0: weight is 0.100, at (   0.00,    0.00) arcsec
    Evl 1: weight is 0.100, at (   5.00,    0.00) arcsec
    Evl 2: weight is 0.100, at (  10.00,    0.00) arcsec
    Evl 3: weight is 0.100, at (  15.00,    0.00) arcsec
    Evl 4: weight is 0.100, at (  20.00,    0.00) arcsec
    Evl 5: weight is 0.100, at (  25.00,    0.00) arcsec
    Evl 6: weight is 0.100, at (  30.00,    0.00) arcsec
    Evl 7: weight is 0.100, at (  35.00,    0.00) arcsec
    Evl 8: weight is 0.100, at (  45.00,    0.00) arcsec
    Evl 9: weight is 0.100, at (  60.00,    0.00) arcsec
[00;00mSimulation[00;00m start at step 0, end at step 1000, with time step 1/1500s, [00;00mclose loop[00;00m.
After setup_parms:	2.0 MiB.

*** Preparation started at 2024/06/17 16:36:02 in dragon. ***

Using thread pool with 32 threads
Reading aperture amplitude map from KECK.fits
Warning(accphi.c:477): 108578 points not covered by input screen
iwvl 0: Science PSF is using grid size of 2880. The PSF will sum to 6.95167232824563
iwvl 1: Science PSF is using grid size of 2880. The PSF will sum to 6.95167232824563
iwvl 2: Science PSF is using grid size of 2880. The PSF will sum to 6.95167232824563
iwvl 3: Science PSF is using grid size of 2880. The PSF will sum to 6.95167232824563
iwvl 4: Science PSF is using grid size of 2880. The PSF will sum to 6.95167232824563
iwvl 5: Science PSF is using grid size of 2880. The PSF will sum to 6.95167232824563
iwvl 6: Science PSF is using grid size of 2880. The PSF will sum to 6.95167232824563
iwvl 7: Science PSF is using grid size of 2880. The PSF will sum to 6.95167232824563
iwvl 8: Science PSF is using grid size of 2880. The PSF will sum to 6.95167232824563
After setup_aper:	88.1 MiB.

[00;00mSetting up powfs 0 geom[00;00m

There are 36 points in each subaperture of 0.287m.
There are 919 valid subaperture.

[00;00mSetting up powfs 1 geom[00;00m

There are 36 points in each subaperture of 0.287m.
There are 919 valid subaperture.

[00;00mSetting up powfs 2 geom[00;00m

There are 176 points in each subaperture of 11m.
There are 1 valid subaperture.

[00;00mSetting up powfs 3 geom[00;00m

There are 10 points in each subaperture of 0.287m.
There are 893 valid subaperture.
After setup_powfs_init:	281.6 MiB.

[00;00mSetting up reconstructor geometry.[00;00m

PLOC is 81x81, with sampling of 0.14m (not square)
    DM 0: grid is 42 x 42
    DM 1: grid is 50 x 46
    DM 2: grid is 55 x 48
FLOC is 81x81, with sampling of 0.14m (not square)
Tomography grid is not square:
    layer 0: xloc grid is  81 x  81, sampling is 0.143 m,  5185 points
    layer 1: xloc grid is  81 x  81, sampling is 0.143 m,  5187 points
    layer 2: xloc grid is  81 x  81, sampling is 0.143 m,  5195 points
    layer 3: xloc grid is  81 x  81, sampling is 0.143 m,  5199 points
    layer 4: xloc grid is  81 x  81, sampling is 0.143 m,  5231 points
    layer 5: xloc grid is  81 x  81, sampling is 0.143 m,  5265 points
    layer 6: xloc grid is  82 x  81, sampling is 0.143 m,  5298 points
    layer 7: xloc grid is  82 x  81, sampling is 0.143 m,  5318 points
    layer 8: xloc grid is  82 x  81, sampling is 0.143 m,  5352 points
    layer 9: xloc grid is  84 x  83, sampling is 0.142 m,  5530 points
    layer 10: xloc grid is  99 x  91, sampling is 0.136 m,  7185 points
    layer 11: xloc grid is 114 x  99, sampling is 0.130 m,  9266 points
    layer 12: xloc grid is 134 x 109, sampling is 0.123 m, 12042 points
    layer 13: xloc grid is 177 x 133, sampling is 0.111 m, 19291 points
Setting up surface OPD

Surface 0:
Loading surface OPD from Keck_ncpa_rmswfe130nm.fits
Does not contain SURFEVL. Assume it covers all evaluation directions.
Does not contain SURFWFS, Assume it covers all WFS.

[00;00mSetting up reconstructor[00;00m

Low order modes: nmod=2, mffocus=1, ahst_focus=1, indps=0, indastig=0
Low order control includes WFS 11 12 13
Recon NEA: geom(43.34) geom(43.34) geom(43.34) geom(43.34) geom(43.34) geom(43.34) geom(43.34) geom(43.34) geom(43.34) geom(43.34) geom(43.34) geom(2.22) geom(2.22) geom(2.22) geom(0.04)  mas
Setup or update control matrix parameters.
RRtwfs svd threshold is 1e-10
Replacing HA by HA*fit->actextrap
Adding piston cr to fit matrix
Adding TT cr on upper DMs to fit matrix.
    dm 0, mode 1: there are 8 slave actuators
    dm 1, mode 1: there are 242 slave actuators
    dm 2, mode 1: there are 364 slave actuators
Before assembling fit matrix:	937.2 MiB.
Building fit->FR
Building fit->FL
Adding tikhonov constraint of 1.0e-07 to FLM
The maximum eigen value is estimated to be around 7.3e-04
DM Fit number of Low rank terms: 16 in LHS
After assemble fit matrix:	1494.0 MiB.
After setup_recon:	1494.0 MiB.

*** Simulation started at 2024/06/17 16:36:10 in dragon. ***

Running seed 1
Converting windshake PSD to time series.
DM cache with grid 1/13.9373m 1/13.9373m 1/13.9373m
Wind dir: 267.3 261.7 167.0 130.5 300.7  32.3 119.8 139.0 150.8 277.7 203.0 133.1  45.9 265.1 deg
Using /u/bpeck/.aos/cache/atm/vonkarman_14_8192x8192_0.0078125_1115374592d.bin
After genatm:	1694.1 MiB.
Step     #  Open Loop  PR TT  On axis  PR TT  Field RMS PR TT Split     HIGH   TT    LOW     Timing 
Step     0: OL 1006.3  459.5  OA 1011.7 468.4 CL 1006.3 459.5 Split   899.5 451.1  451.1 nm  0.160 s
Step     2: OL  999.7  442.4  OA  649.3 301.5 CL  686.4 302.1 Split   623.8 286.2  286.2 nm  0.662 s
Step     4: OL  993.0  424.2  OA  381.7 350.6 CL  483.1 352.9 Split   348.3 334.8  334.8 nm  0.668 s
Step     6: OL  986.7  406.4  OA  247.9 199.2 CL  403.1 223.6 Split   354.3 192.4  192.4 nm  0.664 s
Step     8: OL  981.2  390.1  OA  149.1  48.3 CL  367.5 141.6 Split   357.6  84.5   84.5 nm  0.671 s
Step    10: OL  977.1  376.4  OA  155.3  53.4 CL  368.9 138.7 Split   360.7  77.3   77.3 nm  0.672 s
Step    12: OL  974.5  366.4  OA  147.2  28.5 CL  359.7 119.9 Split   358.6  28.5   28.5 nm  0.666 s
Step    14: OL  973.5  360.7  OA  143.5  30.8 CL  360.9 121.2 Split   359.9  26.9   26.9 nm  0.672 s
Step    16: OL  974.4  359.7  OA  141.9  18.6 CL  360.4 125.2 Split   358.6  36.0   36.0 nm  0.670 s
Step    18: OL  977.0  363.6  OA  141.5  16.8 CL  359.2 126.8 Split   357.1  38.8   38.8 nm  0.664 s
Step    20: OL  981.5  372.4  OA  136.9  17.9 CL  360.8 127.9 Split   358.5  40.4   40.4 nm  2.169 s
Step    21: OL  984.5  378.5  OA  137.8  20.7 CL  362.3 129.1 Split   359.8  42.2   42.2 nm  1.924 s
Step    22: OL  987.8  385.7  OA  139.4  25.3 CL  363.0 133.6 Split   359.0  53.7   53.7 nm  1.889 s
Step    23: OL  991.6  393.8  OA  139.9  28.6 CL  366.0 141.2 Split   359.6  68.1   68.1 nm  1.889 s
Step    24: OL  995.9  402.9  OA  141.0  37.3 CL  366.5 143.4 Split   359.6  70.6   70.6 nm  1.929 s
Step    25: OL 1000.5  412.8  OA  140.7  41.5 CL  366.5 146.4 Split   358.8  75.0   75.0 nm  1.969 s
Step    26: OL 1005.5  423.4  OA  136.9  34.5 CL  362.2 137.9 Split   358.2  54.0   54.0 nm  2.032 s
Step    27: OL 1010.9  434.5  OA  139.5  42.6 CL  359.9 134.2 Split   357.4  42.2   42.2 nm  2.011 s
Step    28: OL 1016.5  446.1  OA  139.0  42.1 CL  362.7 142.1 Split   357.3  62.3   62.3 nm  2.073 s
Step    29: OL 1022.3  458.0  OA  139.7  42.3 CL  365.9 148.6 Split   358.0  75.5   75.5 nm  2.120 s
Step    30: OL 1028.3  470.1  OA  136.3  29.7 CL  366.2 148.9 Split   358.4  75.4   75.4 nm  1.985 s
Step    31: OL 1034.5  482.1  OA  136.7  25.1 CL  362.5 142.1 Split   357.6  59.4   59.4 nm  1.992 s
Step    32: OL 1040.6  494.1  OA  136.2  25.0 CL  362.3 142.5 Split   357.4  58.8   58.8 nm  2.105 s
Step    33: OL 1046.8  505.7  OA  136.5  27.2 CL  364.1 146.2 Split   358.0  66.3   66.3 nm  2.040 s
Step    34: OL 1052.8  516.9  OA  135.7  24.7 CL  364.8 146.6 Split   358.8  65.8   65.8 nm  2.057 s
Step    35: OL 1058.6  527.5  OA  136.3  23.9 CL  366.4 146.4 Split   360.6  65.1   65.1 nm  2.111 s
Step    36: OL 1064.1  537.4  OA  136.0  19.6 CL  367.0 148.2 Split   360.7  68.0   68.0 nm  2.088 s
Step    37: OL 1069.2  546.5  OA  133.5  16.8 CL  369.0 155.0 Split   360.1  80.5   80.5 nm  2.043 s
Step    38: OL 1074.0  554.6  OA  135.6  26.2 CL  367.3 151.7 Split   360.0  73.0   73.0 nm  2.148 s
Step    39: OL 1078.1  561.6  OA  137.3  34.4 CL  366.0 147.7 Split   360.5  63.0   63.0 nm  2.205 s
Step    40: OL 1081.7  567.4  OA  135.2  24.6 CL  365.3 145.1 Split   360.9  56.1   56.1 nm  2.121 s
Step    41: OL 1084.6  572.0  OA  132.6  12.7 CL  366.2 147.8 Split   361.0  61.5   61.5 nm  2.193 s
Step    42: OL 1086.9  575.2  OA  133.0  16.8 CL  365.8 147.1 Split   361.2  57.8   57.8 nm  2.146 s
Step    43: OL 1088.4  577.1  OA  132.9  13.2 CL  367.7 150.8 Split   361.8  65.8   65.8 nm  2.067 s
Step    44: OL 1089.2  577.5  OA  132.4   3.5 CL  368.4 154.5 Split   361.1  72.8   72.8 nm  2.095 s
Step    45: OL 1089.2  576.6  OA  132.3   3.4 CL  369.3 156.4 Split   361.5  75.6   75.6 nm  2.264 s
Step    46: OL 1088.5  574.2  OA  132.7   3.5 CL  370.1 157.4 Split   362.0  77.0   77.0 nm  2.216 s
Step    47: OL 1087.1  570.5  OA  133.5  13.9 CL  369.8 156.1 Split   362.4  73.7   73.7 nm  2.177 s
Step    48: OL 1085.0  565.5  OA  131.6  14.3 CL  369.6 155.3 Split   362.8  70.7   70.7 nm  2.026 s
Step    49: OL 1082.3  559.3  OA  131.4   5.7 CL  370.6 157.8 Split   363.1  74.6   74.6 nm  2.053 s
Step    50: OL 1079.1  551.9  OA  132.0  11.5 CL  372.5 161.9 Split   363.5  81.3   81.3 nm  2.231 s
Step    51: OL 1075.4  543.6  OA  132.1  10.0 CL  374.5 164.7 Split   364.5  85.9   85.9 nm  2.164 s
Step    52: OL 1071.3  534.3  OA  130.7  10.9 CL  373.3 162.9 Split   364.4  80.7   80.7 nm  2.291 s
Step    53: OL 1066.9  524.3  OA  132.0  26.5 CL  371.5 159.6 Split   364.5  71.9   71.9 nm  2.094 s
Step    54: OL 1062.3  513.8  OA  135.5  37.1 CL  371.7 162.6 Split   363.8  76.4   76.4 nm  2.128 s
Step    55: OL 1057.6  502.9  OA  133.4  33.5 CL  373.0 166.7 Split   363.4  83.8   83.8 nm  2.095 s
Step    56: OL 1052.9  491.8  OA  132.0  24.9 CL  373.3 167.6 Split   363.5  84.8   84.8 nm  2.114 s
Step    57: OL 1048.3  480.7  OA  133.7  28.8 CL  371.8 161.4 Split   364.9  71.0   71.0 nm  2.118 s
Step    58: OL 1043.9  469.8  OA  132.4  24.6 CL  375.1 166.0 Split   366.4  80.2   80.2 nm  2.094 s
Step    59: OL 1039.8  459.3  OA  132.8  34.8 CL  377.6 168.6 Split   368.2  83.8   83.8 nm  2.118 s
Step    60: OL 1036.0  449.3  OA  130.7  30.7 CL  377.3 166.2 Split   369.4  77.2   77.2 nm  2.164 s
Step    61: OL 1032.6  440.2  OA  128.8  18.6 CL  378.7 167.6 Split   370.5  78.4   78.4 nm  2.116 s
Step    62: OL 1029.6  431.9  OA  131.3  25.9 CL  378.0 166.0 Split   370.9  73.1   73.1 nm  2.270 s
Step    63: OL 1027.2  424.7  OA  130.9  18.9 CL  377.5 167.2 Split   369.9  75.4   75.4 nm  2.099 s
Step    64: OL 1025.3  418.7  OA  130.1  16.8 CL  377.8 167.6 Split   370.2  75.7   75.7 nm  1.971 s
Step    65: OL 1023.9  414.0  OA  129.5  13.6 CL  378.4 169.3 Split   370.1  78.8   78.8 nm  2.153 s
Step    66: OL 1023.2  410.7  OA  128.5  11.1 CL  381.2 173.4 Split   371.3  86.4   86.4 nm  2.069 s
Step    67: OL 1023.0  408.9  OA  129.9  17.7 CL  388.5 185.2 Split   373.4 107.5  107.5 nm  2.168 s
Step    68: OL 1023.5  408.7  OA  129.3  11.3 CL  387.4 181.4 Split   374.3  99.7   99.7 nm  2.140 s
Step    69: OL 1024.6  410.0  OA  128.8  11.5 CL  383.7 173.9 Split   374.5  83.6   83.6 nm  2.194 s
Step    70: OL 1026.3  412.9  OA  130.3  21.7 CL  381.1 170.6 Split   373.6  75.2   75.2 nm  2.260 s
Step    71: OL 1028.6  417.3  OA  130.0  26.5 CL  380.1 171.8 Split   372.4  76.5   76.5 nm  2.245 s
Step    72: OL 1031.6  423.1  OA  130.2  30.9 CL  380.8 172.5 Split   373.0  76.5   76.5 nm  2.148 s
Step    73: OL 1035.2  430.4  OA  131.5  37.3 CL  384.3 177.0 Split   374.5  86.0   86.0 nm  2.091 s
Step    74: OL 1039.3  438.9  OA  134.4  43.7 CL  388.9 182.6 Split   376.7  96.7   96.7 nm  2.045 s
Step    75: OL 1044.0  448.6  OA  136.4  46.9 CL  394.7 193.0 Split   377.8 114.4  114.4 nm  2.113 s
Step    76: OL 1049.2  459.3  OA  136.5  46.4 CL  398.0 197.6 Split   379.0 121.5  121.5 nm  2.089 s
Step    77: OL 1054.8  470.9  OA  132.2  40.7 CL  396.4 195.5 Split   378.7 116.9  116.9 nm  2.226 s
Step    78: OL 1060.9  483.2  OA  128.3  35.1 CL  396.1 195.3 Split   378.9 115.4  115.4 nm  2.355 s
Step    79: OL 1067.3  495.9  OA  126.6  24.8 CL  398.2 197.1 Split   380.3 118.0  118.0 nm  2.156 s
Step    80: OL 1074.0  509.0  OA  125.8  26.1 CL  396.2 192.2 Split   381.1 108.2  108.2 nm  2.114 s
Step    81: OL 1080.8  522.1  OA  128.8  34.2 CL  391.5 184.6 Split   380.4  92.5   92.5 nm  2.086 s
Step    82: OL 1087.7  535.1  OA  129.5  36.0 CL  390.2 182.9 Split   380.1  88.1   88.1 nm  2.049 s
Step    83: OL 1094.6  547.9  OA  129.9  40.7 CL  393.0 188.0 Split   380.8  97.0   97.0 nm  2.165 s
Step    84: OL 1101.3  560.1  OA  124.3  22.6 CL  393.9 190.1 Split   381.1  99.5   99.5 nm  2.145 s
Step    85: OL 1107.7  571.6  OA  123.2  14.4 CL  393.8 190.5 Split   381.0  99.7   99.7 nm  2.097 s
Step    86: OL 1113.8  582.3  OA  124.7  22.8 CL  392.2 187.3 Split   381.2  92.5   92.5 nm  2.196 s
Step    87: OL 1119.4  592.1  OA  125.4  30.8 CL  398.0 199.5 Split   381.0 115.0  115.0 nm  2.045 s
Step    88: OL 1124.5  600.7  OA  126.9  38.4 CL  403.8 211.0 Split   381.2 133.4  133.4 nm  2.122 s
Step    89: OL 1129.0  608.0  OA  126.4  38.0 CL  403.3 210.2 Split   381.2 131.6  131.6 nm  2.266 s
Step    90: OL 1132.7  614.1  OA  124.4  32.9 CL  401.6 204.8 Split   382.7 121.7  121.7 nm  2.165 s
Step    91: OL 1135.8  618.8  OA  124.9  34.3 CL  400.8 201.0 Split   384.1 114.6  114.6 nm  2.153 s
Step    92: OL 1138.1  622.1  OA  123.7  27.7 CL  400.8 200.2 Split   384.6 112.7  112.7 nm  2.097 s
Step    93: OL 1139.6  624.0  OA  121.3  18.0 CL  398.7 196.4 Split   384.7 104.8  104.8 nm  2.146 s
Step    94: OL 1140.4  624.5  OA  120.9  10.3 CL  403.2 202.6 Split   386.5 114.5  114.5 nm  2.242 s
Step    95: OL 1140.5  623.6  OA  121.4  16.7 CL  404.1 203.8 Split   387.3 115.3  115.3 nm  2.157 s
Step    96: OL 1139.8  621.6  OA  120.0   4.6 CL  404.9 203.9 Split   388.4 114.6  114.6 nm  2.033 s
Step    97: OL 1138.6  618.3  OA  121.4  17.5 CL  408.6 211.1 Split   388.6 126.2  126.2 nm  1.989 s
Step    98: OL 1136.7  614.0  OA  121.5  17.4 CL  408.7 210.9 Split   388.9 125.7  125.7 nm  2.182 s
Step    99: OL 1134.4  608.8  OA  120.8  15.3 CL  409.5 211.1 Split   390.0 124.8  124.8 nm  2.105 s
Step   100: OL 1131.7  602.7  OA  121.4  20.2 CL  407.0 204.1 Split   391.6 110.9  110.9 nm  2.173 s
Step   101: OL 1128.7  596.1  OA  122.9  32.2 CL  405.9 200.6 Split   392.8 102.6  102.6 nm  2.161 s
Step   102: OL 1125.5  589.0  OA  121.6  29.5 CL  408.5 203.3 Split   394.3 106.8  106.8 nm  2.145 s
Step   103: OL 1122.2  581.6  OA  120.3  22.3 CL  410.9 208.1 Split   394.5 114.9  114.9 nm  2.057 s
Step   104: OL 1118.8  574.2  OA  119.1   6.4 CL  415.9 215.9 Split   395.7 128.1  128.1 nm  2.124 s
Step   105: OL 1115.5  566.7  OA  119.2  10.3 CL  417.1 218.5 Split   395.6 132.0  132.0 nm  2.153 s
Step   106: OL 1112.4  559.6  OA  120.4  21.4 CL  412.5 211.6 Split   395.2 118.5  118.5 nm  2.203 s
Step   107: OL 1109.5  552.8  OA  118.0   4.7 CL  416.0 217.8 Split   395.7 128.3  128.3 nm  2.177 s
Step   108: OL 1106.9  546.6  OA  116.4   2.6 CL  418.0 221.9 Split   396.1 133.6  133.6 nm  2.175 s
Step   109: OL 1104.7  541.0  OA  117.3  12.5 CL  416.1 215.7 Split   397.9 121.7  121.7 nm  2.264 s
Step   110: OL 1102.9  536.3  OA  119.5  26.7 CL  414.8 209.9 Split   400.2 109.1  109.1 nm  2.145 s
Step   111: OL 1101.5  532.5  OA  123.1  34.0 CL  417.3 210.0 Split   403.1 107.9  107.9 nm  2.079 s
Step   112: OL 1100.7  529.7  OA  121.2  22.8 CL  422.5 217.5 Split   404.9 120.6  120.6 nm  2.230 s
Step   113: OL 1100.3  527.9  OA  119.7  10.0 CL  427.0 226.4 Split   404.9 135.6  135.6 nm  2.129 s
Step   114: OL 1100.5  527.3  OA  118.5  13.8 CL  427.4 228.4 Split   404.3 138.6  138.6 nm  2.206 s
Step   115: OL 1101.2  527.8  OA  116.7  15.9 CL  423.8 223.2 Split   403.8 128.8  128.8 nm  2.208 s
Step   116: OL 1102.5  529.5  OA  118.7  25.8 CL  421.8 219.8 Split   403.7 122.2  122.2 nm  2.191 s
Step   117: OL 1104.3  532.3  OA  121.9  32.6 CL  421.4 217.1 Split   404.9 116.8  116.8 nm  2.073 s
Step   118: OL 1106.7  536.1  OA  119.8  28.7 CL  421.5 218.9 Split   404.3 119.0  119.0 nm  2.193 s
Step   119: OL 1109.5  541.0  OA  119.6  29.6 CL  424.2 223.8 Split   404.8 126.9  126.9 nm  2.351 s
Step   120: OL 1112.8  546.8  OA  117.8  17.2 CL  431.5 232.8 Split   407.7 141.4  141.4 nm  2.114 s
Step   121: OL 1116.5  553.5  OA  117.9   9.6 CL  435.0 233.9 Split   411.0 142.3  142.3 nm  2.226 s
Step   122: OL 1120.6  560.8  OA  118.7   9.6 CL  438.6 236.3 Split   413.9 145.1  145.1 nm  2.145 s
Step   123: OL 1125.1  568.7  OA  119.5  11.9 CL  442.6 240.8 Split   415.9 151.5  151.5 nm  2.230 s
Step   124: OL 1129.7  577.1  OA  120.1  25.0 CL  443.7 244.0 Split   415.5 155.8  155.8 nm  2.062 s
Step   125: OL 1134.6  585.7  OA  119.0  28.0 CL  437.2 233.9 Split   414.4 139.2  139.2 nm  2.198 s
Step   126: OL 1139.6  594.5  OA  118.8  29.6 CL  438.5 235.7 Split   415.2 140.9  140.9 nm  2.172 s
Step   127: OL 1144.5  603.2  OA  118.2  28.6 CL  439.3 238.0 Split   415.2 143.4  143.4 nm  2.179 s
Step   128: OL 1149.4  611.7  OA  117.2  25.8 CL  438.5 236.2 Split   415.8 139.1  139.1 nm  2.064 s
Step   129: OL 1154.2  619.8  OA  117.8  29.7 CL  439.9 240.6 Split   415.2 145.2  145.2 nm  2.196 s
Step   130: OL 1158.6  627.4  OA  118.2  28.3 CL  439.4 240.8 Split   414.9 144.7  144.7 nm  2.183 s
Step   131: OL 1162.8  634.3  OA  117.4  22.1 CL  443.6 247.3 Split   415.6 154.9  154.9 nm  2.097 s
Step   132: OL 1166.5  640.3  OA  118.6  23.9 CL  447.5 251.2 Split   417.8 160.4  160.4 nm  2.208 s
Step   133: OL 1169.7  645.4  OA  120.8  33.2 CL  447.8 249.0 Split   419.7 156.0  156.0 nm  2.113 s
Step   134: OL 1172.2  649.5  OA  119.1  24.7 CL  449.1 252.0 Split   419.5 160.3  160.3 nm  2.162 s
Step   135: OL 1174.2  652.4  OA  116.7  18.7 CL  448.1 249.2 Split   420.5 154.8  154.8 nm  2.266 s
Step   136: OL 1175.5  654.1  OA  114.0   2.2 CL  453.3 258.2 Split   420.9 168.3  168.3 nm  2.171 s
Step   137: OL 1176.1  654.5  OA  114.6   8.0 CL  454.0 258.4 Split   421.5 168.5  168.5 nm  2.087 s
Step   138: OL 1176.0  653.7  OA  114.5   2.6 CL  456.6 260.6 Split   423.4 171.1  171.1 nm  2.186 s
Step   139: OL 1175.1  651.6  OA  114.5   5.2 CL  457.9 261.6 Split   424.4 172.0  172.0 nm  2.163 s
Step   140: OL 1173.7  648.3  OA  114.1   5.4 CL  459.7 264.5 Split   424.8 175.7  175.7 nm  2.064 s
Step   141: OL 1171.5  643.9  OA  113.3   8.0 CL  460.8 266.6 Split   424.8 178.6  178.6 nm  2.227 s
Step   142: OL 1168.8  638.4  OA  114.0  16.3 CL  459.7 265.8 Split   424.3 177.0  177.0 nm  2.197 s
Step   143: OL 1165.6  632.0  OA  116.8  25.7 CL  460.6 268.1 Split   423.9 180.1  180.1 nm  2.205 s
Step   144: OL 1162.0  624.7  OA  117.5  31.9 CL  459.1 267.2 Split   423.1 178.2  178.2 nm  2.212 s
Step   145: OL 1158.1  616.8  OA  118.2  35.9 CL  456.0 263.3 Split   422.3 172.0  172.0 nm  2.144 s
Step   146: OL 1153.9  608.4  OA  116.1  28.3 CL  450.7 254.6 Split   422.4 157.2  157.2 nm  2.184 s
Step   147: OL 1149.6  599.7  OA  117.1  25.8 CL  452.0 255.8 Split   423.5 158.0  158.0 nm  2.192 s
Step   148: OL 1145.3  590.9  OA  119.0  29.2 CL  453.0 256.3 Split   424.5 158.1  158.1 nm  2.129 s
Step   149: OL 1141.1  582.2  OA  116.2  22.2 CL  456.7 262.9 Split   424.6 168.3  168.3 nm  2.133 s
Step   150: OL 1137.1  573.8  OA  115.1  20.0 CL  458.6 264.8 Split   425.5 171.0  171.0 nm  2.079 s
Step   151: OL 1133.4  565.9  OA  116.4  20.9 CL  461.5 268.3 Split   426.8 175.5  175.5 nm  2.108 s
Step   152: OL 1130.1  558.7  OA  116.8  13.4 CL  466.6 276.6 Split   427.4 187.3  187.3 nm  2.119 s
Step   153: OL 1127.2  552.4  OA  115.6   8.0 CL  467.2 276.8 Split   428.4 186.4  186.4 nm  2.355 s
Step   154: OL 1124.8  547.2  OA  115.5  11.2 CL  464.2 273.1 Split   427.7 180.4  180.4 nm  2.605 s
Step   155: OL 1123.1  543.1  OA  116.1   9.4 CL  469.1 281.0 Split   428.2 191.6  191.6 nm  2.055 s
Step   156: OL 1121.9  540.4  OA  115.8   8.3 CL  468.7 279.3 Split   429.1 188.6  188.6 nm  2.201 s
Step   157: OL 1121.5  539.0  OA  116.5  18.2 CL  471.0 283.2 Split   429.1 194.2  194.2 nm  2.131 s
Step   158: OL 1121.8  539.2  OA  114.4  13.5 CL  470.5 282.8 Split   429.1 193.0  193.0 nm  2.078 s
Step   159: OL 1122.8  541.0  OA  114.0  13.2 CL  471.9 285.3 Split   429.4 195.7  195.7 nm  2.156 s
Step   160: OL 1124.5  544.3  OA  114.5  23.2 CL  472.7 286.4 Split   429.7 196.8  196.8 nm  2.102 s
Step   161: OL 1127.0  549.1  OA  117.3  32.6 CL  474.5 288.4 Split   430.4 199.7  199.7 nm  2.161 s
Step   162: OL 1130.3  555.4  OA  118.5  32.9 CL  478.0 292.2 Split   431.5 205.6  205.6 nm  2.153 s
Step   163: OL 1134.2  563.1  OA  116.9  25.2 CL  477.8 288.6 Split   434.0 199.9  199.9 nm  2.217 s
Step   164: OL 1138.8  572.1  OA  117.8  22.9 CL  477.1 286.3 Split   435.2 195.6  195.6 nm  2.155 s
Step   165: OL 1144.0  582.3  OA  119.7  30.9 CL  476.4 285.5 Split   435.1 194.0  194.0 nm  2.201 s
Step   166: OL 1149.8  593.3  OA  119.6  32.7 CL  475.7 286.6 Split   434.1 194.6  194.6 nm  2.195 s
Step   167: OL 1156.0  605.1  OA  117.0  24.5 CL  475.2 286.0 Split   434.2 193.0  193.0 nm  2.215 s
Step   168: OL 1162.5  617.3  OA  115.8  23.3 CL  476.2 288.1 Split   434.3 195.4  195.4 nm  2.148 s
Step   169: OL 1169.3  629.8  OA  116.1  28.1 CL  480.7 295.1 Split   434.6 205.5  205.5 nm  2.165 s
Step   170: OL 1176.1  642.2  OA  115.8  27.3 CL  479.9 293.6 Split   434.8 203.3  203.3 nm  2.135 s
Step   171: OL 1182.8  654.3  OA  117.3  30.0 CL  478.0 289.6 Split   435.3 197.4  197.4 nm  2.147 s
Step   172: OL 1189.3  665.8  OA  117.3  29.5 CL  479.9 292.6 Split   435.4 201.8  201.8 nm  2.207 s
Step   173: OL 1195.3  676.5  OA  121.0  41.7 CL  480.5 294.1 Split   435.2 203.8  203.8 nm  2.174 s
Step   174: OL 1200.7  685.9  OA  125.1  49.9 CL  481.0 292.2 Split   437.2 200.4  200.4 nm  2.175 s
Step   175: OL 1205.3  693.9  OA  123.0  45.2 CL  478.3 285.9 Split   438.5 190.8  190.8 nm  2.120 s
Step   176: OL 1209.0  700.3  OA  120.7  39.5 CL  475.1 281.6 Split   438.0 184.1  184.1 nm  2.197 s
Step   177: OL 1211.6  704.8  OA  118.7  30.8 CL  476.7 284.1 Split   438.1 188.0  188.0 nm  2.128 s
Step   178: OL 1213.1  707.2  OA  117.6  25.3 CL  484.0 295.5 Split   438.8 204.3  204.3 nm  2.250 s
Step   179: OL 1213.2  707.5  OA  116.9  23.9 CL  491.2 306.4 Split   439.7 219.1  219.1 nm  2.305 s
Step   180: OL 1212.1  705.5  OA  114.3   4.2 CL  486.9 300.1 Split   439.4 209.8  209.8 nm  2.225 s
Step   181: OL 1209.5  701.1  OA  114.5   8.2 CL  482.9 293.4 Split   439.4 200.2  200.2 nm  2.281 s
Step   182: OL 1205.7  694.5  OA  114.6  14.9 CL  488.9 302.7 Split   439.8 213.5  213.5 nm  2.225 s
Step   183: OL 1200.5  685.5  OA  117.3  25.6 CL  494.8 312.3 Split   439.7 226.8  226.8 nm  2.105 s
Step   184: OL 1194.1  674.3  OA  121.0  34.7 CL  497.7 316.6 Split   439.8 232.9  232.9 nm  2.112 s
Step   185: OL 1186.6  661.0  OA  123.1  40.9 CL  498.1 315.0 Split   441.4 230.9  230.9 nm  2.071 s
Step   186: OL 1178.2  645.9  OA  123.6  46.4 CL  493.8 307.6 Split   441.7 220.8  220.8 nm  2.099 s
Step   187: OL 1169.1  629.1  OA  128.5  58.9 CL  490.4 300.8 Split   442.9 210.5  210.5 nm  2.346 s
Step   188: OL 1159.4  610.9  OA  129.7  61.4 CL  489.5 298.1 Split   443.8 206.5  206.5 nm  2.091 s
Step   189: OL 1149.3  591.7  OA  124.2  48.1 CL  491.3 300.9 Split   443.9 210.6  210.6 nm  2.036 s
Step   190: OL 1139.1  571.8  OA  119.9  37.3 CL  498.0 310.5 Split   444.8 223.9  223.9 nm  2.138 s
Step   191: OL 1129.0  551.5  OA  121.0  40.0 CL  500.2 313.4 Split   445.1 228.2  228.2 nm  1.976 s
Step   192: OL 1119.2  531.2  OA  122.7  44.5 CL  497.5 310.8 Split   443.7 225.0  225.0 nm  2.057 s
Step   193: OL 1109.8  511.3  OA  125.3  51.7 CL  495.6 310.0 Split   442.2 223.9  223.9 nm  2.157 s
Step   194: OL 1101.0  492.2  OA  126.2  54.3 CL  499.1 314.4 Split   443.1 229.6  229.6 nm  2.043 s
Step   195: OL 1093.0  474.3  OA  120.5  38.1 CL  497.9 310.9 Split   444.4 224.4  224.4 nm  2.095 s
Step   196: OL 1085.9  457.8  OA  119.8  36.0 CL  497.5 308.1 Split   446.0 220.4  220.4 nm  2.171 s
Step   197: OL 1079.7  443.1  OA  120.4  39.4 CL  495.7 302.2 Split   448.2 211.6  211.6 nm  2.116 s
Step   198: OL 1074.5  430.6  OA  118.0  31.3 CL  494.8 296.9 Split   451.1 203.4  203.4 nm  2.082 s
Step   199: OL 1070.4  420.4  OA  115.6  19.6 CL  498.3 300.3 Split   452.7 208.1  208.1 nm  2.175 s
Step   200: OL 1067.3  412.8  OA  113.8  10.5 CL  498.8 301.6 Split   452.5 209.9  209.9 nm  2.136 s
Step   201: OL 1065.3  407.9  OA  115.1  24.3 CL  493.6 290.9 Split   454.0 193.8  193.8 nm  2.086 s
Step   202: OL 1064.4  405.9  OA  113.7  20.3 CL  495.6 293.8 Split   454.3 198.0  198.0 nm  2.195 s
Step   203: OL 1064.7  406.8  OA  112.7  14.7 CL  500.1 302.8 Split   453.3 211.4  211.4 nm  2.198 s
Step   204: OL 1066.0  410.7  OA  112.3  11.8 CL  499.6 302.4 Split   453.1 210.6  210.6 nm  2.223 s
Step   205: OL 1068.5  417.6  OA  112.4   8.6 CL  505.3 311.2 Split   453.5 222.9  222.9 nm  2.133 s
Step   206: OL 1072.3  427.5  OA  112.6  16.8 CL  506.5 313.0 Split   453.7 225.3  225.3 nm  2.103 s
Step   207: OL 1077.2  440.1  OA  115.3  28.7 CL  507.2 315.9 Split   452.8 228.4  228.4 nm  2.165 s
Step   208: OL 1083.4  455.4  OA  119.3  39.1 CL  509.5 319.4 Split   453.1 233.1  233.1 nm  2.124 s
Step   209: OL 1090.8  473.2  OA  121.6  44.7 CL  505.5 310.7 Split   455.0 220.3  220.3 nm  2.193 s
Step   210: OL 1099.5  493.2  OA  117.4  35.0 CL  500.7 303.6 Split   454.5 210.1  210.1 nm  2.325 s
Step   211: OL 1109.2  515.0  OA  121.3  45.0 CL  495.2 295.2 Split   454.2 197.3  197.3 nm  2.175 s
Step   212: OL 1120.0  538.3  OA  123.5  53.5 CL  495.9 297.4 Split   453.6 200.5  200.5 nm  2.268 s
Step   213: OL 1131.8  562.7  OA  127.3  62.4 CL  500.7 304.6 Split   454.2 210.9  210.9 nm  2.188 s
Step   214: OL 1144.2  587.8  OA  133.3  72.2 CL  509.5 317.7 Split   454.9 229.4  229.4 nm  2.095 s
Step   215: OL 1157.2  613.0  OA  133.8  72.7 CL  512.9 322.7 Split   455.6 235.6  235.6 nm  2.069 s
Step   216: OL 1170.4  638.0  OA  128.4  62.6 CL  513.4 324.3 Split   455.2 237.3  237.3 nm  2.154 s
Step   217: OL 1183.5  662.2  OA  126.8  59.9 CL  513.6 326.9 Split   453.6 240.9  240.9 nm  2.114 s
Step   218: OL 1196.3  685.2  OA  123.2  52.4 CL  512.4 324.3 Split   454.2 237.1  237.1 nm  2.089 s
Step   219: OL 1208.4  706.4  OA  125.8  57.1 CL  509.2 319.2 Split   454.3 229.9  229.9 nm  2.185 s
Step   220: OL 1219.5  725.6  OA  126.5  58.2 CL  506.2 313.9 Split   455.0 221.9  221.9 nm  2.263 s
Step   221: OL 1229.2  742.3  OA  121.7  48.3 CL  506.3 313.3 Split   455.5 221.0  221.0 nm  2.185 s
Step   222: OL 1237.4  756.2  OA  117.0  37.1 CL  508.2 315.5 Split   456.2 223.9  223.9 nm  2.124 s
Step   223: OL 1243.7  766.9  OA  113.8  30.1 CL  510.0 318.6 Split   456.2 228.0  228.0 nm  2.150 s
Step   224: OL 1247.9  774.2  OA  111.5  19.1 CL  514.9 326.5 Split   456.1 239.0  239.0 nm  2.132 s
Step   225: OL 1250.0  778.0  OA  111.1   7.9 CL  511.9 321.7 Split   456.2 232.2  232.2 nm  2.225 s
Step   226: OL 1249.7  778.1  OA  112.1   8.9 CL  510.2 318.1 Split   457.1 226.8  226.8 nm  2.165 s
Step   227: OL 1247.2  774.4  OA  111.8  11.7 CL  513.7 322.1 Split   458.3 232.0  232.0 nm  2.202 s
Step   228: OL 1242.3  767.1  OA  114.9  29.1 CL  521.0 331.4 Split   460.1 244.5  244.5 nm  2.113 s
Step   229: OL 1235.2  756.1  OA  115.5  32.6 CL  523.4 335.5 Split   460.1 249.7  249.7 nm  2.021 s
Step   230: OL 1226.1  741.6  OA  114.8  33.7 CL  522.1 334.3 Split   459.6 247.8  247.8 nm  2.060 s
Step   231: OL 1215.1  723.9  OA  116.1  40.0 CL  522.6 333.6 Split   460.6 247.0  247.0 nm  2.048 s
Step   232: OL 1202.5  703.2  OA  116.5  39.9 CL  520.8 330.5 Split   460.7 242.9  242.9 nm  2.097 s
Step   233: OL 1188.6  679.9  OA  123.1  55.1 CL  522.0 332.0 Split   460.9 245.0  245.0 nm  2.190 s
Step   234: OL 1173.8  654.2  OA  129.8  67.7 CL  524.7 336.2 Split   461.1 250.6  250.6 nm  2.089 s
Step   235: OL 1158.3  626.8  OA  135.8  78.1 CL  530.9 346.1 Split   460.9 263.5  263.5 nm  2.197 s
Step   236: OL 1142.5  597.9  OA  140.4  83.8 CL  531.7 347.2 Split   461.0 264.9  264.9 nm  2.178 s
Step   237: OL 1126.8  568.2  OA  143.0  87.7 CL  531.6 346.9 Split   461.1 264.4  264.4 nm  2.175 s
Step   238: OL 1111.4  538.0  OA  145.4  91.1 CL  531.1 344.5 Split   462.5 261.2  261.2 nm  2.160 s
Step   239: OL 1096.7  507.9  OA  146.6  93.5 CL  535.0 348.9 Split   463.5 267.2  267.2 nm  2.314 s
Step   240: OL 1083.0  478.5  OA  138.5  81.4 CL  535.0 349.3 Split   463.2 267.7  267.7 nm  2.323 s
Step   241: OL 1070.2  450.2  OA  132.7  70.2 CL  535.0 351.1 Split   461.8 270.1  270.1 nm  2.259 s
Step   242: OL 1058.7  423.4  OA  129.2  62.5 CL  530.0 344.8 Split   460.9 261.7  261.7 nm  2.141 s
Step   243: OL 1048.5  398.6  OA  130.1  62.6 CL  526.8 340.0 Split   461.2 254.7  254.7 nm  2.268 s
Step   244: OL 1039.7  376.1  OA  130.9  65.6 CL  525.8 338.8 Split   461.0 252.8  252.8 nm  2.283 s
Step   245: OL 1032.1  356.3  OA  127.2  57.2 CL  527.2 341.4 Split   460.6 256.4  256.4 nm  2.226 s
Step   246: OL 1025.9  339.5  OA  126.6  56.3 CL  534.6 352.8 Split   460.5 271.5  271.5 nm  2.155 s
Step   247: OL 1020.8  325.7  OA  125.0  52.6 CL  535.7 354.8 Split   460.5 273.8  273.8 nm  2.150 s
Step   248: OL 1016.9  315.1  OA  122.8  46.1 CL  536.6 356.0 Split   460.5 275.6  275.6 nm  2.131 s
Step   249: OL 1014.0  307.7  OA  117.9  32.0 CL  530.3 346.6 Split   460.5 263.1  263.1 nm  2.195 s
Step   250: OL 1012.2  303.7  OA  116.5  22.1 CL  524.3 335.7 Split   461.7 248.3  248.3 nm  2.277 s
Step   251: OL 1011.3  302.9  OA  114.2   9.8 CL  522.3 332.1 Split   462.0 243.6  243.6 nm  2.150 s
Step   252: OL 1011.4  305.3  OA  115.5  15.9 CL  525.6 334.8 Split   463.6 247.7  247.7 nm  2.156 s
Step   253: OL 1012.5  310.9  OA  117.1  26.4 CL  526.2 334.5 Split   464.7 247.0  247.0 nm  2.192 s
Step   254: OL 1014.5  319.6  OA  118.9  33.7 CL  527.3 335.9 Split   465.3 248.2  248.2 nm  2.033 s
Step   255: OL 1017.6  331.3  OA  121.1  40.7 CL  534.3 346.1 Split   465.9 261.7  261.7 nm  2.039 s
Step   255 updated high order loop gain: 0.425
Step   255 updated low order loop gain : 0.449
Step   256: OL 1021.8  345.9  OA  121.8  43.0 CL  540.5 355.6 Split   465.8 274.2  274.2 nm  2.146 s
Step   257: OL 1027.0  363.0  OA  122.7  46.5 CL  537.9 352.0 Split   465.6 269.3  269.3 nm  2.072 s
Step   258: OL 1033.4  382.6  OA  124.8  50.4 CL  538.6 352.8 Split   465.9 270.3  270.3 nm  2.222 s
Step   259: OL 1040.9  404.1  OA  126.5  49.0 CL  535.3 345.3 Split   467.7 260.4  260.4 nm  2.196 s
Step   260: OL 1049.4  427.3  OA  132.0  58.8 CL  524.8 326.7 Split   469.3 234.9  234.9 nm  2.077 s
Step   261: OL 1058.9  451.8  OA  137.0  71.3 CL  521.0 320.0 Split   469.9 224.9  224.9 nm  2.146 s
Step   262: OL 1069.3  477.1  OA  134.7  67.5 CL  526.8 328.7 Split   470.6 236.6  236.6 nm  2.251 s
Step   263: OL 1080.2  502.7  OA  132.4  62.8 CL  537.2 345.8 Split   470.1 259.9  259.9 nm  2.227 s
Step   264: OL 1091.6  528.3  OA  133.2  63.1 CL  543.9 355.7 Split   470.3 273.1  273.1 nm  2.102 s
Step   265: OL 1103.2  553.3  OA  133.7  64.0 CL  547.4 360.5 Split   470.9 279.2  279.2 nm  2.174 s
Step   266: OL 1114.8  577.2  OA  131.2  58.2 CL  544.3 356.1 Split   470.5 273.5  273.5 nm  2.167 s
Step   267: OL 1125.9  599.8  OA  125.2  43.9 CL  542.8 355.2 Split   469.1 273.0  273.0 nm  2.157 s
Step   268: OL 1136.4  620.6  OA  120.4  28.4 CL  541.1 352.5 Split   468.8 270.2  270.2 nm  2.078 s
Step   269: OL 1145.9  639.2  OA  124.6  44.4 CL  543.3 355.6 Split   468.9 274.5  274.5 nm  2.081 s
Step   270: OL 1154.3  655.3  OA  121.5  34.8 CL  541.5 352.0 Split   469.8 269.3  269.3 nm  2.200 s
Step   271: OL 1161.2  668.7  OA  121.7  35.9 CL  540.0 349.1 Split   470.5 264.9  264.9 nm  2.261 s
Step   272: OL 1166.5  679.0  OA  118.5  23.4 CL  539.7 348.1 Split   470.9 263.7  263.7 nm  2.073 s
Step   273: OL 1170.0  686.3  OA  116.3  14.1 CL  544.9 356.5 Split   470.6 274.8  274.8 nm  2.121 s
Step   274: OL 1171.6  690.3  OA  116.3  15.1 CL  549.1 363.0 Split   470.6 282.9  282.9 nm  2.225 s
Step   275: OL 1171.3  691.0  OA  116.2  11.7 CL  544.6 356.3 Split   470.7 274.0  274.0 nm  2.250 s
Step   276: OL 1169.0  688.4  OA  115.6   3.7 CL  543.8 355.4 Split   470.6 272.4  272.4 nm  2.132 s
Step   277: OL 1164.7  682.5  OA  116.6  11.5 CL  547.0 360.2 Split   470.8 278.6  278.6 nm  2.134 s
Step   278: OL 1158.7  673.4  OA  117.2   8.6 CL  543.6 353.4 Split   472.1 269.5  269.5 nm  2.094 s
Step   279: OL 1150.9  661.4  OA  118.8  22.3 CL  546.3 356.9 Split   472.6 273.9  273.9 nm  2.187 s
Step   280: OL 1141.7  646.5  OA  119.0  28.2 CL  547.8 360.9 Split   471.3 279.1  279.1 nm  2.348 s
Step   281: OL 1131.1  629.1  OA  118.6  27.0 CL  548.2 361.8 Split   471.4 279.7  279.7 nm  2.180 s
Step   282: OL 1119.5  609.4  OA  122.8  39.4 CL  557.6 375.6 Split   471.8 297.2  297.2 nm  2.147 s
Step   283: OL 1107.0  587.8  OA  129.2  57.4 CL  559.2 377.6 Split   471.9 300.2  300.2 nm  2.287 s
Step   284: OL 1094.0  564.5  OA  130.5  62.2 CL  564.7 385.6 Split   471.9 310.2  310.2 nm  2.310 s
Step   285: OL 1080.8  540.1  OA  128.0  55.9 CL  561.5 380.7 Split   472.0 304.1  304.1 nm  2.047 s
Step   286: OL 1067.5  514.9  OA  132.3  62.4 CL  561.2 380.6 Split   471.8 303.9  303.9 nm  2.150 s
Step   287: OL 1054.5  489.2  OA  131.0  57.3 CL  559.4 376.7 Split   473.1 298.4  298.4 nm  2.165 s
Step   288: OL 1042.0  463.6  OA  137.2  69.5 CL  560.1 376.4 Split   474.3 298.0  298.0 nm  2.178 s
Step   289: OL 1030.1  438.4  OA  134.0  65.7 CL  556.9 371.0 Split   474.6 291.4  291.4 nm  2.218 s
Step   290: OL 1019.0  414.0  OA  137.6  70.8 CL  554.3 365.3 Split   476.0 284.0  284.0 nm  2.152 s
Step   291: OL 1008.9  390.7  OA  138.2  72.0 CL  551.2 360.3 Split   476.4 277.2  277.2 nm  2.099 s
Step   292: OL  999.7  369.0  OA  136.6  67.9 CL  560.8 374.6 Split   477.1 294.9  294.9 nm  2.140 s
Step   293: OL  991.6  349.1  OA  126.5  44.7 CL  558.1 369.3 Split   478.3 287.7  287.7 nm  2.080 s
Step   294: OL  984.5  331.3  OA  121.4  29.7 CL  556.4 365.7 Split   479.0 283.0  283.0 nm  2.125 s
Step   295: OL  978.4  315.8  OA  120.2  24.4 CL  558.1 369.2 Split   478.2 287.8  287.8 nm  2.171 s
Step   296: OL  973.3  302.8  OA  120.9  29.8 CL  558.2 369.5 Split   478.1 288.1  288.1 nm  2.224 s
Step   297: OL  969.1  292.3  OA  120.4  32.0 CL  559.9 370.8 Split   479.1 289.7  289.7 nm  2.097 s
Step   298: OL  965.8  284.5  OA  119.2  34.3 CL  566.8 379.5 Split   480.3 300.9  300.9 nm  2.249 s
Step   299: OL  963.3  279.3  OA  120.5  31.1 CL  572.0 384.8 Split   482.2 307.6  307.6 nm  2.098 s
Step   300: OL  961.5  276.8  OA  120.8  24.9 CL  569.9 381.3 Split   482.6 303.3  303.3 nm  2.226 s
Step   301: OL  960.6  276.9  OA  118.2   5.7 CL  563.3 371.2 Split   482.5 290.8  290.8 nm  2.151 s
Step   302: OL  960.3  279.6  OA  122.8  29.6 CL  559.1 366.1 Split   481.6 284.1  284.1 nm  2.167 s
Step   303: OL  960.9  284.9  OA  127.4  42.1 CL  564.0 375.2 Split   480.5 295.4  295.4 nm  2.108 s
Step   304: OL  962.2  292.6  OA  124.2  32.0 CL  562.3 373.3 Split   479.9 293.1  293.1 nm  2.179 s
Step   305: OL  964.3  302.7  OA  122.6  29.7 CL  563.4 373.9 Split   480.7 293.9  293.9 nm  2.189 s
Step   306: OL  967.2  315.0  OA  121.1  32.0 CL  564.1 374.2 Split   481.2 294.4  294.4 nm  2.062 s
Step   307: OL  970.9  329.3  OA  123.6  41.8 CL  558.3 366.3 Split   480.6 284.2  284.2 nm  2.112 s
Step   308: OL  975.5  345.4  OA  126.3  47.2 CL  558.4 366.3 Split   480.9 283.8  283.8 nm  2.161 s
Step   309: OL  980.8  363.0  OA  122.7  35.8 CL  554.0 361.1 Split   479.8 277.1  277.1 nm  2.165 s
Step   310: OL  986.9  381.8  OA  123.6  39.2 CL  553.7 358.2 Split   481.7 273.1  273.1 nm  2.123 s
Step   311: OL  993.7  401.4  OA  126.7  44.5 CL  555.4 358.3 Split   483.9 272.6  272.6 nm  2.148 s
Step   312: OL 1001.0  421.6  OA  129.3  49.3 CL  553.2 354.0 Split   484.6 266.7  266.7 nm  2.071 s
Step   313: OL 1008.7  441.9  OA  131.9  53.3 CL  560.3 365.4 Split   484.4 281.6  281.6 nm  2.036 s
Step   314: OL 1016.6  461.9  OA  135.5  64.5 CL  567.0 376.1 Split   483.8 295.7  295.7 nm  2.052 s
Step   315: OL 1024.6  481.4  OA  138.2  70.5 CL  569.4 380.6 Split   483.0 301.6  301.6 nm  2.038 s
Step   316: OL 1032.5  499.9  OA  139.3  74.7 CL  570.3 380.5 Split   484.0 301.6  301.6 nm  2.119 s
Step   317: OL 1040.0  517.2  OA  138.0  71.6 CL  566.8 373.8 Split   485.2 292.9  292.9 nm  2.176 s
Step   318: OL 1046.9  532.9  OA  127.7  40.9 CL  566.4 372.5 Split   485.8 291.2  291.2 nm  2.141 s
Step   319: OL 1053.0  546.8  OA  123.3  17.5 CL  570.1 377.7 Split   486.1 297.9  297.9 nm  2.027 s
Step   320: OL 1058.3  558.7  OA  122.9  16.2 CL  567.1 372.4 Split   486.6 291.2  291.2 nm  1.990 s
Step   321: OL 1062.4  568.3  OA  122.9  21.6 CL  565.7 369.7 Split   486.9 288.0  288.0 nm  2.192 s
Step   322: OL 1065.3  575.6  OA  121.7  17.1 CL  563.6 366.0 Split   487.4 283.1  283.1 nm  2.115 s
Step   323: OL 1066.9  580.4  OA  119.0   9.5 CL  566.8 370.9 Split   487.4 289.3  289.3 nm  2.031 s
Step   324: OL 1067.2  582.7  OA  118.8  13.0 CL  574.4 383.5 Split   486.6 305.3  305.3 nm  1.997 s
Step   325: OL 1066.1  582.4  OA  119.4  15.9 CL  576.2 385.8 Split   486.7 308.4  308.4 nm  2.082 s
Step   326: OL 1063.6  579.7  OA  122.2  16.1 CL  577.0 387.0 Split   486.6 310.0  310.0 nm  2.142 s
Step   327: OL 1059.8  574.5  OA  123.2  18.9 CL  573.1 379.7 Split   487.5 301.2  301.2 nm  2.156 s
Step   328: OL 1054.8  567.1  OA  122.2  16.0 CL  574.2 380.6 Split   488.1 302.4  302.4 nm  2.140 s
Step   329: OL 1048.7  557.6  OA  122.3  16.8 CL  573.2 379.5 Split   487.8 301.1  301.1 nm  2.058 s
Step   330: OL 1041.6  546.1  OA  122.3  16.3 CL  572.5 378.1 Split   488.1 299.3  299.3 nm  2.140 s
Step   331: OL 1033.7  533.0  OA  122.3  18.4 CL  569.4 372.8 Split   488.9 291.9  291.9 nm  2.180 s
Step   332: OL 1025.1  518.3  OA  126.1  33.2 CL  581.6 390.3 Split   489.5 314.1  314.1 nm  2.152 s
Step   333: OL 1016.1  502.5  OA  129.7  43.3 CL  583.6 392.1 Split   490.1 316.7  316.7 nm  2.175 s
Step   334: OL 1006.9  485.7  OA  134.6  57.5 CL  584.8 394.5 Split   489.6 319.9  319.9 nm  2.126 s
Step   335: OL  997.5  468.3  OA  137.7  64.5 CL  587.9 398.4 Split   490.1 324.8  324.8 nm  2.099 s
Step   336: OL  988.1  450.6  OA  135.4  59.4 CL  587.7 396.9 Split   491.1 322.9  322.9 nm  2.135 s
Step   337: OL  979.0  432.8  OA  130.8  43.8 CL  582.9 390.8 Split   490.3 315.4  315.4 nm  2.174 s
Step   338: OL  970.2  415.1  OA  129.0  40.9 CL  584.9 393.9 Split   490.1 319.3  319.3 nm  2.141 s
Step   339: OL  961.8  397.9  OA  123.6  23.4 CL  578.5 384.7 Split   489.6 308.1  308.1 nm  2.062 s
Step   340: OL  953.9  381.5  OA  125.0  32.9 CL  572.0 374.9 Split   489.7 295.6  295.6 nm  2.163 s
Step   341: OL  946.6  365.9  OA  126.8  39.1 CL  575.4 378.7 Split   490.4 300.9  300.9 nm  2.163 s
Step   342: OL  939.8  351.3  OA  123.7  24.7 CL  574.3 375.0 Split   491.9 296.3  296.3 nm  2.138 s
Step   343: OL  933.7  338.1  OA  121.0  16.6 CL  573.9 373.9 Split   492.4 294.9  294.9 nm  2.052 s
Step   344: OL  928.2  326.1  OA  121.4  18.8 CL  574.7 376.5 Split   491.1 298.5  298.5 nm  2.200 s
Step   345: OL  923.3  315.7  OA  122.1  24.6 CL  571.7 374.4 Split   489.0 296.2  296.2 nm  2.084 s
Step   346: OL  919.0  306.7  OA  123.4  30.8 CL  568.2 372.7 Split   486.0 294.4  294.4 nm  2.261 s
Step   347: OL  915.3  299.3  OA  125.0  39.2 CL  568.1 373.6 Split   484.9 295.9  295.9 nm  2.223 s
Step   348: OL  912.1  293.4  OA  126.5  43.1 CL  567.2 373.8 Split   483.5 296.5  296.5 nm  2.131 s
Step   349: OL  909.4  289.1  OA  126.0  39.4 CL  562.7 368.3 Split   482.3 289.8  289.8 nm  2.146 s
Step   350: OL  907.2  286.2  OA  120.8  15.8 CL  563.9 370.0 Split   482.4 291.9  291.9 nm  2.172 s
Step   351: OL  905.5  284.8  OA  120.1   5.6 CL  565.3 372.4 Split   482.1 295.2  295.2 nm  2.120 s
Step   352: OL  904.2  284.8  OA  122.0  17.9 CL  568.8 378.2 Split   481.8 302.4  302.4 nm  2.101 s
Step   353: OL  903.3  286.1  OA  122.9  16.8 CL  565.1 373.5 Split   481.2 296.3  296.3 nm  2.139 s
Step   354: OL  902.7  288.6  OA  122.7  17.2 CL  567.1 376.3 Split   481.4 299.8  299.8 nm  2.132 s
Step   355: OL  902.6  292.3  OA  121.6  16.6 CL  570.3 379.6 Split   482.7 303.8  303.8 nm  2.214 s
Step   356: OL  902.8  296.9  OA  119.5  11.6 CL  563.4 368.7 Split   482.8 290.3  290.3 nm  2.053 s
Step   357: OL  903.3  302.4  OA  116.9  11.4 CL  556.6 357.9 Split   482.4 277.5  277.5 nm  2.155 s
Step   358: OL  904.1  308.7  OA  117.7  16.3 CL  555.4 355.7 Split   482.5 275.1  275.1 nm  2.255 s
Step   359: OL  905.1  315.6  OA  121.4  32.2 CL  547.2 343.1 Split   482.0 259.1  259.1 nm  2.235 s
Step   360: OL  906.4  323.1  OA  124.6  43.5 CL  547.3 345.5 Split   480.1 262.6  262.6 nm  2.243 s
Step   361: OL  907.9  330.9  OA  122.5  41.5 CL  547.8 347.5 Split   479.0 265.8  265.8 nm  2.112 s
Step   362: OL  909.5  338.9  OA  123.0  39.1 CL  547.3 347.8 Split   478.2 266.1  266.1 nm  2.191 s
Step   363: OL  911.2  347.1  OA  121.4  33.7 CL  546.8 346.4 Split   478.3 265.0  265.0 nm  2.165 s
Step   364: OL  913.0  355.2  OA  121.3  28.5 CL  552.8 354.3 Split   479.2 275.5  275.5 nm  2.316 s
Step   365: OL  914.8  363.1  OA  120.9  24.0 CL  553.1 352.1 Split   481.1 272.9  272.9 nm  2.170 s
Step   366: OL  916.5  370.8  OA  120.3  20.4 CL  553.9 352.0 Split   482.0 272.8  272.8 nm  2.236 s
Step   367: OL  918.1  378.0  OA  120.6  19.2 CL  556.6 356.7 Split   481.7 278.8  278.8 nm  2.246 s
Step   368: OL  919.6  384.8  OA  124.2  33.4 CL  562.5 368.0 Split   479.9 293.4  293.4 nm  2.214 s
Step   369: OL  920.8  390.9  OA  123.4  29.6 CL  554.6 357.6 Split   478.3 280.7  280.7 nm  2.224 s
Step   370: OL  921.8  396.3  OA  125.4  37.0 CL  550.7 352.2 Split   477.4 274.4  274.4 nm  2.291 s
Step   371: OL  922.4  400.8  OA  124.6  38.6 CL  549.5 350.2 Split   477.3 272.2  272.2 nm  2.180 s
Step   372: OL  922.7  404.6  OA  118.7  19.5 CL  551.3 351.7 Split   477.9 274.7  274.7 nm  2.238 s
Step   373: OL  922.5  407.3  OA  117.6   3.7 CL  554.5 355.2 Split   478.9 279.5  279.5 nm  2.244 s
Step   374: OL  922.0  409.1  OA  118.2   2.6 CL  554.7 355.5 Split   478.6 280.3  280.3 nm  2.088 s
Step   375: OL  920.9  409.8  OA  119.4  10.7 CL  548.1 346.9 Split   476.8 270.2  270.2 nm  2.253 s
Step   376: OL  919.4  409.5  OA  119.8  17.1 CL  542.2 338.2 Split   475.9 259.8  259.8 nm  2.134 s
Step   377: OL  917.4  408.0  OA  122.3  18.3 CL  540.6 336.8 Split   474.8 258.6  258.6 nm  2.064 s
Step   378: OL  914.9  405.5  OA  120.2   8.4 CL  545.4 346.5 Split   473.2 271.2  271.2 nm  2.141 s
Step   379: OL  911.9  401.9  OA  121.5  22.5 CL  553.4 359.9 Split   472.5 288.2  288.2 nm  2.088 s
Step   380: OL  908.5  397.2  OA  121.0  28.1 CL  555.0 362.4 Split   472.2 291.7  291.7 nm  2.037 s
Step   381: OL  904.7  391.6  OA  119.3  19.7 CL  552.7 358.5 Split   472.1 287.4  287.4 nm  1.998 s
Step   382: OL  900.4  385.0  OA  120.9  18.5 CL  550.5 353.3 Split   473.3 281.1  281.1 nm  2.149 s
Step   383: OL  895.8  377.5  OA  122.1  23.6 CL  549.8 353.2 Split   472.2 281.6  281.6 nm  2.116 s
Step   384: OL  891.0  369.2  OA  123.0  29.1 CL  546.5 350.2 Split   470.4 278.2  278.2 nm  2.175 s
Step   385: OL  885.9  360.3  OA  125.2  34.5 CL  548.5 352.8 Split   470.6 281.8  281.8 nm  2.211 s
Step   386: OL  880.7  350.8  OA  123.7  33.8 CL  545.3 346.7 Split   470.9 275.0  275.0 nm  2.099 s
Step   387: OL  875.3  340.9  OA  123.6  32.9 CL  545.5 348.3 Split   469.7 277.5  277.5 nm  2.210 s
Step   388: OL  870.0  330.7  OA  120.9  26.6 CL  543.6 345.4 Split   469.2 274.5  274.5 nm  2.007 s
Step   389: OL  864.7  320.4  OA  118.6  19.8 CL  544.2 345.6 Split   469.4 275.3  275.3 nm  2.144 s
Step   390: OL  859.4  310.1  OA  121.3  29.4 CL  546.4 349.2 Split   469.1 280.1  280.1 nm  2.172 s
Step   391: OL  854.4  300.0  OA  124.9  41.3 CL  539.5 339.3 Split   468.1 268.3  268.3 nm  2.276 s
Step   392: OL  849.5  290.2  OA  126.7  45.3 CL  538.7 339.4 Split   466.6 269.2  269.2 nm  2.151 s
Step   393: OL  844.9  280.9  OA  124.6  40.6 CL  536.0 337.4 Split   464.7 267.1  267.1 nm  2.131 s
Step   394: OL  840.6  272.3  OA  122.6  32.5 CL  538.0 340.9 Split   464.3 271.8  271.8 nm  2.180 s
Step   395: OL  836.6  264.3  OA  120.6  32.1 CL  541.9 348.3 Split   463.0 281.6  281.6 nm  2.208 s
Step   396: OL  832.8  257.3  OA  116.8  30.0 CL  539.4 346.5 Split   461.0 280.0  280.0 nm  2.361 s
Step   397: OL  829.5  251.2  OA  115.0  12.6 CL  532.5 335.4 Split   461.0 266.7  266.7 nm  2.120 s
Step   398: OL  826.4  246.1  OA  118.6  26.9 CL  522.4 320.8 Split   459.4 248.7  248.7 nm  2.277 s
Step   399: OL  823.7  242.1  OA  119.8  32.0 CL  519.0 317.1 Split   457.8 244.6  244.6 nm  2.157 s
Step   400: OL  821.4  239.2  OA  117.5  24.9 CL  512.9 308.0 Split   456.8 233.3  233.3 nm  2.239 s
Step   401: OL  819.4  237.4  OA  115.8  16.4 CL  514.9 312.4 Split   455.4 240.1  240.1 nm  2.273 s
Step   402: OL  817.7  236.8  OA  116.3   7.6 CL  521.2 324.3 Split   453.8 256.2  256.2 nm  2.066 s
Step   403: OL  816.3  237.3  OA  118.8  22.9 CL  526.9 333.6 Split   453.7 268.0  268.0 nm  2.158 s
Step   404: OL  815.2  238.8  OA  118.9  23.2 CL  523.5 330.7 Split   451.5 264.9  264.9 nm  2.140 s
Step   405: OL  814.5  241.4  OA  117.9  14.9 CL  510.9 313.9 Split   448.8 244.2  244.2 nm  2.126 s
Step   406: OL  814.0  244.9  OA  116.8  12.5 CL  509.8 312.8 Split   448.0 243.2  243.2 nm  2.098 s
Step   407: OL  813.8  249.1  OA  114.7   1.1 CL  511.5 315.6 Split   447.7 247.4  247.4 nm  2.193 s
Step   408: OL  813.8  254.1  OA  114.5   3.8 CL  510.2 312.7 Split   448.0 244.2  244.2 nm  1.945 s
Step   409: OL  814.1  259.6  OA  116.0  15.6 CL  510.0 313.7 Split   446.7 246.1  246.1 nm  2.022 s
Step   410: OL  814.5  265.6  OA  119.1  31.3 CL  504.4 305.5 Split   445.8 235.9  235.9 nm  2.177 s
Step   411: OL  815.0  271.7  OA  119.4  31.0 CL  503.9 305.6 Split   444.8 236.7  236.7 nm  1.953 s
Step   412: OL  815.6  277.9  OA  119.3  29.9 CL  502.8 302.2 Split   445.6 232.9  232.9 nm  2.050 s
Step   413: OL  816.3  284.0  OA  116.7  21.6 CL  503.8 305.3 Split   444.3 237.5  237.5 nm  2.033 s
Step   414: OL  816.8  289.7  OA  115.8  12.1 CL  501.7 302.9 Split   443.2 235.0  235.0 nm  2.134 s
Step   415: OL  817.2  295.0  OA  115.7   5.9 CL  502.3 304.3 Split   442.8 237.2  237.2 nm  2.160 s
Step   416: OL  817.5  299.6  OA  116.5  10.9 CL  500.5 303.7 Split   441.0 236.8  236.8 nm  2.197 s
Step   417: OL  817.4  303.4  OA  117.6   9.3 CL  500.8 305.1 Split   440.2 238.7  238.7 nm  2.138 s
Step   418: OL  817.1  306.3  OA  118.0   6.9 CL  498.0 301.6 Split   439.1 234.9  234.9 nm  2.218 s
Step   419: OL  816.4  308.1  OA  117.4   3.7 CL  500.0 305.6 Split   438.1 240.9  240.9 nm  2.266 s
Step   420: OL  815.3  308.9  OA  116.7   5.4 CL  495.9 301.7 Split   435.8 236.6  236.6 nm  2.144 s
Step   421: OL  813.7  308.5  OA  116.3  13.7 CL  490.2 294.0 Split   434.5 227.0  227.0 nm  2.134 s
Step   422: OL  811.7  306.9  OA  118.9  26.2 CL  483.5 281.4 Split   435.1 210.9  210.9 nm  2.123 s
Step   423: OL  809.3  304.3  OA  116.7  11.8 CL  494.1 296.8 Split   436.3 231.9  231.9 nm  2.350 s
Step   424: OL  806.6  300.5  OA  120.0  34.7 CL  509.7 320.4 Split   437.0 262.2  262.2 nm  2.140 s
Step   425: OL  803.4  295.7  OA  119.7  35.7 CL  512.3 325.1 Split   436.5 268.3  268.3 nm  2.115 s
Step   426: OL  800.0  290.1  OA  116.5  23.6 CL  504.0 315.2 Split   433.8 256.6  256.6 nm  2.144 s
Step   427: OL  796.4  283.6  OA  115.1  14.9 CL  492.4 297.1 Split   433.2 234.1  234.1 nm  2.278 s
Step   428: OL  792.5  276.6  OA  118.3  27.1 CL  482.0 281.6 Split   431.5 214.7  214.7 nm  2.125 s
Step   429: OL  788.6  269.0  OA  120.4  32.4 CL  484.4 288.3 Split   429.2 224.5  224.5 nm  2.095 s
Step   430: OL  784.7  261.2  OA  122.7  40.3 CL  488.2 295.1 Split   428.6 233.8  233.8 nm  2.183 s
Step   431: OL  780.8  253.3  OA  124.4  43.3 CL  497.1 310.7 Split   427.5 253.7  253.7 nm  2.146 s
Step   432: OL  777.0  245.5  OA  119.8  30.2 CL  489.3 300.2 Split   425.5 241.6  241.6 nm  2.253 s
Step   433: OL  773.3  237.9  OA  117.6  11.6 CL  483.5 291.9 Split   424.4 231.8  231.8 nm  2.194 s
Step   434: OL  769.9  230.6  OA  117.8  10.6 CL  479.6 286.6 Split   423.4 225.3  225.3 nm  2.062 s
Step   435: OL  766.6  223.9  OA  117.2  11.7 CL  480.1 289.4 Split   421.9 229.1  229.1 nm  2.085 s
Step   436: OL  763.6  217.9  OA  117.4  14.8 CL  482.7 294.0 Split   421.4 235.3  235.3 nm  2.059 s
Step   437: OL  760.9  212.6  OA  117.6  17.5 CL  484.6 298.9 Split   419.9 241.9  241.9 nm  2.010 s
Step   438: OL  758.4  208.1  OA  124.0  35.6 CL  491.5 312.6 Split   417.6 259.1  259.1 nm  2.058 s
Step   439: OL  756.2  204.5  OA  124.1  37.6 CL  488.2 308.7 Split   416.8 254.3  254.3 nm  2.144 s
Step   440: OL  754.3  201.7  OA  120.9  25.6 CL  482.9 299.6 Split   417.0 243.5  243.5 nm  2.221 s
Step   441: OL  752.7  199.9  OA  118.2  17.8 CL  480.9 297.0 Split   416.1 241.0  241.0 nm  2.110 s
Step   442: OL  751.2  198.9  OA  115.9   8.4 CL  474.4 287.6 Split   414.8 230.1  230.1 nm  2.034 s
Step   443: OL  750.1  198.8  OA  116.5   2.1 CL  470.0 280.0 Split   414.9 220.7  220.7 nm  2.130 s
Step   444: OL  749.1  199.5  OA  117.8  13.3 CL  465.6 272.0 Split   415.3 210.5  210.5 nm  2.032 s
Step   445: OL  748.4  201.0  OA  118.9  15.7 CL  467.0 273.7 Split   415.8 212.6  212.6 nm  2.109 s
Step   446: OL  747.9  203.1  OA  117.3  17.4 CL  467.9 275.5 Split   415.1 215.8  215.8 nm  2.118 s
Step   447: OL  747.6  205.9  OA  117.3  22.3 CL  468.5 275.8 Split   415.4 216.8  216.8 nm  2.242 s
Step   448: OL  747.5  209.2  OA  117.7  26.9 CL  469.4 279.5 Split   413.4 222.3  222.3 nm  2.260 s
Step   449: OL  747.5  212.8  OA  120.6  33.4 CL  463.0 271.5 Split   411.7 211.9  211.9 nm  2.097 s
Step   450: OL  747.6  216.8  OA  118.0  21.5 CL  459.6 267.8 Split   410.2 207.4  207.4 nm  2.096 s
Step   451: OL  747.8  221.0  OA  117.7  13.0 CL  459.7 269.4 Split   409.1 209.7  209.7 nm  2.116 s
Step   452: OL  748.1  225.2  OA  119.6  23.1 CL  456.2 263.1 Split   409.1 201.8  201.8 nm  2.257 s
Step   453: OL  748.5  229.4  OA  118.6  21.7 CL  457.2 265.7 Split   408.3 205.6  205.6 nm  2.183 s
Step   454: OL  748.8  233.4  OA  119.0  21.4 CL  453.7 259.8 Split   408.0 198.4  198.4 nm  2.130 s
Step   455: OL  749.0  237.1  OA  117.8  19.6 CL  454.5 262.0 Split   407.3 201.8  201.8 nm  2.197 s
Step   456: OL  749.2  240.4  OA  117.3   9.8 CL  458.5 268.6 Split   407.5 210.1  210.1 nm  2.093 s
Step   457: OL  749.3  243.3  OA  119.0   7.8 CL  462.6 275.3 Split   407.7 218.5  218.5 nm  2.150 s
Step   458: OL  749.2  245.6  OA  117.0   6.1 CL  459.9 273.0 Split   406.0 216.1  216.1 nm  2.137 s
Step   459: OL  748.9  247.3  OA  120.1  24.5 CL  449.0 257.4 Split   404.0 196.1  196.1 nm  2.192 s
Step   460: OL  748.5  248.3  OA  118.4  21.9 CL  446.8 256.4 Split   401.8 195.4  195.4 nm  2.070 s
Step   461: OL  747.8  248.7  OA  116.2   8.2 CL  458.6 278.7 Split   399.8 224.6  224.6 nm  2.184 s
Step   462: OL  747.0  248.5  OA  118.8  26.1 CL  467.6 294.6 Split   398.9 244.1  244.1 nm  2.178 s
Step   463: OL  745.9  247.5  OA  119.7  29.8 CL  467.6 295.6 Split   398.1 245.3  245.3 nm  2.205 s
Step   464: OL  744.7  246.0  OA  116.5  19.9 CL  459.5 284.1 Split   396.9 231.4  231.4 nm  2.112 s
Step   465: OL  743.2  243.8  OA  115.7   9.9 CL  456.0 280.3 Split   395.4 227.0  227.0 nm  2.118 s
Step   466: OL  741.7  241.0  OA  116.9  17.8 CL  448.0 268.7 Split   394.1 213.1  213.1 nm  2.128 s
Step   467: OL  740.0  237.8  OA  119.4  30.0 CL  439.4 256.5 Split   392.4 197.7  197.7 nm  2.149 s
Step   468: OL  738.1  234.1  OA  119.2  26.6 CL  440.1 257.0 Split   392.6 198.9  198.9 nm  2.056 s
Step   469: OL  736.2  230.1  OA  119.0  24.7 CL  437.4 251.3 Split   393.2 191.7  191.7 nm  2.085 s
Step   470: OL  734.3  225.8  OA  116.7  13.5 CL  445.3 266.3 Split   391.8 211.6  211.6 nm  2.106 s
Step   471: OL  732.3  221.2  OA  120.3  30.8 CL  460.1 292.3 Split   390.0 244.1  244.1 nm  2.092 s
Step   472: OL  730.3  216.5  OA  123.6  43.2 CL  465.5 300.9 Split   389.9 254.3  254.3 nm  2.247 s
Step   473: OL  728.4  211.7  OA  122.9  44.2 CL  464.5 300.5 Split   388.7 254.3  254.3 nm  2.139 s
Step   474: OL  726.5  207.0  OA  121.6  35.8 CL  460.2 293.8 Split   388.6 246.4  246.4 nm  2.056 s
Step   475: OL  724.6  202.3  OA  118.7  28.1 CL  456.4 289.9 Split   387.2 241.6  241.6 nm  2.106 s
Step   476: OL  722.9  197.7  OA  117.4  23.4 CL  453.4 286.0 Split   386.6 236.9  236.9 nm  2.213 s
Step   477: OL  721.2  193.3  OA  116.6  13.4 CL  448.9 279.1 Split   386.5 228.4  228.4 nm  2.232 s
Step   478: OL  719.7  189.1  OA  118.7   6.3 CL  445.6 273.6 Split   386.5 221.7  221.7 nm  2.076 s
Step   479: OL  718.3  185.2  OA  121.3  24.2 CL  441.2 268.0 Split   385.3 215.0  215.0 nm  2.158 s
Step   480: OL  716.9  181.6  OA  120.6  22.6 CL  438.9 264.0 Split   385.2 210.3  210.3 nm  2.365 s
Step   481: OL  715.7  178.3  OA  118.7   9.2 CL  443.7 272.0 Split   384.8 220.9  220.9 nm  2.186 s
Step   482: OL  714.6  175.4  OA  120.8  22.7 CL  450.0 283.1 Split   383.8 235.0  235.0 nm  2.188 s
Step   483: OL  713.7  172.8  OA  121.9  33.2 CL  455.1 292.7 Split   382.4 246.8  246.8 nm  2.257 s
Step   484: OL  712.8  170.6  OA  118.5  25.6 CL  448.6 285.3 Split   380.2 238.0  238.0 nm  2.130 s
Step   485: OL  712.1  168.8  OA  116.1   9.7 CL  437.3 268.4 Split   379.4 217.5  217.5 nm  2.235 s
Step   486: OL  711.5  167.4  OA  119.0  14.3 CL  430.8 261.2 Split   377.1 208.4  208.4 nm  2.165 s
Step   487: OL  711.1  166.4  OA  119.7   6.9 CL  429.7 261.2 Split   375.8 208.3  208.3 nm  2.135 s
Step   488: OL  710.7  165.7  OA  119.8   9.4 CL  437.2 273.6 Split   375.5 223.9  223.9 nm  2.149 s
Step   489: OL  710.4  165.4  OA  122.6  22.5 CL  444.4 284.5 Split   375.7 237.4  237.4 nm  2.104 s
Step   490: OL  710.3  165.5  OA  120.3  12.2 CL  438.0 274.0 Split   375.7 225.1  225.1 nm  2.075 s
Step   491: OL  710.3  165.9  OA  118.7   9.8 CL  429.1 259.9 Split   375.3 208.0  208.0 nm  2.086 s
Step   492: OL  710.3  166.7  OA  118.3  21.6 CL  421.6 248.9 Split   374.2 194.1  194.1 nm  2.161 s
Step   493: OL  710.5  167.7  OA  120.8  29.3 CL  420.4 247.3 Split   374.1 191.8  191.8 nm  2.106 s
Step   494: OL  710.7  169.1  OA  119.5  12.3 CL  429.4 262.7 Split   374.0 211.1  211.1 nm  2.109 s
Step   495: OL  711.1  170.7  OA  118.5   1.3 CL  432.2 266.8 Split   374.0 216.7  216.7 nm  2.221 s
Step   496: OL  711.5  172.5  OA  122.4  31.6 CL  435.4 272.6 Split   373.4 223.9  223.9 nm  2.190 s
Step   497: OL  712.0  174.6  OA  126.1  44.5 CL  433.6 270.7 Split   372.6 221.7  221.7 nm  2.283 s
Step   498: OL  712.6  176.7  OA  126.7  46.0 CL  431.5 266.6 Split   373.0 216.9  216.9 nm  2.198 s
Step   499: OL  713.2  179.0  OA  121.8  28.2 CL  426.5 258.1 Split   373.3 206.2  206.2 nm  2.157 s
Step   500: OL  713.9  181.2  OA  119.0  14.6 CL  427.1 262.2 Split   371.0 211.6  211.6 nm  2.161 s
Step   501: OL  714.6  183.5  OA  117.9  15.8 CL  420.8 255.4 Split   368.5 203.1  203.1 nm  2.115 s
Step   502: OL  715.2  185.6  OA  117.6   2.8 CL  428.7 268.6 Split   368.1 219.8  219.8 nm  2.163 s
Step   503: OL  715.9  187.5  OA  118.8   8.4 CL  430.0 271.7 Split   367.2 223.7  223.7 nm  2.121 s
Step   504: OL  716.5  189.2  OA  119.3   5.8 CL  425.2 265.1 Split   366.4 215.6  215.6 nm  2.193 s
Step   505: OL  717.1  190.5  OA  120.5  21.6 CL  435.3 280.6 Split   366.6 234.7  234.7 nm  2.163 s
Step   506: OL  717.7  191.5  OA  120.2  19.2 CL  432.8 277.0 Split   366.3 230.4  230.4 nm  2.272 s
Step   507: OL  718.1  192.1  OA  119.5  10.5 CL  429.8 272.1 Split   366.3 224.9  224.9 nm  2.138 s
Step   508: OL  718.4  192.2  OA  121.3   6.1 CL  424.2 263.3 Split   366.3 213.9  213.9 nm  2.208 s
Step   509: OL  718.6  191.9  OA  121.5  12.8 CL  418.8 256.6 Split   365.0 205.4  205.4 nm  2.168 s
Step   510: OL  718.8  191.1  OA  122.0   6.2 CL  422.5 263.3 Split   364.5 213.8  213.8 nm  2.097 s
Step   511: OL  718.8  189.8  OA  121.5   5.2 CL  422.7 263.3 Split   364.8 213.6  213.6 nm  2.216 s
Step   511 updated high order loop gain: 0.390
Step   511 updated low order loop gain : 0.483
Step   512: OL  718.8  188.1  OA  122.2   8.1 CL  426.2 268.8 Split   364.9 220.3  220.3 nm  2.215 s
Step   513: OL  718.7  186.0  OA  125.7  21.4 CL  433.9 281.9 Split   363.7 236.5  236.5 nm  2.194 s
Step   514: OL  718.6  183.6  OA  126.2  23.7 CL  434.1 284.4 Split   362.0 239.7  239.7 nm  2.136 s
Step   515: OL  718.4  181.0  OA  124.8  19.0 CL  429.9 278.8 Split   361.2 233.2  233.2 nm  2.251 s
Step   516: OL  718.2  178.2  OA  123.1  13.7 CL  426.3 274.0 Split   360.5 227.6  227.6 nm  2.251 s
Step   517: OL  718.1  175.4  OA  120.6   3.3 CL  421.7 268.6 Split   359.0 221.3  221.3 nm  2.144 s
Step   518: OL  718.0  172.6  OA  122.6   8.8 CL  418.5 262.2 Split   360.1 213.2  213.2 nm  2.209 s
Step   519: OL  718.0  170.0  OA  125.3  17.4 CL  429.2 278.9 Split   360.2 233.4  233.4 nm  2.151 s
Step   520: OL  718.0  167.5  OA  125.4  12.0 CL  419.9 265.0 Split   359.8 216.4  216.4 nm  2.188 s
Step   521: OL  718.2  165.4  OA  126.6  20.5 CL  416.1 259.6 Split   359.5 209.7  209.7 nm  2.055 s
Step   522: OL  718.5  163.6  OA  125.8   7.3 CL  422.9 271.1 Split   358.8 223.8  223.8 nm  2.099 s
Step   523: OL  718.9  162.2  OA  128.2  25.6 CL  429.0 280.8 Split   358.3 235.8  235.8 nm  2.120 s
Step   524: OL  719.4  161.2  OA  128.5  25.9 CL  429.2 282.2 Split   357.5 237.4  237.4 nm  2.186 s
Step   525: OL  720.0  160.6  OA  126.6  19.2 CL  420.8 271.4 Split   356.3 224.0  224.0 nm  2.125 s
Step   526: OL  720.8  160.5  OA  124.8   9.2 CL  417.2 266.6 Split   355.5 218.3  218.3 nm  2.166 s
Step   527: OL  721.7  160.9  OA  125.6  10.5 CL  414.2 261.8 Split   355.6 212.5  212.5 nm  2.234 s
Step   528: OL  722.7  161.7  OA  129.7  26.3 CL  411.3 256.6 Split   355.9 206.2  206.2 nm  2.165 s
Step   529: OL  723.8  163.1  OA  130.6  32.9 CL  416.9 266.4 Split   355.0 218.5  218.5 nm  2.116 s
Step   530: OL  725.1  164.9  OA  129.8  34.5 CL  420.4 271.1 Split   355.6 224.4  224.4 nm  2.040 s
Step   531: OL  726.5  167.2  OA  129.1  27.6 CL  412.7 257.2 Split   356.8 207.4  207.4 nm  2.021 s
Step   532: OL  728.1  170.0  OA  130.4  33.6 CL  404.6 245.0 Split   356.2 191.8  191.8 nm  2.048 s
Step   533: OL  729.8  173.2  OA  128.3  25.5 CL  404.9 247.8 Split   354.5 195.7  195.7 nm  2.187 s
Step   534: OL  731.6  176.8  OA  125.8   8.4 CL  413.3 262.9 Split   353.0 215.0  215.0 nm  2.152 s
Step   535: OL  733.6  180.8  OA  125.5   9.2 CL  411.1 261.5 Split   351.4 213.3  213.3 nm  2.112 s
Step   536: OL  735.6  184.9  OA  127.5  12.3 CL  409.6 259.2 Split   351.3 210.6  210.6 nm  2.054 s
Step   537: OL  737.7  189.1  OA  127.8  13.2 CL  409.3 258.8 Split   351.4 209.9  209.9 nm  2.110 s
Step   538: OL  739.8  193.2  OA  129.5  20.0 CL  405.6 251.8 Split   352.3 201.1  201.1 nm  2.291 s
Step   539: OL  741.9  197.0  OA  131.3  28.3 CL  411.0 259.1 Split   353.0 210.4  210.4 nm  2.140 s
Step   540: OL  743.9  200.4  OA  134.9  36.1 CL  419.5 271.6 Split   353.6 225.8  225.8 nm  2.094 s
Step   541: OL  745.8  203.3  OA  131.4  17.3 CL  419.0 272.0 Split   352.3 226.8  226.8 nm  2.067 s
Step   542: OL  747.5  205.3  OA  130.2   8.0 CL  414.6 266.1 Split   351.5 219.8  219.8 nm  2.069 s
Step   543: OL  748.9  206.5  OA  131.0   8.9 CL  416.6 269.0 Split   351.5 223.6  223.6 nm  2.205 s
Step   544: OL  750.2  206.7  OA  131.3  11.9 CL  419.2 272.9 Split   351.3 228.6  228.6 nm  2.172 s
Step   545: OL  751.1  205.9  OA  131.4   9.5 CL  416.7 272.3 Split   348.8 228.0  228.0 nm  2.034 s
Step   546: OL  751.8  203.9  OA  131.8  16.2 CL  415.2 271.9 Split   347.5 227.3  227.3 nm  2.258 s
Step   547: OL  752.2  200.9  OA  130.8  20.1 CL  415.4 273.8 Split   346.4 229.3  229.3 nm  2.095 s
Step   548: OL  752.3  197.0  OA  130.4  21.3 CL  419.4 279.5 Split   346.8 235.8  235.8 nm  2.198 s
Step   549: OL  752.4  192.1  OA  130.5  13.0 CL  416.4 274.5 Split   347.2 229.9  229.9 nm  2.142 s
Step   550: OL  752.2  186.7  OA  129.8   6.7 CL  414.3 271.8 Split   346.6 227.0  227.0 nm  2.134 s
Step   551: OL  752.1  180.8  OA  130.4  10.9 CL  410.8 266.0 Split   346.7 220.3  220.3 nm  2.131 s
Step   552: OL  752.0  174.8  OA  134.3  19.0 CL  412.9 268.9 Split   346.8 224.1  224.1 nm  2.265 s
Step   553: OL  752.0  169.0  OA  134.3  13.9 CL  415.8 273.5 Split   346.7 229.6  229.6 nm  2.253 s
Step   554: OL  752.2  163.7  OA  133.4  13.7 CL  412.1 269.1 Split   345.6 224.4  224.4 nm  2.251 s
Step   555: OL  752.6  159.4  OA  136.2  35.6 CL  415.8 277.3 Split   343.5 234.3  234.3 nm  2.008 s
Step   556: OL  753.3  156.1  OA  139.0  41.6 CL  426.4 292.9 Split   343.8 252.3  252.3 nm  2.073 s
Step   557: OL  754.3  154.2  OA  139.5  38.5 CL  426.7 292.9 Split   344.2 252.2  252.2 nm  2.109 s
Step   558: OL  755.5  153.6  OA  139.2  32.8 CL  423.8 287.9 Split   344.6 246.7  246.7 nm  2.113 s
Step   559: OL  757.0  154.2  OA  135.2  11.9 CL  413.2 272.8 Split   344.0 228.9  228.9 nm  2.137 s
Step   560: OL  758.8  155.8  OA  134.2  13.8 CL  413.9 274.3 Split   343.6 230.8  230.8 nm  2.090 s
Step   561: OL  760.7  158.2  OA  134.6  11.5 CL  410.6 268.0 Split   344.5 223.4  223.4 nm  1.982 s
Step   562: OL  762.7  160.9  OA  134.7   8.6 CL  409.0 265.8 Split   344.3 220.8  220.8 nm  2.218 s
Step   563: OL  764.7  163.6  OA  138.5  28.2 CL  401.9 254.4 Split   344.6 207.0  207.0 nm  2.146 s
Step   564: OL  766.6  166.0  OA  140.6  41.8 CL  397.4 248.4 Split   343.5 199.8  199.8 nm  2.167 s
Step   565: OL  768.5  167.9  OA  135.8  26.5 CL  401.8 257.3 Split   341.9 211.2  211.2 nm  2.097 s
Step   566: OL  770.2  169.1  OA  133.2  15.5 CL  398.2 254.2 Split   340.0 207.4  207.4 nm  2.239 s
Step   567: OL  771.8  169.6  OA  134.0  12.5 CL  405.8 266.7 Split   339.3 222.6  222.6 nm  2.215 s
Step   568: OL  773.1  169.2  OA  136.9  28.8 CL  414.5 279.9 Split   339.1 238.3  238.3 nm  2.088 s
Step   569: OL  774.4  168.1  OA  134.5  23.9 CL  410.7 274.5 Split   339.2 231.5  231.5 nm  2.219 s
Step   570: OL  775.5  166.4  OA  132.6  14.8 CL  397.9 255.6 Split   338.6 208.9  208.9 nm  2.153 s
Step   571: OL  776.6  164.5  OA  137.3  34.9 CL  388.4 240.2 Split   338.9 189.7  189.7 nm  2.156 s
Step   572: OL  777.7  162.6  OA  139.5  44.0 CL  385.4 234.5 Split   339.4 182.6  182.6 nm  2.288 s
Step   573: OL  778.9  161.2  OA  137.0  33.5 CL  391.9 245.3 Split   339.1 196.5  196.5 nm  2.250 s
Step   574: OL  780.2  160.7  OA  137.0  29.9 CL  395.2 251.2 Split   338.8 203.5  203.5 nm  2.223 s
Step   575: OL  781.9  161.3  OA  135.6  13.8 CL  403.7 263.8 Split   339.1 219.0  219.0 nm  2.183 s
Step   576: OL  783.9  163.5  OA  138.8  21.6 CL  395.3 251.8 Split   338.4 204.3  204.3 nm  2.271 s
Step   577: OL  786.2  167.5  OA  141.9  34.8 CL  390.7 244.9 Split   338.3 195.4  195.4 nm  2.158 s
Step   578: OL  788.9  173.1  OA  145.2  44.7 CL  384.1 234.9 Split   337.8 182.9  182.9 nm  2.100 s
Step   579: OL  792.1  180.3  OA  143.7  45.1 CL  381.7 232.3 Split   336.9 179.5  179.5 nm  2.169 s
Step   580: OL  795.6  188.9  OA  139.8  31.7 CL  388.6 243.2 Split   336.9 193.7  193.7 nm  2.148 s
Step   581: OL  799.4  198.4  OA  145.8  51.4 CL  381.5 231.8 Split   336.9 178.9  178.9 nm  2.252 s
Step   582: OL  803.5  208.6  OA  151.6  67.6 CL  373.0 217.5 Split   337.2 159.4  159.4 nm  2.202 s
Step   583: OL  807.8  219.0  OA  145.7  53.8 CL  378.4 227.4 Split   336.5 172.9  172.9 nm  2.232 s
Step   584: OL  812.1  229.2  OA  143.7  45.1 CL  392.1 250.8 Split   335.7 202.6  202.6 nm  2.212 s
Step   585: OL  816.4  238.9  OA  141.7  34.5 CL  400.1 263.2 Split   335.6 217.8  217.8 nm  2.162 s
Step   586: OL  820.6  247.8  OA  141.0  26.3 CL  401.7 265.8 Split   335.6 220.8  220.8 nm  2.125 s
Step   587: OL  824.5  255.7  OA  140.7  16.7 CL  398.1 260.2 Split   335.9 213.8  213.8 nm  2.101 s
Step   588: OL  828.0  262.3  OA  140.6  14.0 CL  398.5 261.1 Split   335.6 214.9  214.9 nm  2.163 s
Step   589: OL  831.2  267.4  OA  139.6   7.5 CL  402.3 267.3 Split   335.2 222.5  222.5 nm  2.128 s
Step   590: OL  833.8  270.9  OA  141.5  17.2 CL  396.6 258.0 Split   335.7 211.1  211.1 nm  2.188 s
Step   591: OL  835.9  272.8  OA  144.2  21.2 CL  397.1 256.7 Split   337.5 209.3  209.3 nm  2.234 s
Step   592: OL  837.4  272.9  OA  144.9  22.6 CL  400.2 261.2 Split   337.6 214.8  214.8 nm  2.194 s
Step   593: OL  838.4  271.2  OA  141.9   6.5 CL  403.4 267.5 Split   336.5 222.4  222.4 nm  2.309 s
Step   594: OL  838.8  267.9  OA  140.4   8.9 CL  406.3 273.2 Split   335.5 229.2  229.2 nm  2.256 s
Step   595: OL  838.8  262.9  OA  141.0   2.9 CL  407.3 273.9 Split   336.2 229.8  229.8 nm  2.179 s
Step   596: OL  838.2  256.4  OA  142.4   6.1 CL  406.7 272.5 Split   336.8 228.0  228.0 nm  2.186 s
Step   597: OL  837.4  248.6  OA  143.4   9.7 CL  411.2 279.7 Split   336.3 236.6  236.6 nm  2.096 s
Step   598: OL  836.3  239.6  OA  146.9  28.7 CL  417.4 289.4 Split   335.8 247.9  247.9 nm  2.073 s
Step   599: OL  835.1  229.9  OA  147.3  32.6 CL  413.7 284.2 Split   335.7 241.7  241.7 nm  2.104 s
Step   600: OL  833.8  219.7  OA  145.8  28.8 CL  413.6 285.4 Split   334.7 243.0  243.0 nm  2.079 s
Step   601: OL  832.7  209.4  OA  143.9  11.7 CL  412.0 283.2 Split   334.7 240.3  240.3 nm  2.227 s
Step   602: OL  831.8  199.5  OA  147.9  28.4 CL  423.5 298.7 Split   335.5 258.5  258.5 nm  2.127 s
Step   603: OL  831.3  190.6  OA  151.7  45.1 CL  432.6 312.7 Split   334.4 274.4  274.4 nm  2.348 s
Step   604: OL  831.1  183.3  OA  153.4  53.1 CL  436.2 318.9 Split   333.2 281.5  281.5 nm  2.240 s
Step   605: OL  831.5  177.9  OA  154.3  54.1 CL  438.5 322.3 Split   333.2 285.1  285.1 nm  2.128 s
Step   606: OL  832.4  175.1  OA  154.0  51.9 CL  437.5 320.5 Split   333.6 283.0  283.0 nm  2.172 s
Step   607: OL  833.9  174.9  OA  149.6  46.5 CL  432.6 314.7 Split   332.7 276.5  276.5 nm  2.165 s
Step   608: OL  835.9  177.3  OA  149.7  45.9 CL  430.7 311.4 Split   333.5 272.5  272.5 nm  2.272 s
Step   609: OL  838.5  182.0  OA  149.1  44.9 CL  431.6 310.8 Split   335.1 272.0  272.0 nm  2.336 s
Step   610: OL  841.4  188.6  OA  147.1  26.5 CL  423.8 298.3 Split   336.4 257.7  257.7 nm  2.272 s
Step   611: OL  844.7  196.4  OA  151.2  31.9 CL  427.2 303.2 Split   336.4 263.3  263.3 nm  2.314 s
Step   612: OL  848.2  204.9  OA  154.2  43.0 CL  432.3 311.6 Split   335.1 273.2  273.2 nm  2.097 s
Step   613: OL  851.8  213.5  OA  149.7  36.3 CL  427.2 305.0 Split   334.6 265.6  265.6 nm  2.238 s
Step   614: OL  855.4  221.6  OA  146.8  25.6 CL  421.6 296.8 Split   335.1 255.8  255.8 nm  2.180 s
Step   615: OL  858.7  228.8  OA  144.9   9.8 CL  413.0 284.3 Split   335.3 241.0  241.0 nm  2.179 s
Step   616: OL  861.8  234.7  OA  145.0  16.2 CL  416.4 290.4 Split   334.6 247.9  247.9 nm  2.054 s
Step   617: OL  864.4  239.1  OA  144.9  17.9 CL  417.4 292.4 Split   334.1 250.1  250.1 nm  2.221 s
Step   618: OL  866.6  241.6  OA  146.0  14.5 CL  416.0 290.0 Split   334.8 247.0  247.0 nm  2.044 s
Step   619: OL  868.2  242.3  OA  147.0  10.0 CL  408.7 278.6 Split   335.6 233.2  233.2 nm  2.161 s
Step   620: OL  869.3  241.1  OA  150.2  22.1 CL  401.1 267.0 Split   336.0 219.2  219.2 nm  2.147 s
Step   621: OL  869.9  237.9  OA  151.8  30.4 CL  392.4 256.3 Split   333.8 206.3  206.3 nm  2.212 s
Step   622: OL  870.0  233.1  OA  149.0  30.4 CL  388.8 253.8 Split   331.2 203.5  203.5 nm  2.086 s
Step   623: OL  869.7  226.7  OA  149.6  28.7 CL  388.6 255.1 Split   330.1 205.1  205.1 nm  2.165 s
Step   624: OL  869.2  219.3  OA  153.0  30.6 CL  389.8 256.6 Split   330.4 206.7  206.7 nm  2.205 s
Step   625: OL  868.6  211.2  OA  153.6  35.9 CL  390.8 258.3 Split   330.2 209.1  209.1 nm  2.149 s
Step   626: OL  868.1  203.1  OA  155.9  47.4 CL  380.9 242.5 Split   330.6 189.2  189.2 nm  2.215 s
Step   627: OL  867.8  195.6  OA  155.7  49.8 CL  378.1 239.0 Split   330.1 184.6  184.6 nm  2.251 s
Step   628: OL  867.8  189.5  OA  151.9  43.4 CL  380.8 243.6 Split   329.7 190.5  190.5 nm  2.268 s
Step   629: OL  868.4  185.6  OA  152.1  37.4 CL  386.0 251.7 Split   329.8 200.6  200.6 nm  2.206 s
Step   630: OL  869.5  184.3  OA  153.8  39.8 CL  385.4 249.8 Split   330.6 198.1  198.1 nm  2.285 s
Step   631: OL  871.2  186.1  OA  153.5  44.2 CL  381.0 243.8 Split   329.9 190.5  190.5 nm  2.145 s
Step   632: OL  873.6  190.7  OA  154.1  51.3 CL  377.3 238.8 Split   329.4 183.9  183.9 nm  2.203 s
Step   633: OL  876.6  198.0  OA  151.4  46.4 CL  378.8 241.8 Split   328.9 188.1  188.1 nm  2.214 s
Step   634: OL  880.0  207.1  OA  148.2  30.9 CL  387.8 254.6 Split   329.6 204.3  204.3 nm  2.235 s
Step   635: OL  883.9  217.5  OA  146.6   8.8 CL  400.3 273.2 Split   329.7 227.1  227.1 nm  2.040 s
Step   636: OL  887.9  228.3  OA  148.2  13.7 CL  397.8 269.1 Split   330.2 221.9  221.9 nm  2.119 s
Step   637: OL  891.9  238.8  OA  150.4  33.6 CL  388.5 256.0 Split   329.6 205.7  205.7 nm  2.142 s
Step   638: OL  895.8  248.5  OA  154.6  50.0 CL  380.8 244.3 Split   329.4 191.0  191.0 nm  2.228 s
Step   639: OL  899.4  256.7  OA  151.5  47.3 CL  378.5 242.8 Split   327.8 189.3  189.3 nm  2.029 s
Step   640: OL  902.5  263.1  OA  151.1  42.5 CL  379.0 244.9 Split   326.6 192.2  192.2 nm  2.094 s
Step   641: OL  905.0  267.5  OA  149.6  29.5 CL  386.4 255.9 Split   327.0 206.0  206.0 nm  2.179 s
Step   642: OL  906.9  269.6  OA  148.7  20.6 CL  392.9 265.2 Split   327.5 217.0  217.0 nm  2.099 s
Step   643: OL  908.0  269.4  OA  148.3   6.7 CL  408.9 286.9 Split   328.9 243.0  243.0 nm  2.279 s
Step   644: OL  908.4  266.8  OA  151.1  23.4 CL  419.7 300.5 Split   330.3 258.9  258.9 nm  2.312 s
Step   645: OL  908.2  262.1  OA  156.5  44.0 CL  431.2 316.3 Split   330.4 277.1  277.1 nm  2.197 s
Step   646: OL  907.4  255.4  OA  159.6  52.7 CL  436.0 322.9 Split   330.1 284.8  284.8 nm  2.238 s
Step   647: OL  906.3  247.1  OA  157.7  38.8 CL  429.5 314.1 Split   330.0 274.9  274.9 nm  2.202 s
Step   648: OL  904.9  237.7  OA  152.3  17.6 CL  414.9 295.9 Split   328.2 253.9  253.9 nm  2.127 s
Step   649: OL  903.4  227.8  OA  149.7  18.2 CL  414.2 296.4 Split   326.7 254.6  254.6 nm  2.196 s
Step   650: OL  902.1  217.9  OA  151.8  25.6 CL  419.3 302.8 Split   327.3 262.1  262.1 nm  2.165 s
Step   651: OL  901.1  209.0  OA  152.6  34.2 CL  423.7 309.5 Split   326.5 270.0  270.0 nm  2.310 s
Step   652: OL  900.5  201.7  OA  153.4  34.8 CL  424.6 310.6 Split   326.8 271.1  271.1 nm  2.142 s
Step   653: OL  900.5  196.8  OA  152.6  39.7 CL  426.1 313.3 Split   326.1 274.3  274.3 nm  2.250 s
Step   654: OL  901.1  194.7  OA  155.4  50.5 CL  429.4 319.3 Split   324.6 281.1  281.1 nm  2.216 s
Step   655: OL  902.3  195.8  OA  157.3  52.4 CL  434.6 325.4 Split   325.7 287.8  287.8 nm  2.276 s
Step   656: OL  904.2  199.8  OA  153.7  38.0 CL  426.0 312.7 Split   326.9 273.2  273.2 nm  2.274 s
Step   657: OL  906.7  206.3  OA  152.5  29.1 CL  421.4 306.6 Split   326.8 266.0  266.0 nm  2.240 s
Step   658: OL  909.6  214.8  OA  154.6  36.1 CL  425.9 312.7 Split   326.6 273.4  273.4 nm  2.141 s
Step   659: OL  912.9  224.4  OA  156.1  47.5 CL  432.5 322.4 Split   325.5 284.8  284.8 nm  2.194 s
Step   660: OL  916.4  234.5  OA  154.1  46.4 CL  431.0 321.4 Split   324.5 283.7  283.7 nm  2.244 s
Step   661: OL  919.9  244.5  OA  156.4  50.0 CL  432.8 323.9 Split   324.3 286.6  286.6 nm  2.299 s
Step   662: OL  923.3  253.8  OA  153.4  40.3 CL  424.9 314.0 Split   323.7 275.3  275.3 nm  2.140 s
Step   663: OL  926.4  262.0  OA  149.8  24.8 CL  413.3 298.3 Split   323.6 257.1  257.1 nm  2.282 s
Step   664: OL  929.2  268.7  OA  150.2  16.4 CL  403.9 283.7 Split   325.1 239.6  239.6 nm  2.291 s
Step   665: OL  931.6  273.9  OA  150.1  10.4 CL  399.5 276.8 Split   326.0 231.0  231.0 nm  2.117 s
Step   666: OL  933.4  277.2  OA  150.6  14.3 CL  406.9 286.4 Split   326.9 242.4  242.4 nm  2.155 s
Step   667: OL  934.7  278.8  OA  153.2  24.1 CL  413.6 295.6 Split   327.1 253.2  253.2 nm  2.171 s
Step   668: OL  935.4  278.5  OA  151.4  10.1 CL  410.7 291.9 Split   326.6 249.0  249.0 nm  2.067 s
Step   669: OL  935.6  276.6  OA  151.7   9.7 CL  404.2 282.2 Split   327.2 237.4  237.4 nm  2.127 s
Step   670: OL  935.3  273.0  OA  152.1  24.3 CL  391.4 263.9 Split   326.9 215.2  215.2 nm  2.249 s
Step   671: OL  934.6  268.1  OA  155.4  39.3 CL  382.9 252.6 Split   325.8 201.1  201.1 nm  2.236 s
Step   672: OL  933.7  262.1  OA  158.1  49.0 CL  378.4 245.8 Split   325.9 192.4  192.4 nm  2.112 s
Step   673: OL  932.5  255.2  OA  156.1  38.8 CL  383.2 252.8 Split   326.1 201.3  201.3 nm  2.082 s
Step   674: OL  931.2  247.7  OA  154.6  36.3 CL  385.4 255.0 Split   327.1 203.9  203.9 nm  2.117 s
Step   675: OL  929.9  240.1  OA  153.4  27.6 CL  392.0 262.7 Split   328.8 213.5  213.5 nm  2.144 s
Step   676: OL  928.6  232.6  OA  153.7  25.4 CL  393.8 263.7 Split   330.2 214.6  214.6 nm  2.126 s
Step   677: OL  927.5  225.5  OA  157.8  38.5 CL  387.6 254.3 Split   330.4 202.6  202.6 nm  2.209 s
Step   678: OL  926.7  219.3  OA  160.2  46.8 CL  384.8 251.1 Split   329.7 198.4  198.4 nm  2.252 s
Step   679: OL  926.1  214.2  OA  159.1  40.2 CL  386.5 254.6 Split   329.0 202.7  202.7 nm  2.198 s
Step   680: OL  925.9  210.3  OA  157.1  33.4 CL  388.6 258.3 Split   328.6 207.5  207.5 nm  2.357 s
Step   681: OL  925.9  208.0  OA  157.1  40.1 CL  384.2 252.6 Split   327.8 200.4  200.4 nm  2.351 s
Step   682: OL  926.3  207.1  OA  159.1  49.1 CL  379.2 245.7 Split   327.3 191.6  191.6 nm  2.214 s
Step   683: OL  927.0  207.7  OA  160.8  54.8 CL  378.7 245.1 Split   327.1 190.8  190.8 nm  2.213 s
Step   684: OL  928.0  209.5  OA  159.5  51.1 CL  382.2 250.9 Split   326.7 198.3  198.3 nm  2.264 s
Step   685: OL  929.2  212.3  OA  154.9  34.7 CL  391.4 264.0 Split   327.4 214.5  214.5 nm  2.249 s
Step   686: OL  930.6  216.0  OA  154.0  23.6 CL  395.0 268.7 Split   327.7 220.6  220.6 nm  2.263 s
Step   687: OL  932.1  220.1  OA  152.7  18.2 CL  396.9 271.4 Split   327.7 223.8  223.8 nm  2.211 s
Step   688: OL  933.6  224.4  OA  155.2  30.4 CL  390.8 261.9 Split   328.3 212.0  212.0 nm  2.193 s
Step   689: OL  935.1  228.7  OA  154.4  32.8 CL  388.8 260.0 Split   327.5 209.6  209.6 nm  2.148 s
Step   690: OL  936.6  232.7  OA  152.5  24.6 CL  391.9 265.5 Split   326.7 216.4  216.4 nm  2.177 s
Step   691: OL  937.9  236.1  OA  152.1  25.2 CL  393.6 268.9 Split   326.2 220.2  220.2 nm  2.228 s
Step   692: OL  939.0  238.9  OA  155.5  32.1 CL  389.7 262.8 Split   326.6 212.6  212.6 nm  2.218 s
Step   693: OL  940.0  240.9  OA  156.6  31.5 CL  389.5 261.5 Split   327.5 210.8  210.8 nm  2.336 s
Step   694: OL  940.7  242.0  OA  155.4  20.6 CL  396.4 270.6 Split   328.4 222.0  222.0 nm  2.234 s
Step   695: OL  941.1  242.2  OA  156.8  28.3 CL  393.2 265.1 Split   329.0 215.3  215.3 nm  2.245 s
Step   696: OL  941.3  241.5  OA  153.8  21.8 CL  400.0 275.4 Split   328.5 228.3  228.3 nm  2.155 s
Step   697: OL  941.3  239.8  OA  153.5  22.3 CL  407.9 285.7 Split   329.2 240.8  240.8 nm  2.200 s
Step   698: OL  941.0  237.4  OA  155.2  22.4 CL  419.1 301.1 Split   329.6 258.8  258.8 nm  2.319 s
Step   699: OL  940.6  234.4  OA  157.1  31.8 CL  425.4 310.6 Split   329.0 269.6  269.6 nm  2.209 s
Step   700: OL  940.1  230.9  OA  163.8  55.1 CL  438.2 328.6 Split   328.3 290.2  290.2 nm  2.213 s
Step   701: OL  939.5  227.3  OA  158.6  39.2 CL  426.9 313.8 Split   327.8 273.5  273.5 nm  2.194 s
Step   702: OL  938.9  223.7  OA  157.0  27.5 CL  422.1 306.2 Split   328.7 264.8  264.8 nm  2.166 s
Step   703: OL  938.5  220.7  OA  157.2  30.6 CL  425.0 310.3 Split   328.5 269.6  269.6 nm  2.078 s
Step   704: OL  938.3  218.5  OA  159.2  40.2 CL  432.3 319.1 Split   329.6 279.8  279.8 nm  2.218 s
Step   705: OL  938.3  217.4  OA  159.1  41.8 CL  434.5 320.0 Split   331.3 281.0  281.0 nm  2.168 s
Step   706: OL  938.7  217.9  OA  157.1  33.5 CL  430.6 313.3 Split   332.8 273.2  273.2 nm  2.230 s
Step   707: OL  939.4  220.0  OA  156.4  28.3 CL  424.2 304.0 Split   333.3 262.4  262.4 nm  2.108 s
Step   708: OL  940.6  223.9  OA  158.3  37.2 CL  422.7 302.5 Split   332.8 260.6  260.6 nm  2.149 s
Step   709: OL  942.1  229.6  OA  155.4  30.6 CL  417.9 296.5 Split   332.1 253.7  253.7 nm  2.254 s
Step   710: OL  944.1  236.8  OA  155.5  33.1 CL  425.4 306.3 Split   332.7 265.1  265.1 nm  2.253 s
Step   711: OL  946.5  245.3  OA  157.9  40.9 CL  433.0 315.6 Split   333.8 275.8  275.8 nm  2.218 s
Step   712: OL  949.1  254.7  OA  159.2  44.6 CL  436.1 319.0 Split   334.4 279.9  279.9 nm  2.309 s
Step   713: OL  952.0  264.5  OA  156.2  36.6 CL  430.2 311.1 Split   334.1 271.1  271.1 nm  2.218 s
Step   714: OL  954.9  274.5  OA  157.8  38.2 CL  430.9 313.2 Split   332.8 273.8  273.8 nm  2.163 s
Step   715: OL  957.9  284.1  OA  156.3  31.6 CL  427.1 308.4 Split   332.4 268.2  268.2 nm  2.201 s
Step   716: OL  960.7  292.9  OA  156.1  31.5 CL  424.5 305.2 Split   331.9 264.7  264.7 nm  2.053 s
Step   717: OL  963.2  300.7  OA  155.3  34.8 CL  426.7 308.0 Split   331.9 268.1  268.1 nm  2.271 s
Step   718: OL  965.3  307.0  OA  150.6  12.1 CL  415.4 291.3 Split   332.7 248.7  248.7 nm  2.106 s
Step   719: OL  966.9  311.7  OA  150.1  17.9 CL  410.6 283.9 Split   333.3 239.7  239.7 nm  2.166 s
Step   720: OL  967.9  314.6  OA  151.5  31.0 CL  402.8 272.2 Split   333.5 225.9  225.9 nm  2.206 s
Step   721: OL  968.2  315.5  OA  153.3  25.6 CL  408.1 279.2 Split   334.0 234.4  234.4 nm  2.182 s
Step   722: OL  967.9  314.4  OA  152.0  11.5 CL  402.9 271.7 Split   334.0 225.4  225.4 nm  2.088 s
Step   723: OL  967.0  311.3  OA  152.0   6.1 CL  405.2 276.2 Split   333.0 230.9  230.9 nm  2.359 s
Step   724: OL  965.4  306.3  OA  152.7  17.3 CL  400.6 271.4 Split   331.2 225.4  225.4 nm  2.391 s
Step   725: OL  963.3  299.7  OA  154.5  33.2 CL  392.9 259.9 Split   331.2 211.3  211.3 nm  2.215 s
Step   726: OL  960.8  291.6  OA  158.4  49.9 CL  383.2 245.2 Split   331.2 192.8  192.8 nm  2.285 s
Step   727: OL  958.1  282.4  OA  156.9  45.0 CL  384.3 247.8 Split   330.7 195.8  195.8 nm  2.320 s
Step   728: OL  955.2  272.6  OA  154.8  36.5 CL  387.1 250.6 Split   331.7 199.6  199.6 nm  2.153 s
Step   729: OL  952.4  262.6  OA  155.1  42.9 CL  385.5 246.0 Split   333.2 193.8  193.8 nm  2.198 s
Step   730: OL  949.8  253.1  OA  153.5  40.0 CL  389.7 250.0 Split   335.0 199.1  199.1 nm  2.265 s
Step   731: OL  947.5  244.7  OA  150.7  27.0 CL  395.4 256.8 Split   336.4 207.9  207.9 nm  2.278 s
Step   732: OL  945.7  237.8  OA  152.1  38.9 CL  391.5 250.8 Split   336.2 200.6  200.6 nm  2.134 s
Step   733: OL  944.4  233.1  OA  156.6  57.1 CL  388.0 245.3 Split   336.1 193.8  193.8 nm  2.256 s
Step   734: OL  943.8  230.8  OA  159.7  68.6 CL  384.5 240.3 Split   335.7 187.4  187.4 nm  2.286 s
Step   735: OL  943.8  231.1  OA  156.8  58.4 CL  386.6 243.2 Split   336.1 191.1  191.1 nm  2.221 s
Step   736: OL  944.3  233.7  OA  154.3  49.3 CL  386.6 243.5 Split   335.9 191.4  191.4 nm  2.215 s
Step   737: OL  945.3  238.4  OA  152.4  42.7 CL  387.7 244.8 Split   336.4 192.8  192.8 nm  2.314 s
Step   738: OL  946.8  244.5  OA  155.0  47.8 CL  386.3 240.4 Split   338.0 187.0  187.0 nm  2.205 s
Step   739: OL  948.5  251.4  OA  154.0  49.0 CL  386.9 240.7 Split   338.3 187.6  187.6 nm  2.141 s
Step   740: OL  950.3  258.6  OA  153.4  43.3 CL  392.2 248.9 Split   338.3 198.4  198.4 nm  2.229 s
Step   741: OL  952.0  265.5  OA  154.6  53.5 CL  389.9 246.6 Split   337.2 195.8  195.8 nm  2.395 s
Step   742: OL  953.6  271.6  OA  147.5  38.7 CL  391.1 250.1 Split   336.1 200.1  200.1 nm  2.128 s
Step   743: OL  954.8  276.5  OA  144.2  27.5 CL  394.2 255.4 Split   335.8 206.5  206.5 nm  2.202 s
Step   744: OL  955.6  280.0  OA  147.6  31.3 CL  392.3 252.8 Split   335.8 202.8  202.8 nm  2.083 s
Step   745: OL  956.0  281.7  OA  147.4  30.2 CL  394.1 256.4 Split   335.2 207.3  207.3 nm  2.173 s
Step   746: OL  955.8  281.7  OA  146.1  18.8 CL  405.0 272.7 Split   335.1 227.4  227.4 nm  2.234 s
Step   747: OL  955.1  280.0  OA  147.1  26.3 CL  416.6 289.8 Split   334.9 247.7  247.7 nm  2.198 s
Step   748: OL  953.9  276.7  OA  143.9  10.5 CL  412.8 283.9 Split   335.3 240.9  240.9 nm  2.231 s
Step   749: OL  952.3  272.0  OA  144.0  17.9 CL  412.5 283.1 Split   335.4 240.1  240.1 nm  2.240 s
