/System/Volumes/Data/mnt/g2/scratch/bpeck/mcao/hybrid/maos -o 15as0S_30km60asR_lgs_mcao_study1A/4rayleigh -c A_mcao_hybrid.conf plot.all=1 plot.setup=1 -O powfs.nwfs=[0 4 3 1] wfs.thetax=[ 60.0 0.0 -60.0 -0.0 5 -2.5 -2.5 0] wfs.thetay=[ 0.0 60.0 0.0 -60.0 0 4.33 -4.33 0] powfs0_llt.ox = []*6.5 powfs0_llt.oy=[]*6.5 powfs1_llt.ox = [1.0 0.0 -1.0 -0.0]*6.5 powfs1_llt.oy=[0.0 1.0 0.0 -1.0]*6.5 
Output folder is '15as0S_30km60asR_lgs_mcao_study1A/4rayleigh'.
SRC: /u/bpeck/code/maos v2.9 2.9
BUILT: /u/bpeck/code/maos/build by CLANG (v14.0.0) on 2024/03/22 14:52:24 CPU(F64,+O3) w/o CUDA
Launched at 2024/06/14 09:28:10 in dragon with PID 83929.
The web based job monitor can be accessed at http://localhost:10300
Main config file is /System/Volumes/Data/mnt/g2/scratch/bpeck/mcao/hybrid/A_mcao_hybrid.conf
Warning(path.c:48): Path not found: path=/System/Volumes/Data/mnt/g2/scratch/bpeck/mcao/hybrid/bin; abspath=/System/Volumes/Data/mnt/g2/scratch/bpeck/mcao/hybrid/bin; Ignored.
Warning(path.c:48): Path not found: path=/System/Volumes/Data/mnt/g2/scratch/bpeck/mcao/hybrid/atm; abspath=/System/Volumes/Data/mnt/g2/scratch/bpeck/mcao/hybrid/atm; Ignored.
Warning(readcfg.c:399): sim.apfsm has been renamed to powfs.apfsm.
Warning(readcfg.c:399): sim.epfsm has been renamed to powfs.epfsm.
Warning(readcfg.c:399): sim.alfsm has been renamed to powfs.alfsm.
Warning(readcfg.c:399): sim.commonfsm has been renamed to powfs.commonfsm.
Warning(readcfg.c:399): sim.idealfsm has been renamed to powfs.idealfsm.
Warning(readcfg.c:399): sim.zetafsm has been renamed to powfs.zetafsm.
Warning(readcfg.c:399): sim.f0fsm has been renamed to powfs.f0fsm.
Warning(readcfg.c:399): surf has been renamed to ncpa.surf.
Warning(readcfg.c:399): tsurf has been renamed to ncpa.tsurf.
Warning(readcfg.c:399): sim.ncpa_calib has been renamed to ncpa.calib.
Warning(readcfg.c:399): sim.ncpa_ttr has been renamed to ncpa.ttr.
Warning(readcfg.c:399): sim.ncpa_thetax has been renamed to ncpa.thetax.
Warning(readcfg.c:399): sim.ncpa_thetay has been renamed to ncpa.thetay.
Warning(readcfg.c:399): sim.ncpa_wt has been renamed to ncpa.wt.
Warning(readcfg.c:399): sim.ncpa_hs has been renamed to ncpa.hs.
loaded 139 (133 new) records from '/System/Volumes/Data/mnt/g2/scratch/bpeck/mcao/hybrid/./keck_sim.conf'
loaded  19 ( 19 new) records from '/System/Volumes/Data/mnt/g2/scratch/bpeck/mcao/hybrid/./dm_none.conf'
loaded  19 (  0 new) records from '/System/Volumes/Data/mnt/g2/scratch/bpeck/mcao/hybrid/./keck_DM1.conf'
loaded  19 (  0 new) records from '/System/Volumes/Data/mnt/g2/scratch/bpeck/mcao/hybrid/./keck_DM2.conf'
loaded  19 (  0 new) records from '/System/Volumes/Data/mnt/g2/scratch/bpeck/mcao/hybrid/./keck_DM3.conf'
loaded   0 (  0 new) records from '/System/Volumes/Data/mnt/g2/scratch/bpeck/mcao/hybrid/./keck_dm_multiple.conf'
loaded   7 (  5 new) records from '/System/Volumes/Data/mnt/g2/scratch/bpeck/mcao/hybrid/./atm_mk13n50p_ground_detail.conf'
loaded  69 ( 69 new) records from '/System/Volumes/Data/mnt/g2/scratch/bpeck/mcao/hybrid/./powfs_common.conf'
loaded  44 ( 38 new) records from '/System/Volumes/Data/mnt/g2/scratch/bpeck/mcao/hybrid/./powfs_none.conf'
loaded  45 (  0 new) records from '/System/Volumes/Data/mnt/g2/scratch/bpeck/mcao/hybrid/./keck_shwfs_lgs.conf'
loaded  46 (  0 new) records from '/System/Volumes/Data/mnt/g2/scratch/bpeck/mcao/hybrid/./keck_shwfs_lgs_R20.conf'
loaded  45 (  0 new) records from '/System/Volumes/Data/mnt/g2/scratch/bpeck/mcao/hybrid/./keck_shwfs_ttf_strap.conf'
loaded  44 (  0 new) records from '/System/Volumes/Data/mnt/g2/scratch/bpeck/mcao/hybrid/./keck_shwfs_twfs_lbwfs.conf'
loaded   0 (  0 new) records from '/System/Volumes/Data/mnt/g2/scratch/bpeck/mcao/hybrid/./keck_wfs_hybrid_strap_lbwfs.conf'
loaded  71 ( 71 new) records from '/u/bpeck/code/maos/config/maos/recon.conf'
loaded  80 ( 80 new) records from '/u/bpeck/code/maos/config/maos/dbg.conf'
loaded   4 (  4 new) records from '/System/Volumes/Data/mnt/g2/scratch/bpeck/mcao/hybrid/./keck_fit.conf'
loaded  38 ( 10 new) records from '/System/Volumes/Data/mnt/g2/scratch/bpeck/mcao/hybrid/A_mcao_hybrid.conf'
Overriding plot.all            	0 --> 1
Overriding plot.setup          	0 --> 1
Overriding powfs.nwfs          	[1 1 1 1] --> [0 4 3 1]
Overriding wfs.thetax          	[0 0 0 0] --> [60.0 0.0 -60.0 -0.0 5 -2.5 -2.5 0]
Overriding wfs.thetay          	[0 0 0 0] --> [0.0 60.0 0.0 -60.0 0 4.33 -4.33 0]
Overriding powfs0_llt.ox       	[0]*6.5 --> []*6.5
Overriding powfs0_llt.oy       	[0]*6.5 --> []*6.5
Overriding powfs1_llt.ox       	[0]*6.5 --> [1.0 0.0 -1.0 -0.0]*6.5
Overriding powfs1_llt.oy       	[0]*6.5 --> [0.0 1.0 0.0 -1.0]*6.5
loaded   9 (  0 new) records from 'command line'
loaded  23 ( 23 new) records from '/System/Volumes/Data/mnt/g2/scratch/bpeck/mcao/hybrid/./keck_llt_CL.conf'
loaded  23 ( 23 new) records from '/System/Volumes/Data/mnt/g2/scratch/bpeck/mcao/hybrid/./keck_llt_CL.conf'
draw_helper started
Adjust LGS range by telescope altitude 4145m.
Zenith angle is 30 degree.
    Scaling turbulence height and LGS hs by sec(za).
    Scaling r0 by cos(za)^(3/5).
    Scaling wind speed and LGS signal level by cos(za).
powfs0: Adjusting dx from 0.0078125 to 0.00797222. 
powfs0.llt.fsm: f0=0 Hz, LPF ep=0
powfs2: Adjusting dx from 0.03125 to 0.0287. 
powfs2 is TWFS for powfs0
Warning(parms.c:2297): Layer 1 at 17.3205m is very close to layer 0 at 0m (OK).
Warning(parms.c:2297): Layer 2 at 34.641m is very close to layer 1 at 17.3205m (OK).
Warning(parms.c:2297): Layer 3 at 51.9615m is very close to layer 2 at 34.641m (OK).
dm 0: stroke=300 um is provided in micron.
dm 0: assume ia stroke=20 um is provided in micron.
dm 1: stroke=300 um is provided in micron.
dm 1: assume ia stroke=20 um is provided in micron.
dm 2: stroke=300 um is provided in micron.
dm 2: assume ia stroke=20 um is provided in micron.
There are 1 valid simulation seeds:  1
Output PSF for 10 directions
Used 475 of 475 supplied keys
[00;00mAperture[00;00m is 11 m with sampling 1/128 m
[00;00mTurbulence at 30 degree zenith angle:[00;00m r0=0.128424m, L0=30m, 14 layers.
    Greenwood freq is 25.1Hz, anisoplanatic angle is 1.58 as
    Sampled 8192x8192 at 1/128m. wind dir is randomized.
    layer 0: ht=      0 m, wt= 0.302, ws=  4.8 m/s
    layer 1: ht=     17 m, wt= 0.154, ws=  5.0 m/s
    layer 2: ht=     35 m, wt= 0.041, ws=  5.4 m/s
    layer 3: ht=     52 m, wt= 0.002, ws=  6.6 m/s
    layer 4: ht=    139 m, wt= 0.021, ws=  6.1 m/s
    layer 5: ht=    231 m, wt= 0.010, ws=  6.1 m/s
    layer 6: ht=    323 m, wt= 0.008, ws=  6.1 m/s
    layer 7: ht=    416 m, wt= 0.005, ws=  6.1 m/s
    layer 8: ht=    508 m, wt= 0.001, ws=  6.1 m/s
    layer 9: ht=    932 m, wt= 0.107, ws=  5.6 m/s
    layer 10: ht=   5022 m, wt= 0.144, ws= 11.1 m/s
    layer 11: ht=   9238 m, wt= 0.093, ws= 19.1 m/s
    layer 12: ht=  13856 m, wt= 0.075, ws=  8.2 m/s
    layer 13: ht=  22518 m, wt= 0.036, ws=  4.8 m/s
[00;00mReconstruction[00;00m: r0=0.128424m L0=30m. 14 layers. use cone coordinate.
    layer 0: ht=      0 m, wt= 0.302
    layer 1: ht=     17 m, wt= 0.154
    layer 2: ht=     35 m, wt= 0.041
    layer 3: ht=     52 m, wt= 0.002
    layer 4: ht=    139 m, wt= 0.021
    layer 5: ht=    231 m, wt= 0.010
    layer 6: ht=    323 m, wt= 0.008
    layer 7: ht=    416 m, wt= 0.005
    layer 8: ht=    508 m, wt= 0.001
    layer 9: ht=    932 m, wt= 0.107
    layer 10: ht=   5022 m, wt= 0.144
    layer 11: ht=   9238 m, wt= 0.093
    layer 12: ht=  13856 m, wt= 0.075
    layer 13: ht=  22518 m, wt= 0.036
[00;00mThere are 3 powfs[00;00m
  powfs0: Order 39, LGS at  30 km. Sampling 1/125.436 m. Thres 30%. [00;00mT/T is removed in right hand side in tomography.[00;00m
    Gtilt in reconstruction. Geomtric optics start at 0 with gtilt [00;00m(noisy)[00;00m
  powfs1: Order  1, NGS at inf km. Sampling 1/16 m. Thres 30%. 
    Gtilt in reconstruction. Geomtric optics start at 2 with ztilt [00;00m(noisy)[00;00m
  powfs2: Order 39, NGS at inf km. Sampling 1/34.8432 m. Thres 50%. 
    Gtilt in reconstruction. Geomtric optics start at 50 with gtilt [00;00m(noisy)[00;00m
[00;00mThere are 8 wfs[00;00m
    wfs 0: type 0, at (  60.00,    0.00) arcsec,  30 km, siglev is 1099.85 bkgrnd is 1.5
    wfs 1: type 0, at (   0.00,   60.00) arcsec,  30 km, siglev is 1099.85 bkgrnd is 1.5
    wfs 2: type 0, at ( -60.00,    0.00) arcsec,  30 km, siglev is 1099.85 bkgrnd is 1.5
    wfs 3: type 0, at (   0.00,  -60.00) arcsec,  30 km, siglev is 1099.85 bkgrnd is 1.5
    wfs 4: type 1, at (   5.00,    0.00) arcsec, inf km, siglev is 64529 bkgrnd is 8.273
    wfs 5: type 1, at (  -2.50,    4.33) arcsec, inf km, siglev is 64529 bkgrnd is 8.273
    wfs 6: type 1, at (  -2.50,   -4.33) arcsec, inf km, siglev is 64529 bkgrnd is 8.273
    wfs 7: type 2, at (   0.00,    0.00) arcsec, inf km, siglev is 1.47933e+08 bkgrnd is 25.25
[00;00mThere are 3 DMs[00;00m
  DM 0 at    0km, actuator pitch 0.287m, offset   0, with 300.000000 micron stroke.
    Normalized cubic influence function with inter-actuator coupling of 0.223
  DM 1 at    6km, actuator pitch 0.287m, offset   0, with 300.000000 micron stroke.
    Normalized cubic influence function with inter-actuator coupling of 0.223
  DM 2 at   10km, actuator pitch 0.287m, offset   0, with 300.000000 micron stroke.
    Normalized cubic influence function with inter-actuator coupling of 0.223
[00;00mTomography[00;00m is using CG, with [00;00mNo[00;00m preconditioner, [00;00m40[00;00m iterations, ad hoc split tomo.
[00;00mDM Fitting [00;00mis using CG, with [00;00mNo[00;00m preconditioner, [00;00m10[00;00m iterations
[00;00mThere are 9 fit directions[00;00m
    Fit 0: weight is 0.444, at (   0.00,    0.00) arcsec
    Fit 1: weight is 0.111, at (  15.00,    0.00) arcsec
    Fit 2: weight is 0.111, at (   0.00,   15.00) arcsec
    Fit 3: weight is 0.111, at ( -15.00,    0.00) arcsec
    Fit 4: weight is 0.111, at (   0.00,  -15.00) arcsec
    Fit 5: weight is 0.028, at (  15.00,   15.00) arcsec
    Fit 6: weight is 0.028, at ( -15.00,   15.00) arcsec
    Fit 7: weight is 0.028, at ( -15.00,  -15.00) arcsec
    Fit 8: weight is 0.028, at (  15.00,  -15.00) arcsec
[00;00mThere are 10 evaluation directions[00;00m at sampling 1/128 m.
    Evl 0: weight is 0.100, at (   0.00,    0.00) arcsec
    Evl 1: weight is 0.100, at (   5.00,    0.00) arcsec
    Evl 2: weight is 0.100, at (  10.00,    0.00) arcsec
    Evl 3: weight is 0.100, at (  15.00,    0.00) arcsec
    Evl 4: weight is 0.100, at (  20.00,    0.00) arcsec
    Evl 5: weight is 0.100, at (  25.00,    0.00) arcsec
    Evl 6: weight is 0.100, at (  30.00,    0.00) arcsec
    Evl 7: weight is 0.100, at (  35.00,    0.00) arcsec
    Evl 8: weight is 0.100, at (  45.00,    0.00) arcsec
    Evl 9: weight is 0.100, at (  60.00,    0.00) arcsec
[00;00mSimulation[00;00m start at step 0, end at step 1000, with time step 1/1500s, [00;00mclose loop[00;00m.
After setup_parms:	2.3 MiB.

*** Preparation started at 2024/06/14 09:28:10 in dragon. ***

Using thread pool with 32 threads
Reading aperture amplitude map from KECK.fits
Warning(accphi.c:477): 108578 points not covered by input screen
iwvl 0: Science PSF is using grid size of 2880. The PSF will sum to 6.95167232824563
iwvl 1: Science PSF is using grid size of 2880. The PSF will sum to 6.95167232824563
iwvl 2: Science PSF is using grid size of 2880. The PSF will sum to 6.95167232824563
iwvl 3: Science PSF is using grid size of 2880. The PSF will sum to 6.95167232824563
iwvl 4: Science PSF is using grid size of 2880. The PSF will sum to 6.95167232824563
iwvl 5: Science PSF is using grid size of 2880. The PSF will sum to 6.95167232824563
iwvl 6: Science PSF is using grid size of 2880. The PSF will sum to 6.95167232824563
iwvl 7: Science PSF is using grid size of 2880. The PSF will sum to 6.95167232824563
iwvl 8: Science PSF is using grid size of 2880. The PSF will sum to 6.95167232824563
After setup_aper:	88.4 MiB.

[00;00mSetting up powfs 0 geom[00;00m

There are 36 points in each subaperture of 0.287m.
There are 919 valid subaperture.

[00;00mSetting up powfs 1 geom[00;00m

There are 176 points in each subaperture of 11m.
There are 1 valid subaperture.

[00;00mSetting up powfs 2 geom[00;00m

There are 10 points in each subaperture of 0.287m.
There are 893 valid subaperture.
After setup_powfs_init:	188.0 MiB.

[00;00mSetting up reconstructor geometry.[00;00m

PLOC is 81x81, with sampling of 0.14m (not square)
    DM 0: grid is 42 x 42
    DM 1: grid is 50 x 46
    DM 2: grid is 56 x 50
FLOC is 81x81, with sampling of 0.14m (not square)
Tomography grid is not square:
    layer 0: xloc grid is  81 x  81, sampling is 0.143 m,  5185 points
    layer 1: xloc grid is  81 x  81, sampling is 0.143 m,  5193 points
    layer 2: xloc grid is  81 x  81, sampling is 0.143 m,  5201 points
    layer 3: xloc grid is  81 x  81, sampling is 0.143 m,  5215 points
    layer 4: xloc grid is  81 x  81, sampling is 0.143 m,  5257 points
    layer 5: xloc grid is  82 x  81, sampling is 0.142 m,  5308 points
    layer 6: xloc grid is  82 x  81, sampling is 0.142 m,  5364 points
    layer 7: xloc grid is  83 x  83, sampling is 0.142 m,  5423 points
    layer 8: xloc grid is  84 x  83, sampling is 0.141 m,  5502 points
    layer 9: xloc grid is  86 x  85, sampling is 0.139 m,  5774 points
    layer 10: xloc grid is 113 x 105, sampling is 0.119 m,  9293 points
    layer 11: xloc grid is 152 x 135, sampling is 0.099 m, 15804 points
    layer 12: xloc grid is 218 x 185, sampling is 0.077 m, 30490 points
    layer 13: xloc grid is 563 x 447, sampling is 0.036 m, 181273 points
Setting up surface OPD

Surface 0:
Loading surface OPD from Keck_ncpa_rmswfe130nm.fits
Does not contain SURFEVL. Assume it covers all evaluation directions.
Does not contain SURFWFS, Assume it covers all WFS.

[00;00mSetting up reconstructor[00;00m

Low order modes: nmod=6, mffocus=1, ahst_focus=1, indps=2, indastig=0
Low order control includes WFS 4 5 6
Recon NEA: geom(43.34) geom(43.34) geom(43.34) geom(43.34) geom(2.22) geom(2.22) geom(2.22) geom(0.04)  mas
Setup or update control matrix parameters.
RRtwfs svd threshold is 1e-10
Replacing HA by HA*fit->actextrap
Adding piston cr to fit matrix
Adding TT cr on upper DMs to fit matrix.
    dm 0, mode 1: there are 8 slave actuators
    dm 1, mode 1: there are 242 slave actuators
    dm 2, mode 1: there are 388 slave actuators
Before assembling fit matrix:	726.1 MiB.
Building fit->FR
Building fit->FL
Adding tikhonov constraint of 1.0e-07 to FLM
The maximum eigen value is estimated to be around 7.3e-04
DM Fit number of Low rank terms: 16 in LHS
After assemble fit matrix:	2146.1 MiB.
After setup_recon:	2146.1 MiB.

*** Simulation started at 2024/06/14 09:28:18 in dragon. ***

Running seed 1
Converting windshake PSD to time series.
DM cache with grid 1/13.9373m 1/13.9373m 1/13.9373m
Wind dir: 267.3 261.7 167.0 130.5 300.7  32.3 119.8 139.0 150.8 277.7 203.0 133.1  45.9 265.1 deg
Using /u/bpeck/.aos/cache/atm/vonkarman_14_8192x8192_0.0078125_1115374592d.bin
After genatm:	2305.1 MiB.
Step     #  Open Loop  PR TT  On axis  PR TT  Field RMS PR TT Split     HIGH   TT    LOW     Timing 
Step     0: OL 1045.0  539.0  OA 1051.5 549.1 CL 1045.0 539.0 Split   881.5 531.8  561.2 nm  0.402 s
Step     2: OL 1056.9  559.7  OA  821.0 461.6 CL  823.0 458.8 Split   670.4 452.5  477.4 nm  0.581 s
Step     4: OL 1067.2  576.9  OA  470.0 236.0 CL  461.9 211.8 Split   393.0 169.0  242.6 nm  0.579 s
Step     6: OL 1075.1  589.5  OA  431.5 187.4 CL  564.1 412.2 Split   359.4 282.9  434.8 nm  0.578 s
Step     8: OL 1080.0  596.2  OA  374.4  28.6 CL  480.9 318.0 Split   356.3 220.4  323.0 nm  0.588 s
Step    10: OL 1081.3  596.3  OA  372.6  26.5 CL  489.4 334.7 Split   356.2 235.6  335.6 nm  0.589 s
Step    12: OL 1078.7  589.4  OA  364.1   8.2 CL  448.2 279.8 Split   354.0 182.8  274.9 nm  0.598 s
Step    14: OL 1072.3  575.5  OA  376.0  26.8 CL  414.4 207.3 Split   353.5 118.0  216.2 nm  0.574 s
Step    16: OL 1062.7  555.1  OA  371.1  58.1 CL  416.1 221.9 Split   352.5 116.7  221.2 nm  0.579 s
Step    18: OL 1050.6  529.3  OA  369.1  56.0 CL  554.2 432.6 Split   351.3 303.6  428.6 nm  0.572 s
Step    20: OL 1037.1  499.3  OA  371.0  42.7 CL  462.2 303.1 Split   350.1 202.3  301.8 nm  2.148 s
Step    21: OL 1030.1  483.3  OA  372.8  31.2 CL  482.0 330.8 Split   349.0 228.4  332.4 nm  1.843 s
Step    22: OL 1023.2  467.0  OA  374.3  26.8 CL  414.7 218.9 Split   347.0 128.6  227.0 nm  1.949 s
Step    23: OL 1016.5  450.6  OA  367.7  22.0 CL  472.1 323.4 Split   346.6 217.2  320.5 nm  1.972 s
Step    24: OL 1010.1  434.4  OA  368.5  27.8 CL  513.8 382.6 Split   346.3 266.3  379.6 nm  1.811 s
Step    25: OL 1004.1  418.7  OA  366.3  26.3 CL  507.1 375.9 Split   345.5 258.7  371.1 nm  1.823 s
Step    26: OL  998.6  403.7  OA  388.8  36.9 CL  511.2 365.0 Split   344.2 257.8  378.0 nm  1.872 s
Step    27: OL  993.6  389.6  OA  382.8  40.4 CL  518.4 381.3 Split   345.0 268.2  387.0 nm  1.888 s
Step    28: OL  989.3  376.7  OA  383.4  32.2 CL  497.0 350.4 Split   346.0 242.3  356.7 nm  1.989 s
Step    29: OL  985.7  365.3  OA  391.7  29.5 CL  452.8 273.9 Split   347.3 182.9  290.5 nm  1.938 s
Step    30: OL  982.7  355.4  OA  404.2  34.8 CL  454.6 261.1 Split   347.6 181.4  293.0 nm  1.947 s
Step    31: OL  980.4  347.2  OA  379.8  21.6 CL  445.1 275.8 Split   348.9 181.6  276.4 nm  1.965 s
Step    32: OL  978.9  341.0  OA  374.9  11.1 CL  430.1 256.3 Split   349.3 162.8  250.9 nm  1.978 s
Step    33: OL  978.0  336.7  OA  373.6  15.5 CL  427.7 254.3 Split   347.9 157.5  248.9 nm  1.884 s
Step    34: OL  977.8  334.5  OA  373.3  23.1 CL  464.3 311.6 Split   346.6 202.0  308.9 nm  2.008 s
Step    35: OL  978.3  334.3  OA  375.8  15.5 CL  460.8 303.1 Split   347.3 198.1  302.8 nm  2.039 s
Step    36: OL  979.5  336.2  OA  388.0   9.2 CL  480.6 323.7 Split   348.2 224.1  331.3 nm  2.047 s
Step    37: OL  981.5  340.1  OA  381.8  28.9 CL  511.0 374.0 Split   347.8 268.4  374.3 nm  2.074 s
Step    38: OL  984.2  345.9  OA  393.8  32.2 CL  585.1 462.5 Split   348.0 338.0  470.4 nm  2.065 s
Step    39: OL  987.5  353.6  OA  389.8  25.6 CL  505.7 361.6 Split   349.5 252.5  365.5 nm  2.051 s
Step    40: OL  991.6  363.1  OA  393.9  14.3 CL  494.6 342.4 Split   349.9 235.8  349.6 nm  1.988 s
Step    41: OL  996.3  374.1  OA  390.0  26.1 CL  449.9 277.6 Split   349.9 177.6  282.9 nm  1.971 s
Step    42: OL 1001.6  386.4  OA  392.8  45.8 CL  441.2 262.0 Split   350.0 167.8  268.7 nm  2.109 s
Step    43: OL 1007.6  399.9  OA  393.1  52.9 CL  451.0 280.4 Split   349.8 178.4  284.7 nm  2.171 s
Step    44: OL 1014.0  414.3  OA  404.0  50.8 CL  584.2 457.8 Split   350.1 328.2  467.7 nm  2.338 s
Step    45: OL 1020.9  429.4  OA  417.0  44.2 CL  645.9 525.6 Split   349.4 386.8  543.3 nm  2.087 s
Step    46: OL 1028.2  444.9  OA  407.8  35.9 CL  590.0 463.1 Split   349.8 337.7  475.2 nm  2.155 s
Step    47: OL 1035.7  460.5  OA  395.6  31.1 CL  495.1 344.1 Split   351.2 241.9  348.9 nm  2.058 s
Step    48: OL 1043.3  476.0  OA  388.7  35.6 CL  513.1 376.4 Split   351.5 260.3  373.8 nm  2.156 s
Step    49: OL 1050.8  491.1  OA  384.3  47.6 CL  482.4 337.2 Split   351.5 223.6  330.3 nm  1.959 s
Step    50: OL 1058.2  505.5  OA  389.5  45.2 CL  428.3 249.2 Split   352.0 147.4  244.0 nm  2.245 s
Step    51: OL 1065.3  519.0  OA  397.4  41.0 CL  411.9 207.1 Split   353.1 116.5  212.0 nm  2.096 s
Step    52: OL 1071.8  531.4  OA  392.2  32.0 CL  407.1 201.1 Split   352.8 116.9  203.3 nm  2.107 s
Step    53: OL 1077.8  542.5  OA  386.4  23.2 CL  399.1 189.3 Split   353.2 108.6  185.8 nm  2.099 s
Step    54: OL 1083.2  552.1  OA  387.2   8.5 CL  399.0 186.2 Split   354.3 107.6  183.5 nm  2.050 s
Step    55: OL 1087.7  560.0  OA  396.4  12.3 CL  378.0 116.9 Split   354.2  42.7  132.1 nm  2.070 s
Step    56: OL 1091.4  566.2  OA  399.6  12.3 CL  375.6  95.9 Split   355.0  25.9  122.9 nm  2.020 s
Step    57: OL 1094.1  570.6  OA  400.6   6.5 CL  397.5 165.0 Split   355.7  88.1  177.5 nm  1.983 s
Step    58: OL 1095.9  573.1  OA  402.0   8.1 CL  403.4 173.1 Split   357.0  89.8  187.9 nm  2.018 s
Step    59: OL 1096.7  573.8  OA  410.8  18.1 CL  413.8 173.1 Split   356.4  93.7  210.2 nm  2.079 s
Step    60: OL 1096.6  572.5  OA  416.9  12.2 CL  398.2 124.3 Split   353.8  42.8  182.7 nm  2.020 s
Step    61: OL 1095.5  569.5  OA  421.7  15.8 CL  419.1 179.3 Split   353.9 103.2  224.4 nm  2.010 s
Step    62: OL 1093.5  564.8  OA  402.3   5.6 CL  408.1 190.3 Split   354.2 111.7  202.9 nm  2.031 s
Step    63: OL 1090.7  558.4  OA  391.6  19.1 CL  379.3 142.1 Split   356.0  60.7  131.1 nm  2.026 s
Step    64: OL 1087.1  550.5  OA  399.4  32.0 CL  389.1 152.7 Split   356.2  76.7  156.6 nm  2.093 s
Step    65: OL 1082.9  541.3  OA  415.3  35.5 CL  472.4 292.2 Split   356.9 203.4  309.5 nm  2.085 s
Step    66: OL 1078.2  530.9  OA  413.8  29.9 CL  564.1 426.0 Split   356.9 314.0  436.9 nm  2.065 s
Step    67: OL 1073.3  519.6  OA  403.0  27.9 CL  507.5 356.1 Split   358.1 254.8  359.6 nm  2.103 s
Step    68: OL 1068.0  507.4  OA  389.0  30.3 CL  554.5 427.8 Split   358.0 314.9  423.5 nm  2.184 s
Step    69: OL 1062.6  494.7  OA  387.9  23.7 CL  580.2 458.0 Split   358.3 334.6  456.4 nm  2.084 s
Step    70: OL 1057.2  481.7  OA  388.9  32.7 CL  541.1 409.4 Split   358.2 286.7  405.5 nm  2.161 s
Step    71: OL 1051.8  468.4  OA  391.4  36.9 CL  523.6 384.4 Split   359.1 263.3  381.0 nm  2.114 s
Step    72: OL 1046.6  455.3  OA  396.4  25.2 CL  488.5 335.2 Split   359.4 228.5  330.9 nm  2.114 s
Step    73: OL 1041.6  442.3  OA  410.3  20.6 CL  460.4 279.2 Split   359.2 189.2  288.0 nm  2.061 s
Step    74: OL 1036.9  429.8  OA  407.2  27.5 CL  469.4 297.9 Split   359.7 204.9  301.6 nm  2.165 s
Step    75: OL 1032.5  417.9  OA  403.4  30.8 CL  495.4 339.6 Split   361.4 230.9  338.8 nm  1.983 s
Step    76: OL 1028.6  406.7  OA  415.1  33.4 CL  524.9 372.1 Split   362.4 258.0  379.6 nm  2.137 s
Step    77: OL 1025.1  396.5  OA  409.1  34.1 CL  437.8 240.4 Split   362.9 147.9  244.9 nm  2.049 s
Step    78: OL 1022.1  387.2  OA  406.8  34.6 CL  420.7 208.5 Split   361.9 114.0  214.4 nm  2.150 s
Step    79: OL 1019.5  379.1  OA  414.0  35.7 CL  415.5 186.6 Split   362.3 100.9  203.3 nm  2.102 s
Step    80: OL 1017.5  372.2  OA  405.1  42.4 CL  447.5 263.4 Split   360.6 165.1  265.0 nm  2.096 s
Step    81: OL 1016.0  366.6  OA  400.5  33.6 CL  455.6 281.4 Split   359.7 178.2  279.6 nm  2.279 s
Step    82: OL 1015.0  362.2  OA  399.8  23.8 CL  463.4 295.3 Split   359.5 191.1  292.4 nm  2.192 s
Step    83: OL 1014.4  359.2  OA  396.9  22.3 CL  509.9 365.7 Split   359.8 254.7  361.3 nm  2.088 s
Step    84: OL 1014.4  357.5  OA  393.2  22.2 CL  552.0 422.9 Split   361.0 302.2  417.6 nm  2.232 s
Step    85: OL 1014.8  357.1  OA  393.5  14.0 CL  528.6 385.3 Split   362.5 272.2  384.7 nm  2.113 s
Step    86: OL 1015.7  358.0  OA  395.7   5.6 CL  531.4 383.2 Split   363.4 275.2  387.7 nm  2.083 s
Step    87: OL 1016.9  360.1  OA  394.2  11.1 CL  457.6 282.7 Split   363.4 192.3  278.1 nm  2.115 s
Step    88: OL 1018.6  363.4  OA  392.7  11.1 CL  483.6 326.1 Split   362.8 228.1  319.7 nm  2.096 s
Step    89: OL 1020.7  367.8  OA  407.9  10.8 CL  534.2 392.1 Split   361.8 282.8  393.1 nm  2.017 s
Step    90: OL 1023.2  373.2  OA  410.9   4.8 CL  528.2 382.6 Split   361.9 269.8  384.7 nm  2.089 s
Step    91: OL 1026.0  379.5  OA  405.5  17.8 CL  515.4 367.1 Split   362.5 250.8  366.4 nm  2.180 s
Step    92: OL 1029.2  386.6  OA  398.4  21.2 CL  457.2 283.2 Split   363.4 177.3  277.4 nm  2.106 s
Step    93: OL 1032.6  394.4  OA  399.5  23.5 CL  451.9 272.1 Split   363.8 173.7  268.0 nm  2.187 s
Step    94: OL 1036.2  402.8  OA  404.8  29.0 CL  448.9 263.7 Split   365.2 165.5  261.0 nm  2.131 s
Step    95: OL 1040.1  411.5  OA  418.0  29.2 CL  434.2 223.0 Split   366.6 126.3  232.7 nm  2.186 s
Step    96: OL 1044.2  420.6  OA  428.4  20.3 CL  422.6 179.6 Split   369.1  90.5  205.9 nm  2.208 s
Step    97: OL 1048.4  429.7  OA  419.2  17.5 CL  431.2 215.1 Split   369.7 127.5  221.8 nm  2.097 s
Step    98: OL 1052.6  438.9  OA  427.7  33.3 CL  451.8 242.1 Split   367.9 151.8  262.3 nm  2.172 s
Step    99: OL 1056.9  448.0  OA  420.7  27.5 CL  452.9 251.5 Split   366.9 161.7  265.5 nm  2.102 s
Step   100: OL 1061.2  456.8  OA  413.1  24.5 CL  478.2 302.8 Split   367.8 199.1  305.6 nm  2.080 s
Step   101: OL 1065.3  465.1  OA  417.2  24.6 CL  439.6 230.5 Split   368.8 132.7  239.3 nm  2.149 s
Step   102: OL 1069.2  473.0  OA  421.2  31.1 CL  437.2 224.1 Split   369.1 126.4  234.3 nm  2.069 s
Step   103: OL 1072.9  480.3  OA  412.2  38.0 CL  453.2 264.4 Split   369.0 166.8  263.3 nm  2.122 s
Step   104: OL 1076.3  486.9  OA  409.4  46.8 CL  503.9 344.3 Split   369.7 244.4  342.4 nm  2.142 s
Step   105: OL 1079.4  492.6  OA  410.6  41.7 CL  502.0 341.8 Split   370.5 244.3  338.8 nm  2.277 s
Step   106: OL 1082.2  497.6  OA  413.3  28.7 CL  470.6 287.8 Split   372.1 196.2  288.1 nm  2.197 s
Step   107: OL 1084.5  501.6  OA  405.6  13.0 CL  466.5 287.9 Split   371.8 193.7  281.8 nm  2.067 s
Step   108: OL 1086.3  504.6  OA  409.1  14.9 CL  426.0 216.2 Split   370.6 134.6  210.1 nm  2.258 s
Step   109: OL 1087.7  506.7  OA  411.4   7.7 CL  434.8 232.4 Split   370.4 144.8  227.6 nm  2.143 s
Step   110: OL 1088.6  507.9  OA  409.6  12.3 CL  410.2 183.2 Split   370.3  96.6  176.5 nm  2.139 s
Step   111: OL 1089.1  508.1  OA  423.4  19.1 CL  402.6 126.2 Split   372.0  38.6  153.9 nm  2.098 s
Step   112: OL 1089.1  507.3  OA  418.6   8.7 CL  422.3 188.6 Split   372.1 100.4  199.7 nm  2.071 s
Step   113: OL 1088.8  505.8  OA  410.8   7.3 CL  481.7 308.5 Split   372.8 205.2  305.0 nm  2.119 s
Step   114: OL 1088.1  503.4  OA  407.8   6.2 CL  477.2 302.6 Split   372.4 201.8  298.3 nm  2.085 s
Step   115: OL 1087.1  500.3  OA  405.5   1.8 CL  516.5 361.6 Split   371.6 253.2  358.8 nm  1.991 s
Step   116: OL 1085.8  496.6  OA  417.2   4.0 CL  487.2 312.7 Split   372.2 214.4  314.4 nm  2.172 s
Step   117: OL 1084.3  492.3  OA  419.4   9.6 CL  490.3 316.0 Split   375.0 212.7  315.8 nm  2.229 s
Step   118: OL 1082.6  487.6  OA  421.5  21.2 CL  443.4 234.8 Split   376.1 137.6  235.0 nm  2.181 s
Step   119: OL 1080.8  482.7  OA  420.3  14.0 CL  419.4 187.5 Split   376.0  97.2  185.9 nm  2.134 s
Step   120: OL 1078.8  477.5  OA  420.4   0.9 CL  417.1 183.6 Split   376.6 100.1  179.4 nm  2.178 s
Step   121: OL 1076.9  472.2  OA  423.7  17.5 CL  431.8 203.4 Split   375.3 121.6  213.5 nm  2.175 s
Step   122: OL 1074.9  467.0  OA  426.6  12.9 CL  492.9 315.1 Split   373.6 216.1  321.4 nm  2.259 s
Step   123: OL 1073.1  461.9  OA  421.4  17.9 CL  540.3 389.6 Split   374.2 275.1  389.7 nm  2.188 s
Step   124: OL 1071.5  457.0  OA  413.6   4.8 CL  531.9 380.1 Split   374.4 268.3  377.9 nm  2.180 s
Step   125: OL 1070.0  452.4  OA  412.1  10.8 CL  517.6 361.1 Split   373.1 249.9  358.7 nm  2.182 s
Step   126: OL 1068.6  448.3  OA  419.2  13.1 CL  407.0 153.2 Split   374.3  67.0  159.7 nm  1.974 s
Step   127: OL 1067.4  444.6  OA  423.6  19.2 CL  395.7 111.4 Split   375.2  18.7  125.7 nm  2.117 s
Step   128: OL 1066.3  441.4  OA  425.5  10.8 CL  402.1 123.6 Split   374.2  36.8  147.0 nm  2.042 s
Step   129: OL 1065.5  438.7  OA  417.4   6.0 CL  434.0 211.1 Split   374.7 130.4  219.1 nm  2.024 s
Step   130: OL 1065.0  436.7  OA  416.0   9.2 CL  451.9 246.8 Split   375.9 155.7  250.8 nm  1.885 s
Step   131: OL 1064.7  435.1  OA  419.0  14.2 CL  475.3 287.6 Split   376.5 186.2  290.1 nm  2.040 s
Step   132: OL 1064.7  434.2  OA  422.7  15.7 CL  481.0 294.5 Split   377.1 192.7  298.7 nm  2.018 s
Step   133: OL 1064.9  433.7  OA  424.7   9.4 CL  486.8 306.4 Split   376.8 207.4  308.1 nm  2.056 s
Step   134: OL 1065.2  433.7  OA  426.4  18.7 CL  475.4 289.1 Split   376.2 192.0  290.7 nm  1.996 s
Step   135: OL 1065.7  434.2  OA  425.6   9.3 CL  536.6 383.6 Split   375.3 271.0  383.5 nm  2.035 s
Step   136: OL 1066.4  435.0  OA  418.9  14.7 CL  547.2 399.8 Split   374.4 282.4  399.1 nm  2.109 s
Step   137: OL 1067.2  436.2  OA  420.8  13.6 CL  481.5 295.2 Split   374.6 199.9  302.5 nm  1.979 s
Step   138: OL 1068.1  437.5  OA  425.9  12.7 CL  419.8 171.2 Split   376.3 101.9  186.2 nm  2.123 s
Step   139: OL 1068.9  439.0  OA  446.1  21.5 CL  412.1  94.4 Split   376.8  32.5  166.9 nm  2.202 s
Step   140: OL 1069.8  440.5  OA  448.8  28.0 CL  422.1 144.4 Split   375.5  71.2  192.7 nm  1.993 s
Step   141: OL 1070.6  442.0  OA  440.6  12.5 CL  453.5 233.9 Split   373.8 148.1  256.9 nm  2.119 s
Step   142: OL 1071.4  443.4  OA  428.4   0.9 CL  549.8 400.3 Split   372.4 289.8  404.5 nm  2.036 s
Step   143: OL 1072.2  444.5  OA  427.5   8.5 CL  550.0 401.0 Split   372.0 290.8  405.0 nm  2.196 s
Step   144: OL 1072.9  445.4  OA  435.2  17.4 CL  503.8 329.7 Split   371.4 239.9  340.4 nm  2.052 s
Step   145: OL 1073.4  446.0  OA  435.9  24.7 CL  507.9 337.1 Split   370.7 249.1  347.3 nm  2.129 s
Step   146: OL 1073.6  446.1  OA  438.4  14.1 CL  555.0 404.0 Split   371.1 299.5  412.7 nm  2.101 s
Step   147: OL 1073.8  445.9  OA  425.5  14.5 CL  495.1 326.2 Split   372.9 232.9  325.8 nm  2.026 s
Step   148: OL 1073.7  445.1  OA  421.7  22.2 CL  478.6 302.9 Split   371.5 215.9  301.8 nm  2.033 s
Step   149: OL 1073.3  443.9  OA  420.1  22.5 CL  537.4 389.5 Split   368.4 288.1  391.3 nm  2.050 s
Step   150: OL 1072.8  442.2  OA  414.7  12.2 CL  497.9 333.0 Split   368.1 236.2  335.3 nm  1.950 s
Step   151: OL 1072.1  440.0  OA  420.3   7.4 CL  445.2 239.2 Split   368.5 151.9  249.7 nm  2.063 s
Step   152: OL 1071.2  437.3  OA  426.3   6.4 CL  451.9 246.5 Split   369.8 161.7  259.7 nm  1.965 s
Step   153: OL 1070.1  434.3  OA  440.9  14.4 CL  430.9 179.4 Split   370.9 108.7  219.3 nm  2.016 s
Step   154: OL 1068.8  430.9  OA  454.0  27.8 CL  460.5 227.4 Split   368.7 162.3  276.0 nm  2.063 s
Step   155: OL 1067.5  427.1  OA  456.1  31.7 CL  511.1 320.5 Split   367.8 241.0  354.9 nm  2.141 s
Step   156: OL 1066.0  423.1  OA  444.6  22.2 CL  476.8 275.6 Split   368.5 195.8  302.6 nm  2.137 s
Step   157: OL 1064.5  419.0  OA  425.7  24.2 CL  443.6 237.7 Split   368.6 153.4  246.9 nm  2.156 s
Step   158: OL 1062.9  414.7  OA  419.8  14.9 CL  416.2 192.0 Split   367.8 109.1  194.7 nm  2.089 s
Step   159: OL 1061.4  410.4  OA  416.4  16.4 CL  421.4 204.3 Split   367.9 118.2  205.4 nm  2.142 s
Step   160: OL 1059.8  406.2  OA  416.9  13.8 CL  457.1 264.6 Split   368.3 168.9  270.7 nm  2.145 s
Step   161: OL 1058.3  402.1  OA  419.9   9.1 CL  484.5 303.3 Split   367.6 204.6  315.5 nm  2.188 s
Step   162: OL 1056.9  398.3  OA  431.8   7.3 CL  447.3 216.3 Split   368.3 131.7  253.9 nm  2.187 s
Step   163: OL 1055.6  394.8  OA  441.4  23.1 CL  450.1 202.9 Split   368.0 115.3  259.2 nm  1.998 s
Step   164: OL 1054.5  391.6  OA  447.4  22.5 CL  476.5 236.3 Split   368.1 145.0  302.5 nm  2.213 s
Step   165: OL 1053.6  388.9  OA  433.4  11.9 CL  486.9 281.9 Split   366.9 189.7  320.1 nm  2.134 s
Step   166: OL 1052.8  386.8  OA  424.9  18.0 CL  546.6 386.4 Split   365.9 278.9  406.0 nm  2.248 s
Step   167: OL 1052.2  385.1  OA  421.7  11.7 CL  509.1 335.2 Split   365.7 238.8  354.2 nm  2.157 s
Step   168: OL 1051.9  384.2  OA  415.7   4.5 CL  498.1 332.0 Split   364.4 234.4  339.5 nm  2.130 s
Step   169: OL 1051.7  383.8  OA  414.2   8.8 CL  502.0 337.6 Split   362.7 240.9  347.1 nm  2.085 s
Step   170: OL 1051.8  384.2  OA  413.1  21.9 CL  481.6 315.5 Split   361.2 221.3  318.6 nm  2.051 s
Step   171: OL 1052.2  385.3  OA  430.5  24.6 CL  465.8 253.2 Split   361.6 171.5  293.6 nm  2.042 s
Step   172: OL 1052.8  387.1  OA  430.6  26.0 CL  440.7 211.4 Split   361.5 136.8  251.9 nm  2.019 s
Step   173: OL 1053.7  389.6  OA  449.6  28.0 CL  437.3 174.7 Split   362.8 105.2  244.1 nm  2.092 s
Step   174: OL 1054.9  392.9  OA  447.7  13.7 CL  428.9 154.2 Split   363.8  85.6  227.3 nm  2.087 s
Step   175: OL 1056.3  396.9  OA  436.5  12.8 CL  443.6 216.9 Split   363.1 143.2  254.9 nm  2.049 s
Step   176: OL 1058.0  401.6  OA  421.6   8.2 CL  442.9 239.6 Split   363.3 157.4  253.4 nm  1.972 s
Step   177: OL 1060.0  407.0  OA  421.6  11.2 CL  431.3 213.6 Split   363.1 134.3  232.8 nm  2.042 s
Step   178: OL 1062.2  413.0  OA  427.1   6.3 CL  427.7 203.6 Split   363.2 128.0  225.9 nm  2.112 s
Step   179: OL 1064.7  419.6  OA  439.2  10.7 CL  431.4 177.1 Split   363.8 101.5  231.9 nm  2.073 s
Step   180: OL 1067.4  426.7  OA  442.1  16.9 CL  423.4 135.3 Split   363.9  68.7  216.5 nm  2.070 s
Step   181: OL 1070.3  434.2  OA  434.3  32.5 CL  424.1 179.0 Split   363.2 108.6  219.0 nm  2.155 s
Step   182: OL 1073.4  442.0  OA  424.2  35.1 CL  492.5 319.9 Split   360.7 231.5  335.4 nm  2.125 s
Step   183: OL 1076.7  450.1  OA  418.7  20.9 CL  538.6 393.8 Split   358.9 291.1  401.6 nm  2.140 s
Step   184: OL 1080.0  458.3  OA  416.5  14.0 CL  526.1 379.6 Split   359.0 279.9  384.6 nm  2.225 s
Step   185: OL 1083.4  466.6  OA  421.8   3.0 CL  457.8 263.2 Split   361.3 177.2  281.1 nm  2.276 s
Step   186: OL 1086.8  474.7  OA  435.0   8.4 CL  431.4 169.9 Split   361.3 101.0  235.8 nm  2.189 s
Step   187: OL 1090.1  482.6  OA  435.9  20.0 CL  450.9 210.2 Split   360.1 143.3  271.3 nm  2.032 s
Step   188: OL 1093.2  490.0  OA  433.9  13.5 CL  411.9 132.4 Split   359.2  67.6  201.6 nm  2.138 s
Step   189: OL 1096.2  497.0  OA  416.1  25.1 CL  426.3 210.6 Split   359.1 134.8  229.8 nm  2.154 s
Step   190: OL 1098.9  503.3  OA  416.4  24.2 CL  430.3 225.4 Split   360.0 144.9  235.7 nm  2.101 s
Step   191: OL 1101.2  508.8  OA  416.3  15.1 CL  424.7 213.6 Split   359.4 133.7  226.3 nm  2.145 s
Step   192: OL 1103.2  513.3  OA  416.6  11.9 CL  407.6 169.7 Split   358.8  96.6  193.5 nm  2.033 s
Step   193: OL 1104.6  516.7  OA  412.6   9.9 CL  415.0 176.9 Split   359.1 108.9  208.0 nm  2.083 s
Step   194: OL 1105.4  518.9  OA  409.1   6.4 CL  415.4 186.4 Split   358.6 113.7  209.8 nm  2.199 s
Step   195: OL 1105.6  519.8  OA  410.7   5.8 CL  388.7 129.6 Split   358.3  59.9  150.8 nm  2.094 s
Step   196: OL 1105.2  519.2  OA  420.9  12.5 CL  418.9 194.4 Split   357.3 123.8  218.6 nm  2.068 s
Step   197: OL 1104.0  517.2  OA  408.7   7.0 CL  427.7 224.4 Split   357.2 144.8  235.2 nm  2.013 s
Step   198: OL 1102.1  513.6  OA  407.5   7.3 CL  524.1 373.3 Split   356.7 268.9  383.9 nm  2.115 s
Step   199: OL 1099.5  508.4  OA  405.9   8.1 CL  576.4 445.8 Split   355.3 328.8  453.9 nm  2.152 s
Step   200: OL 1096.2  501.7  OA  408.9   7.4 CL  520.2 371.1 Split   355.4 272.6  379.8 nm  2.035 s
Step   201: OL 1092.2  493.3  OA  412.3  16.3 CL  478.0 307.0 Split   356.7 220.2  318.1 nm  2.123 s
Step   202: OL 1087.6  483.5  OA  425.6  28.1 CL  408.7 144.8 Split   357.1  90.1  198.7 nm  2.074 s
Step   203: OL 1082.4  472.3  OA  434.5  43.8 CL  410.1 112.5 Split   356.4  58.5  202.8 nm  2.237 s
Step   204: OL 1076.8  459.8  OA  446.1  34.7 CL  418.2  83.2 Split   355.5  38.6  220.4 nm  2.224 s
Step   205: OL 1070.8  446.2  OA  431.9  41.6 CL  452.1 233.1 Split   355.2 167.5  279.6 nm  2.089 s
Step   206: OL 1064.6  431.7  OA  411.6  48.1 CL  481.8 312.8 Split   355.3 230.3  325.4 nm  2.199 s
Step   207: OL 1058.2  416.4  OA  410.4  50.7 CL  471.8 289.3 Split   356.2 204.0  309.3 nm  2.100 s
Step   208: OL 1051.8  400.6  OA  414.1  52.2 CL  474.1 282.9 Split   356.3 191.3  312.8 nm  1.968 s
Step   209: OL 1045.5  384.6  OA  418.1  57.9 CL  446.8 234.8 Split   355.9 154.2  270.2 nm  2.050 s
Step   210: OL 1039.5  368.6  OA  418.2  46.2 CL  442.2 229.4 Split   354.6 161.3  264.2 nm  2.070 s
Step   211: OL 1033.7  352.9  OA  420.5  43.9 CL  449.9 234.6 Split   354.8 162.4  276.7 nm  2.080 s
Step   212: OL 1028.3  337.8  OA  416.4  47.2 CL  419.7 185.2 Split   355.2 123.7  223.5 nm  2.009 s
Step   213: OL 1023.4  323.5  OA  413.7  48.0 CL  397.9 127.5 Split   356.2  54.9  177.4 nm  2.260 s
Step   214: OL 1019.0  310.4  OA  415.0  34.8 CL  392.6  94.8 Split   356.0  17.1  165.5 nm  2.230 s
Step   215: OL 1015.1  298.5  OA  426.3  34.7 CL  436.3 176.6 Split   355.7 101.0  252.5 nm  2.080 s
Step   216: OL 1011.8  288.1  OA  426.6  34.7 CL  455.8 216.6 Split   355.0 135.2  285.9 nm  2.297 s
Step   217: OL 1009.0  279.4  OA  406.1  23.6 CL  451.9 253.5 Split   353.4 169.7  281.5 nm  2.270 s
Step   218: OL 1006.8  272.5  OA  405.9  19.0 CL  464.2 274.7 Split   351.8 189.7  302.8 nm  2.137 s
Step   219: OL 1005.0  267.5  OA  402.5  14.2 CL  533.9 389.3 Split   350.5 286.9  402.7 nm  2.194 s
Step   220: OL 1003.8  264.4  OA  399.1   3.5 CL  545.2 406.8 Split   350.5 303.5  417.6 nm  2.116 s
Step   221: OL 1003.0  263.3  OA  401.2   9.2 CL  553.8 413.8 Split   350.1 310.8  429.1 nm  2.075 s
Step   222: OL 1002.8  264.2  OA  397.9   8.7 CL  522.8 378.5 Split   349.6 283.6  388.7 nm  2.246 s
Step   223: OL 1003.2  267.2  OA  400.5  18.1 CL  452.3 266.5 Split   349.5 189.0  287.1 nm  2.186 s
Step   224: OL 1004.1  272.2  OA  403.7  20.0 CL  428.9 221.2 Split   349.2 153.7  248.9 nm  2.166 s
Step   225: OL 1005.6  279.2  OA  408.3  19.7 CL  411.9 174.0 Split   349.5 110.1  218.0 nm  2.031 s
Step   226: OL 1007.7  288.2  OA  405.5  30.8 CL  407.5 163.5 Split   349.4  95.8  209.7 nm  2.204 s
Step   227: OL 1010.5  299.2  OA  411.7  40.1 CL  434.1 203.8 Split   349.9 145.9  256.9 nm  2.060 s
Step   228: OL 1013.8  311.8  OA  424.0  47.0 CL  462.7 232.2 Split   350.2 177.3  302.4 nm  2.177 s
Step   229: OL 1017.8  326.0  OA  423.6  38.7 CL  483.8 269.9 Split   349.6 202.6  334.5 nm  2.173 s
Step   230: OL 1022.5  341.6  OA  417.1  50.7 CL  479.0 272.3 Split   348.0 199.8  329.2 nm  2.122 s
Step   231: OL 1027.7  358.2  OA  417.7  47.2 CL  477.0 264.1 Split   348.0 192.2  326.3 nm  2.199 s
Step   232: OL 1033.4  375.6  OA  414.5  51.4 CL  427.6 176.4 Split   347.2 116.9  249.6 nm  2.070 s
Step   233: OL 1039.4  393.3  OA  405.3  55.1 CL  494.0 317.8 Split   347.7 228.8  350.8 nm  2.154 s
Step   234: OL 1045.8  411.0  OA  418.3  58.2 CL  582.2 426.9 Split   347.6 327.3  467.1 nm  2.164 s
Step   235: OL 1052.2  428.4  OA  409.0  63.4 CL  521.0 355.1 Split   347.1 271.3  388.5 nm  2.030 s
Step   236: OL 1058.5  445.1  OA  406.8  61.9 CL  475.5 288.7 Split   347.7 220.8  324.4 nm  2.030 s
Step   237: OL 1064.7  460.7  OA  399.4  55.0 CL  511.5 354.2 Split   346.4 268.4  376.4 nm  2.089 s
Step   238: OL 1070.4  474.9  OA  400.5  43.4 CL  540.4 390.0 Split   345.3 294.9  415.7 nm  2.090 s
Step   239: OL 1075.4  487.3  OA  401.8  45.1 CL  540.6 389.0 Split   344.5 294.6  416.7 nm  2.170 s
Step   240: OL 1079.6  497.8  OA  407.9  50.0 CL  458.5 256.7 Split   344.1 186.8  303.1 nm  2.076 s
Step   241: OL 1082.9  506.0  OA  400.0  33.4 CL  423.4 203.9 Split   344.7 141.9  245.8 nm  2.054 s
Step   242: OL 1085.1  511.9  OA  395.5  22.5 CL  469.9 299.9 Split   345.3 222.4  318.7 nm  2.160 s
Step   243: OL 1086.1  515.2  OA  401.0   6.8 CL  471.8 295.6 Split   345.2 216.1  321.6 nm  2.214 s
Step   244: OL 1085.9  515.8  OA  398.1   6.4 CL  421.8 201.9 Split   344.7 137.9  243.1 nm  2.280 s
Step   245: OL 1084.4  513.8  OA  398.3  13.1 CL  414.5 175.4 Split   344.1 118.2  231.1 nm  2.124 s
Step   246: OL 1081.7  509.1  OA  397.7   7.5 CL  446.9 238.6 Split   343.0 167.9  286.5 nm  2.092 s
Step   247: OL 1077.8  501.9  OA  400.3  17.5 CL  509.9 338.5 Split   341.8 245.3  378.5 nm  2.188 s
Step   248: OL 1072.7  492.2  OA  398.7  24.5 CL  535.0 377.4 Split   341.1 280.2  412.2 nm  2.097 s
Step   249: OL 1066.7  480.3  OA  410.5  29.6 CL  440.4 200.6 Split   340.4 133.9  279.3 nm  2.200 s
Step   250: OL 1059.8  466.3  OA  429.4  47.3 CL  444.5 174.6 Split   339.9 120.8  286.5 nm  2.063 s
Step   251: OL 1052.3  450.5  OA  427.2  40.9 CL  448.5 189.0 Split   339.1 134.2  293.5 nm  2.030 s
Step   252: OL 1044.4  433.2  OA  422.2  39.0 CL  442.8 191.0 Split   339.6 138.4  284.3 nm  2.062 s
Step   253: OL 1036.2  414.7  OA  426.0  47.7 CL  455.8 218.6 Split   339.3 169.9  304.3 nm  2.083 s
Step   254: OL 1027.9  395.4  OA  403.5  52.3 CL  430.4 208.6 Split   338.5 157.1  265.8 nm  2.093 s
Step   255: OL 1019.8  375.7  OA  398.7  48.3 CL  397.9 143.9 Split   338.3 107.5  209.4 nm  2.002 s
Step   255 updated high order loop gain: 0.443
Step   255 updated low order loop gain : 0.297
Step   256: OL 1012.0  355.8  OA  389.9  47.5 CL  403.6 180.2 Split   336.6 137.6  222.7 nm  2.129 s
Step   257: OL 1004.7  336.1  OA  389.4  55.3 CL  393.1 151.7 Split   335.6 110.6  204.7 nm  2.041 s
Step   258: OL  997.8  317.1  OA  398.3  68.2 CL  404.9 161.8 Split   334.5 124.6  228.2 nm  2.121 s
Step   259: OL  991.6  299.0  OA  402.8  87.1 CL  421.9 201.4 Split   334.8 168.6  256.8 nm  2.331 s
Step   260: OL  986.0  282.1  OA  402.5  81.2 CL  412.2 173.1 Split   335.8 139.7  239.0 nm  2.121 s
Step   261: OL  981.0  266.7  OA  402.1  72.8 CL  403.9 142.1 Split   335.7 103.1  224.5 nm  2.155 s
Step   262: OL  976.7  252.9  OA  391.2  60.3 CL  434.1 228.2 Split   335.8 164.7  275.0 nm  2.210 s
Step   263: OL  972.9  240.9  OA  390.2  61.5 CL  453.5 262.3 Split   335.4 193.2  305.2 nm  2.137 s
Step   264: OL  969.7  230.8  OA  384.9  57.9 CL  460.0 281.0 Split   334.5 213.7  315.7 nm  2.084 s
Step   265: OL  967.0  222.7  OA  387.3  46.9 CL  435.0 224.6 Split   334.0 159.7  278.8 nm  2.145 s
Step   266: OL  964.9  216.4  OA  391.2  31.3 CL  447.6 236.4 Split   333.0 166.1  299.1 nm  2.252 s
Step   267: OL  963.1  211.9  OA  388.9  21.8 CL  436.0 218.1 Split   332.6 152.5  281.9 nm  2.085 s
Step   268: OL  961.8  209.3  OA  391.3  18.2 CL  443.8 228.6 Split   333.0 160.4  293.4 nm  2.048 s
Step   269: OL  960.8  208.3  OA  393.7  14.1 CL  452.0 237.0 Split   333.3 165.1  305.4 nm  2.201 s
Step   270: OL  960.2  209.0  OA  390.2  14.0 CL  448.4 236.8 Split   334.0 165.1  299.3 nm  2.103 s
Step   271: OL  960.0  211.4  OA  387.5  17.7 CL  418.5 182.4 Split   332.8 119.9  253.7 nm  2.057 s
Step   272: OL  960.1  215.4  OA  391.2   1.5 CL  398.0 119.4 Split   332.4  72.5  218.9 nm  2.093 s
Step   273: OL  960.6  221.1  OA  383.4  13.7 CL  408.6 175.0 Split   331.8 125.0  238.5 nm  2.151 s
Step   274: OL  961.5  228.3  OA  382.7  24.6 CL  396.2 142.3 Split   330.7  92.1  218.2 nm  2.080 s
Step   275: OL  962.9  237.1  OA  388.6  30.1 CL  404.5 141.5 Split   330.7  95.9  232.9 nm  2.123 s
Step   276: OL  964.7  247.2  OA  393.9  33.1 CL  407.7 127.9 Split   330.1  91.2  239.2 nm  2.087 s
Step   277: OL  967.0  258.7  OA  393.1  35.2 CL  457.7 240.3 Split   328.4 184.6  318.8 nm  2.266 s
Step   278: OL  969.7  271.3  OA  380.2  41.2 CL  434.3 222.1 Split   328.9 167.0  283.7 nm  2.163 s
Step   279: OL  972.7  284.7  OA  384.9  44.5 CL  416.3 180.5 Split   329.2 131.7  254.8 nm  2.158 s
Step   280: OL  976.2  298.8  OA  379.4  48.8 CL  432.7 224.4 Split   329.0 167.6  281.0 nm  2.226 s
Step   281: OL  979.9  313.3  OA  393.9  50.5 CL  414.6 150.4 Split   327.8 107.1  253.8 nm  2.199 s
Step   282: OL  983.8  328.0  OA  407.0  51.0 CL  410.9  98.7 Split   326.9  58.4  249.0 nm  1.990 s
Step   283: OL  988.0  342.5  OA  401.0  49.7 CL  399.4  69.9 Split   325.7  22.9  231.2 nm  1.998 s
Step   284: OL  992.2  356.7  OA  396.7  50.4 CL  399.0  86.6 Split   325.4  51.2  230.9 nm  2.096 s
Step   285: OL  996.4  370.2  OA  386.8  60.3 CL  399.6 132.3 Split   325.6  85.3  231.6 nm  1.941 s
Step   286: OL 1000.5  382.8  OA  377.6  57.4 CL  413.5 184.1 Split   325.8 134.1  254.6 nm  2.082 s
Step   287: OL 1004.2  394.4  OA  375.2  48.3 CL  412.4 181.6 Split   325.9 132.0  252.6 nm  2.095 s
Step   288: OL 1007.6  404.7  OA  370.3  38.6 CL  406.6 176.7 Split   325.2 123.1  244.2 nm  2.108 s
Step   289: OL 1010.5  413.6  OA  374.3  35.0 CL  414.8 181.0 Split   325.0 129.0  257.8 nm  2.113 s
Step   290: OL 1012.8  420.9  OA  375.8  28.7 CL  417.5 181.2 Split   326.0 129.1  260.8 nm  2.160 s
Step   291: OL 1014.5  426.7  OA  375.7  28.2 CL  404.9 151.7 Split   326.6 105.2  239.3 nm  1.993 s
Step   292: OL 1015.5  430.7  OA  366.0  18.1 CL  397.4 155.7 Split   325.4 108.9  228.0 nm  2.149 s
Step   293: OL 1015.8  432.9  OA  372.5  22.0 CL  422.7 197.7 Split   324.8 145.5  270.5 nm  2.079 s
Step   294: OL 1015.3  433.4  OA  384.3  23.3 CL  409.3 136.3 Split   324.4  99.3  249.6 nm  2.086 s
Step   295: OL 1014.2  432.1  OA  385.2  17.1 CL  412.5 140.1 Split   324.0 100.4  255.3 nm  2.082 s
Step   296: OL 1012.3  429.1  OA  376.3  15.3 CL  396.0 117.2 Split   324.1  75.8  227.7 nm  2.238 s
Step   297: OL 1009.8  424.5  OA  385.8   9.0 CL  395.2  70.1 Split   324.6  32.1  225.5 nm  2.272 s
Step   298: OL 1006.6  418.3  OA  369.7  10.4 CL  405.9 158.4 Split   323.5 106.8  245.3 nm  2.144 s
Step   299: OL 1002.7  410.8  OA  356.5  10.6 CL  449.7 268.4 Split   323.0 200.9  312.8 nm  2.152 s
Step   300: OL  998.4  401.9  OA  358.4  18.3 CL  446.3 260.3 Split   323.2 194.6  307.7 nm  2.149 s
Step   301: OL  993.6  391.9  OA  367.5  24.6 CL  436.5 230.5 Split   322.6 167.6  294.0 nm  2.187 s
Step   302: OL  988.6  380.9  OA  368.3  30.1 CL  436.6 227.2 Split   321.3 162.8  295.6 nm  2.209 s
Step   303: OL  983.4  369.2  OA  365.7  31.5 CL  407.4 170.6 Split   319.5 116.6  252.7 nm  2.247 s
Step   304: OL  978.1  356.8  OA  364.8  28.5 CL  394.9 139.4 Split   320.0  96.7  231.5 nm  2.253 s
Step   305: OL  972.9  344.0  OA  361.9  30.8 CL  434.2 233.7 Split   320.1 177.9  293.4 nm  2.035 s
Step   306: OL  967.6  331.0  OA  366.1  32.8 CL  449.4 254.9 Split   318.4 192.3  317.2 nm  2.209 s
Step   307: OL  962.3  317.9  OA  389.9  45.4 CL  430.9 174.3 Split   317.5 114.6  291.4 nm  2.052 s
Step   308: OL  957.4  305.0  OA  399.6  56.0 CL  429.3 149.5 Split   316.4  84.0  290.2 nm  2.141 s
Step   309: OL  952.8  292.3  OA  386.7  56.0 CL  410.1 127.5 Split   317.6  72.7  259.5 nm  2.102 s
Step   310: OL  948.4  280.1  OA  389.7  51.0 CL  405.4  98.0 Split   319.3  46.1  249.8 nm  2.096 s
Step   311: OL  944.3  268.4  OA  376.8  45.6 CL  425.7 189.7 Split   320.8 133.8  279.8 nm  2.108 s
Step   312: OL  940.5  257.5  OA  373.3  41.4 CL  440.2 224.5 Split   320.8 163.6  301.5 nm  2.108 s
Step   313: OL  937.0  247.3  OA  371.5  38.1 CL  447.9 236.5 Split   320.1 172.6  313.2 nm  2.148 s
Step   314: OL  933.8  238.1  OA  368.7  43.3 CL  456.9 258.2 Split   318.9 191.8  327.2 nm  2.147 s
Step   315: OL  930.9  229.8  OA  368.2  39.6 CL  417.9 180.9 Split   317.4 131.2  271.8 nm  2.115 s
Step   316: OL  928.4  222.5  OA  373.3  34.0 CL  391.6  84.8 Split   317.7  60.9  228.9 nm  2.178 s
Step   317: OL  926.3  216.2  OA  370.5  22.5 CL  393.8  99.9 Split   317.7  80.3  232.7 nm  2.101 s
Step   318: OL  924.4  210.9  OA  367.0  16.8 CL  402.1 137.1 Split   317.2 104.5  247.1 nm  2.129 s
Step   319: OL  922.7  206.6  OA  371.4  17.8 CL  412.5 158.2 Split   316.1 120.9  265.0 nm  2.127 s
Step   320: OL  921.2  203.3  OA  371.6  20.6 CL  419.2 178.7 Split   315.7 136.9  275.7 nm  2.194 s
Step   321: OL  919.8  201.1  OA  364.5  14.4 CL  431.9 218.3 Split   315.3 162.8  295.2 nm  2.158 s
Step   322: OL  918.6  199.7  OA  365.6   6.6 CL  426.1 202.7 Split   315.6 146.3  286.3 nm  2.066 s
Step   323: OL  917.7  199.4  OA  362.9   6.1 CL  422.0 195.5 Split   315.6 140.6  280.2 nm  2.063 s
Step   324: OL  917.0  200.0  OA  374.8   9.3 CL  413.9 146.7 Split   315.7  97.7  267.6 nm  2.090 s
Step   325: OL  916.5  201.5  OA  394.6   1.8 CL  413.5  80.3 Split   314.9  49.3  268.0 nm  2.149 s
Step   326: OL  916.5  203.9  OA  395.8   1.8 CL  418.5 102.1 Split   314.3  83.6  276.3 nm  2.190 s
Step   327: OL  916.8  207.3  OA  395.2  11.6 CL  417.2 104.0 Split   314.6  79.8  274.0 nm  2.164 s
Step   328: OL  917.3  211.6  OA  382.4  16.8 CL  403.5  99.0 Split   315.5  66.1  251.7 nm  2.179 s
Step   329: OL  917.9  216.8  OA  387.1  20.8 CL  403.9  82.7 Split   315.5  64.3  252.1 nm  2.060 s
Step   330: OL  918.9  222.9  OA  381.6  18.5 CL  398.4  71.8 Split   315.3  56.1  243.5 nm  2.155 s
Step   331: OL  920.1  229.8  OA  370.1  20.6 CL  386.8  50.5 Split   314.9  27.7  224.6 nm  2.281 s
Step   332: OL  921.6  237.5  OA  363.5  26.6 CL  383.9  74.4 Split   313.0  38.0  222.4 nm  2.102 s
Step   333: OL  923.3  246.0  OA  363.9  27.6 CL  389.1  97.7 Split   312.3  61.1  232.1 nm  2.154 s
Step   334: OL  925.2  255.1  OA  385.0  33.3 CL  407.6  91.2 Split   311.8  67.3  262.6 nm  2.023 s
Step   335: OL  927.3  264.8  OA  398.1  35.1 CL  426.4 120.4 Split   312.2  93.9  290.3 nm  2.098 s
Step   336: OL  929.6  275.0  OA  393.8  28.7 CL  434.2 155.9 Split   312.7 112.9  301.1 nm  2.075 s
Step   337: OL  931.9  285.5  OA  392.3  26.3 CL  419.6 113.9 Split   312.9  75.3  279.6 nm  2.132 s
Step   338: OL  934.4  296.2  OA  418.6  22.9 CL  438.4  95.3 Split   313.1  81.8  306.8 nm  2.150 s
Step   339: OL  937.3  307.0  OA  420.8  19.9 CL  438.9  88.5 Split   311.1  67.7  309.6 nm  2.180 s
Step   340: OL  940.1  317.8  OA  369.1  24.7 CL  399.3 111.0 Split   308.9  68.2  253.0 nm  2.058 s
Step   341: OL  942.9  328.3  OA  361.2  32.0 CL  428.1 203.8 Split   308.7 146.2  296.5 nm  2.104 s
Step   342: OL  945.5  338.3  OA  368.1  37.6 CL  435.4 209.3 Split   309.1 154.1  306.8 nm  1.991 s
Step   343: OL  948.1  347.8  OA  369.3  36.0 CL  423.9 180.4 Split   308.8 130.4  290.5 nm  2.095 s
Step   344: OL  950.5  356.6  OA  363.8  42.3 CL  409.4 156.7 Split   307.5 114.8  270.3 nm  1.986 s
Step   345: OL  952.7  364.5  OA  374.2  38.4 CL  405.4 120.5 Split   306.8  90.3  264.9 nm  1.980 s
Step   346: OL  954.7  371.3  OA  373.0  34.4 CL  398.3  88.2 Split   308.0  54.8  252.6 nm  2.022 s
Step   347: OL  956.1  376.9  OA  372.2  32.8 CL  420.4 165.7 Split   310.3 118.6  283.6 nm  1.970 s
Step   348: OL  956.8  381.1  OA  381.0  27.6 CL  419.9 142.4 Split   310.3  95.1  282.9 nm  2.068 s
Step   349: OL  957.0  383.9  OA  358.7  29.8 CL  388.5  99.2 Split   308.7  48.8  235.9 nm  2.153 s
Step   350: OL  956.8  385.2  OA  374.5  23.5 CL  394.1  59.1 Split   307.8  25.3  246.1 nm  2.046 s
Step   351: OL  956.0  384.8  OA  371.7  25.1 CL  392.5  62.6 Split   308.7  27.7  242.5 nm  2.052 s
Step   352: OL  954.4  382.8  OA  371.6  23.3 CL  391.6  60.2 Split   308.9  39.0  240.6 nm  2.191 s
Step   353: OL  952.4  379.1  OA  375.8  18.2 CL  396.4  68.6 Split   308.7  22.1  248.8 nm  2.000 s
Step   354: OL  949.5  373.8  OA  366.7  19.2 CL  400.3 118.5 Split   305.9  66.9  258.2 nm  2.043 s
Step   355: OL  945.9  366.8  OA  363.0  23.8 CL  413.2 166.9 Split   305.0 116.5  278.8 nm  2.202 s
Step   356: OL  941.7  358.2  OA  359.5  33.0 CL  424.4 201.1 Split   305.8 147.9  294.3 nm  2.144 s
Step   357: OL  937.0  348.3  OA  359.9  32.1 CL  411.2 172.3 Split   305.8 127.7  274.9 nm  2.084 s
Step   358: OL  931.9  337.0  OA  338.2  40.1 CL  396.5 175.1 Split   305.9 134.2  252.2 nm  2.033 s
Step   359: OL  926.8  324.7  OA  339.1  55.3 CL  399.7 180.6 Split   305.6 145.2  257.6 nm  2.168 s
Step   360: OL  921.4  311.5  OA  348.3  54.4 CL  394.9 154.3 Split   304.3 122.0  251.8 nm  2.196 s
Step   361: OL  916.0  297.6  OA  358.9  46.1 CL  384.0  92.6 Split   303.6  66.5  235.2 nm  2.093 s
Step   362: OL  910.7  283.3  OA  364.2  47.8 CL  384.6  74.8 Split   304.3  51.8  235.1 nm  2.302 s
Step   363: OL  905.6  268.8  OA  356.7  57.3 CL  398.3 142.8 Split   304.9 113.0  256.3 nm  2.283 s
Step   364: OL  900.4  254.5  OA  353.8  59.9 CL  428.1 215.2 Split   304.5 170.8  300.9 nm  2.310 s
Step   365: OL  895.4  240.7  OA  357.3  60.1 CL  427.4 206.2 Split   303.3 169.7  301.1 nm  2.068 s
Step   366: OL  890.8  227.5  OA  359.1  52.3 CL  425.4 193.7 Split   301.6 164.2  300.1 nm  2.238 s
Step   367: OL  886.6  215.2  OA  362.8  49.6 CL  396.5 119.6 Split   302.5  98.7  256.4 nm  2.204 s
Step   368: OL  883.0  204.1  OA  371.2  41.0 CL  392.4  91.6 Split   303.9  48.3  248.2 nm  2.270 s
Step   369: OL  879.9  194.3  OA  360.3  41.2 CL  385.3  97.9 Split   304.2  63.5  236.5 nm  2.069 s
Step   370: OL  877.3  186.0  OA  351.9  47.9 CL  375.4  91.1 Split   303.9  58.6  220.5 nm  2.102 s
Step   371: OL  875.2  179.1  OA  344.2  35.1 CL  372.6  97.6 Split   302.3  62.0  217.8 nm  2.134 s
Step   372: OL  873.5  173.9  OA  327.7  22.6 CL  387.9 167.7 Split   300.5 123.7  245.4 nm  2.016 s
Step   373: OL  871.9  170.1  OA  333.8  25.1 CL  410.5 206.5 Split   299.6 159.1  280.6 nm  2.110 s
Step   374: OL  870.4  167.9  OA  348.3  26.3 CL  413.8 196.3 Split   299.9 145.3  285.1 nm  2.072 s
Step   375: OL  869.2  167.1  OA  346.1  20.5 CL  413.3 199.6 Split   299.3 146.9  285.0 nm  2.098 s
Step   376: OL  868.2  167.9  OA  347.3   8.5 CL  406.6 186.3 Split   298.2 134.5  276.3 nm  2.065 s
Step   377: OL  867.5  170.1  OA  340.8   1.2 CL  427.6 238.3 Split   297.0 177.7  307.6 nm  2.121 s
Step   378: OL  867.1  173.9  OA  343.0   2.1 CL  434.2 248.5 Split   295.7 186.8  318.0 nm  2.045 s
Step   379: OL  866.9  179.3  OA  346.2   7.7 CL  412.2 202.4 Split   295.9 149.2  286.9 nm  2.097 s
Step   380: OL  867.1  186.2  OA  341.8  20.6 CL  383.1 142.0 Split   296.5  98.0  242.5 nm  2.124 s
Step   381: OL  867.9  194.6  OA  333.3  27.6 CL  392.4 179.3 Split   296.8 126.2  256.8 nm  2.160 s
Step   382: OL  869.2  204.4  OA  344.0  31.6 CL  382.7 137.4 Split   296.7  93.6  241.7 nm  2.169 s
Step   383: OL  870.8  215.5  OA  348.5  36.9 CL  384.1 129.2 Split   294.8  87.0  246.3 nm  2.113 s
Step   384: OL  872.8  227.6  OA  345.4  46.2 CL  392.9 160.2 Split   294.0 111.7  260.7 nm  2.193 s
Step   385: OL  875.1  240.6  OA  347.2  53.5 CL  402.6 186.8 Split   294.1 137.0  274.9 nm  2.120 s
Step   386: OL  877.7  254.2  OA  350.5  56.7 CL  407.2 195.6 Split   293.9 147.8  281.9 nm  2.215 s
Step   387: OL  880.6  268.0  OA  338.8  48.4 CL  392.8 174.3 Split   293.4 128.6  261.1 nm  2.009 s
Step   388: OL  883.7  281.8  OA  346.3  40.6 CL  404.2 186.7 Split   292.6 139.7  278.9 nm  2.202 s
Step   389: OL  886.8  295.2  OA  360.2  48.1 CL  415.6 188.8 Split   293.5 140.4  294.2 nm  2.135 s
Step   390: OL  889.7  308.0  OA  374.7  53.8 CL  394.8 105.5 Split   294.7  69.6  262.7 nm  1.946 s
Step   391: OL  892.7  319.9  OA  364.5  51.2 CL  387.6 117.8 Split   295.0  83.2  251.5 nm  2.218 s
Step   392: OL  895.5  330.7  OA  363.0  47.9 CL  376.7  73.5 Split   294.2  43.6  235.2 nm  2.152 s
Step   393: OL  898.0  340.1  OA  339.0  31.1 CL  370.1 111.0 Split   292.9  73.3  226.3 nm  2.076 s
Step   394: OL  900.0  348.0  OA  334.6  26.8 CL  368.5 122.7 Split   290.8  82.1  226.3 nm  2.095 s
Step   395: OL  901.4  354.2  OA  340.3  27.3 CL  376.2 133.7 Split   289.9  90.0  239.8 nm  2.138 s
Step   396: OL  902.0  358.7  OA  341.4  25.5 CL  371.7 118.8 Split   290.5  76.2  231.9 nm  2.113 s
Step   397: OL  902.0  361.2  OA  330.1  28.7 CL  380.6 165.2 Split   290.1 118.8  246.4 nm  2.141 s
Step   398: OL  901.2  362.0  OA  326.7  25.7 CL  387.3 181.0 Split   290.1 134.1  256.6 nm  2.135 s
Step   399: OL  899.6  360.8  OA  317.9  10.0 CL  378.6 160.3 Split   290.3 124.3  243.0 nm  2.104 s
Step   400: OL  897.4  357.9  OA  316.1  16.2 CL  396.2 199.1 Split   289.1 162.7  271.0 nm  2.031 s
Step   401: OL  894.4  353.3  OA  321.2  13.2 CL  388.9 179.3 Split   288.1 143.7  261.2 nm  1.977 s
Step   402: OL  890.9  347.2  OA  328.8  19.0 CL  400.4 206.4 Split   286.9 163.3  279.3 nm  1.990 s
Step   403: OL  886.7  339.6  OA  330.5  25.2 CL  399.7 208.5 Split   285.3 166.0  280.0 nm  2.078 s
Step   404: OL  882.2  330.8  OA  336.9  26.0 CL  379.2 158.0 Split   285.0 124.5  250.1 nm  2.179 s
Step   405: OL  877.4  321.1  OA  320.2  23.7 CL  366.6 147.6 Split   285.0 118.5  230.6 nm  2.177 s
Step   406: OL  872.6  310.5  OA  322.8  32.2 CL  354.4 105.1 Split   285.3  88.7  210.2 nm  2.067 s
Step   407: OL  867.8  299.5  OA  333.5  34.9 CL  362.2 118.8 Split   286.1  87.8  222.2 nm  2.000 s
Step   408: OL  863.0  288.1  OA  343.5  42.5 CL  378.6 151.6 Split   285.9 117.6  248.2 nm  2.127 s
Step   409: OL  858.2  276.6  OA  330.2  44.6 CL  390.3 196.4 Split   285.6 160.5  266.0 nm  2.038 s
Step   410: OL  853.5  265.4  OA  334.8  37.8 CL  369.6 142.2 Split   284.9 112.0  235.3 nm  2.074 s
Step   411: OL  849.1  254.5  OA  333.3  36.3 CL  362.8 125.5 Split   283.4  96.6  226.5 nm  2.087 s
Step   412: OL  845.0  244.2  OA  315.3  34.4 CL  362.7 152.0 Split   281.7 120.2  228.4 nm  2.038 s
Step   413: OL  841.2  234.6  OA  313.2  32.6 CL  398.3 227.0 Split   281.0 178.9  282.3 nm  2.100 s
Step   414: OL  837.6  226.0  OA  326.4  38.5 CL  388.7 195.8 Split   281.6 155.2  268.0 nm  2.151 s
Step   415: OL  834.2  218.3  OA  328.3  40.7 CL  370.6 153.4 Split   282.1 121.4  240.4 nm  2.523 s
Step   416: OL  831.3  211.8  OA  317.2  33.9 CL  378.6 184.3 Split   282.9 144.2  251.6 nm  2.147 s
Step   417: OL  828.6  206.5  OA  321.4  23.8 CL  363.3 146.8 Split   282.8 110.2  228.0 nm  2.173 s
Step   418: OL  826.5  202.3  OA  332.3  20.3 CL  361.6 130.6 Split   281.5  96.1  226.9 nm  2.091 s
Step   419: OL  824.7  199.4  OA  332.9  19.1 CL  371.2 157.5 Split   279.2 119.7  244.7 nm  2.094 s
Step   420: OL  823.2  197.6  OA  337.2  14.8 CL  359.1 118.4 Split   279.4  82.6  225.6 nm  2.038 s
Step   421: OL  822.0  197.0  OA  335.5   7.8 CL  358.2 116.2 Split   279.1  79.6  224.5 nm  2.063 s
Step   422: OL  821.0  197.5  OA  344.7  12.7 CL  363.8 114.1 Split   278.2  77.8  234.4 nm  2.104 s
Step   423: OL  820.2  199.1  OA  339.7   4.8 CL  366.8 138.3 Split   276.9 101.2  240.6 nm  2.107 s
Step   424: OL  819.6  201.6  OA  312.7   5.9 CL  398.2 234.0 Split   275.3 184.1  287.7 nm  2.056 s
Step   425: OL  819.0  205.1  OA  306.6   4.9 CL  384.4 215.2 Split   275.7 169.2  267.9 nm  2.128 s
Step   426: OL  818.8  209.4  OA  328.6   4.3 CL  373.6 173.6 Split   275.8 130.9  252.0 nm  2.141 s
Step   427: OL  818.8  214.3  OA  337.1   9.3 CL  414.8 243.1 Split   276.0 187.7  309.7 nm  2.113 s
Step   428: OL  818.9  219.8  OA  337.3  17.9 CL  403.4 222.9 Split   276.5 168.3  293.7 nm  2.085 s
Step   429: OL  819.3  225.7  OA  328.7  11.4 CL  363.0 144.8 Split   277.2 105.0  234.3 nm  2.072 s
Step   430: OL  819.9  231.9  OA  330.5   9.1 CL  340.7  62.5 Split   275.7  34.9  200.2 nm  2.075 s
Step   431: OL  820.7  238.0  OA  311.3  12.1 CL  338.4 105.3 Split   274.5  77.7  197.9 nm  2.195 s
Step   432: OL  821.5  244.1  OA  294.9  15.0 CL  373.7 201.1 Split   274.4 156.4  253.8 nm  1.999 s
Step   433: OL  822.0  249.8  OA  307.5  26.7 CL  346.2 135.1 Split   274.1 101.3  211.5 nm  2.076 s
Step   434: OL  822.5  255.0  OA  336.5  32.2 CL  344.5  82.3 Split   274.5  60.2  208.1 nm  1.895 s
Step   435: OL  823.0  259.5  OA  332.5  32.1 CL  338.3  58.2 Split   274.0  35.1  198.5 nm  1.929 s
Step   436: OL  823.3  263.3  OA  333.5  29.3 CL  341.5  48.5 Split   273.3  38.0  204.7 nm  2.048 s
Step   437: OL  823.4  266.1  OA  325.5  27.6 CL  344.7  80.4 Split   272.7  67.1  210.8 nm  2.045 s
Step   438: OL  823.3  267.9  OA  322.8  19.8 CL  340.8  73.7 Split   272.3  60.6  205.0 nm  2.072 s
Step   439: OL  822.8  268.6  OA  327.3  19.7 CL  340.8  51.7 Split   272.7  32.0  204.4 nm  2.051 s
Step   440: OL  821.7  268.1  OA  325.2  14.9 CL  354.8 129.4 Split   272.4  97.5  227.3 nm  1.999 s
Step   441: OL  820.0  266.6  OA  327.1   5.5 CL  350.2 118.8 Split   271.5  90.5  221.1 nm  2.022 s
Step   442: OL  818.0  263.9  OA  322.4   9.1 CL  342.2 111.6 Split   270.9  86.3  209.0 nm  2.076 s
Step   443: OL  815.8  260.2  OA  301.2  20.6 CL  360.4 187.8 Split   269.3 153.6  239.4 nm  2.058 s
Step   444: OL  813.3  255.6  OA  314.4  20.9 CL  376.9 205.7 Split   269.9 166.8  263.1 nm  2.103 s
Step   445: OL  810.5  250.2  OA  311.4  10.7 CL  356.1 165.8 Split   269.6 128.2  232.7 nm  2.167 s
Step   446: OL  807.5  244.2  OA  312.8  16.3 CL  330.5  99.9 Split   269.3  70.7  191.6 nm  2.118 s
Step   447: OL  804.7  237.7  OA  319.8  12.4 CL  327.8  58.9 Split   269.2  39.0  187.0 nm  2.150 s
Step   448: OL  801.8  231.0  OA  318.7  25.4 CL  341.1 101.8 Split   268.3  86.1  210.6 nm  2.277 s
Step   449: OL  798.9  224.2  OA  311.2  31.8 CL  331.2 101.3 Split   267.1  86.2  195.8 nm  2.230 s
Step   450: OL  796.1  217.7  OA  325.7  31.6 CL  333.4  93.8 Split   267.5  72.7  199.1 nm  2.232 s
Step   451: OL  793.5  211.6  OA  311.9  35.4 CL  342.4 143.9 Split   267.4 118.1  214.0 nm  2.177 s
Step   452: OL  791.1  206.1  OA  291.7  36.7 CL  351.0 181.8 Split   268.0 153.4  226.7 nm  2.151 s
Step   453: OL  789.1  201.4  OA  289.7  34.4 CL  350.6 181.2 Split   268.5 151.0  225.4 nm  2.126 s
Step   454: OL  787.3  197.6  OA  295.5  34.3 CL  326.8 119.9 Split   269.1  98.8  185.5 nm  2.092 s
Step   455: OL  785.9  195.0  OA  305.2  37.5 CL  326.9  99.5 Split   269.3  86.6  185.3 nm  2.137 s
Step   456: OL  784.8  193.6  OA  309.1  31.6 CL  339.1 130.7 Split   269.2 106.8  206.1 nm  2.131 s
Step   457: OL  783.9  193.6  OA  317.5  10.6 CL  341.4 127.0 Split   268.2  96.4  211.2 nm  2.061 s
Step   458: OL  783.2  194.9  OA  336.3  14.7 CL  375.0 185.2 Split   268.0 147.5  262.3 nm  2.198 s
Step   459: OL  782.9  197.8  OA  323.4  18.6 CL  361.4 174.3 Split   267.5 140.3  243.1 nm  2.113 s
Step   460: OL  783.0  202.2  OA  316.6  26.2 CL  330.4 108.7 Split   267.7  86.5  193.7 nm  2.043 s
Step   461: OL  783.8  208.2  OA  328.2  23.5 CL  327.7  73.3 Split   268.4  56.3  188.0 nm  2.091 s
Step   462: OL  785.3  215.7  OA  335.4  37.5 CL  337.2  87.9 Split   268.7  74.6  203.7 nm  2.075 s
Step   463: OL  787.5  224.8  OA  361.5  43.6 CL  375.4 148.6 Split   268.8 125.8  262.0 nm  1.979 s
Step   464: OL  790.3  235.4  OA  336.4  50.6 CL  336.3  87.2 Split   268.1  75.7  203.1 nm  2.127 s
Step   465: OL  793.5  247.2  OA  315.6  54.1 CL  337.5 136.6 Split   267.9 114.2  205.2 nm  2.033 s
Step   466: OL  797.0  260.0  OA  308.1  61.3 CL  335.0 138.9 Split   268.7 112.4  200.1 nm  2.002 s
Step   467: OL  800.8  273.7  OA  303.8  57.6 CL  376.5 224.6 Split   269.1 181.6  263.3 nm  2.102 s
Step   468: OL  804.8  287.8  OA  309.3  56.1 CL  343.0 158.3 Split   269.9 126.0  211.7 nm  2.084 s
Step   469: OL  809.2  302.1  OA  296.0  53.6 CL  319.3 115.4 Split   270.2  85.2  170.1 nm  2.061 s
Step   470: OL  814.0  316.2  OA  296.4  57.9 CL  354.1 190.1 Split   270.5 152.1  228.4 nm  2.148 s
Step   471: OL  818.6  329.6  OA  301.9  64.6 CL  350.9 181.3 Split   268.9 151.6  225.4 nm  2.130 s
Step   472: OL  823.1  342.1  OA  330.6  56.0 CL  339.9 121.0 Split   268.6 105.8  208.3 nm  2.073 s
Step   473: OL  827.4  353.2  OA  357.4  39.0 CL  368.0 149.1 Split   267.7 125.0  252.5 nm  2.222 s
Step   474: OL  831.0  362.5  OA  331.4  31.3 CL  334.7 102.7 Split   267.7  81.3  200.8 nm  2.105 s
Step   475: OL  833.8  369.9  OA  291.8  27.1 CL  325.1 133.8 Split   267.9  99.4  184.1 nm  2.164 s
Step   476: OL  835.6  374.9  OA  305.3  19.3 CL  323.0 111.0 Split   269.3  82.0  178.3 nm  2.094 s
Step   477: OL  836.3  377.4  OA  322.7  20.1 CL  332.3 109.6 Split   270.2  81.6  193.5 nm  2.147 s
Step   478: OL  835.7  377.2  OA  314.2  20.4 CL  326.5 104.8 Split   270.5  75.8  182.9 nm  2.218 s
Step   479: OL  833.9  374.2  OA  310.8  11.8 CL  311.9  54.1 Split   269.7  33.7  156.8 nm  2.213 s
Step   480: OL  830.8  368.3  OA  295.8   4.2 CL  306.7  70.7 Split   268.6  56.8  148.0 nm  2.261 s
Step   481: OL  826.6  359.6  OA  303.9  16.4 CL  305.4  54.8 Split   268.2  42.6  146.1 nm  2.125 s
Step   482: OL  821.5  348.3  OA  315.2  24.1 CL  311.1  47.4 Split   268.2  40.2  157.5 nm  2.113 s
Step   483: OL  815.5  334.4  OA  329.0  29.4 CL  325.2  71.4 Split   269.1  59.6  182.7 nm  2.214 s
Step   484: OL  808.9  318.4  OA  324.3  38.4 CL  318.5  53.9 Split   269.5  43.8  169.7 nm  2.175 s
Step   485: OL  801.9  300.5  OA  301.9  52.9 CL  314.6  94.3 Split   269.9  89.0  161.7 nm  2.123 s
Step   486: OL  794.8  281.2  OA  282.4  57.9 CL  323.4 140.4 Split   270.3 131.9  177.5 nm  2.197 s
Step   487: OL  787.9  260.9  OA  295.9  65.1 CL  319.2 120.8 Split   271.5 115.5  167.8 nm  2.126 s
Step   488: OL  781.1  240.3  OA  308.5  67.0 CL  313.5  88.2 Split   273.0  85.2  154.1 nm  2.307 s
Step   489: OL  775.1  219.9  OA  328.6  67.8 CL  319.0  63.7 Split   272.9  45.8  165.2 nm  2.115 s
Step   490: OL  769.7  200.4  OA  355.8  67.2 CL  338.7  65.9 Split   272.1  42.3  201.7 nm  2.072 s
Step   491: OL  765.0  182.5  OA  362.2  58.3 CL  347.7  79.3 Split   271.3  56.8  217.5 nm  2.155 s
Step   492: OL  761.3  166.8  OA  352.8  57.5 CL  338.8  71.6 Split   270.6  52.7  203.8 nm  2.107 s
Step   493: OL  758.4  153.9  OA  343.4  58.1 CL  342.1 105.7 Split   271.1  92.6  208.6 nm  2.031 s
Step   494: OL  756.3  144.0  OA  329.3  60.5 CL  320.1  64.1 Split   272.5  54.7  168.1 nm  2.050 s
Step   495: OL  754.8  137.2  OA  317.4  65.9 CL  327.0 115.8 Split   272.2 101.3  181.2 nm  2.112 s
Step   496: OL  753.7  133.0  OA  331.1  70.2 CL  321.2  71.6 Split   272.0  64.5  170.9 nm  2.064 s
Step   497: OL  753.1  130.8  OA  345.5  53.8 CL  332.4  65.1 Split   271.5  53.2  191.8 nm  2.103 s
Step   498: OL  752.9  130.0  OA  352.6  35.7 CL  338.3  58.1 Split   273.1  35.1  199.7 nm  1.991 s
Step   499: OL  752.8  130.0  OA  325.2  20.0 CL  316.7  35.2 Split   274.7   7.2  157.6 nm  2.055 s
Step   500: OL  752.8  130.2  OA  311.5  17.1 CL  309.1  40.2 Split   276.7  26.1  137.7 nm  2.011 s
Step   501: OL  752.9  130.7  OA  303.1  13.9 CL  309.4  66.6 Split   276.6  46.7  138.6 nm  2.073 s
Step   502: OL  753.0  131.6  OA  305.6  21.5 CL  319.9  84.6 Split   276.9  68.3  160.2 nm  2.078 s
Step   503: OL  753.2  133.3  OA  298.7  27.5 CL  310.4  74.5 Split   276.2  51.5  141.8 nm  2.130 s
Step   504: OL  753.6  136.5  OA  314.2  37.3 CL  326.0 113.0 Split   275.5  87.3  174.3 nm  2.140 s
Step   505: OL  754.3  141.9  OA  325.9  42.6 CL  331.5 114.1 Split   273.6  91.9  187.3 nm  2.167 s
Step   506: OL  755.6  150.1  OA  304.0  47.3 CL  302.2  52.3 Split   274.2  35.4  127.1 nm  2.171 s
Step   507: OL  757.9  161.4  OA  278.6  64.2 CL  298.5  86.2 Split   274.9  52.9  116.3 nm  2.215 s
Step   508: OL  761.3  175.9  OA  273.1  76.7 CL  308.5 115.3 Split   274.8  71.9  140.2 nm  2.238 s
Step   509: OL  765.6  193.2  OA  274.5  77.9 CL  322.8 149.5 Split   275.0 106.8  169.1 nm  2.212 s
Step   510: OL  770.8  212.8  OA  283.2  87.7 CL  314.5 126.8 Split   276.0  88.0  150.8 nm  2.321 s
Step   511: OL  777.1  234.1  OA  298.6  96.9 CL  311.8 113.3 Split   276.7  88.1  143.8 nm  2.135 s
Step   511 updated high order loop gain: 0.408
Step   511 updated low order loop gain : 0.210
Step   512: OL  784.2  256.4  OA  301.3 102.7 CL  311.5 111.1 Split   278.0  88.9  140.5 nm  2.045 s
Step   513: OL  792.0  279.0  OA  311.0 112.7 CL  305.0  83.1 Split   278.4  73.6  124.4 nm  2.243 s
Step   514: OL  800.3  301.3  OA  334.2 121.5 CL  327.6 122.3 Split   279.1 119.4  171.7 nm  2.164 s
Step   515: OL  808.9  322.8  OA  336.3 124.7 CL  332.6 134.9 Split   279.3 131.4  180.5 nm  2.076 s
Step   516: OL  817.5  342.8  OA  335.2 115.1 CL  332.6 131.1 Split   279.0 127.0  181.0 nm  2.145 s
Step   517: OL  825.6  361.0  OA  329.7 101.8 CL  324.1 109.3 Split   278.7 105.2  165.5 nm  2.117 s
Step   518: OL  833.0  377.0  OA  318.3  96.8 CL  314.0  91.9 Split   279.5  85.2  143.0 nm  2.136 s
Step   519: OL  839.4  390.3  OA  310.2  97.9 CL  317.7 118.4 Split   279.4 103.1  151.3 nm  2.137 s
Step   520: OL  844.6  400.8  OA  317.2  98.9 CL  327.4 133.8 Split   279.5 121.9  170.5 nm  2.071 s
Step   521: OL  848.4  408.2  OA  320.0  82.6 CL  346.7 166.0 Split   279.9 146.5  204.5 nm  2.132 s
Step   522: OL  850.7  412.5  OA  307.0  64.9 CL  321.0 117.1 Split   281.2  99.5  154.7 nm  2.192 s
Step   523: OL  851.4  413.5  OA  310.6  55.9 CL  306.1  53.8 Split   282.1  46.7  118.9 nm  2.179 s
Step   524: OL  850.7  411.2  OA  321.4  43.9 CL  314.3  49.0 Split   282.1  39.9  138.5 nm  2.269 s
Step   525: OL  848.5  405.8  OA  319.0  23.3 CL  314.5  38.3 Split   282.6  24.1  138.1 nm  2.007 s
Step   526: OL  844.9  397.4  OA  336.4   7.0 CL  339.1  92.1 Split   282.8  73.9  187.0 nm  2.076 s
Step   527: OL  840.1  386.2  OA  328.3  12.4 CL  345.9 119.3 Split   282.1 102.4  200.2 nm  2.063 s
Step   528: OL  834.3  372.5  OA  330.8  30.9 CL  340.3 104.6 Split   281.5  93.4  191.1 nm  2.086 s
Step   529: OL  827.6  356.5  OA  322.1  38.2 CL  327.1  91.6 Split   281.8  80.4  166.2 nm  2.060 s
Step   530: OL  820.5  338.7  OA  311.9  45.1 CL  312.7  70.9 Split   282.3  64.8  134.4 nm  1.929 s
Step   531: OL  813.3  319.4  OA  304.0  46.9 CL  320.9 110.5 Split   284.0 102.1  149.4 nm  2.110 s
Step   532: OL  806.1  299.1  OA  311.3  57.6 CL  332.3 132.4 Split   284.3 120.9  172.0 nm  2.072 s
Step   533: OL  799.2  278.3  OA  319.1  72.6 CL  340.6 146.4 Split   283.8 135.4  188.4 nm  2.081 s
Step   534: OL  792.8  257.4  OA  325.9  87.1 CL  352.0 168.5 Split   283.9 153.1  208.0 nm  2.072 s
Step   535: OL  787.2  237.1  OA  331.0  92.4 CL  352.2 163.6 Split   284.3 150.1  207.9 nm  2.140 s
Step   536: OL  782.4  217.9  OA  334.1  94.7 CL  338.6 130.5 Split   285.9 118.6  181.5 nm  2.169 s
Step   537: OL  778.4  200.3  OA  333.2  98.1 CL  350.8 159.6 Split   287.3 143.2  201.4 nm  2.236 s
Step   538: OL  775.5  184.9  OA  322.8 105.4 CL  348.3 168.9 Split   287.3 157.5  196.9 nm  2.103 s
Step   539: OL  773.4  172.0  OA  321.5 100.2 CL  357.0 185.0 Split   287.2 169.1  212.0 nm  2.115 s
Step   540: OL  772.2  162.0  OA  305.9  96.8 CL  346.8 177.0 Split   287.1 170.4  194.5 nm  2.160 s
Step   541: OL  771.5  154.9  OA  306.1  94.5 CL  352.3 185.7 Split   286.9 178.0  204.4 nm  2.078 s
Step   542: OL  771.2  150.4  OA  303.4  86.6 CL  357.9 194.5 Split   287.9 184.3  212.7 nm  2.117 s
Step   543: OL  771.4  148.1  OA  301.2  78.0 CL  341.6 167.7 Split   288.1 159.6  183.6 nm  2.226 s
Step   544: OL  771.9  147.5  OA  301.3  75.3 CL  333.1 150.3 Split   288.9 143.9  165.8 nm  2.139 s
Step   545: OL  772.6  147.9  OA  306.3  69.7 CL  317.9 106.7 Split   289.9 103.6  130.5 nm  2.131 s
Step   546: OL  773.6  148.7  OA  312.7  63.8 CL  320.1  96.7 Split   290.7  91.0  134.0 nm  2.183 s
Step   547: OL  774.6  149.6  OA  303.7  48.8 CL  322.2 110.1 Split   290.6  99.9  139.1 nm  2.184 s
Step   548: OL  775.6  150.2  OA  297.5  34.9 CL  322.1 116.0 Split   290.5 101.4  139.0 nm  2.294 s
Step   549: OL  776.8  150.5  OA  288.7  12.9 CL  318.2 113.3 Split   290.8  94.9  129.1 nm  2.131 s
Step   550: OL  777.9  150.6  OA  287.5   7.8 CL  307.4  79.3 Split   291.1  65.3   98.8 nm  2.050 s
Step   551: OL  778.9  150.6  OA  289.1  12.4 CL  301.5  49.3 Split   291.1  36.8   78.6 nm  2.186 s
Step   552: OL  780.0  150.8  OA  283.1  27.2 CL  298.8  54.2 Split   290.1  39.0   71.6 nm  2.105 s
Step   553: OL  781.2  151.7  OA  293.0  33.2 CL  302.8  58.5 Split   290.9  44.9   84.1 nm  2.099 s
Step   554: OL  782.7  153.7  OA  300.8  41.7 CL  304.4  53.9 Split   291.4  43.0   88.2 nm  2.200 s
Step   555: OL  784.5  157.3  OA  310.7  51.5 CL  310.1  56.8 Split   292.5  48.6  103.0 nm  2.113 s
Step   556: OL  786.5  162.7  OA  309.7  66.6 CL  308.3  52.2 Split   294.3  45.3   91.9 nm  2.149 s
Step   557: OL  789.0  170.3  OA  304.5  74.1 CL  303.6  44.0 Split   294.7  28.5   73.0 nm  2.094 s
Step   558: OL  792.0  179.8  OA  305.4  88.8 CL  304.0  56.7 Split   295.2  41.3   72.8 nm  2.252 s
Step   559: OL  795.5  191.3  OA  306.4  89.1 CL  306.4  66.4 Split   295.2  50.9   82.1 nm  2.143 s
Step   560: OL  799.6  204.3  OA  310.5  89.8 CL  310.4  72.4 Split   295.8  61.3   94.0 nm  2.167 s
Step   561: OL  804.2  218.6  OA  304.2  97.3 CL  310.4  82.7 Split   297.0  67.0   90.2 nm  2.224 s
Step   562: OL  809.3  233.6  OA  313.1  99.9 CL  316.4  88.3 Split   297.8  81.1  106.8 nm  2.174 s
Step   563: OL  814.7  248.9  OA  317.2 104.5 CL  327.7 118.2 Split   297.1 107.0  138.2 nm  2.135 s
Step   564: OL  820.4  264.1  OA  312.6 105.7 CL  314.3  87.2 Split   297.2  80.4  102.3 nm  2.225 s
Step   565: OL  826.2  278.9  OA  303.8 106.0 CL  314.5  98.8 Split   297.5  79.7  102.1 nm  2.264 s
Step   566: OL  831.8  292.8  OA  303.3 104.8 CL  324.8 126.9 Split   296.8 102.6  132.0 nm  2.238 s
Step   567: OL  837.2  305.6  OA  296.8  90.8 CL  317.3 112.8 Split   296.0  83.5  114.4 nm  2.242 s
Step   568: OL  842.2  316.8  OA  288.5  82.9 CL  310.0  92.1 Split   296.6  55.9   90.1 nm  2.252 s
Step   569: OL  846.7  326.4  OA  285.3  73.8 CL  317.3 107.9 Split   298.5  67.3  107.7 nm  2.141 s
Step   570: OL  850.6  334.1  OA  292.0  70.1 CL  321.6 115.4 Split   299.0  83.8  118.4 nm  2.254 s
Step   571: OL  853.7  339.8  OA  281.0  64.8 CL  333.9 145.2 Split   299.9 102.2  146.7 nm  2.131 s
Step   572: OL  856.0  343.3  OA  279.9  62.5 CL  339.4 158.9 Split   299.5 117.2  159.6 nm  2.194 s
Step   573: OL  857.3  344.7  OA  280.0  57.4 CL  333.1 147.7 Split   298.7 110.5  147.4 nm  2.194 s
Step   574: OL  857.8  343.8  OA  280.7  42.4 CL  347.5 178.8 Split   298.2 139.9  178.5 nm  2.126 s
Step   575: OL  857.4  340.8  OA  282.5  30.1 CL  326.4 132.4 Split   298.4 101.4  132.1 nm  2.214 s
Step   576: OL  856.2  335.7  OA  281.5  19.8 CL  310.2  87.4 Split   298.4  66.5   84.7 nm  2.152 s
Step   577: OL  854.4  328.7  OA  283.9   9.2 CL  317.2 108.0 Split   298.6  85.4  107.1 nm  2.149 s
Step   578: OL  852.0  320.0  OA  287.0  16.4 CL  326.9 132.2 Split   298.2 105.9  134.0 nm  2.008 s
Step   579: OL  849.0  309.7  OA  286.9  26.0 CL  326.8 131.3 Split   298.7 108.4  132.6 nm  2.176 s
Step   580: OL  845.7  298.1  OA  290.9  37.1 CL  316.6  98.2 Split   299.5  85.5  102.5 nm  2.152 s
Step   581: OL  842.4  285.6  OA  281.9  46.3 CL  331.6 145.4 Split   299.2 128.1  143.0 nm  2.262 s
Step   582: OL  838.9  272.5  OA  285.5  49.2 CL  332.4 144.0 Split   299.6 127.4  143.9 nm  2.142 s
Step   583: OL  835.7  259.0  OA  293.8  55.8 CL  327.6 128.5 Split   298.3 114.4  135.5 nm  2.076 s
Step   584: OL  832.7  245.5  OA  290.6  60.5 CL  347.0 169.5 Split   297.6 150.6  178.6 nm  2.167 s
Step   585: OL  830.0  232.5  OA  293.0  68.6 CL  355.9 186.9 Split   298.0 165.5  194.7 nm  2.100 s
Step   586: OL  827.7  220.3  OA  296.3  70.1 CL  352.0 175.9 Split   297.8 154.4  187.6 nm  2.216 s
Step   587: OL  825.9  209.1  OA  300.9  73.3 CL  355.6 178.2 Split   298.3 152.3  193.5 nm  2.103 s
Step   588: OL  824.5  199.2  OA  302.5  75.6 CL  331.7 133.0 Split   297.9 117.3  145.8 nm  2.141 s
Step   589: OL  823.6  190.9  OA  302.3  72.8 CL  325.4 117.2 Split   298.3 104.7  129.9 nm  2.068 s
Step   590: OL  823.2  184.2  OA  294.6  76.9 CL  325.8 129.7 Split   299.0 125.8  129.4 nm  2.083 s
Step   591: OL  823.3  179.1  OA  302.8  80.6 CL  323.6 117.2 Split   299.0 112.9  123.7 nm  2.143 s
Step   592: OL  823.7  175.4  OA  308.5  80.2 CL  321.2 101.1 Split   299.3  97.4  116.7 nm  2.115 s
Step   593: OL  824.4  173.0  OA  311.5  77.1 CL  319.8  88.6 Split   299.9  83.9  110.9 nm  2.204 s
Step   594: OL  825.2  171.6  OA  300.5  68.7 CL  321.3 110.3 Split   299.2 105.4  116.9 nm  2.100 s
Step   595: OL  826.2  170.9  OA  286.2  55.1 CL  333.8 149.4 Split   298.8 135.4  149.0 nm  2.113 s
Step   596: OL  827.3  170.8  OA  279.0  43.0 CL  340.8 165.3 Split   298.5 149.1  164.4 nm  2.050 s
Step   597: OL  828.4  170.9  OA  279.6  35.1 CL  336.3 154.9 Split   299.2 137.6  153.5 nm  2.009 s
Step   598: OL  829.6  171.2  OA  286.0  31.2 CL  333.3 144.1 Split   298.7 121.0  147.9 nm  2.123 s
Step   599: OL  830.8  171.6  OA  284.2  22.4 CL  345.1 170.0 Split   299.2 139.8  172.0 nm  2.162 s
Step   600: OL  832.0  172.2  OA  281.4  10.1 CL  339.5 160.1 Split   300.3 131.5  158.3 nm  2.109 s
Step   601: OL  833.1  172.8  OA  278.4   3.8 CL  329.4 140.1 Split   300.1 115.1  135.9 nm  2.050 s
Step   602: OL  834.4  173.7  OA  284.0   3.5 CL  314.9  99.9 Split   299.4  78.4   97.6 nm  2.298 s
Step   603: OL  835.7  175.0  OA  287.4  10.5 CL  305.0  55.9 Split   299.5  38.2   57.5 nm  2.124 s
Step   604: OL  837.2  176.7  OA  281.4  19.0 CL  313.5  98.7 Split   299.3  74.0   93.5 nm  2.081 s
Step   605: OL  838.7  179.0  OA  278.3  26.4 CL  306.4  76.3 Split   298.8  55.0   67.6 nm  2.093 s
Step   606: OL  840.5  181.9  OA  279.6  36.3 CL  305.5  69.2 Split   299.7  45.6   59.2 nm  2.101 s
Step   607: OL  842.5  185.5  OA  282.4  45.7 CL  308.1  73.2 Split   299.9  42.3   70.6 nm  2.136 s
Step   608: OL  844.6  189.8  OA  289.4  57.1 CL  302.3  38.3 Split   300.6  15.5   32.2 nm  2.104 s
Step   609: OL  846.8  194.6  OA  291.6  62.0 CL  302.9  42.4 Split   300.3  23.2   40.2 nm  1.981 s
Step   610: OL  849.2  199.9  OA  290.1  68.7 CL  301.6  44.5 Split   299.2  28.8   38.4 nm  2.047 s
Step   611: OL  851.7  205.6  OA  281.8  61.4 CL  306.9  70.3 Split   299.4  35.9   67.3 nm  1.899 s
Step   612: OL  854.3  211.5  OA  282.8  56.9 CL  333.1 128.4 Split   299.1  91.3  146.5 nm  2.154 s
Step   613: OL  856.9  217.3  OA  283.4  55.9 CL  334.4 130.3 Split   299.9  93.2  148.0 nm  1.990 s
Step   614: OL  859.6  223.0  OA  283.9  55.0 CL  326.2 115.6 Split   301.0  83.3  125.8 nm  2.107 s
Step   615: OL  862.1  228.3  OA  283.5  60.5 CL  315.2  88.2 Split   301.8  54.2   90.8 nm  2.096 s
Step   616: OL  864.6  233.2  OA  282.8  53.4 CL  312.5  82.6 Split   302.6  53.4   78.1 nm  2.095 s
Step   617: OL  866.8  237.4  OA  288.5  55.1 CL  306.3  62.3 Split   301.8  38.7   52.5 nm  2.173 s
Step   618: OL  868.9  241.0  OA  292.9  50.9 CL  306.1  48.0 Split   301.1  31.3   54.7 nm  2.102 s
Step   619: OL  870.7  243.7  OA  292.2  40.7 CL  307.3  48.0 Split   300.7  29.4   63.5 nm  2.075 s
Step   620: OL  872.3  245.5  OA  287.9  37.7 CL  306.8  52.9 Split   300.9  29.5   59.7 nm  2.234 s
Step   621: OL  873.7  246.5  OA  282.1  32.4 CL  309.8  77.3 Split   300.8  50.0   74.5 nm  2.185 s
Step   622: OL  874.8  246.6  OA  278.6  27.2 CL  307.7  71.8 Split   300.3  44.6   67.1 nm  2.028 s
Step   623: OL  875.6  245.9  OA  278.8  28.9 CL  301.9  40.2 Split   300.4  12.4   30.5 nm  2.030 s
Step   624: OL  876.3  244.3  OA  280.7  29.9 CL  304.8  51.8 Split   300.3  39.4   51.9 nm  2.133 s
Step   625: OL  876.7  242.1  OA  282.9  25.9 CL  303.8  41.5 Split   299.8  26.1   49.1 nm  2.029 s
Step   626: OL  877.0  239.2  OA  279.4  13.2 CL  305.0  53.9 Split   300.6  42.2   51.7 nm  2.175 s
Step   627: OL  877.2  235.7  OA  279.3   6.7 CL  306.8  59.9 Split   301.6  49.9   56.6 nm  2.077 s
Step   628: OL  877.3  231.9  OA  280.2   8.1 CL  308.5  60.8 Split   301.9  51.5   63.6 nm  2.094 s
Step   629: OL  877.3  227.8  OA  282.0  16.8 CL  309.7  64.8 Split   301.2  55.3   72.1 nm  2.119 s
Step   630: OL  877.2  223.6  OA  275.1  16.3 CL  314.6  97.3 Split   300.7  82.5   92.7 nm  2.166 s
Step   631: OL  877.2  219.3  OA  273.0  18.6 CL  329.2 139.6 Split   299.7 112.2  136.1 nm  1.971 s
Step   632: OL  877.2  215.1  OA  277.6  20.2 CL  319.0 104.3 Split   300.6  75.2  106.6 nm  2.067 s
Step   633: OL  877.3  211.2  OA  286.1  27.8 CL  330.2 117.4 Split   300.5  81.7  136.8 nm  2.054 s
Step   634: OL  877.4  207.6  OA  286.7  27.9 CL  329.2 116.2 Split   300.2  81.6  135.1 nm  2.160 s
Step   635: OL  877.7  204.4  OA  286.4  28.1 CL  317.7  80.8 Split   300.0  52.2  104.6 nm  2.130 s
Step   636: OL  878.1  201.5  OA  283.8  28.8 CL  309.9  54.5 Split   300.7  29.3   74.8 nm  2.156 s
Step   637: OL  878.6  199.2  OA  279.2  36.8 CL  309.8  66.1 Split   301.8  55.1   70.2 nm  2.063 s
Step   638: OL  879.2  197.3  OA  279.0  33.6 CL  314.2  83.2 Split   301.6  64.1   88.2 nm  2.171 s
Step   639: OL  879.9  195.8  OA  275.8  29.3 CL  311.7  81.0 Split   301.1  65.8   80.3 nm  2.193 s
Step   640: OL  880.7  194.7  OA  273.8  32.0 CL  318.0 104.1 Split   301.5  88.3  100.9 nm  2.186 s
Step   641: OL  881.5  194.0  OA  274.7  32.0 CL  313.5  88.4 Split   302.1  78.8   83.5 nm  2.152 s
Step   642: OL  882.4  193.5  OA  277.4  26.1 CL  310.3  64.6 Split   303.6  54.3   64.2 nm  2.071 s
Step   643: OL  883.3  193.4  OA  276.9  13.0 CL  311.8  66.7 Split   303.8  57.2   70.0 nm  2.254 s
Step   644: OL  884.3  193.4  OA  274.9   6.9 CL  311.9  70.9 Split   303.6  60.5   71.5 nm  2.127 s
Step   645: OL  885.3  193.6  OA  276.9   7.2 CL  308.7  49.9 Split   303.5  34.3   56.6 nm  2.125 s
Step   646: OL  886.3  194.0  OA  275.1   8.2 CL  308.9  53.7 Split   304.5  41.2   51.6 nm  2.329 s
Step   647: OL  887.4  194.5  OA  279.5  11.2 CL  316.6  71.9 Split   304.5  61.2   86.7 nm  2.145 s
Step   648: OL  888.4  195.1  OA  281.1   9.8 CL  314.6  57.8 Split   304.5  44.0   79.0 nm  2.165 s
Step   649: OL  889.5  195.9  OA  279.0  13.9 CL  311.4  46.3 Split   304.3  29.0   66.4 nm  2.276 s
Step   650: OL  890.6  196.9  OA  275.7  20.0 CL  309.3  45.9 Split   304.6  30.6   53.8 nm  2.196 s
Step   651: OL  891.7  197.9  OA  272.9  25.6 CL  308.0  53.7 Split   304.5  29.6   45.9 nm  2.182 s
Step   652: OL  892.9  199.1  OA  272.7  26.5 CL  309.5  58.7 Split   305.0  35.5   52.7 nm  2.083 s
Step   653: OL  894.0  200.4  OA  273.6  28.1 CL  308.0  39.5 Split   304.8  17.7   44.2 nm  2.292 s
Step   654: OL  895.2  201.8  OA  272.4  27.8 CL  308.3  39.5 Split   304.9  17.6   45.7 nm  2.178 s
Step   655: OL  896.3  203.3  OA  271.2  23.9 CL  309.3  47.5 Split   304.8  15.5   52.7 nm  2.159 s
Step   656: OL  897.5  204.8  OA  269.7  21.8 CL  309.8  56.1 Split   305.1  27.0   53.7 nm  2.153 s
Step   657: OL  898.7  206.2  OA  270.6  19.6 CL  319.3  91.0 Split   306.8  60.2   88.1 nm  2.297 s
Step   658: OL  899.8  207.6  OA  268.4  17.2 CL  314.6  72.9 Split   307.2  49.5   67.9 nm  2.166 s
Step   659: OL  900.8  208.8  OA  269.2  18.9 CL  313.0  65.0 Split   306.7  48.9   62.6 nm  2.018 s
Step   660: OL  901.9  209.9  OA  269.7  16.8 CL  311.0  57.6 Split   306.7  37.9   51.4 nm  2.157 s
Step   661: OL  902.8  210.7  OA  272.5  11.6 CL  314.9  70.8 Split   306.6  43.9   71.8 nm  2.132 s
Step   662: OL  903.7  211.3  OA  271.2  14.4 CL  310.4  50.0 Split   307.2  29.7   44.4 nm  2.063 s
Step   663: OL  904.5  211.7  OA  270.8  21.5 CL  316.4  76.9 Split   307.6  55.6   74.2 nm  2.109 s
Step   664: OL  905.3  211.7  OA  273.1  18.8 CL  322.1  92.0 Split   308.0  78.9   94.3 nm  2.162 s
Step   665: OL  906.0  211.6  OA  270.6  13.6 CL  314.0  65.8 Split   308.0  53.4   61.1 nm  2.161 s
Step   666: OL  906.6  211.2  OA  271.0   8.6 CL  316.8  75.7 Split   307.3  60.0   77.0 nm  2.069 s
Step   667: OL  907.1  210.6  OA  272.9   2.6 CL  321.9  86.0 Split   308.1  67.2   93.3 nm  2.157 s
Step   668: OL  907.7  209.9  OA  275.0   7.8 CL  329.0 105.5 Split   309.0  83.6  113.0 nm  2.065 s
Step   669: OL  908.1  209.1  OA  274.2   7.6 CL  327.7 103.1 Split   310.1  81.2  106.0 nm  2.161 s
Step   670: OL  908.6  208.3  OA  273.9   5.7 CL  326.4  98.1 Split   310.6  80.3  100.4 nm  2.065 s
Step   671: OL  909.1  207.6  OA  274.1  11.2 CL  324.6  91.2 Split   311.6  74.1   90.9 nm  2.157 s
Step   672: OL  909.6  206.9  OA  276.2  10.0 CL  335.1 121.4 Split   311.9  99.0  122.5 nm  2.096 s
Step   673: OL  910.1  206.4  OA  277.6  17.4 CL  344.1 143.0 Split   312.5 117.2  144.2 nm  2.045 s
Step   674: OL  910.6  206.0  OA  276.7  15.6 CL  341.8 138.6 Split   311.4 113.4  140.9 nm  2.174 s
Step   675: OL  911.2  205.8  OA  276.0  11.6 CL  344.9 146.1 Split   310.3 116.7  150.7 nm  2.128 s
Step   676: OL  911.8  205.7  OA  271.7  15.7 CL  316.0  63.7 Split   308.8  33.6   66.9 nm  2.198 s
Step   677: OL  912.4  205.8  OA  271.6  17.1 CL  314.4  55.4 Split   308.6  27.2   60.2 nm  2.071 s
Step   678: OL  913.0  206.0  OA  276.0  20.9 CL  317.8  52.1 Split   309.8  21.9   70.8 nm  2.133 s
Step   679: OL  913.6  206.3  OA  276.3  13.0 CL  318.0  50.7 Split   311.5  11.8   63.9 nm  2.129 s
Step   680: OL  914.3  206.6  OA  277.2   4.8 CL  326.0  85.3 Split   312.8  52.2   91.8 nm  1.996 s
Step   681: OL  914.9  207.0  OA  278.6   5.1 CL  320.8  57.5 Split   313.4  23.5   68.6 nm  2.102 s
Step   682: OL  915.5  207.5  OA  278.0  10.9 CL  317.4  49.8 Split   313.4  30.5   50.2 nm  2.139 s
Step   683: OL  916.2  208.1  OA  279.6  11.1 CL  325.2  86.7 Split   312.2  63.8   91.0 nm  2.070 s
Step   684: OL  916.8  208.7  OA  277.5  12.4 CL  327.0  95.9 Split   311.9  66.9   98.2 nm  1.975 s
Step   685: OL  917.5  209.5  OA  279.2  13.9 CL  317.5  49.8 Split   312.6  19.5   55.4 nm  2.117 s
Step   686: OL  918.2  210.4  OA  280.9  17.7 CL  329.9  92.3 Split   314.0  60.0  101.2 nm  2.141 s
Step   687: OL  919.0  211.5  OA  282.4  22.4 CL  333.0  90.2 Split   314.3  56.4  110.1 nm  2.045 s
Step   688: OL  919.7  212.9  OA  285.6  31.2 CL  334.6  98.4 Split   314.5  70.2  114.2 nm  2.115 s
Step   689: OL  920.5  214.5  OA  286.6  30.8 CL  329.5  82.5 Split   315.4  56.7   95.3 nm  2.169 s
Step   690: OL  921.4  216.4  OA  289.8  30.8 CL  333.7  81.5 Split   316.0  54.5  107.3 nm  2.207 s
Step   691: OL  922.3  218.6  OA  286.4  31.0 CL  331.2  76.5 Split   316.3  47.9   98.3 nm  2.230 s
Step   692: OL  923.3  221.1  OA  287.2  32.6 CL  324.1  63.3 Split   317.0  46.3   67.5 nm  2.055 s
Step   693: OL  924.3  223.8  OA  287.0  35.1 CL  329.9  90.9 Split   316.4  75.1   93.5 nm  2.165 s
Step   694: OL  925.3  226.7  OA  290.7  34.2 CL  332.5  94.1 Split   317.4  78.1   99.0 nm  2.098 s
Step   695: OL  926.4  229.6  OA  291.1  32.6 CL  332.3  90.3 Split   318.1  74.9   96.1 nm  2.165 s
Step   696: OL  927.4  232.5  OA  291.9  39.0 CL  325.6  57.4 Split   317.9  38.0   70.6 nm  2.177 s
Step   697: OL  928.5  235.3  OA  292.5  40.7 CL  321.8  43.5 Split   317.2  13.8   53.9 nm  2.002 s
Step   698: OL  929.4  237.8  OA  290.3  39.8 CL  325.3  60.3 Split   317.2  32.4   72.4 nm  2.093 s
Step   699: OL  930.3  240.1  OA  291.4  38.0 CL  334.2  84.2 Split   317.9  62.2  103.0 nm  2.299 s
Step   700: OL  931.1  241.9  OA  292.2  34.6 CL  334.0  78.5 Split   318.8  48.7   99.8 nm  2.167 s
Step   701: OL  931.8  243.2  OA  293.8  37.3 CL  329.5  66.4 Split   318.8  40.2   83.2 nm  2.225 s
Step   702: OL  932.3  244.1  OA  295.5  31.1 CL  330.7  77.2 Split   318.8  60.8   87.8 nm  2.179 s
Step   703: OL  932.6  244.4  OA  295.4  23.1 CL  325.8  49.4 Split   319.7  31.1   62.6 nm  2.010 s
Step   704: OL  932.8  244.1  OA  296.9  20.7 CL  327.4  50.1 Split   320.5  20.1   66.7 nm  1.880 s
Step   705: OL  932.9  243.3  OA  293.2  15.6 CL  329.6  59.8 Split   320.6  21.3   76.3 nm  2.102 s
Step   706: OL  932.9  242.1  OA  292.1   5.7 CL  330.4  54.9 Split   321.7   6.1   75.0 nm  2.097 s
Step   707: OL  932.7  240.5  OA  291.6   6.8 CL  339.9  82.5 Split   322.0  35.9  108.8 nm  2.021 s
Step   708: OL  932.4  238.6  OA  296.0  10.9 CL  354.8 109.4 Split   322.8  59.9  147.5 nm  2.037 s
Step   709: OL  932.1  236.5  OA  298.9  11.8 CL  355.8 114.8 Split   322.6  67.0  150.1 nm  2.048 s
Step   710: OL  931.8  234.3  OA  297.8   8.6 CL  344.4  94.6 Split   322.7  51.7  120.4 nm  2.127 s
Step   711: OL  931.4  232.1  OA  299.5   4.9 CL  337.8  66.2 Split   324.7  20.7   93.1 nm  2.111 s
Step   712: OL  931.1  230.1  OA  304.6  11.0 CL  340.4  64.9 Split   324.3  27.6  103.4 nm  1.993 s
Step   713: OL  930.8  228.2  OA  304.8  17.1 CL  339.3  59.2 Split   323.8  18.5  101.6 nm  2.098 s
Step   714: OL  930.5  226.7  OA  305.4  16.9 CL  348.1  93.9 Split   324.2  57.7  126.6 nm  2.149 s
Step   715: OL  930.4  225.5  OA  313.0  21.4 CL  372.0 159.3 Split   324.3 123.5  182.3 nm  2.034 s
Step   716: OL  930.4  224.6  OA  312.8  21.5 CL  374.5 165.2 Split   324.8 125.6  186.6 nm  2.037 s
Step   717: OL  930.4  224.1  OA  315.4  27.0 CL  373.8 163.9 Split   325.9 126.6  183.1 nm  2.096 s
Step   718: OL  930.5  223.9  OA  312.2  30.0 CL  356.3 125.9 Split   326.4  91.0  142.8 nm  2.167 s
Step   719: OL  930.7  224.0  OA  318.6  31.1 CL  362.8 137.9 Split   326.1 102.8  159.0 nm  2.119 s
Step   720: OL  930.9  224.2  OA  322.5  33.1 CL  348.8 102.8 Split   326.5  84.7  123.0 nm  2.151 s
Step   721: OL  931.1  224.6  OA  317.5  33.8 CL  342.2  84.5 Split   327.4  75.1   99.7 nm  2.228 s
Step   722: OL  931.3  225.1  OA  311.5  28.4 CL  341.6  79.5 Split   327.9  63.4   95.8 nm  2.141 s
Step   723: OL  931.5  225.5  OA  310.6  21.7 CL  341.7  73.9 Split   328.1  50.2   95.6 nm  2.201 s
Step   724: OL  931.6  226.0  OA  308.9  12.6 CL  338.5  54.8 Split   328.7   7.4   80.8 nm  1.989 s
Step   725: OL  931.8  226.5  OA  309.7   5.8 CL  341.4  62.6 Split   328.6  17.7   92.6 nm  2.175 s
Step   726: OL  931.9  226.9  OA  312.6  11.4 CL  349.1  90.6 Split   329.2  55.1  116.3 nm  2.136 s
Step   727: OL  932.1  227.3  OA  317.0  17.5 CL  367.1 135.8 Split   329.3  95.0  162.1 nm  2.236 s
Step   728: OL  932.3  227.8  OA  317.2  16.2 CL  355.5 114.3 Split   328.9  76.2  134.8 nm  2.190 s
Step   729: OL  932.5  228.4  OA  315.6  18.9 CL  346.4  85.2 Split   329.0  46.8  108.4 nm  2.303 s
Step   730: OL  932.7  229.2  OA  313.0  28.2 CL  350.0  87.7 Split   329.6  53.1  117.8 nm  2.301 s
Step   731: OL  933.0  230.3  OA  316.5  36.3 CL  350.0  87.2 Split   330.4  59.2  115.4 nm  2.241 s
Step   732: OL  933.3  231.6  OA  318.0  40.7 CL  350.0  89.7 Split   330.8  66.1  114.2 nm  2.126 s
Step   733: OL  933.8  233.3  OA  317.5  41.9 CL  353.8  99.2 Split   331.1  72.2  124.7 nm  2.234 s
Step   734: OL  934.2  235.5  OA  317.8  39.6 CL  356.2 103.1 Split   331.9  71.3  129.3 nm  2.336 s
Step   735: OL  934.9  238.0  OA  320.9  46.6 CL  377.5 146.2 Split   332.6 110.5  178.5 nm  2.272 s
Step   736: OL  935.6  241.0  OA  321.3  50.8 CL  383.2 155.5 Split   333.5 120.1  188.8 nm  2.243 s
Step   737: OL  936.4  244.2  OA  322.1  55.0 CL  391.6 169.5 Split   333.6 132.2  205.1 nm  2.113 s
Step   738: OL  937.3  247.8  OA  323.6  57.2 CL  391.8 174.3 Split   333.4 135.8  205.9 nm  2.085 s
Step   739: OL  938.3  251.6  OA  326.0  61.5 CL  389.4 173.5 Split   333.2 133.8  201.5 nm  2.187 s
Step   740: OL  939.3  255.4  OA  328.3  55.8 CL  396.9 182.2 Split   333.8 141.0  214.8 nm  2.106 s
Step   741: OL  940.3  259.2  OA  335.0  51.9 CL  380.4 145.7 Split   334.4 110.2  181.2 nm  2.233 s
Step   742: OL  941.3  262.9  OA  331.8  51.5 CL  385.8 150.9 Split   335.0 115.2  191.3 nm  2.100 s
Step   743: OL  942.1  266.3  OA  326.9  48.5 CL  372.8 126.0 Split   336.0  95.0  161.5 nm  2.105 s
Step   744: OL  942.9  269.3  OA  326.0  43.3 CL  372.1 120.0 Split   337.9  88.3  155.7 nm  2.062 s
Step   745: OL  943.5  271.9  OA  326.7  34.1 CL  373.3 120.3 Split   338.8  82.1  156.6 nm  2.061 s
Step   746: OL  944.0  274.0  OA  328.4  28.1 CL  373.0 126.9 Split   338.5  83.6  156.9 nm  2.144 s
Step   747: OL  944.4  275.6  OA  331.1  27.5 CL  388.2 162.3 Split   338.0 114.7  191.0 nm  2.119 s
Step   748: OL  944.7  276.6  OA  328.6  29.3 CL  379.8 147.0 Split   337.8 104.7  173.7 nm  2.077 s
Step   749: OL  944.8  277.1  OA  326.9  27.6 CL  364.7 107.2 Split   337.4  70.1  138.5 nm  2.066 s
Step   750: OL  944.7  277.0  OA  325.2  18.5 CL  355.1  80.3 Split   336.4  40.1  114.0 nm  2.121 s
Step   751: OL  944.4  276.5  OA  333.1  14.1 CL  349.8  60.5 Split   336.0  25.0   97.6 nm  2.187 s
Step   752: OL  944.0  275.5  OA  330.4   7.8 CL  354.5  79.7 Split   336.6  43.9  111.5 nm  2.168 s
Step   753: OL  943.5  274.1  OA  331.0   2.8 CL  356.7  84.2 Split   337.5  49.8  115.4 nm  2.042 s
Step   754: OL  943.0  272.5  OA  334.0   8.0 CL  359.1  90.3 Split   338.1  59.6  121.0 nm  2.102 s
Step   755: OL  942.3  270.6  OA  338.3  12.3 CL  361.0  94.7 Split   338.4  66.3  125.6 nm  2.144 s
Step   756: OL  941.7  268.7  OA  333.2  14.6 CL  374.3 126.3 Split   339.3  85.1  158.0 nm  2.130 s
Step   757: OL  941.0  266.7  OA  330.8  22.4 CL  366.9  98.5 Split   338.9  55.9  140.5 nm  2.222 s
Step   758: OL  940.2  264.8  OA  331.0  18.2 CL  373.1 108.7 Split   339.3  67.4  155.2 nm  2.109 s
Step   759: OL  939.5  263.0  OA  329.6  10.4 CL  381.5 121.6 Split   340.1  77.1  172.9 nm  2.099 s
Step   760: OL  938.9  261.3  OA  327.6   8.1 CL  381.7 122.3 Split   340.8  77.1  171.9 nm  2.185 s
Step   761: OL  938.2  259.9  OA  329.8   6.0 CL  376.1 105.8 Split   340.6  62.6  159.5 nm  2.071 s
Step   762: OL  937.6  258.8  OA  330.9   3.7 CL  364.7  85.9 Split   339.9  45.2  132.3 nm  2.288 s
Step   763: OL  937.1  257.9  OA  329.2   6.1 CL  365.4 103.7 Split   339.1  66.1  136.0 nm  2.297 s
Step   764: OL  936.8  257.3  OA  329.8   5.6 CL  367.9 105.6 Split   339.4  65.2  141.8 nm  2.358 s
Step   765: OL  936.6  257.0  OA  331.1   9.1 CL  369.4 110.1 Split   339.2  71.4  146.1 nm  2.344 s
Step   766: OL  936.4  256.9  OA  331.5   2.9 CL  365.2  97.8 Split   339.3  58.9  135.2 nm  2.163 s
Step   767: OL  936.3  257.2  OA  327.8   7.5 CL  371.6 115.3 Split   339.1  71.5  152.0 nm  2.095 s
Step   767 updated high order loop gain: 0.397
Step   767 updated low order loop gain : 0.177
Step   768: OL  936.3  257.7  OA  327.6   9.7 CL  397.1 164.9 Split   339.7 113.8  205.6 nm  2.239 s
Step   769: OL  936.4  258.5  OA  327.4  15.3 CL  392.1 152.7 Split   341.3 104.3  193.2 nm  2.118 s
Step   770: OL  936.5  259.7  OA  327.5  18.8 CL  384.3 137.9 Split   341.5  92.6  176.1 nm  2.253 s
Step   771: OL  936.8  261.1  OA  328.1  20.6 CL  381.1 133.6 Split   341.7  92.5  168.8 nm  2.152 s
Step   772: OL  937.1  262.9  OA  328.0  21.4 CL  383.5 130.9 Split   342.1  90.4  173.2 nm  2.243 s
Step   773: OL  937.5  265.0  OA  329.1  26.5 CL  393.4 156.2 Split   341.9 114.0  194.7 nm  2.174 s
Step   774: OL  938.0  267.5  OA  331.7  31.5 CL  395.4 152.2 Split   343.3 108.6  196.3 nm  2.045 s
Step   775: OL  938.5  270.4  OA  338.2  36.3 CL  396.2 151.4 Split   343.6 109.4  197.3 nm  2.089 s
Step   776: OL  939.2  273.6  OA  339.3  48.3 CL  390.6 142.3 Split   344.0 102.8  185.0 nm  2.052 s
Step   777: OL  939.9  277.1  OA  332.8  49.6 CL  393.6 148.6 Split   344.4 110.9  190.6 nm  2.122 s
Step   778: OL  940.8  280.9  OA  331.2  55.8 CL  389.7 136.4 Split   345.1 103.7  181.0 nm  2.138 s
Step   779: OL  941.7  285.0  OA  332.5  53.4 CL  391.5 136.3 Split   345.6 100.6  184.0 nm  2.152 s
Step   780: OL  942.7  289.3  OA  329.5  52.9 CL  403.2 160.0 Split   345.3 122.9  208.2 nm  2.010 s
Step   781: OL  943.8  293.8  OA  331.2  57.2 CL  405.8 165.1 Split   346.5 128.8  211.1 nm  2.170 s
Step   782: OL  944.8  298.3  OA  329.7  57.8 CL  403.7 160.8 Split   347.3 126.5  205.8 nm  2.087 s
Step   783: OL  945.9  302.9  OA  333.5  60.0 CL  418.3 185.6 Split   347.3 145.5  233.2 nm  2.114 s
Step   784: OL  947.0  307.3  OA  339.4  64.8 CL  436.9 218.0 Split   347.8 172.7  264.5 nm  2.173 s
Step   785: OL  948.2  311.7  OA  340.7  59.7 CL  415.8 178.9 Split   347.8 137.4  227.9 nm  2.122 s
Step   786: OL  949.2  315.8  OA  346.9  65.4 CL  416.1 176.8 Split   347.1 135.1  229.4 nm  2.313 s
Step   787: OL  950.2  319.7  OA  342.5  64.1 CL  405.3 163.8 Split   347.1 123.3  209.2 nm  2.157 s
Step   788: OL  951.1  323.2  OA  335.6  59.7 CL  394.7 144.9 Split   348.2 109.0  185.9 nm  2.164 s
Step   789: OL  951.8  326.4  OA  336.4  60.5 CL  379.5 102.0 Split   349.3  73.5  148.3 nm  2.277 s
Step   790: OL  952.4  329.1  OA  338.2  52.2 CL  378.3  91.2 Split   350.9  58.0  141.3 nm  2.175 s
Step   791: OL  952.8  331.4  OA  334.1  50.5 CL  384.8 108.9 Split   350.7  75.1  158.3 nm  2.272 s
Step   792: OL  953.1  333.2  OA  329.2  46.4 CL  401.9 147.4 Split   351.0 108.9  195.9 nm  2.209 s
Step   793: OL  953.2  334.6  OA  330.0  37.5 CL  398.9 145.7 Split   352.0 106.7  187.7 nm  2.245 s
Step   794: OL  953.2  335.4  OA  328.2  30.5 CL  391.5 126.3 Split   352.4  89.3  170.4 nm  2.288 s
Step   795: OL  953.0  335.7  OA  330.5  30.4 CL  386.2 113.0 Split   352.5  78.2  157.7 nm  2.152 s
Step   796: OL  952.7  335.6  OA  334.0  29.8 CL  391.1 124.6 Split   352.0  87.3  170.4 nm  2.240 s
Step   797: OL  952.1  334.9  OA  331.4  29.7 CL  387.4 110.5 Split   351.7  72.4  162.5 nm  2.150 s
Step   798: OL  951.4  333.8  OA  333.9  21.6 CL  388.7 112.8 Split   351.7  73.6  165.6 nm  2.318 s
Step   799: OL  950.5  332.3  OA  333.9  17.4 CL  385.0 101.2 Split   353.1  63.3  153.3 nm  2.228 s
Step   800: OL  949.5  330.4  OA  332.2  15.4 CL  382.4  88.5 Split   353.6  52.7  145.4 nm  2.199 s
Step   801: OL  948.3  328.1  OA  329.5  16.0 CL  379.0  75.2 Split   355.2  40.8  132.2 nm  1.993 s
Step   802: OL  947.0  325.4  OA  328.0   9.5 CL  388.0 104.9 Split   355.6  69.7  155.1 nm  2.011 s
Step   803: OL  945.6  322.5  OA  331.2   2.7 CL  384.5 101.4 Split   355.6  70.9  146.3 nm  2.106 s
Step   804: OL  944.1  319.3  OA  327.3   4.0 CL  387.9 113.3 Split   355.4  79.0  155.5 nm  2.099 s
Step   805: OL  942.7  315.9  OA  334.0  10.2 CL  409.7 165.4 Split   355.4 127.4  203.9 nm  2.111 s
Step   806: OL  941.3  312.3  OA  340.9   7.1 CL  412.9 170.7 Split   354.9 133.3  211.0 nm  2.203 s
Step   807: OL  939.8  308.7  OA  337.6  10.9 CL  407.7 161.8 Split   354.8 125.9  200.8 nm  2.170 s
Step   808: OL  938.3  305.0  OA  327.2  16.8 CL  394.2 121.9 Split   357.0  87.2  167.2 nm  2.166 s
Step   809: OL  936.8  301.3  OA  331.3  24.0 CL  408.9 163.8 Split   357.9 129.2  197.8 nm  2.069 s
Step   810: OL  935.5  297.7  OA  336.2  23.3 CL  411.7 166.5 Split   359.1 131.9  201.4 nm  2.076 s
Step   811: OL  934.1  294.2  OA  341.5  31.4 CL  410.1 165.5 Split   358.4 136.8  199.4 nm  2.056 s
Step   812: OL  932.8  290.9  OA  340.3  30.0 CL  392.5 127.3 Split   357.1 109.0  162.9 nm  2.103 s
Step   813: OL  931.6  287.8  OA  340.6  31.8 CL  390.6 122.7 Split   357.6 108.2  157.3 nm  2.214 s
Step   814: OL  930.3  284.9  OA  337.7  28.5 CL  388.0 113.5 Split   358.2  99.9  149.2 nm  2.147 s
Step   815: OL  929.2  282.3  OA  345.9  27.6 CL  397.1 136.4 Split   358.3 121.3  171.3 nm  2.209 s
Step   816: OL  928.2  280.0  OA  344.8  29.3 CL  394.9 130.4 Split   358.4 117.1  165.9 nm  2.131 s
Step   817: OL  927.3  278.1  OA  337.8  31.8 CL  389.2 112.7 Split   358.4  99.4  151.5 nm  2.153 s
Step   818: OL  926.4  276.4  OA  327.8  34.1 CL  379.6  80.5 Split   359.3  66.2  122.5 nm  2.215 s
Step   819: OL  925.7  275.1  OA  328.8  30.6 CL  379.6  76.0 Split   360.6  62.8  118.7 nm  2.242 s
Step   820: OL  925.0  274.2  OA  327.6  31.2 CL  380.4  77.2 Split   360.7  63.4  120.9 nm  2.036 s
Step   821: OL  924.4  273.5  OA  318.8  30.5 CL  380.2  69.9 Split   360.3  44.0  121.4 nm  2.129 s
Step   822: OL  924.0  273.2  OA  327.5  28.2 CL  383.1  92.8 Split   359.3  77.3  132.9 nm  2.114 s
Step   823: OL  923.6  273.3  OA  329.2  21.9 CL  383.6  85.1 Split   360.4  70.8  131.6 nm  2.132 s
