/System/Volumes/Data/mnt/g2/scratch/bpeck/mcao/hybrid/maos -o 8S_mcao_study1A/10rayleigh -c A_mcao_hybrid.conf plot.all=1 plot.setup=1 -O powfs.nwfs=[8 10 3 1] wfs.thetax=[15.0 10.61 0.0 -10.61 -15.0 -10.61 -0.0 10.61 60.0 48.54 18.54 -18.54 -48.54 -60.0 -48.54 -18.54 18.54 48.54 5 -2.5 -2.5 0] wfs.thetay=[0.0 10.61 15.0 10.61 0.0 -10.61 -15.0 -10.61 0.0 35.27 57.06 57.06 35.27 0.0 -35.27 -57.06 -57.06 -35.27 0 4.33 -4.33 0] powfs0_llt.ox = [1.0 0.71 0.0 -0.71 -1.0 -0.71 -0.0 0.71]*6.5 powfs0_llt.oy=[0.0 0.71 1.0 0.71 0.0 -0.71 -1.0 -0.71]*6.5 powfs1_llt.ox = [1.0 0.81 0.31 -0.31 -0.81 -1.0 -0.81 -0.31 0.31 0.81]*6.5 powfs1_llt.oy=[0.0 0.59 0.95 0.95 0.59 0.0 -0.59 -0.95 -0.95 -0.59]*6.5 
Output folder is '8S_mcao_study1A/10rayleigh'.
SRC: /u/bpeck/code/maos v2.9 2.9
BUILT: /u/bpeck/code/maos/build by CLANG (v14.0.0) on 2024/03/22 14:52:24 CPU(F64,+O3) w/o CUDA
Launched at 2024/06/25 08:45:58 in dragon with PID 61848.
The web based job monitor can be accessed at http://localhost:10300
Main config file is /System/Volumes/Data/mnt/g2/scratch/bpeck/mcao/hybrid/A_mcao_hybrid.conf
Warning(path.c:48): Path not found: path=/System/Volumes/Data/mnt/g2/scratch/bpeck/mcao/hybrid/bin; abspath=/System/Volumes/Data/mnt/g2/scratch/bpeck/mcao/hybrid/bin; Ignored.
Warning(path.c:48): Path not found: path=/System/Volumes/Data/mnt/g2/scratch/bpeck/mcao/hybrid/atm; abspath=/System/Volumes/Data/mnt/g2/scratch/bpeck/mcao/hybrid/atm; Ignored.
Warning(readcfg.c:399): sim.apfsm has been renamed to powfs.apfsm.
Warning(readcfg.c:399): sim.epfsm has been renamed to powfs.epfsm.
Warning(readcfg.c:399): sim.alfsm has been renamed to powfs.alfsm.
Warning(readcfg.c:399): sim.commonfsm has been renamed to powfs.commonfsm.
Warning(readcfg.c:399): sim.idealfsm has been renamed to powfs.idealfsm.
Warning(readcfg.c:399): sim.zetafsm has been renamed to powfs.zetafsm.
Warning(readcfg.c:399): sim.f0fsm has been renamed to powfs.f0fsm.
Warning(readcfg.c:399): surf has been renamed to ncpa.surf.
Warning(readcfg.c:399): tsurf has been renamed to ncpa.tsurf.
Warning(readcfg.c:399): sim.ncpa_calib has been renamed to ncpa.calib.
Warning(readcfg.c:399): sim.ncpa_ttr has been renamed to ncpa.ttr.
Warning(readcfg.c:399): sim.ncpa_thetax has been renamed to ncpa.thetax.
Warning(readcfg.c:399): sim.ncpa_thetay has been renamed to ncpa.thetay.
Warning(readcfg.c:399): sim.ncpa_wt has been renamed to ncpa.wt.
Warning(readcfg.c:399): sim.ncpa_hs has been renamed to ncpa.hs.
loaded 139 (133 new) records from '/System/Volumes/Data/mnt/g2/scratch/bpeck/mcao/hybrid/./keck_sim.conf'
loaded  19 ( 19 new) records from '/System/Volumes/Data/mnt/g2/scratch/bpeck/mcao/hybrid/./dm_none.conf'
loaded  19 (  0 new) records from '/System/Volumes/Data/mnt/g2/scratch/bpeck/mcao/hybrid/./keck_DM1.conf'
loaded  19 (  0 new) records from '/System/Volumes/Data/mnt/g2/scratch/bpeck/mcao/hybrid/./keck_DM2.conf'
loaded  19 (  0 new) records from '/System/Volumes/Data/mnt/g2/scratch/bpeck/mcao/hybrid/./keck_DM3.conf'
loaded  19 (  0 new) records from '/System/Volumes/Data/mnt/g2/scratch/bpeck/mcao/hybrid/./keck_DM4.conf'
loaded  19 (  0 new) records from '/System/Volumes/Data/mnt/g2/scratch/bpeck/mcao/hybrid/./keck_DM5.conf'
loaded  19 (  0 new) records from '/System/Volumes/Data/mnt/g2/scratch/bpeck/mcao/hybrid/./keck_DM6.conf'
loaded  19 (  0 new) records from '/System/Volumes/Data/mnt/g2/scratch/bpeck/mcao/hybrid/./keck_DM7.conf'
loaded  19 (  0 new) records from '/System/Volumes/Data/mnt/g2/scratch/bpeck/mcao/hybrid/./keck_DM8.conf'
loaded  19 (  0 new) records from '/System/Volumes/Data/mnt/g2/scratch/bpeck/mcao/hybrid/./keck_DM9.conf'
loaded  19 (  0 new) records from '/System/Volumes/Data/mnt/g2/scratch/bpeck/mcao/hybrid/./keck_DM10.conf'
loaded   0 (  0 new) records from '/System/Volumes/Data/mnt/g2/scratch/bpeck/mcao/hybrid/./keck_dm_multiple.conf'
loaded   7 (  5 new) records from '/System/Volumes/Data/mnt/g2/scratch/bpeck/mcao/hybrid/./atm_mk13n50p_ground_detail.conf'
loaded  69 ( 69 new) records from '/System/Volumes/Data/mnt/g2/scratch/bpeck/mcao/hybrid/./powfs_common.conf'
loaded  44 ( 38 new) records from '/System/Volumes/Data/mnt/g2/scratch/bpeck/mcao/hybrid/./powfs_none.conf'
loaded  45 (  0 new) records from '/System/Volumes/Data/mnt/g2/scratch/bpeck/mcao/hybrid/./keck_shwfs_lgs.conf'
loaded  46 (  0 new) records from '/System/Volumes/Data/mnt/g2/scratch/bpeck/mcao/hybrid/./keck_shwfs_lgs_R20.conf'
loaded  45 (  0 new) records from '/System/Volumes/Data/mnt/g2/scratch/bpeck/mcao/hybrid/./keck_shwfs_ttf_strap.conf'
loaded  44 (  0 new) records from '/System/Volumes/Data/mnt/g2/scratch/bpeck/mcao/hybrid/./keck_shwfs_twfs_lbwfs.conf'
loaded   0 (  0 new) records from '/System/Volumes/Data/mnt/g2/scratch/bpeck/mcao/hybrid/./keck_wfs_hybrid_strap_lbwfs.conf'
loaded  71 ( 71 new) records from '/u/bpeck/code/maos/config/maos/recon.conf'
loaded  80 ( 80 new) records from '/u/bpeck/code/maos/config/maos/dbg.conf'
loaded   4 (  4 new) records from '/System/Volumes/Data/mnt/g2/scratch/bpeck/mcao/hybrid/./keck_fit.conf'
loaded  40 ( 10 new) records from '/System/Volumes/Data/mnt/g2/scratch/bpeck/mcao/hybrid/A_mcao_hybrid.conf'
Overriding plot.all            	0 --> 1
Overriding plot.setup          	0 --> 1
Overriding powfs.nwfs          	[1 1 1 1] --> [8 10 3 1]
Overriding wfs.thetax          	[0 0 0 0] --> [15.0 10.61 0.0 -10.61 -15.0 -10.61 -0.0 10.61 60.0 48.54 18.54 -18.54 -48.54 -60.0 -48.54 -18.54 18.54 48.54 5 -2.5 -2.5 0]
Overriding wfs.thetay          	[0 0 0 0] --> [0.0 10.61 15.0 10.61 0.0 -10.61 -15.0 -10.61 0.0 35.27 57.06 57.06 35.27 0.0 -35.27 -57.06 -57.06 -35.27 0 4.33 -4.33 0]
Overriding powfs0_llt.ox       	[0]*6.5 --> [1.0 0.71 0.0 -0.71 -1.0 -0.71 -0.0 0.71]*6.5
Overriding powfs0_llt.oy       	[0]*6.5 --> [0.0 0.71 1.0 0.71 0.0 -0.71 -1.0 -0.71]*6.5
Overriding powfs1_llt.ox       	[0]*6.5 --> [1.0 0.81 0.31 -0.31 -0.81 -1.0 -0.81 -0.31 0.31 0.81]*6.5
Overriding powfs1_llt.oy       	[0]*6.5 --> [0.0 0.59 0.95 0.95 0.59 0.0 -0.59 -0.95 -0.95 -0.59]*6.5
loaded   9 (  0 new) records from 'command line'
loaded  23 ( 23 new) records from '/System/Volumes/Data/mnt/g2/scratch/bpeck/mcao/hybrid/./keck_llt_CL.conf'
loaded  23 ( 23 new) records from '/System/Volumes/Data/mnt/g2/scratch/bpeck/mcao/hybrid/./keck_llt_CL.conf'
draw_helper started
Adjust LGS range by telescope altitude 4145m.
Zenith angle is 30 degree.
    Scaling turbulence height and LGS hs by sec(za).
    Scaling r0 by cos(za)^(3/5).
    Scaling wind speed and LGS signal level by cos(za).
powfs0: Adjusting dx from 0.0078125 to 0.0077. 
powfs0.llt.fsm: f0=0 Hz, LPF ep=0
powfs1: Adjusting dx from 0.0078125 to 0.0077. 
Warning(parms.c:1929): There are multiple LGS type. parms->ilgspowfs points to the first one
powfs1.llt.fsm: f0=0 Hz, LPF ep=0
powfs3: Adjusting dx from 0.03125 to 0.0385. 
powfs3 is TWFS for powfs0
Warning(parms.c:2297): Layer 1 at 17.3205m is very close to layer 0 at 0m (OK).
Warning(parms.c:2297): Layer 2 at 34.641m is very close to layer 1 at 17.3205m (OK).
Warning(parms.c:2297): Layer 3 at 51.9615m is very close to layer 2 at 34.641m (OK).
Warning(parms.c:2341): Two high order POWFS with different hs found: 99136.8 and 29981.8. Please double check the results.
dm 0: stroke=300 um is provided in micron.
dm 0: assume ia stroke=20 um is provided in micron.
dm 1: stroke=300 um is provided in micron.
dm 1: assume ia stroke=20 um is provided in micron.
dm 2: stroke=300 um is provided in micron.
dm 2: assume ia stroke=20 um is provided in micron.
dm 3: stroke=300 um is provided in micron.
dm 3: assume ia stroke=20 um is provided in micron.
dm 4: stroke=300 um is provided in micron.
dm 4: assume ia stroke=20 um is provided in micron.
dm 5: stroke=300 um is provided in micron.
dm 5: assume ia stroke=20 um is provided in micron.
dm 6: stroke=300 um is provided in micron.
dm 6: assume ia stroke=20 um is provided in micron.
dm 7: stroke=300 um is provided in micron.
dm 7: assume ia stroke=20 um is provided in micron.
dm 8: stroke=300 um is provided in micron.
dm 8: assume ia stroke=20 um is provided in micron.
dm 9: stroke=300 um is provided in micron.
dm 9: assume ia stroke=20 um is provided in micron.
There are 1 valid simulation seeds:  1
Output PSF for 10 directions
Used 475 of 475 supplied keys
[00;00mAperture[00;00m is 11 m with sampling 1/128 m
[00;00mTurbulence at 30 degree zenith angle:[00;00m r0=0.128424m, L0=30m, 14 layers.
    Greenwood freq is 25.1Hz, anisoplanatic angle is 1.58 as
    Sampled 8192x8192 at 1/128m. wind dir is randomized.
    layer 0: ht=      0 m, wt= 0.302, ws=  4.8 m/s
    layer 1: ht=     17 m, wt= 0.154, ws=  5.0 m/s
    layer 2: ht=     35 m, wt= 0.041, ws=  5.4 m/s
    layer 3: ht=     52 m, wt= 0.002, ws=  6.6 m/s
    layer 4: ht=    139 m, wt= 0.021, ws=  6.1 m/s
    layer 5: ht=    231 m, wt= 0.010, ws=  6.1 m/s
    layer 6: ht=    323 m, wt= 0.008, ws=  6.1 m/s
    layer 7: ht=    416 m, wt= 0.005, ws=  6.1 m/s
    layer 8: ht=    508 m, wt= 0.001, ws=  6.1 m/s
    layer 9: ht=    932 m, wt= 0.107, ws=  5.6 m/s
    layer 10: ht=   5022 m, wt= 0.144, ws= 11.1 m/s
    layer 11: ht=   9238 m, wt= 0.093, ws= 19.1 m/s
    layer 12: ht=  13856 m, wt= 0.075, ws=  8.2 m/s
    layer 13: ht=  22518 m, wt= 0.036, ws=  4.8 m/s
[00;00mReconstruction[00;00m: r0=0.128424m L0=30m. 14 layers. use cone coordinate.
    layer 0: ht=      0 m, wt= 0.302
    layer 1: ht=     17 m, wt= 0.154
    layer 2: ht=     35 m, wt= 0.041
    layer 3: ht=     52 m, wt= 0.002
    layer 4: ht=    139 m, wt= 0.021
    layer 5: ht=    231 m, wt= 0.010
    layer 6: ht=    323 m, wt= 0.008
    layer 7: ht=    416 m, wt= 0.005
    layer 8: ht=    508 m, wt= 0.001
    layer 9: ht=    932 m, wt= 0.107
    layer 10: ht=   5022 m, wt= 0.144
    layer 11: ht=   9238 m, wt= 0.093
    layer 12: ht=  13856 m, wt= 0.075
    layer 13: ht=  22518 m, wt= 0.036
[00;00mThere are 4 powfs[00;00m
  powfs0: Order 72, LGS at 99.1 km. Sampling 1/129.87 m. Thres 30%. [00;00mT/T is removed in right hand side in tomography.[00;00m
    Gtilt in reconstruction. Geomtric optics start at 0 with gtilt [00;00m(noisy)[00;00m
  powfs1: Order 72, LGS at  30 km. Sampling 1/129.87 m. Thres 30%. [00;00mT/T is removed in right hand side in tomography.[00;00m
    Gtilt in reconstruction. Geomtric optics start at 0 with gtilt [00;00m(noisy)[00;00m
  powfs2: Order  1, NGS at inf km. Sampling 1/16 m. Thres 30%. 
    Gtilt in reconstruction. Geomtric optics start at 2 with ztilt [00;00m(noisy)[00;00m
  powfs3: Order 72, NGS at inf km. Sampling 1/25.974 m. Thres 50%. 
    Gtilt in reconstruction. Geomtric optics start at 50 with gtilt [00;00m(noisy)[00;00m
[00;00mThere are 22 wfs[00;00m
    wfs 0: type 0, at (  15.00,    0.00) arcsec,  99 km, siglev is 1099.85 bkgrnd is 1.5
    wfs 1: type 0, at (  10.61,   10.61) arcsec,  99 km, siglev is 1099.85 bkgrnd is 1.5
    wfs 2: type 0, at (   0.00,   15.00) arcsec,  99 km, siglev is 1099.85 bkgrnd is 1.5
    wfs 3: type 0, at ( -10.61,   10.61) arcsec,  99 km, siglev is 1099.85 bkgrnd is 1.5
    wfs 4: type 0, at ( -15.00,    0.00) arcsec,  99 km, siglev is 1099.85 bkgrnd is 1.5
    wfs 5: type 0, at ( -10.61,  -10.61) arcsec,  99 km, siglev is 1099.85 bkgrnd is 1.5
    wfs 6: type 0, at (   0.00,  -15.00) arcsec,  99 km, siglev is 1099.85 bkgrnd is 1.5
    wfs 7: type 0, at (  10.61,  -10.61) arcsec,  99 km, siglev is 1099.85 bkgrnd is 1.5
    wfs 8: type 1, at (  60.00,    0.00) arcsec,  30 km, siglev is 1099.85 bkgrnd is 1.5
    wfs 9: type 1, at (  48.54,   35.27) arcsec,  30 km, siglev is 1099.85 bkgrnd is 1.5
    wfs 10: type 1, at (  18.54,   57.06) arcsec,  30 km, siglev is 1099.85 bkgrnd is 1.5
    wfs 11: type 1, at ( -18.54,   57.06) arcsec,  30 km, siglev is 1099.85 bkgrnd is 1.5
    wfs 12: type 1, at ( -48.54,   35.27) arcsec,  30 km, siglev is 1099.85 bkgrnd is 1.5
    wfs 13: type 1, at ( -60.00,    0.00) arcsec,  30 km, siglev is 1099.85 bkgrnd is 1.5
    wfs 14: type 1, at ( -48.54,  -35.27) arcsec,  30 km, siglev is 1099.85 bkgrnd is 1.5
    wfs 15: type 1, at ( -18.54,  -57.06) arcsec,  30 km, siglev is 1099.85 bkgrnd is 1.5
    wfs 16: type 1, at (  18.54,  -57.06) arcsec,  30 km, siglev is 1099.85 bkgrnd is 1.5
    wfs 17: type 1, at (  48.54,  -35.27) arcsec,  30 km, siglev is 1099.85 bkgrnd is 1.5
    wfs 18: type 2, at (   5.00,    0.00) arcsec, inf km, siglev is 64529 bkgrnd is 8.273
    wfs 19: type 2, at (  -2.50,    4.33) arcsec, inf km, siglev is 64529 bkgrnd is 8.273
    wfs 20: type 2, at (  -2.50,   -4.33) arcsec, inf km, siglev is 64529 bkgrnd is 8.273
    wfs 21: type 3, at (   0.00,    0.00) arcsec, inf km, siglev is 1.47933e+08 bkgrnd is 25.25
[00;00mThere are 10 DMs[00;00m
  DM 0 at    0km, actuator pitch 0.154m, offset   0, with 300.000000 micron stroke.
    Normalized cubic influence function with inter-actuator coupling of 0.223
  DM 1 at  0.5km, actuator pitch 0.154m, offset   0, with 300.000000 micron stroke.
    Normalized cubic influence function with inter-actuator coupling of 0.223
  DM 2 at    1km, actuator pitch 0.154m, offset   0, with 300.000000 micron stroke.
    Normalized cubic influence function with inter-actuator coupling of 0.223
  DM 3 at    2km, actuator pitch 0.154m, offset   0, with 300.000000 micron stroke.
    Normalized cubic influence function with inter-actuator coupling of 0.223
  DM 4 at    3km, actuator pitch 0.154m, offset   0, with 300.000000 micron stroke.
    Normalized cubic influence function with inter-actuator coupling of 0.223
  DM 5 at    4km, actuator pitch 0.154m, offset   0, with 300.000000 micron stroke.
    Normalized cubic influence function with inter-actuator coupling of 0.223
  DM 6 at    6km, actuator pitch 0.154m, offset   0, with 300.000000 micron stroke.
    Normalized cubic influence function with inter-actuator coupling of 0.223
  DM 7 at    8km, actuator pitch 0.154m, offset   0, with 300.000000 micron stroke.
    Normalized cubic influence function with inter-actuator coupling of 0.223
  DM 8 at   10km, actuator pitch 0.154m, offset   0, with 300.000000 micron stroke.
    Normalized cubic influence function with inter-actuator coupling of 0.223
  DM 9 at   12km, actuator pitch 0.154m, offset   0, with 300.000000 micron stroke.
    Normalized cubic influence function with inter-actuator coupling of 0.223
[00;00mTomography[00;00m is using CG, with [00;00mNo[00;00m preconditioner, [00;00m40[00;00m iterations, ad hoc split tomo.
[00;00mDM Fitting [00;00mis using CG, with [00;00mNo[00;00m preconditioner, [00;00m10[00;00m iterations
[00;00mThere are 9 fit directions[00;00m
    Fit 0: weight is 0.444, at (   0.00,    0.00) arcsec
    Fit 1: weight is 0.111, at (   7.50,    0.00) arcsec
    Fit 2: weight is 0.111, at (   0.00,    7.50) arcsec
    Fit 3: weight is 0.111, at (  -7.50,    0.00) arcsec
    Fit 4: weight is 0.111, at (   0.00,   -7.50) arcsec
    Fit 5: weight is 0.028, at (   7.50,    7.50) arcsec
    Fit 6: weight is 0.028, at (  -7.50,    7.50) arcsec
    Fit 7: weight is 0.028, at (  -7.50,   -7.50) arcsec
    Fit 8: weight is 0.028, at (   7.50,   -7.50) arcsec
[00;00mThere are 10 evaluation directions[00;00m at sampling 1/128 m.
    Evl 0: weight is 0.100, at (   0.00,    0.00) arcsec
    Evl 1: weight is 0.100, at (   5.00,    0.00) arcsec
    Evl 2: weight is 0.100, at (  10.00,    0.00) arcsec
    Evl 3: weight is 0.100, at (  15.00,    0.00) arcsec
    Evl 4: weight is 0.100, at (  20.00,    0.00) arcsec
    Evl 5: weight is 0.100, at (  25.00,    0.00) arcsec
    Evl 6: weight is 0.100, at (  30.00,    0.00) arcsec
    Evl 7: weight is 0.100, at (  35.00,    0.00) arcsec
    Evl 8: weight is 0.100, at (  45.00,    0.00) arcsec
    Evl 9: weight is 0.100, at (  60.00,    0.00) arcsec
[00;00mSimulation[00;00m start at step 0, end at step 1000, with time step 1/1500s, [00;00mclose loop[00;00m.
After setup_parms:	2.0 MiB.

*** Preparation started at 2024/06/25 08:45:58 in dragon. ***

Using thread pool with 32 threads
Reading aperture amplitude map from KECK.fits
Warning(accphi.c:477): 108578 points not covered by input screen
iwvl 0: Science PSF is using grid size of 2880. The PSF will sum to 6.95167232824563
iwvl 1: Science PSF is using grid size of 2880. The PSF will sum to 6.95167232824563
iwvl 2: Science PSF is using grid size of 2880. The PSF will sum to 6.95167232824563
iwvl 3: Science PSF is using grid size of 2880. The PSF will sum to 6.95167232824563
iwvl 4: Science PSF is using grid size of 2880. The PSF will sum to 6.95167232824563
iwvl 5: Science PSF is using grid size of 2880. The PSF will sum to 6.95167232824563
iwvl 6: Science PSF is using grid size of 2880. The PSF will sum to 6.95167232824563
iwvl 7: Science PSF is using grid size of 2880. The PSF will sum to 6.95167232824563
iwvl 8: Science PSF is using grid size of 2880. The PSF will sum to 6.95167232824563
After setup_aper:	88.1 MiB.

[00;00mSetting up powfs 0 geom[00;00m

There are 20 points in each subaperture of 0.154m.
There are 3142 valid subaperture.

[00;00mSetting up powfs 1 geom[00;00m

There are 20 points in each subaperture of 0.154m.
There are 3142 valid subaperture.

[00;00mSetting up powfs 2 geom[00;00m

There are 176 points in each subaperture of 11m.
There are 1 valid subaperture.

[00;00mSetting up powfs 3 geom[00;00m

There are 4 points in each subaperture of 0.154m.
There are 3105 valid subaperture.
After setup_powfs_init:	292.5 MiB.

[00;00mSetting up reconstructor geometry.[00;00m

PLOC is 147x147, with sampling of 0.08m (not square)
    DM 0: grid is 75 x 75
    DM 1: grid is 77 x 77
    DM 2: grid is 78 x 77
    DM 3: grid is 81 x 77
    DM 4: grid is 83 x 79
    DM 5: grid is 86 x 81
    DM 6: grid is 91 x 83
    DM 7: grid is 96 x 85
    DM 8: grid is 101 x 87
    DM 9: grid is 107 x 89
FLOC is 147x147, with sampling of 0.08m (not square)
Tomography grid is not square:
    layer 0: xloc grid is 147 x 147, sampling is 0.077 m, 17069 points
    layer 1: xloc grid is 147 x 147, sampling is 0.077 m, 17103 points
    layer 2: xloc grid is 147 x 147, sampling is 0.077 m, 17125 points
    layer 3: xloc grid is 147 x 147, sampling is 0.077 m, 17133 points
    layer 4: xloc grid is 148 x 147, sampling is 0.077 m, 17230 points
    layer 5: xloc grid is 148 x 147, sampling is 0.077 m, 17342 points
    layer 6: xloc grid is 149 x 149, sampling is 0.077 m, 17469 points
    layer 7: xloc grid is 150 x 149, sampling is 0.077 m, 17592 points
    layer 8: xloc grid is 150 x 149, sampling is 0.077 m, 17700 points
    layer 9: xloc grid is 153 x 151, sampling is 0.076 m, 18247 points
    layer 10: xloc grid is 182 x 167, sampling is 0.073 m, 24084 points
    layer 11: xloc grid is 214 x 187, sampling is 0.070 m, 31380 points
    layer 12: xloc grid is 253 x 209, sampling is 0.066 m, 41009 points
    layer 13: xloc grid is 340 x 259, sampling is 0.060 m, 62620 points
Setting up surface OPD

[00;00mSetting up reconstructor[00;00m

Low order modes: nmod=2, mffocus=1, ahst_focus=1, indps=0, indastig=0
Low order control includes WFS 18 19 20
Recon NEA: geom(43.24) geom(43.24) geom(43.24) geom(43.24) geom(43.24) geom(43.24) geom(43.24) geom(43.24) geom(43.24) geom(43.24) geom(43.24) geom(43.24) geom(43.24) geom(43.24) geom(43.24) geom(43.24) geom(43.24) geom(43.24) geom(2.22) geom(2.22) geom(2.22) geom(0.04)  mas
Setup or update control matrix parameters.
RRtwfs svd threshold is 1e-10
Replacing HA by HA*fit->actextrap
Adding piston cr to fit matrix
Adding TT cr on upper DMs to fit matrix.
    dm 0, mode 1: there are 32 slave actuators
    dm 1, mode 1: there are 152 slave actuators
    dm 2, mode 1: there are 267 slave actuators
    dm 3, mode 1: there are 450 slave actuators
    dm 4, mode 1: there are 622 slave actuators
    dm 5, mode 1: there are 815 slave actuators
    dm 6, mode 1: there are 1202 slave actuators
    dm 7, mode 1: there are 1541 slave actuators
    dm 8, mode 1: there are 1896 slave actuators
    dm 9, mode 1: there are 2262 slave actuators
Before assembling fit matrix:	3136.5 MiB.
Building fit->FR
Building fit->FL
Adding tikhonov constraint of 1.0e-07 to FLM
The maximum eigen value is estimated to be around 7.1e-05
DM Fit number of Low rank terms: 37 in LHS
After assemble fit matrix:	9464.7 MiB.
After setup_recon:	9464.7 MiB.
write to 8 failed: Resource temporarily unavailable

*** Simulation started at 2024/06/25 08:48:58 in dragon. ***

Running seed 1
Converting windshake PSD to time series.
DM cache with grid 1/25.974m 1/25.974m 1/25.974m 1/25.974m 1/25.974m 1/25.974m 1/25.974m 1/25.974m 1/25.974m 1/25.974m
Wind dir: 267.3 261.7 167.0 130.5 300.7  32.3 119.8 139.0 150.8 277.7 203.0 133.1  45.9 265.1 deg
Using /u/bpeck/.aos/cache/atm/vonkarman_14_8192x8192_0.0078125_1115374592d.bin
After genatm:	9615.4 MiB.
Step     #  Open Loop  PR TT  On axis  PR TT  Field RMS PR TT Split     HIGH   TT    LOW     Timing 
Step     0: OL  909.2  321.2  OA  909.6 326.3 CL  909.2 321.2 Split   855.0 309.2  309.2 nm  0.414 s
Step     1: OL  911.7  326.5  OA  913.1 332.5 CL  911.7 326.5 Split   855.6 314.7  314.7 nm  4.141 s
Step     2: OL  914.0  331.4  OA  581.6 222.7 CL  637.6 233.6 Split   600.1 215.3  215.3 nm  4.103 s
Step     3: OL  916.2  335.6  OA  369.4 279.2 CL  487.5 293.8 Split   401.1 277.0  277.0 nm  4.104 s
Step     4: OL  918.1  339.1  OA  394.7 374.7 CL  513.0 386.7 Split   352.3 373.0  373.0 nm  4.170 s
Step     5: OL  919.6  341.7  OA  374.0 349.5 CL  501.0 365.3 Split   358.2 350.3  350.3 nm  4.159 s
Step     6: OL  920.8  343.3  OA  235.5 201.2 CL  409.0 230.1 Split   353.6 205.5  205.5 nm  4.145 s
Step     7: OL  921.6  343.7  OA  112.2  41.3 CL  349.6 118.0 Split   344.7  58.6   58.6 nm  4.130 s
Step     8: OL  922.0  343.0  OA  122.0  73.3 CL  349.1 129.0 Split   339.9  79.5   79.5 nm  4.098 s
Step     9: OL  921.9  341.2  OA  137.7  95.9 CL  352.7 140.9 Split   338.8  98.1   98.1 nm  4.148 s
Step    10: OL  921.4  338.1  OA  127.0  80.0 CL  349.5 130.6 Split   339.6  82.6   82.6 nm  4.119 s
Step    11: OL  920.4  333.8  OA  104.4  41.4 CL  344.2 113.6 Split   340.4  51.3   51.3 nm  4.120 s
Step    12: OL  919.1  328.4  OA   93.5  10.3 CL  343.7 107.1 Split   342.0  34.0   34.0 nm  4.105 s
Step    13: OL  917.4  322.0  OA   97.4  35.1 CL  347.3 114.6 Split   343.4  52.2   52.2 nm  4.113 s
Step    14: OL  915.5  314.7  OA  104.5  52.5 CL  350.2 120.6 Split   344.4  63.9   63.9 nm  4.245 s
Step    15: OL  913.4  306.5  OA  105.3  55.9 CL  351.8 121.5 Split   345.7  65.2   65.2 nm  4.116 s
Step    16: OL  911.1  297.7  OA   99.5  45.6 CL  350.2 114.2 Split   346.7  49.5   49.5 nm  4.162 s
Step    17: OL  908.7  288.5  OA   92.2  29.4 CL  350.2 110.0 Split   348.1  37.7   37.7 nm  4.156 s
Step    18: OL  906.4  278.9  OA   87.2  16.2 CL  350.9 108.3 Split   349.6  30.8   30.8 nm  4.157 s
Step    19: OL  904.1  269.3  OA   85.3   9.5 CL  351.8 108.7 Split   350.5  29.9   29.9 nm  4.131 s
Step    20: OL  901.9  259.8  OA   85.0  11.1 CL  353.3 111.1 Split   351.3  37.2   37.2 nm  5.071 s
Step    21: OL  900.0  250.6  OA   87.2  24.1 CL  355.0 115.5 Split   351.7  48.2   48.2 nm  4.751 s
Step    22: OL  898.2  241.9  OA   85.4  18.1 CL  355.1 113.8 Split   352.5  43.1   43.1 nm  4.814 s
Step    23: OL  896.7  233.9  OA   87.0  27.4 CL  356.3 115.4 Split   353.2  46.5   46.5 nm  4.809 s
Step    24: OL  895.6  226.7  OA   88.7  33.0 CL  357.6 117.3 Split   354.0  50.2   50.2 nm  4.747 s
Step    25: OL  894.6  220.5  OA   84.6  21.1 CL  356.9 114.3 Split   354.4  41.5   41.5 nm  4.735 s
Step    26: OL  894.0  215.4  OA   82.3  11.7 CL  357.3 112.6 Split   355.6  35.0   35.0 nm  4.736 s
Step    27: OL  893.8  211.5  OA   80.8   8.9 CL  358.1 111.1 Split   357.0  27.3   27.3 nm  4.796 s
Step    28: OL  893.8  208.8  OA   80.9  16.6 CL  358.9 111.1 Split   358.1  24.8   24.8 nm  4.755 s
Step    29: OL  894.1  207.4  OA   83.9  29.7 CL  359.0 109.9 Split   358.8  13.9   13.9 nm  4.745 s
Step    30: OL  894.7  207.2  OA   81.6  22.5 CL  360.0 110.5 Split   359.6  17.2   17.2 nm  4.770 s
Step    31: OL  895.6  208.3  OA   82.1  25.8 CL  361.1 110.5 Split   360.8  14.3   14.3 nm  4.853 s
Step    32: OL  896.7  210.5  OA   79.4  17.1 CL  362.2 112.1 Split   361.6  22.0   22.0 nm  4.782 s
Step    33: OL  898.2  213.9  OA   78.7  12.5 CL  363.7 115.1 Split   362.2  33.0   33.0 nm  4.791 s
Step    34: OL  899.9  218.3  OA   78.0  12.7 CL  364.6 116.5 Split   362.8  36.6   36.6 nm  4.797 s
Step    35: OL  901.8  223.6  OA   77.1  12.3 CL  365.2 116.2 Split   363.6  34.4   34.4 nm  4.804 s
Step    36: OL  904.0  229.6  OA   78.7  20.9 CL  365.9 115.7 Split   364.7  30.6   30.6 nm  4.786 s
Step    37: OL  906.3  236.2  OA   79.5  23.0 CL  367.1 117.0 Split   365.5  34.0   34.0 nm  4.824 s
Step    38: OL  908.7  243.1  OA   82.7  31.3 CL  370.2 122.7 Split   366.9  49.3   49.3 nm  4.836 s
Step    39: OL  911.3  250.1  OA   80.1  24.9 CL  370.6 122.8 Split   367.3  48.8   48.8 nm  4.793 s
Step    40: OL  913.8  257.0  OA   76.7  15.5 CL  370.4 120.7 Split   368.0  41.9   41.9 nm  4.828 s
Step    41: OL  916.3  263.5  OA   78.3  21.5 CL  370.1 118.5 Split   368.7  33.1   33.1 nm  4.836 s
Step    42: OL  918.7  269.5  OA   80.6  27.2 CL  371.4 119.4 Split   369.8  34.4   34.4 nm  4.780 s
Step    43: OL  920.9  274.7  OA   81.4  29.5 CL  372.2 119.9 Split   370.6  34.9   34.9 nm  4.786 s
Step    44: OL  922.7  278.8  OA   80.7  28.2 CL  373.2 121.0 Split   371.4  37.3   37.3 nm  4.771 s
Step    45: OL  924.3  281.8  OA   78.2  23.2 CL  375.2 123.0 Split   372.8  42.5   42.5 nm  4.791 s
Step    46: OL  925.4  283.4  OA   75.7  16.9 CL  376.4 121.9 Split   374.5  37.6   37.6 nm  4.854 s
Step    47: OL  926.1  283.6  OA   74.9  14.8 CL  378.3 123.1 Split   376.2  39.6   39.6 nm  4.893 s
Step    48: OL  926.3  282.1  OA   74.8  14.3 CL  380.1 124.9 Split   377.6  42.7   42.7 nm  4.830 s
Step    49: OL  926.0  279.1  OA   74.1  11.6 CL  382.5 129.8 Split   378.6  54.5   54.5 nm  4.916 s
Step    50: OL  925.3  274.5  OA   73.9  10.7 CL  382.0 127.0 Split   379.1  46.7   46.7 nm  4.816 s
Step    51: OL  924.1  268.4  OA   74.5  14.9 CL  381.0 123.5 Split   379.4  35.1   35.1 nm  4.908 s
Step    52: OL  922.5  260.8  OA   77.7  27.5 CL  381.0 122.5 Split   379.9  28.9   28.9 nm  5.003 s
Step    53: OL  920.7  251.8  OA   79.5  34.1 CL  382.3 123.8 Split   381.0  31.9   31.9 nm  4.831 s
Step    54: OL  918.7  241.8  OA   79.5  36.0 CL  384.8 128.7 Split   381.9  46.7   46.7 nm  4.914 s
Step    55: OL  916.5  230.8  OA   75.1  26.2 CL  386.0 130.4 Split   382.7  50.1   50.1 nm  4.786 s
Step    56: OL  914.3  219.2  OA   75.5  28.4 CL  386.9 129.4 Split   384.1  46.0   46.0 nm  4.848 s
Step    57: OL  912.1  207.1  OA   79.4  37.5 CL  387.5 128.9 Split   385.2  42.9   42.9 nm  4.800 s
Step    58: OL  910.1  195.1  OA   80.0  40.0 CL  389.3 131.2 Split   386.3  48.2   48.2 nm  4.792 s
Step    59: OL  908.3  183.2  OA   72.3  21.2 CL  391.2 134.0 Split   387.4  54.1   54.1 nm  4.809 s
Step    60: OL  906.7  171.9  OA   69.6  11.0 CL  391.9 134.0 Split   388.4  52.8   52.8 nm  4.800 s
Step    61: OL  905.5  161.4  OA   72.7  24.9 CL  394.1 138.3 Split   389.3  61.9   61.9 nm  4.845 s
Step    62: OL  904.5  152.0  OA   79.9  41.5 CL  398.2 146.6 Split   390.4  78.2   78.2 nm  4.773 s
Step    63: OL  903.8  143.9  OA   86.1  52.2 CL  398.1 143.9 Split   391.5  72.0   72.0 nm  4.816 s
Step    64: OL  903.5  137.2  OA   86.1  52.4 CL  398.7 144.3 Split   392.2  72.0   72.0 nm  4.779 s
Step    65: OL  903.3  131.9  OA   81.6  44.4 CL  399.8 145.2 Split   393.0  73.0   73.0 nm  4.906 s
Step    66: OL  903.4  127.9  OA   78.6  39.2 CL  399.1 141.6 Split   393.8  64.3   64.3 nm  4.835 s
Step    67: OL  903.7  125.1  OA   76.1  35.1 CL  399.8 141.6 Split   394.8  63.3   63.3 nm  4.805 s
Step    68: OL  904.2  123.3  OA   68.7  13.0 CL  399.1 137.9 Split   395.5  53.6   53.6 nm  4.910 s
Step    69: OL  904.7  122.4  OA   68.2  10.4 CL  400.1 139.9 Split   396.0  57.6   57.6 nm  4.828 s
Step    70: OL  905.4  122.3  OA   68.2  13.8 CL  401.0 140.3 Split   396.8  57.7   57.7 nm  4.840 s
Step    71: OL  906.1  122.8  OA   66.5   5.8 CL  401.6 139.6 Split   397.8  54.8   54.8 nm  4.844 s
Step    72: OL  907.0  124.0  OA   66.6   8.8 CL  402.6 140.3 Split   398.8  55.3   55.3 nm  4.846 s
Step    73: OL  907.9  125.9  OA   67.0  11.4 CL  402.9 138.8 Split   399.7  50.3   50.3 nm  4.751 s
Step    74: OL  908.9  128.5  OA   67.5  15.2 CL  403.6 139.0 Split   400.5  49.8   49.8 nm  4.912 s
Step    75: OL  910.1  131.8  OA   65.9   9.2 CL  405.1 141.1 Split   401.5  53.8   53.8 nm  4.831 s
Step    76: OL  911.4  136.0  OA   67.9  19.7 CL  407.7 146.8 Split   402.4  65.8   65.8 nm  4.862 s
Step    77: OL  912.8  140.9  OA   70.8  29.6 CL  410.5 152.3 Split   403.4  75.9   75.9 nm  5.034 s
Step    78: OL  914.4  146.6  OA   77.5  43.6 CL  410.3 150.4 Split   404.2  70.7   70.7 nm  4.925 s
Step    79: OL  916.1  152.9  OA   83.4  53.7 CL  410.7 150.9 Split   404.6  70.7   70.7 nm  4.826 s
Step    80: OL  918.0  159.6  OA   70.0  27.6 CL  408.5 145.2 Split   404.6  56.7   56.7 nm  4.816 s
Step    81: OL  919.9  166.5  OA   69.1  24.6 CL  407.9 142.1 Split   405.2  46.8   46.8 nm  4.969 s
Step    82: OL  921.9  173.5  OA   69.6  24.5 CL  408.7 143.4 Split   405.8  49.0   49.0 nm  4.793 s
Step    83: OL  923.8  180.2  OA   74.1  36.1 CL  411.2 148.3 Split   406.8  60.4   60.4 nm  4.861 s
Step    84: OL  925.8  186.4  OA   76.6  42.0 CL  412.6 150.3 Split   407.6  64.0   64.0 nm  4.779 s
Step    85: OL  927.6  192.0  OA   78.0  45.7 CL  413.2 150.9 Split   408.1  64.3   64.3 nm  4.873 s
Step    86: OL  929.3  196.6  OA   75.5  42.4 CL  415.0 154.5 Split   408.8  71.4   71.4 nm  4.902 s
Step    87: OL  930.7  200.3  OA   70.3  32.3 CL  416.1 155.1 Split   409.8  71.9   71.9 nm  4.788 s
Step    88: OL  931.9  202.7  OA   65.5  19.9 CL  417.3 156.2 Split   410.8  73.1   73.1 nm  4.887 s
Step    89: OL  932.9  203.9  OA   64.1  14.3 CL  416.6 152.1 Split   411.8  63.1   63.1 nm  4.955 s
Step    90: OL  933.5  203.7  OA   62.8   2.7 CL  419.3 156.6 Split   413.0  72.3   72.3 nm  4.836 s
Step    91: OL  933.9  202.2  OA   63.4  10.8 CL  419.2 154.5 Split   414.0  66.2   66.2 nm  5.034 s
Step    92: OL  934.0  199.4  OA   64.6  14.9 CL  419.5 154.2 Split   414.6  64.3   64.3 nm  4.814 s
Step    93: OL  933.8  195.3  OA   67.6  27.7 CL  418.8 150.7 Split   415.4  53.4   53.4 nm  4.805 s
Step    94: OL  933.5  190.1  OA   63.6  17.3 CL  422.0 157.6 Split   416.3  69.2   69.2 nm  4.973 s
Step    95: OL  932.9  184.0  OA   66.8  27.3 CL  423.2 158.5 Split   417.2  70.5   70.5 nm  4.846 s
Step    96: OL  932.3  177.0  OA   67.6  28.6 CL  422.7 155.6 Split   418.0  62.7   62.7 nm  4.912 s
Step    97: OL  931.6  169.6  OA   69.0  31.6 CL  423.4 155.4 Split   419.0  61.0   61.0 nm  4.751 s
Step    98: OL  930.9  161.9  OA   67.1  28.3 CL  424.9 157.3 Split   420.0  64.3   64.3 nm  4.939 s
Step    99: OL  930.4  154.3  OA   74.9  43.5 CL  427.5 162.9 Split   420.7  76.0   76.0 nm  4.827 s
Step   100: OL  929.9  147.2  OA   74.9  43.4 CL  429.8 166.9 Split   421.7  83.4   83.4 nm  4.922 s
Step   101: OL  929.7  141.1  OA   78.9  50.4 CL  432.8 173.7 Split   422.1  95.7   95.7 nm  4.881 s
Step   102: OL  929.7  136.1  OA   81.3  54.2 CL  434.7 177.5 Split   422.6 101.7  101.7 nm  4.872 s
Step   103: OL  929.9  132.8  OA   72.7  40.8 CL  433.5 172.4 Split   423.8  91.4   91.4 nm  4.830 s
Step   104: OL  930.4  131.2  OA   71.6  39.0 CL  434.0 172.5 Split   424.4  90.7   90.7 nm  4.823 s
Step   105: OL  931.1  131.5  OA   68.3  32.9 CL  433.5 170.3 Split   425.1  85.1   85.1 nm  4.883 s
Step   106: OL  932.1  133.5  OA   68.7  33.9 CL  433.4 169.8 Split   425.3  83.1   83.1 nm  4.864 s
Step   107: OL  933.3  137.0  OA   70.3  37.7 CL  434.0 171.6 Split   425.4  85.9   85.9 nm  4.828 s
Step   108: OL  934.7  141.6  OA   71.1  39.2 CL  436.1 177.2 Split   425.4  95.8   95.8 nm  4.826 s
Step   109: OL  936.2  146.9  OA   66.0  27.9 CL  435.4 175.9 Split   425.5  92.5   92.5 nm  4.945 s
Step   110: OL  937.8  152.4  OA   62.0  18.2 CL  437.6 179.6 Split   426.3  98.6   98.6 nm  4.937 s
Step   111: OL  939.4  158.0  OA   60.5  10.0 CL  439.3 182.4 Split   427.1 102.9  102.9 nm  4.962 s
Step   112: OL  941.0  163.1  OA   61.1  13.3 CL  438.8 180.5 Split   427.5  98.8   98.8 nm  4.869 s
Step   113: OL  942.4  167.6  OA   64.0  23.5 CL  440.4 182.9 Split   428.3 102.3  102.3 nm  4.998 s
Step   114: OL  943.8  171.2  OA   65.0  26.9 CL  441.9 185.5 Split   429.0 106.2  106.2 nm  4.814 s
Step   115: OL  944.9  173.8  OA   61.0  14.9 CL  440.8 181.1 Split   429.9  97.4   97.4 nm  4.868 s
Step   116: OL  945.9  175.3  OA   59.5   2.5 CL  440.6 180.5 Split   430.2  95.0   95.0 nm  4.954 s
Step   117: OL  946.6  175.7  OA   60.1   8.6 CL  442.0 184.2 Split   430.3 101.2  101.2 nm  4.851 s
Step   118: OL  947.1  174.8  OA   60.0   7.4 CL  443.5 187.2 Split   430.7 105.7  105.7 nm  4.768 s
Step   119: OL  947.4  172.9  OA   62.5  18.5 CL  441.7 182.2 Split   431.3  95.1   95.1 nm  4.923 s
Step   120: OL  947.5  169.9  OA   66.5  30.6 CL  439.5 177.5 Split   431.3  84.6   84.6 nm  4.819 s
Step   121: OL  947.5  166.1  OA   71.1  39.8 CL  437.9 174.7 Split   431.1  77.1   77.1 nm  4.869 s
Step   122: OL  947.4  161.6  OA   71.9  41.4 CL  441.1 181.8 Split   431.6  91.3   91.3 nm  4.928 s
Step   123: OL  947.2  156.9  OA   75.2  47.0 CL  443.9 187.0 Split   432.3 100.5  100.5 nm  4.883 s
Step   124: OL  947.1  152.3  OA   70.4  38.3 CL  444.5 188.4 Split   432.5 102.6  102.6 nm  4.995 s
Step   125: OL  947.0  148.1  OA   73.3  43.2 CL  448.0 195.7 Split   432.9 115.1  115.1 nm  4.953 s
Step   126: OL  947.2  144.8  OA   76.6  48.3 CL  448.1 195.1 Split   433.6 113.2  113.2 nm  4.974 s
Step   127: OL  947.5  142.9  OA   78.0  50.9 CL  447.7 193.6 Split   434.1 109.7  109.7 nm  4.906 s
Step   128: OL  948.1  142.6  OA   81.2  55.3 CL  448.0 193.1 Split   434.8 108.0  108.0 nm  4.862 s
Step   129: OL  948.9  144.0  OA   80.3  54.1 CL  444.8 184.9 Split   435.3  91.6   91.6 nm  5.048 s
Step   130: OL  950.0  147.3  OA   72.6  42.7 CL  446.6 188.9 Split   435.6  98.5   98.5 nm  4.882 s
Step   131: OL  951.4  152.1  OA   69.6  37.9 CL  449.2 194.8 Split   435.8 108.8  108.8 nm  4.888 s
Step   132: OL  952.9  158.1  OA   66.7  32.9 CL  452.5 201.2 Split   436.4 119.4  119.4 nm  4.825 s
Step   133: OL  954.7  164.8  OA   60.2  15.9 CL  450.2 195.4 Split   436.9 108.5  108.5 nm  4.843 s
Step   134: OL  956.5  171.9  OA   65.4  30.3 CL  448.1 189.7 Split   437.5  96.6   96.6 nm  4.902 s
Step   135: OL  958.4  178.8  OA   69.2  37.5 CL  448.4 190.4 Split   437.8  96.7   96.7 nm  4.992 s
Step   136: OL  960.1  185.2  OA   64.5  27.6 CL  452.2 198.6 Split   438.2 111.4  111.4 nm  4.864 s
Step   137: OL  961.8  190.6  OA   65.8  30.3 CL  454.4 202.4 Split   439.0 117.2  117.2 nm  5.104 s
Step   138: OL  963.2  194.8  OA   65.9  30.5 CL  458.1 209.3 Split   439.9 128.0  128.0 nm  5.146 s
Step   139: OL  964.3  197.5  OA   61.5  20.1 CL  455.8 203.9 Split   440.2 118.1  118.1 nm  4.893 s
Step   140: OL  965.0  198.6  OA   62.0  21.6 CL  451.7 194.3 Split   440.5  99.7   99.7 nm  4.883 s
Step   141: OL  965.4  198.0  OA   63.3  24.8 CL  451.6 193.2 Split   441.1  96.8   96.8 nm  4.929 s
Step   142: OL  965.5  195.7  OA   59.1   8.5 CL  455.9 203.1 Split   441.3 114.5  114.5 nm  5.053 s
Step   143: OL  965.3  191.8  OA   59.4   9.0 CL  457.8 206.1 Split   442.0 119.0  119.0 nm  4.877 s
Step   144: OL  964.7  186.6  OA   60.6  14.5 CL  461.4 213.4 Split   442.6 130.4  130.4 nm  4.939 s
Step   145: OL  964.0  180.2  OA   62.9  22.6 CL  464.3 219.4 Split   443.0 139.2  139.2 nm  4.839 s
Step   146: OL  963.2  173.3  OA   64.9  28.4 CL  462.5 214.7 Split   443.7 130.6  130.6 nm  4.819 s
Step   147: OL  962.5  166.3  OA   63.4  24.5 CL  463.9 215.4 Split   445.1 130.7  130.7 nm  4.925 s
Step   148: OL  961.9  160.0  OA   73.1  44.1 CL  465.3 216.9 Split   446.0 132.5  132.5 nm  4.930 s
Step   149: OL  961.6  155.2  OA   69.6  38.2 CL  465.5 216.5 Split   446.7 131.1  131.1 nm  5.018 s
Step   150: OL  961.7  152.6  OA   69.6  38.1 CL  466.2 218.2 Split   446.9 133.0  133.0 nm  4.848 s
Step   151: OL  962.2  152.8  OA   71.7  41.7 CL  466.7 220.1 Split   446.7 135.4  135.4 nm  5.250 s
Step   152: OL  963.1  156.2  OA   74.6  47.4 CL  469.5 226.0 Split   446.7 144.3  144.3 nm  4.857 s
Step   153: OL  964.6  162.6  OA   83.5  60.9 CL  473.8 233.4 Split   447.6 155.2  155.2 nm  5.266 s
Step   154: OL  966.6  171.6  OA   81.5  57.9 CL  470.4 225.0 Split   448.7 141.5  141.5 nm  4.868 s
Step   155: OL  969.0  182.6  OA   74.0  46.2 CL  468.9 220.4 Split   449.5 133.3  133.3 nm  4.837 s
Step   156: OL  971.8  194.7  OA   69.3  38.5 CL  470.6 222.7 Split   450.4 136.3  136.3 nm  4.931 s
Step   157: OL  974.8  207.3  OA   70.5  40.9 CL  476.2 233.4 Split   451.0 152.8  152.8 nm  5.161 s
Step   158: OL  977.9  219.7  OA   68.2  36.8 CL  477.7 236.3 Split   451.3 156.5  156.5 nm  4.814 s
Step   159: OL  980.9  231.3  OA   70.1  39.8 CL  479.2 238.8 Split   451.8 159.7  159.7 nm  4.912 s
Step   160: OL  983.8  241.7  OA   71.9  43.0 CL  480.0 239.4 Split   452.6 160.1  160.1 nm  5.049 s
Step   161: OL  986.3  250.5  OA   69.3  38.5 CL  479.3 236.2 Split   453.6 154.8  154.8 nm  4.843 s
Step   162: OL  988.4  257.3  OA   61.5  20.5 CL  477.2 231.8 Split   453.8 147.6  147.6 nm  4.997 s
Step   163: OL  990.0  262.1  OA   58.3   7.9 CL  474.4 225.7 Split   454.1 137.0  137.0 nm  4.890 s
Step   164: OL  991.0  264.6  OA   57.9   2.9 CL  476.7 229.9 Split   454.7 143.1  143.1 nm  4.892 s
Step   165: OL  991.4  264.8  OA   58.1   5.8 CL  480.1 236.1 Split   455.3 152.3  152.3 nm  4.874 s
Step   166: OL  991.1  262.8  OA   58.5  11.0 CL  481.7 238.1 Split   456.1 154.9  154.9 nm  4.834 s
Step   167: OL  990.3  258.6  OA   58.2   9.8 CL  483.4 240.5 Split   456.8 158.2  158.2 nm  4.829 s
Step   168: OL  989.0  252.5  OA   57.9   4.5 CL  480.5 234.0 Split   457.3 147.7  147.7 nm  4.916 s
Step   169: OL  987.3  244.5  OA   59.0   9.6 CL  480.3 231.9 Split   458.3 143.6  143.6 nm  4.814 s
Step   170: OL  985.3  235.2  OA   62.2  21.4 CL  480.8 231.5 Split   459.2 142.2  142.2 nm  4.867 s
Step   171: OL  983.1  224.7  OA   67.6  33.6 CL  483.4 235.8 Split   460.1 148.4  148.4 nm  4.867 s
Step   172: OL  980.9  213.6  OA   74.4  45.6 CL  485.2 239.5 Split   460.2 153.7  153.7 nm  4.880 s
Step   173: OL  978.7  202.4  OA   77.6  51.0 CL  488.5 246.2 Split   460.4 163.3  163.3 nm  5.064 s
Step   174: OL  976.8  191.5  OA   79.6  54.2 CL  489.7 248.4 Split   460.6 166.1  166.1 nm  4.845 s
Step   175: OL  975.1  181.6  OA   78.7  53.1 CL  490.3 249.0 Split   461.1 166.5  166.5 nm  4.948 s
Step   176: OL  973.8  173.2  OA   76.5  49.7 CL  491.3 248.5 Split   462.7 165.4  165.4 nm  4.851 s
Step   177: OL  972.9  166.7  OA   80.0  55.2 CL  493.8 251.8 Split   463.7 169.7  169.7 nm  4.858 s
Step   178: OL  972.4  162.6  OA   86.5  64.1 CL  498.3 259.5 Split   464.5 180.4  180.4 nm  4.881 s
Step   179: OL  972.3  160.8  OA   83.7  60.3 CL  498.0 258.4 Split   465.0 178.4  178.4 nm  4.923 s
Step   180: OL  972.6  161.2  OA   84.6  61.5 CL  495.1 252.5 Split   465.3 169.2  169.2 nm  4.855 s
Step   181: OL  973.2  163.5  OA   81.0  56.2 CL  494.5 250.4 Split   466.0 165.4  165.4 nm  4.826 s
Step   182: OL  974.0  167.1  OA   82.0  57.5 CL  494.9 250.0 Split   466.8 164.2  164.2 nm  5.026 s
Step   183: OL  974.9  171.6  OA   82.9  59.1 CL  496.2 252.4 Split   467.1 167.5  167.5 nm  4.953 s
Step   184: OL  976.0  176.4  OA   73.6  45.3 CL  499.1 257.8 Split   467.3 175.3  175.3 nm  4.853 s
Step   185: OL  977.0  180.9  OA   70.8  40.4 CL  499.5 258.0 Split   467.8 175.3  175.3 nm  4.881 s
Step   186: OL  977.9  184.9  OA   64.6  28.4 CL  496.8 252.2 Split   468.2 166.2  166.2 nm  4.830 s
Step   187: OL  978.7  188.1  OA   63.2  25.5 CL  493.8 246.2 Split   468.3 156.5  156.5 nm  4.926 s
Step   188: OL  979.2  190.2  OA   63.2  26.6 CL  490.8 239.8 Split   468.6 146.0  146.0 nm  4.848 s
Step   189: OL  979.5  191.1  OA   65.0  29.8 CL  492.9 243.6 Split   468.9 151.8  151.8 nm  5.002 s
Step   190: OL  979.6  190.9  OA   62.8  23.6 CL  494.9 247.0 Split   469.3 156.9  156.9 nm  4.806 s
Step   191: OL  979.5  189.5  OA   59.4   8.4 CL  498.6 254.4 Split   469.3 168.2  168.2 nm  4.866 s
Step   192: OL  979.2  187.0  OA   61.7  18.0 CL  503.9 264.0 Split   469.8 182.2  182.2 nm  4.829 s
Step   193: OL  978.6  183.7  OA   61.6  18.1 CL  505.1 265.5 Split   470.4 184.1  184.1 nm  4.895 s
Step   194: OL  978.0  179.8  OA   61.5  19.0 CL  502.9 259.9 Split   471.3 175.5  175.5 nm  5.146 s
Step   195: OL  977.4  175.5  OA   63.8  26.2 CL  502.3 258.1 Split   471.8 172.5  172.5 nm  4.851 s
Step   196: OL  976.8  171.4  OA   62.4  21.4 CL  502.5 258.1 Split   472.2 171.9  171.9 nm  4.881 s
Step   197: OL  976.2  167.7  OA   64.6  26.7 CL  504.1 261.5 Split   472.0 176.8  176.8 nm  4.881 s
Step   198: OL  975.9  165.0  OA   68.5  34.8 CL  507.4 268.1 Split   472.0 186.4  186.4 nm  4.978 s
Step   199: OL  975.7  163.6  OA   69.1  35.3 CL  508.3 269.6 Split   472.1 188.5  188.5 nm  4.796 s
Step   200: OL  975.9  163.8  OA   72.6  41.8 CL  507.7 268.0 Split   472.4 186.1  186.1 nm  4.846 s
Step   201: OL  976.3  165.9  OA   73.5  43.5 CL  505.6 264.0 Split   472.4 180.2  180.2 nm  4.852 s
Step   202: OL  977.0  169.8  OA   68.5  34.8 CL  505.1 263.2 Split   472.4 178.8  178.8 nm  4.914 s
Step   203: OL  978.1  175.5  OA   64.0  24.5 CL  504.5 261.4 Split   472.8 175.8  175.8 nm  4.866 s
Step   204: OL  979.5  182.7  OA   64.5  25.6 CL  506.5 265.3 Split   472.9 181.3  181.3 nm  4.910 s
Step   205: OL  981.2  191.1  OA   70.4  37.7 CL  504.7 260.8 Split   473.5 174.6  174.6 nm  5.219 s
Step   206: OL  983.0  200.1  OA   72.6  41.6 CL  506.6 263.8 Split   473.9 178.9  178.9 nm  4.837 s
Step   207: OL  985.0  209.6  OA   69.9  36.5 CL  509.0 267.9 Split   474.3 184.7  184.7 nm  4.997 s
Step   208: OL  987.1  218.9  OA   67.3  29.7 CL  510.7 271.4 Split   474.3 189.5  189.5 nm  4.913 s
Step   209: OL  989.1  227.9  OA   66.7  27.7 CL  515.9 281.6 Split   474.0 203.5  203.5 nm  4.822 s
Step   210: OL  991.1  236.1  OA   69.6  33.9 CL  516.7 283.6 Split   473.8 206.2  206.2 nm  4.851 s
Step   211: OL  992.8  243.3  OA   71.4  37.7 CL  513.6 277.9 Split   473.9 197.9  197.9 nm  4.823 s
Step   212: OL  994.3  249.2  OA   68.3  31.5 CL  513.2 277.3 Split   474.0 196.5  196.5 nm  5.102 s
Step   213: OL  995.4  253.6  OA   64.9  23.2 CL  512.4 276.1 Split   473.9 194.8  194.8 nm  4.872 s
Step   214: OL  996.1  256.4  OA   66.4  27.0 CL  513.6 277.8 Split   474.3 197.0  197.0 nm  5.016 s
Step   215: OL  996.4  257.6  OA   62.8  16.8 CL  513.1 276.3 Split   474.8 194.6  194.6 nm  4.980 s
Step   216: OL  996.2  256.9  OA   60.7   4.0 CL  512.4 274.9 Split   474.9 192.3  192.3 nm  4.917 s
Step   217: OL  995.5  254.5  OA   61.3   9.6 CL  510.2 270.8 Split   475.0 186.3  186.3 nm  4.913 s
Step   218: OL  994.4  250.4  OA   63.6  18.9 CL  512.4 274.7 Split   475.1 191.8  191.8 nm  4.886 s
Step   219: OL  992.9  244.7  OA   64.9  22.0 CL  516.8 282.4 Split   475.5 202.4  202.4 nm  5.230 s
Step   220: OL  991.1  237.6  OA   67.8  29.1 CL  514.7 278.3 Split   475.7 196.3  196.3 nm  4.895 s
Step   221: OL  989.0  229.2  OA   73.3  40.9 CL  513.6 275.9 Split   476.1 192.7  192.7 nm  4.802 s
Step   222: OL  986.8  219.9  OA   73.3  41.1 CL  511.7 272.2 Split   476.3 187.2  187.2 nm  4.840 s
Step   223: OL  984.5  210.0  OA   70.7  35.8 CL  514.8 278.3 Split   476.1 195.8  195.8 nm  4.927 s
Step   224: OL  982.3  199.9  OA   69.4  31.7 CL  513.8 276.5 Split   476.2 192.9  192.9 nm  4.839 s
Step   225: OL  980.2  190.2  OA   67.3  25.5 CL  513.7 276.3 Split   476.2 192.6  192.6 nm  4.851 s
Step   226: OL  978.3  181.2  OA   66.3  23.7 CL  511.7 272.9 Split   476.1 187.6  187.6 nm  4.811 s
Step   227: OL  976.8  173.6  OA   70.2  33.6 CL  508.9 267.6 Split   476.1 179.7  179.7 nm  4.829 s
Step   228: OL  975.6  167.8  OA   80.2  51.4 CL  511.8 273.9 Split   475.7 188.8  188.8 nm  4.890 s
Step   229: OL  974.8  164.2  OA   86.9  60.9 CL  513.8 278.2 Split   475.4 194.8  194.8 nm  4.883 s
Step   230: OL  974.4  162.8  OA   81.3  52.4 CL  511.1 274.4 Split   474.8 189.2  189.2 nm  4.816 s
Step   231: OL  974.3  163.7  OA   79.9  50.3 CL  510.9 273.4 Split   475.3 187.5  187.5 nm  4.846 s
Step   232: OL  974.6  166.6  OA   74.2  40.1 CL  512.7 275.7 Split   475.8 190.9  190.9 nm  5.025 s
Step   233: OL  975.1  170.9  OA   76.0  44.0 CL  513.6 277.0 Split   476.0 192.8  192.8 nm  4.831 s
Step   234: OL  975.8  176.1  OA   72.0  37.2 CL  513.7 277.2 Split   476.1 193.1  193.1 nm  4.819 s
Step   235: OL  976.6  181.8  OA   72.7  37.9 CL  516.5 281.9 Split   476.2 199.9  199.9 nm  4.919 s
Step   236: OL  977.4  187.3  OA   71.2  35.1 CL  514.7 278.8 Split   476.1 195.6  195.6 nm  4.908 s
Step   237: OL  978.2  192.3  OA   68.9  29.6 CL  512.4 274.1 Split   476.2 189.1  189.1 nm  4.854 s
Step   238: OL  978.7  196.5  OA   64.9  20.3 CL  510.5 271.2 Split   475.9 184.8  184.8 nm  4.841 s
Step   239: OL  979.0  199.6  OA   64.2  17.0 CL  514.7 278.9 Split   475.9 195.9  195.9 nm  4.829 s
Step   240: OL  979.1  201.3  OA   63.6  13.5 CL  519.3 288.6 Split   475.2 209.5  209.5 nm  4.982 s
Step   241: OL  978.9  201.8  OA   62.4   7.1 CL  519.5 289.8 Split   474.6 211.3  211.3 nm  4.858 s
Step   242: OL  978.4  200.8  OA   62.8   6.1 CL  518.9 289.2 Split   474.2 210.6  210.6 nm  4.890 s
Step   243: OL  977.6  198.6  OA   65.3  18.5 CL  517.7 287.1 Split   474.2 207.9  207.9 nm  4.950 s
Step   244: OL  976.6  195.3  OA   67.6  23.2 CL  519.4 290.6 Split   473.8 212.8  212.8 nm  4.863 s
Step   245: OL  975.4  190.9  OA   67.5  22.5 CL  518.6 289.3 Split   473.7 211.1  211.1 nm  5.010 s
Step   246: OL  974.1  185.9  OA   63.9   8.3 CL  519.8 291.4 Split   473.8 213.8  213.8 nm  5.066 s
Step   247: OL  972.7  180.6  OA   64.6  12.7 CL  519.2 290.7 Split   473.6 212.8  212.8 nm  4.901 s
Step   248: OL  971.3  175.1  OA   64.8  13.8 CL  520.2 292.2 Split   473.6 215.1  215.1 nm  4.868 s
Step   249: OL  970.1  170.1  OA   64.7  12.8 CL  521.2 293.9 Split   473.7 217.4  217.4 nm  5.166 s
Step   250: OL  968.9  165.7  OA   65.6  16.8 CL  521.6 294.6 Split   473.8 218.1  218.1 nm  4.806 s
Step   251: OL  967.9  162.3  OA   70.3  30.4 CL  517.2 287.2 Split   473.6 207.9  207.9 nm  4.907 s
Step   252: OL  967.1  160.2  OA   77.2  42.6 CL  522.7 297.0 Split   473.5 221.4  221.4 nm  4.900 s
Step   253: OL  966.6  159.5  OA   92.2  65.9 CL  526.6 304.0 Split   473.3 230.8  230.8 nm  4.888 s
Step   254: OL  966.3  160.1  OA   85.9  56.3 CL  528.2 305.5 Split   474.1 232.7  232.7 nm  4.901 s
Step   255: OL  966.1  162.0  OA   74.7  37.9 CL  523.3 297.8 Split   473.7 222.5  222.5 nm  4.803 s
Step   255 updated high order loop gain: 0.445
Step   255 updated low order loop gain : 0.448
Step   256: OL  966.1  164.9  OA   68.3  19.6 CL  517.6 288.5 Split   473.2 209.7  209.7 nm  4.877 s
Step   257: OL  966.3  168.5  OA   68.2  18.9 CL  516.7 286.6 Split   473.3 207.2  207.2 nm  4.904 s
Step   258: OL  966.5  172.4  OA   70.1  26.3 CL  518.7 289.7 Split   473.6 211.7  211.7 nm  4.904 s
Step   259: OL  966.7  176.5  OA   69.8  24.0 CL  522.9 296.1 Split   474.2 220.5  220.5 nm  4.824 s
Step   260: OL  966.9  180.2  OA   70.0  23.5 CL  526.3 302.2 Split   474.0 228.6  228.6 nm  4.865 s
Step   261: OL  967.0  183.5  OA   67.2  13.9 CL  522.4 295.2 Split   474.2 219.3  219.3 nm  4.876 s
Step   262: OL  967.0  186.1  OA   68.0  17.9 CL  520.2 290.6 Split   474.6 213.0  213.0 nm  4.872 s
Step   263: OL  966.8  187.9  OA   69.8  24.7 CL  522.0 294.2 Split   474.4 218.0  218.0 nm  4.896 s
Step   264: OL  966.4  188.7  OA   68.0  19.1 CL  520.9 292.6 Split   474.1 215.8  215.8 nm  4.927 s
Step   265: OL  965.8  188.6  OA   66.1  12.0 CL  523.2 296.5 Split   474.2 221.1  221.1 nm  4.868 s
Step   266: OL  965.0  187.6  OA   65.4   9.2 CL  525.3 300.2 Split   474.1 226.1  226.1 nm  4.878 s
Step   267: OL  964.1  185.7  OA   67.1  18.6 CL  525.3 300.8 Split   473.8 226.8  226.8 nm  4.937 s
Step   268: OL  963.0  183.0  OA   67.4  16.6 CL  520.4 291.9 Split   474.0 214.8  214.8 nm  4.978 s
Step   269: OL  961.7  179.6  OA   66.5   8.7 CL  521.5 293.8 Split   474.2 217.2  217.2 nm  5.006 s
Step   270: OL  960.4  175.8  OA   68.7  18.2 CL  517.7 286.4 Split   474.4 207.1  207.1 nm  4.792 s
Step   271: OL  959.0  171.7  OA   67.8  16.4 CL  527.0 303.3 Split   474.2 230.0  230.0 nm  4.922 s
Step   272: OL  957.7  167.5  OA   72.5  31.4 CL  533.2 314.1 Split   474.0 244.2  244.2 nm  4.842 s
Step   273: OL  956.3  163.5  OA   73.5  33.5 CL  531.4 311.3 Split   473.9 240.6  240.6 nm  4.956 s
Step   274: OL  955.1  160.0  OA   76.6  40.0 CL  535.2 317.5 Split   473.9 248.8  248.8 nm  4.812 s
Step   275: OL  953.9  157.1  OA   76.1  38.9 CL  533.3 314.2 Split   473.9 244.7  244.7 nm  4.900 s
Step   276: OL  952.9  155.1  OA   72.8  30.7 CL  524.8 299.9 Split   473.6 226.0  226.0 nm  5.054 s
Step   277: OL  952.1  154.0  OA   73.2  30.1 CL  524.1 299.0 Split   473.4 224.9  224.9 nm  4.904 s
Step   278: OL  951.4  154.0  OA   72.7  28.9 CL  528.9 307.9 Split   473.1 236.6  236.6 nm  4.881 s
Step   279: OL  950.9  155.0  OA   72.4  27.7 CL  530.6 310.7 Split   473.1 240.3  240.3 nm  4.974 s
Step   280: OL  950.5  156.9  OA   71.6  23.3 CL  531.4 312.2 Split   473.0 242.1  242.1 nm  4.956 s
Step   281: OL  950.3  159.7  OA   71.7  22.0 CL  524.8 300.6 Split   473.2 226.9  226.9 nm  4.881 s
Step   282: OL  950.1  163.0  OA   69.6  13.0 CL  518.4 290.1 Split   472.7 213.0  213.0 nm  4.926 s
Step   283: OL  950.1  166.8  OA   69.8  14.0 CL  518.3 290.2 Split   472.4 213.2  213.2 nm  4.828 s
Step   284: OL  950.1  170.8  OA   71.4  20.2 CL  521.1 295.1 Split   472.5 219.8  219.8 nm  4.822 s
Step   285: OL  950.1  174.7  OA   70.3  16.1 CL  521.8 295.8 Split   472.7 220.9  220.9 nm  4.901 s
Step   286: OL  950.1  178.4  OA   70.6  14.2 CL  523.7 298.4 Split   473.3 224.2  224.2 nm  4.911 s
Step   287: OL  950.0  181.8  OA   72.1  20.2 CL  524.4 299.1 Split   473.5 225.3  225.3 nm  4.819 s
Step   288: OL  949.8  184.7  OA   75.2  29.6 CL  524.5 299.3 Split   473.5 225.6  225.6 nm  4.936 s
Step   289: OL  949.5  186.9  OA   76.6  31.1 CL  529.5 308.5 Split   473.1 237.6  237.6 nm  4.863 s
Step   290: OL  949.1  188.5  OA   73.7  19.9 CL  525.1 301.3 Split   472.9 228.3  228.3 nm  4.973 s
Step   291: OL  948.5  189.4  OA   71.3  10.8 CL  524.4 301.1 Split   472.2 228.1  228.1 nm  5.095 s
Step   292: OL  947.8  189.5  OA   70.9   9.0 CL  528.5 308.8 Split   471.6 238.6  238.6 nm  4.825 s
Step   293: OL  947.0  188.9  OA   71.6  11.8 CL  529.3 310.3 Split   471.4 240.7  240.7 nm  4.914 s
Step   294: OL  946.0  187.6  OA   74.1  24.5 CL  530.2 312.1 Split   471.1 243.1  243.1 nm  5.044 s
Step   295: OL  944.9  185.8  OA   73.0  23.2 CL  525.5 304.1 Split   471.2 232.8  232.8 nm  4.919 s
Step   296: OL  943.6  183.3  OA   71.2  13.6 CL  522.7 299.3 Split   471.0 226.5  226.5 nm  4.804 s
Step   297: OL  942.3  180.5  OA   70.8   7.0 CL  523.0 300.0 Split   470.9 227.5  227.5 nm  4.785 s
Step   298: OL  941.0  177.3  OA   71.6  15.7 CL  517.7 290.9 Split   470.7 215.6  215.6 nm  4.961 s
Step   299: OL  939.6  173.9  OA   72.7  18.3 CL  518.9 292.4 Split   471.0 217.7  217.7 nm  4.887 s
Step   300: OL  938.2  170.5  OA   75.2  25.5 CL  525.3 303.5 Split   471.1 232.5  232.5 nm  5.250 s
Step   301: OL  936.8  167.1  OA   77.8  31.9 CL  527.1 306.7 Split   470.8 237.0  237.0 nm  5.025 s
Step   302: OL  935.4  163.8  OA   75.4  26.3 CL  521.9 297.9 Split   470.5 225.8  225.8 nm  4.917 s
Step   303: OL  934.1  160.8  OA   73.8  18.2 CL  518.1 291.7 Split   470.3 217.5  217.5 nm  4.936 s
Step   304: OL  932.9  158.0  OA   74.7  21.2 CL  518.6 293.2 Split   469.8 219.5  219.5 nm  4.794 s
Step   305: OL  931.7  155.6  OA   73.1  11.6 CL  525.2 305.6 Split   469.3 235.9  235.9 nm  4.924 s
Step   306: OL  930.6  153.6  OA   72.7   7.9 CL  525.2 305.9 Split   469.0 236.4  236.4 nm  4.811 s
Step   307: OL  929.5  151.9  OA   72.5   4.1 CL  523.7 303.3 Split   469.0 233.1  233.1 nm  4.848 s
Step   308: OL  928.5  150.5  OA   72.0   4.6 CL  522.6 301.7 Split   468.6 231.3  231.3 nm  4.819 s
Step   309: OL  927.5  149.5  OA   73.7  16.0 CL  530.5 315.5 Split   468.3 249.2  249.2 nm  4.864 s
Step   310: OL  926.6  148.8  OA   77.9  28.5 CL  536.1 325.1 Split   468.1 261.4  261.4 nm  5.065 s
Step   311: OL  925.7  148.3  OA   80.3  33.9 CL  538.8 330.1 Split   467.7 267.7  267.7 nm  4.843 s
Step   312: OL  924.8  148.1  OA   74.9  14.5 CL  527.9 312.2 Split   467.4 245.3  245.3 nm  4.939 s
Step   313: OL  924.0  148.2  OA   73.9  10.0 CL  520.5 298.7 Split   467.9 227.9  227.9 nm  4.892 s
Step   314: OL  923.2  148.6  OA   74.7  18.3 CL  515.7 291.1 Split   467.4 218.1  218.1 nm  4.891 s
Step   315: OL  922.5  149.4  OA   73.7  11.9 CL  524.2 306.4 Split   466.9 238.4  238.4 nm  4.941 s
Step   316: OL  921.9  150.7  OA   74.0  12.8 CL  526.1 310.7 Split   466.1 244.0  244.0 nm  4.989 s
Step   317: OL  921.3  152.4  OA   73.9   5.4 CL  521.1 302.0 Split   466.2 232.8  232.8 nm  5.105 s
Step   318: OL  920.8  154.7  OA   75.1  10.7 CL  526.0 310.5 Split   466.1 243.9  243.9 nm  4.981 s
Step   319: OL  920.5  157.7  OA   75.4  13.2 CL  520.7 301.0 Split   466.3 231.8  231.8 nm  4.936 s
Step   320: OL  920.2  161.2  OA   76.7  19.5 CL  521.5 301.5 Split   466.8 232.6  232.6 nm  4.865 s
Step   321: OL  920.1  165.3  OA   75.4  12.7 CL  523.8 305.2 Split   466.8 237.6  237.6 nm  4.938 s
Step   322: OL  920.0  169.9  OA   75.3  12.1 CL  523.5 304.7 Split   466.8 237.0  237.0 nm  4.866 s
Step   323: OL  920.1  174.9  OA   76.6  18.1 CL  527.6 311.9 Split   466.6 246.3  246.3 nm  4.880 s
Step   324: OL  920.2  180.3  OA   77.4  20.6 CL  521.5 302.8 Split   465.8 234.6  234.6 nm  5.087 s
Step   325: OL  920.4  185.7  OA   77.3  20.3 CL  518.5 298.7 Split   465.1 229.2  229.2 nm  4.944 s
Step   326: OL  920.7  191.2  OA   77.6  26.4 CL  519.7 301.3 Split   464.6 232.9  232.9 nm  4.917 s
Step   327: OL  920.9  196.5  OA   75.5  16.3 CL  518.6 298.6 Split   465.0 229.7  229.7 nm  4.924 s
Step   328: OL  921.0  201.4  OA   78.2  23.0 CL  514.4 290.2 Split   465.7 218.5  218.5 nm  4.904 s
Step   329: OL  921.1  205.9  OA   75.7   7.6 CL  520.9 300.7 Split   466.1 232.6  232.6 nm  4.919 s
Step   330: OL  921.0  209.7  OA   76.4  15.7 CL  520.8 300.8 Split   465.8 232.9  232.9 nm  4.961 s
Step   331: OL  920.8  212.9  OA   78.4  23.8 CL  530.3 317.5 Split   465.2 254.4  254.4 nm  4.900 s
Step   332: OL  920.5  215.2  OA   77.7  23.4 CL  527.9 313.9 Split   464.9 250.1  250.1 nm  5.012 s
Step   333: OL  919.9  216.7  OA   76.7  21.6 CL  522.9 306.0 Split   464.5 240.1  240.1 nm  4.982 s
Step   334: OL  919.1  217.3  OA   74.4   9.2 CL  518.6 298.3 Split   464.7 230.3  230.3 nm  4.952 s
Step   335: OL  918.1  217.1  OA   75.3  11.2 CL  517.1 295.7 Split   464.7 226.8  226.8 nm  5.003 s
Step   336: OL  916.9  216.0  OA   75.6   7.0 CL  523.2 306.3 Split   464.4 240.9  240.9 nm  4.844 s
Step   337: OL  915.5  214.2  OA   78.6  21.3 CL  531.0 320.0 Split   463.9 258.5  258.5 nm  4.899 s
Step   338: OL  913.9  211.7  OA   78.6  21.3 CL  530.1 319.5 Split   463.0 258.0  258.0 nm  4.854 s
Step   339: OL  912.2  208.7  OA   78.4  23.0 CL  531.0 320.9 Split   463.0 260.0  260.0 nm  4.836 s
Step   340: OL  910.4  205.2  OA   76.3  13.1 CL  525.3 310.9 Split   463.3 247.6  247.6 nm  4.904 s
Step   341: OL  908.6  201.4  OA   75.8  11.0 CL  516.2 294.4 Split   463.9 226.5  226.5 nm  4.824 s
Step   342: OL  906.7  197.4  OA   79.2  27.4 CL  509.4 282.1 Split   464.0 210.3  210.3 nm  4.893 s
Step   343: OL  904.8  193.5  OA   76.5  22.3 CL  513.7 289.9 Split   463.7 221.0  221.0 nm  4.867 s
Step   344: OL  903.0  189.7  OA   74.0  13.5 CL  522.4 305.8 Split   463.1 241.8  241.8 nm  4.900 s
Step   345: OL  901.2  186.1  OA   75.6  21.1 CL  527.1 313.9 Split   462.8 252.3  252.3 nm  4.826 s
Step   346: OL  899.5  183.0  OA   79.7  32.2 CL  533.1 324.6 Split   462.2 265.7  265.7 nm  4.842 s
Step   347: OL  897.9  180.4  OA   76.6  22.9 CL  528.1 316.6 Split   462.0 256.0  256.0 nm  5.138 s
Step   348: OL  896.4  178.3  OA   74.7  15.7 CL  521.2 305.3 Split   461.6 242.0  242.0 nm  4.849 s
Step   349: OL  895.1  176.9  OA   73.7  13.9 CL  523.6 309.2 Split   461.6 247.1  247.1 nm  5.160 s
Step   350: OL  893.9  176.3  OA   72.7   2.3 CL  520.0 303.0 Split   461.7 239.3  239.3 nm  4.930 s
Step   351: OL  892.9  176.5  OA   74.7  12.2 CL  513.8 292.6 Split   461.4 226.1  226.1 nm  4.880 s
Step   352: OL  892.0  177.7  OA   75.2   5.7 CL  516.6 297.3 Split   461.5 232.3  232.3 nm  4.870 s
Step   353: OL  891.3  179.8  OA   75.8  10.6 CL  514.5 293.9 Split   461.1 228.2  228.2 nm  4.866 s
Step   354: OL  890.8  182.9  OA   75.4   1.6 CL  517.8 300.2 Split   460.7 236.5  236.5 nm  4.825 s
Step   355: OL  890.6  187.1  OA   75.2   7.3 CL  520.9 305.6 Split   460.5 243.6  243.6 nm  4.960 s
Step   356: OL  890.6  192.5  OA   75.2   7.7 CL  519.2 302.7 Split   460.3 240.0  240.0 nm  4.854 s
Step   357: OL  890.9  199.1  OA   77.1  21.2 CL  520.7 305.4 Split   460.3 243.4  243.4 nm  4.822 s
Step   358: OL  891.6  206.8  OA   83.4  38.1 CL  522.8 308.3 Split   460.7 247.2  247.2 nm  5.037 s
Step   359: OL  892.5  215.7  OA   83.6  37.7 CL  518.4 301.3 Split   460.4 238.3  238.3 nm  4.849 s
Step   360: OL  893.8  225.6  OA   82.7  34.2 CL  513.2 292.3 Split   460.3 227.0  227.0 nm  5.085 s
Step   361: OL  895.5  236.4  OA   80.6  28.2 CL  513.3 292.9 Split   459.9 227.9  227.9 nm  4.847 s
Step   362: OL  897.4  248.0  OA   82.1  33.4 CL  511.9 291.3 Split   459.2 226.2  226.2 nm  4.890 s
Step   363: OL  899.7  260.1  OA   84.0  38.9 CL  512.4 292.6 Split   458.8 228.2  228.2 nm  4.875 s
Step   364: OL  902.2  272.6  OA   84.1  41.3 CL  510.4 289.4 Split   458.4 224.4  224.4 nm  4.921 s
Step   365: OL  905.0  285.2  OA   84.3  42.0 CL  512.2 292.2 Split   458.5 228.3  228.3 nm  4.872 s
Step   366: OL  907.8  297.5  OA   85.2  44.2 CL  518.6 303.7 Split   458.0 243.3  243.3 nm  4.956 s
Step   367: OL  910.6  309.5  OA   84.0  41.4 CL  525.6 315.7 Split   457.7 258.4  258.4 nm  4.859 s
Step   368: OL  913.3  320.7  OA   77.1  24.0 CL  520.0 306.6 Split   457.4 247.5  247.5 nm  4.947 s
Step   369: OL  915.8  331.0  OA   73.2   2.9 CL  515.0 298.4 Split   456.9 237.7  237.7 nm  4.931 s
Step   370: OL  918.0  340.0  OA   74.2  14.3 CL  507.3 285.3 Split   456.4 221.3  221.3 nm  4.991 s
Step   371: OL  919.6  347.6  OA   74.6  17.2 CL  508.9 288.9 Split   455.9 226.2  226.2 nm  4.827 s
Step   372: OL  920.7  353.5  OA   86.3  45.6 CL  511.2 293.6 Split   455.5 232.1  232.1 nm  4.937 s
Step   373: OL  921.1  357.6  OA   77.9  24.1 CL  511.2 293.8 Split   455.3 232.5  232.5 nm  4.821 s
Step   374: OL  920.7  359.8  OA   75.8  13.8 CL  513.7 298.3 Split   455.0 238.5  238.5 nm  4.888 s
Step   375: OL  919.6  359.8  OA   74.3   7.6 CL  515.0 300.1 Split   455.0 241.1  241.1 nm  4.821 s
Step   376: OL  917.6  357.8  OA   75.4  16.2 CL  510.9 293.2 Split   454.7 233.0  233.0 nm  4.942 s
Step   377: OL  914.7  353.5  OA   75.1  12.2 CL  508.5 289.2 Split   454.5 228.0  228.0 nm  4.767 s
Step   378: OL  911.1  347.2  OA   75.6  16.7 CL  509.6 291.6 Split   454.1 231.4  231.4 nm  4.816 s
Step   379: OL  906.7  338.9  OA   75.1  13.7 CL  509.7 291.9 Split   453.8 232.1  232.1 nm  4.809 s
Step   380: OL  901.7  328.6  OA   76.7  22.7 CL  510.9 293.9 Split   453.7 234.9  234.9 nm  4.811 s
Step   381: OL  896.2  316.7  OA   80.9  35.5 CL  511.0 294.6 Split   453.3 236.0  236.0 nm  4.846 s
Step   382: OL  890.2  303.3  OA   81.4  38.8 CL  513.9 300.5 Split   452.5 243.7  243.7 nm  4.777 s
Step   383: OL  884.1  288.7  OA   87.4  50.4 CL  517.1 306.6 Split   451.8 251.5  251.5 nm  4.999 s
Step   384: OL  877.9  273.3  OA   83.9  41.3 CL  513.5 301.2 Split   451.2 245.1  245.1 nm  4.825 s
Step   385: OL  871.8  257.3  OA   80.6  32.0 CL  509.9 296.0 Split   450.6 238.6  238.6 nm  5.014 s
Step   386: OL  865.9  241.3  OA   82.2  35.0 CL  514.7 304.5 Split   450.2 249.4  249.4 nm  4.927 s
Step   387: OL  860.3  225.6  OA   82.6  35.4 CL  508.9 295.2 Split   449.6 238.3  238.3 nm  4.923 s
Step   388: OL  855.1  210.5  OA   87.3  45.7 CL  513.7 303.8 Split   449.2 249.1  249.1 nm  4.862 s
Step   389: OL  850.5  196.6  OA   93.5  55.9 CL  517.3 309.5 Split   449.4 256.3  256.3 nm  4.819 s
Step   390: OL  846.3  184.1  OA   99.5  66.3 CL  523.8 320.7 Split   448.9 269.9  269.9 nm  4.913 s
Step   391: OL  842.6  173.3  OA   91.8  55.9 CL  524.2 322.3 Split   448.1 272.1  272.1 nm  4.902 s
Step   392: OL  839.5  164.4  OA   80.7  35.4 CL  512.6 303.7 Split   447.5 249.9  249.9 nm  4.969 s
Step   393: OL  836.8  157.5  OA   77.9  25.1 CL  501.3 284.3 Split   447.4 226.1  226.1 nm  4.997 s
Step   394: OL  834.4  152.5  OA   76.0  17.5 CL  498.2 278.5 Split   447.4 219.1  219.1 nm  4.863 s
Step   395: OL  832.5  149.4  OA   74.4   8.6 CL  498.7 279.3 Split   447.3 220.4  220.4 nm  4.957 s
Step   396: OL  830.8  148.1  OA   75.0  12.4 CL  505.1 291.6 Split   446.5 236.1  236.1 nm  4.941 s
Step   397: OL  829.5  148.6  OA   75.4  14.4 CL  505.0 291.7 Split   446.2 236.5  236.5 nm  4.823 s
Step   398: OL  828.6  151.2  OA   77.1  22.2 CL  505.2 292.5 Split   445.8 237.7  237.7 nm  4.866 s
Step   399: OL  828.0  155.9  OA   76.7  23.2 CL  507.0 296.7 Split   444.9 243.2  243.2 nm  4.808 s
Step   400: OL  828.0  163.1  OA   76.9  23.9 CL  503.1 290.4 Split   444.6 235.6  235.6 nm  4.858 s
Step   401: OL  828.6  173.2  OA   79.3  31.5 CL  496.0 278.8 Split   443.8 221.5  221.5 nm  4.862 s
Step   402: OL  830.1  186.3  OA   84.2  41.8 CL  493.4 274.6 Split   443.4 216.4  216.4 nm  4.831 s
Step   403: OL  832.5  202.6  OA   87.2  47.6 CL  486.3 261.7 Split   443.2 200.1  200.1 nm  4.856 s
Step   404: OL  836.0  221.9  OA   95.1  60.6 CL  484.4 258.8 Split   442.8 196.5  196.5 nm  4.881 s
Step   405: OL  840.7  244.0  OA   97.1  63.4 CL  487.8 266.0 Split   442.1 206.2  206.2 nm  4.825 s
Step   406: OL  846.7  268.5  OA   95.4  61.5 CL  491.9 273.9 Split   441.7 216.6  216.6 nm  4.790 s
Step   407: OL  854.1  294.9  OA   93.0  58.5 CL  494.1 278.1 Split   441.2 222.4  222.4 nm  4.855 s
Step   408: OL  862.7  322.8  OA   99.3  68.3 CL  490.3 272.2 Split   440.5 215.3  215.3 nm  4.931 s
Step   409: OL  872.5  351.4  OA  110.6  84.0 CL  486.3 265.0 Split   440.3 206.4  206.4 nm  4.804 s
Step   410: OL  883.2  380.3  OA  104.9  75.1 CL  483.1 260.1 Split   439.5 200.6  200.6 nm  4.831 s
Step   411: OL  894.6  408.8  OA   96.7  63.0 CL  480.9 257.0 Split   438.7 197.0  197.0 nm  4.794 s
Step   412: OL  906.2  436.3  OA   96.1  62.5 CL  473.3 243.4 Split   438.1 179.2  179.2 nm  4.817 s
Step   413: OL  917.7  462.3  OA   98.6  67.1 CL  471.8 241.7 Split   437.2 177.3  177.3 nm  4.880 s
Step   414: OL  928.7  486.1  OA  100.7  70.8 CL  473.8 246.3 Split   436.6 183.9  183.9 nm  4.756 s
Step   415: OL  938.8  507.4  OA   90.4  55.8 CL  479.7 257.8 Split   436.2 199.5  199.5 nm  4.913 s
Step   416: OL  947.6  525.7  OA   86.0  47.7 CL  487.1 271.9 Split   435.6 217.8  217.8 nm  4.937 s
Step   417: OL  954.7  540.6  OA   85.0  45.3 CL  490.7 278.4 Split   435.4 226.3  226.3 nm  4.815 s
Step   418: OL  959.9  551.8  OA   76.4  26.7 CL  488.1 274.6 Split   434.7 222.0  222.0 nm  4.879 s
Step   419: OL  962.9  559.0  OA   73.1  14.6 CL  484.1 267.8 Split   434.3 213.9  213.9 nm  4.887 s
Step   420: OL  963.6  562.2  OA   72.9  13.9 CL  481.4 263.0 Split   434.0 208.3  208.3 nm  4.836 s
Step   421: OL  961.9  561.2  OA   73.2  16.7 CL  483.7 268.1 Split   433.2 215.2  215.2 nm  4.817 s
Step   422: OL  957.8  556.2  OA   74.3  19.6 CL  488.0 276.9 Split   432.3 226.3  226.3 nm  4.796 s
Step   423: OL  951.3  547.1  OA   75.0  22.6 CL  490.6 283.7 Split   430.7 235.0  235.0 nm  4.863 s
Step   424: OL  942.9  534.2  OA   77.2  29.1 CL  487.1 278.2 Split   430.1 228.7  228.7 nm  4.979 s
Step   425: OL  932.5  517.8  OA   82.3  40.4 CL  485.3 275.4 Split   429.7 225.7  225.7 nm  4.927 s
Step   426: OL  920.6  498.3  OA   85.7  47.1 CL  486.3 277.0 Split   429.5 228.1  228.1 nm  4.862 s
Step   427: OL  907.6  476.1  OA   84.9  46.1 CL  481.1 268.5 Split   428.9 218.0  218.0 nm  4.924 s
Step   428: OL  893.9  451.6  OA   89.3  53.6 CL  482.8 271.8 Split   428.5 222.3  222.3 nm  4.833 s
Step   429: OL  879.8  425.5  OA   96.7  63.4 CL  490.6 286.4 Split   427.8 240.2  240.2 nm  4.831 s
Step   430: OL  865.7  398.3  OA   96.7  63.6 CL  492.2 290.3 Split   426.8 245.1  245.1 nm  4.864 s
Step   431: OL  852.1  370.6  OA   98.8  65.8 CL  495.6 296.8 Split   426.2 252.9  252.9 nm  4.886 s
Step   432: OL  839.3  343.0  OA   89.1  51.3 CL  490.9 289.2 Split   425.8 244.2  244.2 nm  4.855 s
Step   433: OL  827.5  316.2  OA   91.5  55.8 CL  492.8 292.9 Split   425.3 248.8  248.8 nm  5.054 s
Step   434: OL  816.9  290.7  OA   91.6  55.6 CL  486.3 281.9 Split   425.2 235.8  235.8 nm  4.876 s
Step   435: OL  807.6  267.2  OA   96.9  63.5 CL  488.5 285.5 Split   425.3 240.3  240.3 nm  4.815 s
Step   436: OL  799.7  246.0  OA  100.4  67.7 CL  491.4 290.7 Split   425.1 246.5  246.5 nm  4.787 s
Step   437: OL  793.0  227.7  OA   92.6  54.9 CL  488.1 285.6 Split   424.6 240.7  240.7 nm  4.875 s
Step   438: OL  787.6  212.4  OA   83.6  37.6 CL  480.9 274.0 Split   423.9 227.1  227.1 nm  4.834 s
Step   439: OL  783.2  200.4  OA   82.5  34.6 CL  478.9 271.3 Split   423.2 224.1  224.1 nm  4.920 s
Step   440: OL  779.8  191.6  OA   78.2  21.9 CL  478.4 270.9 Split   422.8 223.9  223.9 nm  4.840 s
Step   441: OL  777.3  186.0  OA   81.5  31.5 CL  482.5 278.4 Split   422.4 233.2  233.2 nm  4.926 s
Step   442: OL  775.6  183.7  OA   78.2  22.8 CL  480.0 274.2 Split   422.2 228.3  228.3 nm  4.951 s
Step   443: OL  774.6  184.4  OA   75.1  11.9 CL  475.7 267.5 Split   421.6 220.3  220.3 nm  4.899 s
Step   444: OL  774.4  188.2  OA   73.5   8.8 CL  473.2 263.9 Split   420.8 216.3  216.3 nm  4.951 s
Step   445: OL  775.0  195.2  OA   74.1  14.7 CL  470.3 259.7 Split   420.0 211.5  211.5 nm  4.830 s
Step   446: OL  776.5  205.4  OA   78.2  27.8 CL  462.0 244.2 Split   420.1 192.2  192.2 nm  5.048 s
Step   447: OL  779.1  218.6  OA   84.1  40.8 CL  459.1 237.7 Split   420.6 183.9  183.9 nm  4.894 s
Step   448: OL  782.8  234.9  OA   91.2  54.3 CL  456.3 232.2 Split   420.6 177.0  177.0 nm  4.907 s
Step   449: OL  787.7  254.0  OA   95.0  60.4 CL  464.6 248.5 Split   420.2 198.2  198.2 nm  4.855 s
Step   450: OL  793.9  275.6  OA  112.6  85.8 CL  461.7 244.3 Split   419.4 193.1  193.1 nm  5.006 s
Step   451: OL  801.4  299.2  OA  113.5  86.9 CL  460.2 242.3 Split   418.8 190.8  190.8 nm  4.877 s
Step   452: OL  810.3  324.4  OA  111.3  84.1 CL  456.6 236.2 Split   418.3 183.0  183.0 nm  4.938 s
Step   453: OL  820.2  350.7  OA  100.9  69.5 CL  459.5 241.6 Split   418.1 190.4  190.4 nm  4.864 s
Step   454: OL  831.1  377.6  OA   87.1  47.4 CL  456.9 236.9 Split   417.8 184.8  184.8 nm  4.918 s
Step   455: OL  842.8  404.4  OA   81.5  36.2 CL  455.9 235.3 Split   417.5 183.1  183.1 nm  4.860 s
Step   456: OL  854.9  430.8  OA   81.3  35.5 CL  456.6 236.9 Split   417.3 185.3  185.3 nm  4.914 s
Step   457: OL  867.2  456.1  OA   91.4  53.7 CL  457.8 240.1 Split   416.8 189.3  189.3 nm  5.017 s
Step   458: OL  879.2  480.1  OA   94.9  58.6 CL  457.6 240.1 Split   416.6 189.3  189.3 nm  4.882 s
Step   459: OL  890.7  502.1  OA   91.7  51.6 CL  456.6 238.8 Split   416.3 187.7  187.7 nm  4.853 s
Step   460: OL  901.3  522.0  OA   87.5  43.7 CL  453.5 232.4 Split   416.4 179.7  179.7 nm  4.991 s
Step   461: OL  910.8  539.4  OA   85.5  40.6 CL  453.9 233.3 Split   416.3 181.0  181.0 nm  5.107 s
Step   462: OL  918.9  554.1  OA   84.1  37.5 CL  452.2 230.6 Split   416.0 177.5  177.5 nm  4.894 s
Step   463: OL  925.3  565.8  OA   81.0  27.9 CL  453.7 233.7 Split   415.8 181.7  181.7 nm  4.920 s
Step   464: OL  930.0  574.5  OA   80.3  23.2 CL  456.4 239.3 Split   415.4 189.1  189.1 nm  4.866 s
Step   465: OL  932.9  580.2  OA   77.7  10.9 CL  459.6 245.1 Split   415.4 196.7  196.7 nm  4.994 s
Step   466: OL  933.9  582.8  OA   76.8   6.1 CL  463.1 252.0 Split   415.0 205.6  205.6 nm  4.871 s
Step   467: OL  933.1  582.5  OA   77.1   9.0 CL  462.6 250.8 Split   415.0 204.3  204.3 nm  4.889 s
Step   468: OL  930.5  579.3  OA   76.7   9.2 CL  462.3 249.9 Split   415.2 203.3  203.3 nm  4.911 s
Step   469: OL  926.3  573.4  OA   77.6  14.9 CL  459.3 244.3 Split   415.2 196.4  196.4 nm  4.947 s
Step   470: OL  920.6  565.1  OA   77.4  11.6 CL  468.6 260.9 Split   415.5 216.8  216.8 nm  4.770 s
Step   471: OL  913.6  554.6  OA   79.7  19.8 CL  472.1 266.7 Split   415.8 223.7  223.7 nm  4.819 s
Step   472: OL  905.6  542.3  OA   80.4  23.9 CL  467.0 257.8 Split   415.5 213.2  213.2 nm  4.867 s
Step   473: OL  896.8  528.4  OA   80.5  27.4 CL  468.4 260.6 Split   415.2 216.8  216.8 nm  4.885 s
Step   474: OL  887.5  513.2  OA   80.7  26.5 CL  468.4 261.1 Split   414.8 217.5  217.5 nm  4.847 s
Step   475: OL  877.8  497.2  OA   78.9  17.7 CL  462.6 251.3 Split   414.4 205.7  205.7 nm  4.843 s
Step   476: OL  868.0  480.6  OA   79.9  20.7 CL  463.5 253.1 Split   414.1 208.2  208.2 nm  4.813 s
Step   477: OL  858.3  463.8  OA   82.3  27.5 CL  470.6 265.8 Split   414.1 223.5  223.5 nm  4.843 s
Step   478: OL  848.9  447.2  OA   87.9  42.4 CL  477.1 277.3 Split   413.9 237.3  237.3 nm  4.860 s
Step   479: OL  840.0  430.9  OA   97.2  59.8 CL  482.8 286.9 Split   413.8 248.6  248.6 nm  4.821 s
Step   480: OL  831.6  415.4  OA   88.1  44.8 CL  476.5 275.7 Split   414.1 235.7  235.7 nm  4.924 s
Step   481: OL  824.0  400.8  OA   80.1  26.0 CL  469.6 263.5 Split   414.2 221.2  221.2 nm  4.903 s
Step   482: OL  817.1  387.4  OA   77.9  16.9 CL  469.2 262.6 Split   414.2 220.3  220.3 nm  4.810 s
Step   483: OL  811.0  375.3  OA   79.3  20.3 CL  467.3 259.2 Split   414.1 216.4  216.4 nm  4.948 s
Step   484: OL  805.8  364.7  OA   79.9  25.9 CL  468.0 260.7 Split   414.0 218.3  218.3 nm  5.076 s
Step   485: OL  801.4  355.8  OA   80.6  27.9 CL  469.1 262.9 Split   413.8 221.0  221.0 nm  4.792 s
Step   486: OL  797.8  348.5  OA   80.1  23.6 CL  468.6 262.5 Split   413.5 220.5  220.5 nm  4.925 s
Step   487: OL  795.0  342.9  OA   76.9   9.6 CL  462.8 251.4 Split   413.7 207.3  207.3 nm  4.813 s
Step   488: OL  793.0  338.9  OA   76.7   6.2 CL  460.8 246.8 Split   414.2 201.9  201.9 nm  4.874 s
Step   489: OL  791.7  336.7  OA   77.8  17.2 CL  455.6 236.9 Split   414.2 189.7  189.7 nm  4.872 s
Step   490: OL  791.1  336.0  OA   80.0  25.4 CL  452.0 229.5 Split   414.4 180.5  180.5 nm  4.844 s
Step   491: OL  791.2  336.9  OA   76.3   7.7 CL  459.4 243.9 Split   414.1 198.9  198.9 nm  4.815 s
Step   492: OL  791.9  339.1  OA   75.3   3.8 CL  461.7 248.3 Split   414.0 204.4  204.4 nm  4.896 s
Step   493: OL  793.2  342.7  OA   76.9  13.6 CL  467.8 258.9 Split   414.2 217.5  217.5 nm  4.911 s
Step   494: OL  795.0  347.3  OA   77.0  14.5 CL  467.1 258.0 Split   413.9 216.5  216.5 nm  4.830 s
Step   495: OL  797.3  353.0  OA   76.5   4.7 CL  460.3 244.9 Split   414.3 200.6  200.6 nm  4.827 s
Step   496: OL  800.0  359.5  OA   82.1  29.2 CL  450.6 225.8 Split   414.5 176.6  176.6 nm  4.797 s
Step   497: OL  803.1  366.6  OA   82.5  31.7 CL  451.1 226.0 Split   414.9 177.2  177.2 nm  4.858 s
Step   498: OL  806.5  374.3  OA   78.9  22.5 CL  457.0 237.1 Split   414.9 191.5  191.5 nm  4.796 s
Step   499: OL  810.1  382.2  OA   82.5  34.4 CL  455.9 235.5 Split   414.6 189.6  189.6 nm  4.831 s
Step   500: OL  813.8  390.3  OA   81.2  31.1 CL  456.4 236.1 Split   414.8 190.5  190.5 nm  4.820 s
Step   501: OL  817.7  398.4  OA   79.5  25.2 CL  455.7 233.7 Split   415.5 187.3  187.3 nm  4.847 s
Step   502: OL  821.5  406.3  OA   77.5   7.3 CL  462.5 245.7 Split   416.1 201.9  201.9 nm  4.837 s
Step   503: OL  825.3  414.0  OA   78.2   5.3 CL  462.1 245.5 Split   415.7 201.8  201.8 nm  4.826 s
Step   504: OL  828.9  421.2  OA   81.0  22.2 CL  458.4 239.1 Split   415.3 194.1  194.1 nm  4.842 s
Step   505: OL  832.3  427.9  OA   81.4  22.0 CL  459.3 240.4 Split   415.5 195.8  195.8 nm  4.840 s
Step   506: OL  835.6  434.1  OA   81.8  24.7 CL  454.6 231.2 Split   415.5 184.4  184.4 nm  4.902 s
Step   507: OL  838.5  439.6  OA   80.7  22.3 CL  454.6 231.0 Split   415.7 184.1  184.1 nm  4.872 s
Step   508: OL  841.1  444.5  OA   77.6   9.7 CL  459.9 241.2 Split   415.6 196.8  196.8 nm  4.962 s
Step   509: OL  843.4  448.7  OA   77.0   8.8 CL  460.4 242.1 Split   415.7 198.0  198.0 nm  4.902 s
Step   510: OL  845.5  452.3  OA   79.1  17.2 CL  456.4 234.7 Split   415.4 189.0  189.0 nm  4.823 s
Step   511: OL  847.1  455.2  OA   79.6  13.6 CL  458.6 238.7 Split   415.6 194.0  194.0 nm  4.853 s
Step   511 updated high order loop gain: 0.473
Step   511 updated low order loop gain : 0.483
Step   512: OL  848.5  457.5  OA   81.9  22.0 CL  457.4 236.0 Split   415.7 190.7  190.7 nm  4.965 s
Step   513: OL  849.7  459.3  OA   82.2  21.7 CL  458.0 237.1 Split   415.8 192.1  192.1 nm  4.811 s
Step   514: OL  850.6  460.6  OA   83.1  26.8 CL  457.3 235.8 Split   415.7 190.6  190.6 nm  4.915 s
Step   515: OL  851.3  461.5  OA   82.0  21.8 CL  456.2 234.5 Split   415.2 189.1  189.1 nm  4.893 s
Step   516: OL  851.8  462.1  OA   80.8  14.5 CL  457.3 237.1 Split   415.0 192.2  192.2 nm  4.841 s
Step   517: OL  852.3  462.4  OA   81.5  11.8 CL  458.4 239.6 Split   414.6 195.4  195.4 nm  4.920 s
Step   518: OL  852.7  462.6  OA   82.5  11.7 CL  461.6 245.6 Split   414.7 202.7  202.7 nm  4.936 s
Step   519: OL  853.0  462.7  OA   83.6  16.4 CL  459.6 241.7 Split   414.8 197.9  197.9 nm  4.905 s
Step   520: OL  853.4  462.8  OA   83.5  16.7 CL  464.9 251.6 Split   414.8 210.0  210.0 nm  4.851 s
Step   521: OL  853.8  462.9  OA   82.0  15.3 CL  469.8 261.3 Split   414.2 221.8  221.8 nm  4.817 s
Step   522: OL  854.3  463.1  OA   85.3  27.8 CL  472.2 265.2 Split   414.3 226.4  226.4 nm  4.857 s
Step   523: OL  854.8  463.4  OA   91.0  42.7 CL  472.8 266.2 Split   414.4 227.6  227.6 nm  4.895 s
Step   524: OL  855.5  463.8  OA   86.1  28.0 CL  467.3 256.6 Split   414.4 216.1  216.1 nm  4.862 s
Step   525: OL  856.2  464.4  OA   82.7  11.6 CL  465.4 253.1 Split   414.5 211.6  211.6 nm  4.853 s
Step   526: OL  857.0  465.0  OA   82.7   8.2 CL  463.1 249.3 Split   414.3 207.0  207.0 nm  4.994 s
Step   527: OL  857.9  465.8  OA   83.6  10.2 CL  460.7 245.0 Split   414.1 201.8  201.8 nm  5.041 s
Step   528: OL  858.8  466.6  OA   85.6  22.2 CL  453.9 232.3 Split   413.9 186.2  186.2 nm  4.793 s
Step   529: OL  859.7  467.3  OA   88.0  31.4 CL  450.3 225.8 Split   413.5 178.2  178.2 nm  4.862 s
Step   530: OL  860.5  467.9  OA   84.8  19.2 CL  457.1 238.7 Split   413.7 194.4  194.4 nm  4.852 s
Step   531: OL  861.3  468.4  OA   84.4  10.4 CL  466.7 255.8 Split   414.3 215.0  215.0 nm  4.968 s
Step   532: OL  862.0  468.5  OA   86.2  20.6 CL  468.9 259.3 Split   414.5 219.1  219.1 nm  4.857 s
Step   533: OL  862.4  468.3  OA   89.9  33.5 CL  461.6 245.8 Split   414.6 202.8  202.8 nm  4.833 s
Step   534: OL  862.7  467.7  OA   87.4  26.9 CL  454.4 232.4 Split   414.5 186.2  186.2 nm  5.032 s
Step   535: OL  862.6  466.5  OA   89.7  30.0 CL  454.5 231.4 Split   415.2 184.7  184.7 nm  5.030 s
Step   536: OL  862.3  464.7  OA   92.7  34.4 CL  461.6 244.8 Split   415.3 201.3  201.3 nm  4.921 s
Step   537: OL  861.6  462.3  OA   89.8  23.7 CL  463.3 248.6 Split   415.0 205.9  205.9 nm  4.980 s
Step   538: OL  860.6  459.1  OA   87.0  14.7 CL  457.8 239.0 Split   414.7 194.1  194.1 nm  5.129 s
Step   539: OL  859.2  455.1  OA   86.9  17.5 CL  456.8 236.8 Split   414.7 191.5  191.5 nm  4.885 s
Step   540: OL  857.4  450.4  OA   88.7  26.4 CL  461.0 244.8 Split   414.8 201.3  201.3 nm  4.853 s
Step   541: OL  855.2  444.9  OA   90.9  32.5 CL  468.2 258.3 Split   414.6 217.5  217.5 nm  5.080 s
Step   542: OL  852.8  438.7  OA   90.5  29.0 CL  473.9 269.0 Split   414.2 230.2  230.2 nm  5.085 s
Step   543: OL  850.0  431.8  OA   88.4  19.0 CL  472.2 266.8 Split   413.7 227.7  227.7 nm  4.843 s
Step   544: OL  847.1  424.4  OA   88.4  17.8 CL  470.7 264.5 Split   413.5 224.8  224.8 nm  4.821 s
Step   545: OL  843.9  416.5  OA   87.6  14.8 CL  465.7 255.2 Split   413.8 213.7  213.7 nm  4.902 s
Step   546: OL  840.7  408.2  OA   90.0  29.3 CL  468.1 260.1 Split   413.5 219.4  219.4 nm  4.840 s
Step   547: OL  837.5  399.8  OA   91.6  33.0 CL  466.8 257.4 Split   413.7 216.2  216.2 nm  4.864 s
Step   548: OL  834.3  391.3  OA   88.3  19.8 CL  469.9 262.6 Split   414.0 222.3  222.3 nm  4.875 s
Step   549: OL  831.4  382.9  OA   87.3  13.6 CL  470.2 263.2 Split   413.9 223.1  223.1 nm  4.918 s
Step   550: OL  828.6  374.9  OA   87.3   2.5 CL  465.1 254.1 Split   414.0 212.1  212.1 nm  4.947 s
Step   551: OL  826.1  367.4  OA   90.9  18.2 CL  459.4 242.6 Split   414.6 197.9  197.9 nm  4.866 s
Step   552: OL  824.1  360.6  OA   92.8  24.0 CL  464.7 252.2 Split   414.8 209.6  209.6 nm  4.962 s
Step   553: OL  822.5  354.7  OA   98.9  39.9 CL  472.5 266.4 Split   414.7 226.5  226.5 nm  4.976 s
Step   554: OL  821.4  349.8  OA   97.7  37.6 CL  481.9 282.9 Split   414.5 245.6  245.6 nm  4.881 s
Step   555: OL  820.8  346.2  OA   93.8  26.4 CL  477.7 275.8 Split   414.5 237.4  237.4 nm  4.860 s
Step   556: OL  820.8  343.8  OA   93.7  23.4 CL  470.6 263.0 Split   414.8 222.3  222.3 nm  4.881 s
Step   557: OL  821.4  342.9  OA   94.1  24.5 CL  459.7 243.0 Split   414.9 198.0  198.0 nm  4.957 s
Step   558: OL  822.7  343.5  OA   92.1  13.3 CL  459.8 243.1 Split   414.8 198.4  198.4 nm  4.889 s
Step   559: OL  824.6  345.6  OA   94.6  24.1 CL  457.1 237.9 Split   414.9 191.8  191.8 nm  4.936 s
Step   560: OL  827.3  349.5  OA   95.7  28.4 CL  461.5 247.0 Split   414.4 203.0  203.0 nm  4.883 s
Step   561: OL  830.6  354.9  OA   95.9  26.8 CL  462.5 248.7 Split   414.6 205.0  205.0 nm  5.062 s
Step   562: OL  834.7  362.0  OA   97.0  29.1 CL  459.1 242.3 Split   414.7 196.9  196.9 nm  4.892 s
Step   563: OL  839.5  370.6  OA   96.5  30.3 CL  456.4 237.4 Split   414.6 190.8  190.8 nm  4.902 s
Step   564: OL  845.1  380.7  OA   97.8  32.6 CL  452.6 229.0 Split   415.3 179.9  179.9 nm  4.909 s
Step   565: OL  851.4  392.1  OA   96.3  30.5 CL  454.3 232.2 Split   415.5 183.8  183.8 nm  4.837 s
Step   566: OL  858.3  404.8  OA   95.5  27.6 CL  454.7 233.4 Split   415.2 185.3  185.3 nm  4.745 s
Step   567: OL  865.9  418.4  OA   95.9  27.8 CL  455.6 235.9 Split   414.9 188.2  188.2 nm  4.819 s
Step   568: OL  874.0  432.8  OA   96.4  28.5 CL  455.3 235.4 Split   414.9 187.5  187.5 nm  4.785 s
Step   569: OL  882.6  447.7  OA   98.6  32.7 CL  453.0 230.7 Split   415.1 181.3  181.3 nm  4.891 s
Step   570: OL  891.4  462.9  OA  102.4  42.2 CL  449.2 223.7 Split   414.9 172.0  172.0 nm  4.857 s
Step   571: OL  900.4  478.0  OA  100.4  37.5 CL  451.8 229.1 Split   414.8 179.0  179.0 nm  4.895 s
Step   572: OL  909.4  492.8  OA  106.2  51.1 CL  451.9 229.4 Split   414.8 179.3  179.3 nm  4.819 s
Step   573: OL  918.2  507.0  OA  107.2  50.3 CL  450.7 226.9 Split   415.0 175.8  175.8 nm  4.859 s
Step   574: OL  926.6  520.3  OA  102.4  39.8 CL  455.9 237.0 Split   415.1 188.5  188.5 nm  4.890 s
Step   575: OL  934.5  532.4  OA   99.5  31.2 CL  462.8 249.9 Split   415.1 204.6  204.6 nm  5.131 s
Step   576: OL  941.7  543.1  OA   94.9  13.2 CL  465.2 254.3 Split   415.2 209.8  209.8 nm  4.911 s
Step   577: OL  947.9  552.1  OA   92.8   8.7 CL  465.9 255.6 Split   415.3 211.2  211.2 nm  4.797 s
Step   578: OL  953.1  559.2  OA   94.6  20.8 CL  461.4 247.9 Split   415.1 201.6  201.6 nm  4.855 s
Step   579: OL  957.2  564.3  OA   97.5  24.7 CL  464.7 252.8 Split   415.9 207.3  207.3 nm  4.872 s
Step   580: OL  960.0  567.3  OA   96.5  11.6 CL  470.5 262.5 Split   416.5 218.9  218.9 nm  4.987 s
Step   581: OL  961.5  568.0  OA   96.5  14.5 CL  473.1 265.8 Split   417.5 222.7  222.7 nm  5.135 s
Step   582: OL  961.6  566.6  OA   95.4   2.6 CL  473.1 264.6 Split   418.4 220.9  220.9 nm  4.853 s
Step   583: OL  960.5  562.9  OA   96.3  14.7 CL  474.8 267.9 Split   418.2 224.8  224.8 nm  4.969 s
Step   584: OL  958.2  557.0  OA   96.6  18.2 CL  471.2 261.7 Split   418.1 217.3  217.3 nm  4.997 s
Step   585: OL  954.7  549.1  OA   97.6  25.6 CL  475.4 269.1 Split   418.2 226.1  226.1 nm  4.974 s
Step   586: OL  950.2  539.3  OA   98.3  27.4 CL  482.6 281.6 Split   418.1 241.0  241.0 nm  4.829 s
Step   587: OL  944.8  527.8  OA   97.7  22.9 CL  482.1 280.3 Split   418.4 239.4  239.4 nm  4.875 s
Step   588: OL  938.7  514.8  OA   99.2  25.5 CL  485.1 284.2 Split   419.4 243.8  243.8 nm  4.976 s
Step   589: OL  932.0  500.5  OA   99.3  24.4 CL  485.5 284.2 Split   419.9 243.7  243.7 nm  4.963 s
Step   590: OL  925.1  485.3  OA   98.7  20.3 CL  481.0 277.0 Split   419.6 235.0  235.0 nm  4.877 s
Step   591: OL  918.0  469.4  OA   99.5  23.4 CL  483.3 280.7 Split   419.9 239.3  239.3 nm  4.982 s
Step   592: OL  910.9  453.1  OA  105.4  41.6 CL  491.2 293.7 Split   420.3 254.3  254.3 nm  4.854 s
Step   593: OL  904.0  436.7  OA  108.0  49.6 CL  494.9 299.5 Split   420.5 261.0  261.0 nm  4.827 s
Step   594: OL  897.5  420.6  OA  114.1  62.7 CL  497.2 303.4 Split   420.5 265.3  265.3 nm  5.140 s
Step   595: OL  891.5  404.9  OA  110.0  53.1 CL  492.4 294.9 Split   421.0 255.3  255.3 nm  4.938 s
Step   596: OL  886.1  390.1  OA  104.1  38.2 CL  494.1 297.7 Split   421.1 258.4  258.4 nm  4.952 s
Step   597: OL  881.3  376.3  OA  100.2  19.1 CL  486.4 283.5 Split   422.1 241.6  241.6 nm  4.834 s
Step   598: OL  877.2  363.7  OA  103.0  26.2 CL  488.6 286.3 Split   423.0 244.7  244.7 nm  4.864 s
Step   599: OL  873.9  352.6  OA  101.6  22.0 CL  486.5 282.1 Split   423.3 239.8  239.8 nm  5.069 s
Step   600: OL  871.3  343.0  OA   98.7  12.5 CL  484.1 278.1 Split   423.2 235.0  235.0 nm  5.031 s
Step   601: OL  869.4  335.1  OA   97.9   8.2 CL  480.8 272.3 Split   423.3 228.0  228.0 nm  4.924 s
Step   602: OL  868.3  328.9  OA   98.0   6.2 CL  478.0 267.1 Split   423.6 221.6  221.6 nm  4.848 s
Step   603: OL  867.9  324.5  OA   99.3   6.5 CL  481.5 272.0 Split   424.5 227.2  227.2 nm  4.848 s
Step   604: OL  868.2  322.0  OA   99.9  10.5 CL  483.6 275.4 Split   424.8 231.1  231.1 nm  5.155 s
Step   605: OL  869.2  321.2  OA  100.6  12.3 CL  480.6 269.4 Split   425.3 223.9  223.9 nm  4.823 s
Step   606: OL  870.8  322.3  OA  101.0  12.0 CL  479.0 265.6 Split   426.0 219.0  219.0 nm  4.804 s
Step   607: OL  873.1  325.0  OA  102.3  19.8 CL  474.5 256.6 Split   426.7 207.6  207.6 nm  4.798 s
Step   608: OL  876.0  329.5  OA  106.7  32.9 CL  473.3 252.6 Split   427.9 202.4  202.4 nm  4.861 s
Step   609: OL  879.5  335.6  OA  105.7  28.1 CL  473.0 250.9 Split   428.6 200.0  200.0 nm  4.827 s
Step   610: OL  883.7  343.3  OA  105.5  29.3 CL  471.9 248.6 Split   428.8 196.9  196.9 nm  5.041 s
Step   611: OL  888.5  352.4  OA  110.9  46.4 CL  465.2 235.9 Split   428.8 180.4  180.4 nm  4.966 s
Step   612: OL  893.9  362.8  OA  111.8  46.8 CL  467.4 239.8 Split   429.0 185.4  185.4 nm  4.854 s
Step   613: OL  899.8  374.3  OA  110.0  44.2 CL  471.5 247.7 Split   429.1 195.5  195.5 nm  4.874 s
Step   614: OL  906.3  387.0  OA  105.6  31.5 CL  475.2 253.7 Split   429.7 203.0  203.0 nm  4.890 s
Step   615: OL  913.3  400.4  OA  102.7  22.8 CL  476.1 254.6 Split   430.2 204.1  204.1 nm  4.988 s
Step   616: OL  920.7  414.5  OA  105.8  35.2 CL  472.0 246.6 Split   430.3 193.9  193.9 nm  4.923 s
Step   617: OL  928.6  429.1  OA  110.3  46.7 CL  469.9 242.1 Split   430.7 187.8  187.8 nm  4.839 s
Step   618: OL  936.7  444.0  OA  109.5  43.6 CL  472.1 245.5 Split   431.4 191.7  191.7 nm  4.793 s
Step   619: OL  945.0  458.9  OA  108.8  38.5 CL  472.4 244.4 Split   432.6 189.9  189.9 nm  4.782 s
Step   620: OL  953.4  473.8  OA  106.9  31.0 CL  477.0 251.9 Split   433.3 199.3  199.3 nm  4.887 s
Step   621: OL  961.8  488.3  OA  106.7  30.3 CL  477.1 251.8 Split   433.5 199.1  199.1 nm  4.834 s
Step   622: OL  970.1  502.3  OA  107.2  34.1 CL  475.2 248.3 Split   433.5 194.6  194.6 nm  4.852 s
Step   623: OL  978.1  515.6  OA  106.7  31.3 CL  477.3 251.3 Split   434.2 198.2  198.2 nm  4.800 s
Step   624: OL  985.8  528.1  OA  111.4  40.6 CL  474.7 244.5 Split   435.5 189.0  189.0 nm  4.821 s
Step   625: OL  993.1  539.7  OA  111.4  38.3 CL  479.1 252.7 Split   435.6 199.3  199.3 nm  4.842 s
Step   626: OL  999.8  550.1  OA  109.4  39.7 CL  479.8 254.4 Split   435.4 201.5  201.5 nm  4.969 s
Step   627: OL 1005.9  559.2  OA  101.8  17.0 CL  486.0 265.5 Split   435.7 215.4  215.4 nm  4.984 s
Step   628: OL 1011.2  566.9  OA  101.1   3.7 CL  492.6 276.6 Split   436.2 228.9  228.9 nm  4.950 s
Step   629: OL 1015.8  573.2  OA  101.8   4.6 CL  491.3 274.1 Split   436.4 225.8  225.8 nm  4.862 s
Step   630: OL 1019.5  578.0  OA  106.7  27.2 CL  491.0 272.3 Split   437.3 223.3  223.3 nm  4.836 s
Step   631: OL 1022.3  581.1  OA  107.4  35.4 CL  483.9 259.3 Split   437.3 207.2  207.2 nm  4.884 s
Step   632: OL 1024.1  582.6  OA  105.9  31.7 CL  481.1 253.7 Split   437.5 200.0  200.0 nm  4.991 s
Step   633: OL 1025.0  582.4  OA  105.3  27.6 CL  485.2 261.7 Split   437.5 209.9  209.9 nm  4.872 s
Step   634: OL 1024.9  580.5  OA  105.9  27.5 CL  486.3 263.4 Split   437.7 212.0  212.0 nm  5.051 s
Step   635: OL 1023.8  576.9  OA  103.9  18.1 CL  493.0 275.2 Split   437.8 226.7  226.7 nm  4.930 s
Step   636: OL 1021.8  571.6  OA  103.6  15.7 CL  499.5 286.0 Split   438.2 239.7  239.7 nm  4.839 s
Step   637: OL 1018.9  564.7  OA  102.2   7.6 CL  497.0 280.8 Split   438.8 233.5  233.5 nm  5.005 s
Step   638: OL 1015.1  556.2  OA  104.7  23.1 CL  503.6 291.5 Split   439.4 246.1  246.1 nm  5.159 s
Step   639: OL 1010.6  546.2  OA  108.3  32.5 CL  511.8 304.6 Split   440.0 261.4  261.4 nm  4.901 s
Step   640: OL 1005.4  534.8  OA  107.8  30.8 CL  511.5 303.7 Split   440.4 260.2  260.2 nm  4.925 s
Step   641: OL  999.7  522.1  OA  108.8  29.7 CL  509.8 300.5 Split   440.7 256.2  256.2 nm  5.058 s
Step   642: OL  993.5  508.3  OA  106.6  18.5 CL  505.8 293.5 Split   440.9 247.8  247.8 nm  4.877 s
Step   643: OL  987.0  493.6  OA  107.6  28.1 CL  508.9 298.8 Split   441.0 254.0  254.0 nm  4.956 s
Step   644: OL  980.2  478.1  OA  110.3  39.7 CL  518.1 313.2 Split   441.7 270.8  270.8 nm  4.861 s
Step   645: OL  973.4  462.0  OA  115.2  49.8 CL  524.6 323.2 Split   442.1 282.3  282.3 nm  5.016 s
Step   646: OL  966.6  445.6  OA  118.8  56.3 CL  528.5 328.8 Split   442.7 288.6  288.6 nm  4.931 s
Step   647: OL  959.9  429.0  OA  119.2  55.3 CL  527.9 327.7 Split   442.9 287.3  287.3 nm  4.849 s
Step   648: OL  953.6  412.5  OA  115.5  49.8 CL  525.3 324.0 Split   442.5 283.0  283.0 nm  4.825 s
Step   649: OL  947.6  396.5  OA  109.6  31.8 CL  516.4 308.7 Split   443.1 265.1  265.1 nm  4.974 s
Step   650: OL  942.1  381.0  OA  107.6  23.2 CL  511.3 299.9 Split   443.4 254.8  254.8 nm  4.823 s
Step   651: OL  937.2  366.3  OA  110.0  33.2 CL  515.1 305.5 Split   444.0 261.2  261.2 nm  5.057 s
Step   652: OL  932.8  352.7  OA  114.3  44.2 CL  524.0 320.2 Split   444.0 278.2  278.2 nm  4.848 s
Step   653: OL  929.0  340.3  OA  120.1  55.0 CL  529.7 328.5 Split   444.8 287.5  287.5 nm  4.860 s
Step   654: OL  925.9  329.4  OA  120.0  52.9 CL  527.9 325.4 Split   445.2 283.7  283.7 nm  4.854 s
Step   655: OL  923.4  320.0  OA  115.3  40.2 CL  520.8 312.7 Split   446.0 269.0  269.0 nm  4.943 s
Step   656: OL  921.6  312.3  OA  112.3  34.4 CL  516.0 303.9 Split   446.6 258.6  258.6 nm  4.970 s
Step   657: OL  920.4  306.3  OA  108.8  27.0 CL  506.4 287.0 Split   446.8 238.3  238.3 nm  5.069 s
Step   658: OL  919.8  302.2  OA  109.9  32.2 CL  498.5 272.2 Split   447.2 220.1  220.1 nm  4.920 s
Step   659: OL  919.8  300.0  OA  107.7  20.4 CL  504.6 282.3 Split   447.8 232.5  232.5 nm  4.796 s
Step   660: OL  920.5  299.6  OA  107.6  17.5 CL  511.6 294.4 Split   448.0 247.1  247.1 nm  4.878 s
Step   661: OL  921.7  301.2  OA  106.5   7.5 CL  509.5 290.8 Split   448.0 242.7  242.7 nm  4.902 s
Step   662: OL  923.6  304.8  OA  107.3  12.7 CL  512.2 295.1 Split   448.2 247.9  247.9 nm  4.960 s
Step   663: OL  926.2  310.4  OA  107.3  11.8 CL  511.2 293.2 Split   448.3 245.5  245.5 nm  4.861 s
Step   664: OL  929.5  318.1  OA  107.3  15.0 CL  500.8 273.7 Split   449.1 221.6  221.6 nm  4.854 s
Step   665: OL  933.6  327.9  OA  112.0  36.3 CL  492.2 256.8 Split   449.8 199.9  199.9 nm  4.865 s
Step   666: OL  938.4  339.6  OA  115.4  44.1 CL  490.7 253.5 Split   450.1 195.3  195.3 nm  4.772 s
Step   667: OL  944.1  353.4  OA  124.6  63.7 CL  484.4 240.9 Split   450.3 178.5  178.5 nm  4.947 s
Step   668: OL  950.7  369.0  OA  123.0  58.9 CL  487.6 246.1 Split   450.9 185.5  185.5 nm  4.807 s
Step   669: OL  958.2  386.4  OA  116.5  44.2 CL  495.1 260.5 Split   451.0 204.3  204.3 nm  4.814 s
Step   670: OL  966.5  405.2  OA  117.3  46.9 CL  494.6 259.0 Split   451.2 202.4  202.4 nm  4.840 s
Step   671: OL  975.6  425.3  OA  121.0  55.2 CL  491.6 253.1 Split   451.5 194.6  194.6 nm  4.812 s
Step   672: OL  985.5  446.3  OA  121.8  57.9 CL  488.5 246.3 Split   452.0 185.5  185.5 nm  4.800 s
Step   673: OL  996.0  467.9  OA  119.3  51.9 CL  492.3 253.0 Split   452.4 194.1  194.1 nm  4.831 s
Step   674: OL 1007.0  489.8  OA  118.9  48.2 CL  492.3 253.0 Split   452.5 193.9  193.9 nm  4.853 s
Step   675: OL 1018.2  511.5  OA  115.5  38.9 CL  496.2 259.8 Split   452.9 202.6  202.6 nm  4.820 s
Step   676: OL 1029.5  532.6  OA  114.1  36.6 CL  499.9 265.6 Split   453.6 210.1  210.1 nm  4.938 s
Step   677: OL 1040.5  552.9  OA  113.9  37.1 CL  497.9 261.6 Split   453.7 205.0  205.0 nm  4.798 s
Step   678: OL 1051.2  571.9  OA  117.7  49.1 CL  491.5 249.5 Split   453.7 189.1  189.1 nm  4.928 s
Step   679: OL 1061.1  589.2  OA  121.1  57.1 CL  489.6 245.5 Split   453.8 183.7  183.7 nm  4.831 s
Step   680: OL 1070.1  604.6  OA  122.6  58.5 CL  491.4 248.1 Split   454.4 187.0  187.0 nm  4.875 s
Step   681: OL 1078.0  617.7  OA  119.3  49.6 CL  499.4 262.8 Split   454.9 206.1  206.1 nm  4.953 s
Step   682: OL 1084.5  628.2  OA  115.0  37.2 CL  510.7 283.2 Split   455.2 231.5  231.5 nm  4.863 s
Step   683: OL 1089.4  636.1  OA  111.1  22.2 CL  511.0 284.1 Split   455.1 232.4  232.4 nm  5.174 s
Step   684: OL 1092.6  641.0  OA  110.6  19.9 CL  506.5 275.2 Split   455.6 221.2  221.2 nm  4.963 s
Step   685: OL 1094.1  642.8  OA  111.7  23.9 CL  505.2 272.0 Split   456.2 217.1  217.1 nm  4.771 s
Step   686: OL 1093.6  641.6  OA  111.2  21.8 CL  506.1 272.9 Split   456.7 218.1  218.1 nm  4.935 s
Step   687: OL 1091.4  637.2  OA  109.3  15.4 CL  511.4 282.1 Split   457.0 229.5  229.5 nm  4.785 s
Step   688: OL 1087.4  629.7  OA  108.3   9.9 CL  512.9 284.1 Split   457.5 231.9  231.9 nm  4.946 s
Step   689: OL 1081.6  619.2  OA  107.9   8.3 CL  513.9 285.3 Split   457.9 233.2  233.2 nm  4.822 s
Step   690: OL 1074.3  605.8  OA  109.3  17.7 CL  523.0 301.1 Split   458.1 252.3  252.3 nm  4.818 s
Step   691: OL 1065.7  589.8  OA  113.0  36.8 CL  532.6 318.0 Split   457.6 272.4  272.4 nm  4.930 s
Step   692: OL 1055.9  571.4  OA  114.2  38.4 CL  533.7 319.3 Split   458.0 273.9  273.9 nm  4.940 s
Step   693: OL 1045.2  550.9  OA  117.7  46.1 CL  539.7 329.0 Split   458.4 285.0  285.0 nm  4.890 s
Step   694: OL 1033.9  528.6  OA  115.8  40.3 CL  537.9 325.0 Split   459.2 280.2  280.2 nm  4.895 s
Step   695: OL 1022.2  505.0  OA  115.9  40.7 CL  538.2 324.6 Split   459.8 279.6  279.6 nm  4.857 s
Step   696: OL 1010.6  480.4  OA  116.0  42.8 CL  539.4 326.2 Split   460.1 281.5  281.5 nm  4.784 s
Step   697: OL  999.1  455.3  OA  115.4  42.5 CL  539.3 325.4 Split   460.6 280.6  280.6 nm  4.882 s
Step   698: OL  988.2  430.2  OA  116.0  44.1 CL  540.4 326.4 Split   461.3 281.6  281.6 nm  5.166 s
Step   699: OL  977.9  405.6  OA  123.3  58.7 CL  546.8 336.1 Split   461.7 292.8  292.8 nm  4.829 s
Step   700: OL  968.5  381.8  OA  125.8  65.1 CL  549.6 340.4 Split   462.0 297.7  297.7 nm  4.998 s
Step   701: OL  960.1  359.4  OA  123.5  61.2 CL  549.1 339.5 Split   462.0 296.7  296.7 nm  4.884 s
Step   702: OL  952.8  338.8  OA  117.7  51.0 CL  544.8 333.1 Split   461.6 289.3  289.3 nm  5.009 s
Step   703: OL  946.5  320.3  OA  118.2  51.9 CL  545.5 334.2 Split   461.7 290.5  290.5 nm  4.991 s
Step   704: OL  941.4  304.2  OA  119.2  53.9 CL  547.2 336.3 Split   462.3 292.7  292.7 nm  4.993 s
Step   705: OL  937.2  290.6  OA  120.5  57.4 CL  550.1 340.4 Split   462.8 297.4  297.4 nm  4.949 s
Step   706: OL  934.0  279.6  OA  113.0  40.7 CL  541.8 326.1 Split   463.3 280.9  280.9 nm  5.026 s
Step   707: OL  931.6  271.0  OA  104.8   7.3 CL  525.8 298.2 Split   463.8 247.7  247.7 nm  4.776 s
Step   708: OL  930.0  264.9  OA  106.9  12.7 CL  518.1 284.0 Split   464.1 230.3  230.3 nm  5.036 s
