/System/Volumes/Data/mnt/g2/scratch/bpeck/mcao/hybrid/maos -o 0S_mcao_study1A/1rayleigh -c A_mcao_hybrid.conf plot.all=1 plot.setup=1 -O powfs.nwfs=[0 1 3 1] wfs.thetax=[ 60.0 5 -2.5 -2.5 0] wfs.thetay=[ 0.0 0 4.33 -4.33 0] powfs0_llt.ox = []*6.5 powfs0_llt.oy=[]*6.5 powfs1_llt.ox = [1.0]*6.5 powfs1_llt.oy=[0.0]*6.5 
Output folder is '0S_mcao_study1A/1rayleigh'.
SRC: /u/bpeck/code/maos v2.9 2.9
BUILT: /u/bpeck/code/maos/build by CLANG (v14.0.0) on 2024/03/22 14:52:24 CPU(F64,+O3) w/o CUDA
Launched at 2024/06/20 16:50:15 in dragon with PID 2857.
The web based job monitor can be accessed at http://localhost:10300
Main config file is /System/Volumes/Data/mnt/g2/scratch/bpeck/mcao/hybrid/A_mcao_hybrid.conf
Warning(path.c:48): Path not found: path=/System/Volumes/Data/mnt/g2/scratch/bpeck/mcao/hybrid/bin; abspath=/System/Volumes/Data/mnt/g2/scratch/bpeck/mcao/hybrid/bin; Ignored.
Warning(path.c:48): Path not found: path=/System/Volumes/Data/mnt/g2/scratch/bpeck/mcao/hybrid/atm; abspath=/System/Volumes/Data/mnt/g2/scratch/bpeck/mcao/hybrid/atm; Ignored.
Warning(readcfg.c:399): sim.apfsm has been renamed to powfs.apfsm.
Warning(readcfg.c:399): sim.epfsm has been renamed to powfs.epfsm.
Warning(readcfg.c:399): sim.alfsm has been renamed to powfs.alfsm.
Warning(readcfg.c:399): sim.commonfsm has been renamed to powfs.commonfsm.
Warning(readcfg.c:399): sim.idealfsm has been renamed to powfs.idealfsm.
Warning(readcfg.c:399): sim.zetafsm has been renamed to powfs.zetafsm.
Warning(readcfg.c:399): sim.f0fsm has been renamed to powfs.f0fsm.
Warning(readcfg.c:399): surf has been renamed to ncpa.surf.
Warning(readcfg.c:399): tsurf has been renamed to ncpa.tsurf.
Warning(readcfg.c:399): sim.ncpa_calib has been renamed to ncpa.calib.
Warning(readcfg.c:399): sim.ncpa_ttr has been renamed to ncpa.ttr.
Warning(readcfg.c:399): sim.ncpa_thetax has been renamed to ncpa.thetax.
Warning(readcfg.c:399): sim.ncpa_thetay has been renamed to ncpa.thetay.
Warning(readcfg.c:399): sim.ncpa_wt has been renamed to ncpa.wt.
Warning(readcfg.c:399): sim.ncpa_hs has been renamed to ncpa.hs.
loaded 139 (133 new) records from '/System/Volumes/Data/mnt/g2/scratch/bpeck/mcao/hybrid/./keck_sim.conf'
loaded  19 ( 19 new) records from '/System/Volumes/Data/mnt/g2/scratch/bpeck/mcao/hybrid/./dm_none.conf'
loaded  19 (  0 new) records from '/System/Volumes/Data/mnt/g2/scratch/bpeck/mcao/hybrid/./keck_DM1.conf'
loaded  19 (  0 new) records from '/System/Volumes/Data/mnt/g2/scratch/bpeck/mcao/hybrid/./keck_DM2.conf'
loaded  19 (  0 new) records from '/System/Volumes/Data/mnt/g2/scratch/bpeck/mcao/hybrid/./keck_DM3.conf'
loaded  19 (  0 new) records from '/System/Volumes/Data/mnt/g2/scratch/bpeck/mcao/hybrid/./keck_DM4.conf'
loaded  19 (  0 new) records from '/System/Volumes/Data/mnt/g2/scratch/bpeck/mcao/hybrid/./keck_DM5.conf'
loaded  19 (  0 new) records from '/System/Volumes/Data/mnt/g2/scratch/bpeck/mcao/hybrid/./keck_DM6.conf'
loaded  19 (  0 new) records from '/System/Volumes/Data/mnt/g2/scratch/bpeck/mcao/hybrid/./keck_DM7.conf'
loaded  19 (  0 new) records from '/System/Volumes/Data/mnt/g2/scratch/bpeck/mcao/hybrid/./keck_DM8.conf'
loaded  19 (  0 new) records from '/System/Volumes/Data/mnt/g2/scratch/bpeck/mcao/hybrid/./keck_DM9.conf'
loaded  19 (  0 new) records from '/System/Volumes/Data/mnt/g2/scratch/bpeck/mcao/hybrid/./keck_DM10.conf'
loaded   0 (  0 new) records from '/System/Volumes/Data/mnt/g2/scratch/bpeck/mcao/hybrid/./keck_dm_multiple.conf'
loaded   7 (  5 new) records from '/System/Volumes/Data/mnt/g2/scratch/bpeck/mcao/hybrid/./atm_mk13n50p_ground_detail.conf'
loaded  69 ( 69 new) records from '/System/Volumes/Data/mnt/g2/scratch/bpeck/mcao/hybrid/./powfs_common.conf'
loaded  44 ( 38 new) records from '/System/Volumes/Data/mnt/g2/scratch/bpeck/mcao/hybrid/./powfs_none.conf'
loaded  45 (  0 new) records from '/System/Volumes/Data/mnt/g2/scratch/bpeck/mcao/hybrid/./keck_shwfs_lgs.conf'
loaded  46 (  0 new) records from '/System/Volumes/Data/mnt/g2/scratch/bpeck/mcao/hybrid/./keck_shwfs_lgs_R20.conf'
loaded  45 (  0 new) records from '/System/Volumes/Data/mnt/g2/scratch/bpeck/mcao/hybrid/./keck_shwfs_ttf_strap.conf'
loaded  44 (  0 new) records from '/System/Volumes/Data/mnt/g2/scratch/bpeck/mcao/hybrid/./keck_shwfs_twfs_lbwfs.conf'
loaded   0 (  0 new) records from '/System/Volumes/Data/mnt/g2/scratch/bpeck/mcao/hybrid/./keck_wfs_hybrid_strap_lbwfs.conf'
loaded  71 ( 71 new) records from '/u/bpeck/code/maos/config/maos/recon.conf'
loaded  80 ( 80 new) records from '/u/bpeck/code/maos/config/maos/dbg.conf'
loaded   4 (  4 new) records from '/System/Volumes/Data/mnt/g2/scratch/bpeck/mcao/hybrid/./keck_fit.conf'
loaded  40 ( 10 new) records from '/System/Volumes/Data/mnt/g2/scratch/bpeck/mcao/hybrid/A_mcao_hybrid.conf'
Overriding plot.all            	0 --> 1
Overriding plot.setup          	0 --> 1
Overriding powfs.nwfs          	[1 1 1 1] --> [0 1 3 1]
Overriding wfs.thetax          	[0 0 0 0] --> [60.0 5 -2.5 -2.5 0]
Overriding wfs.thetay          	[0 0 0 0] --> [0.0 0 4.33 -4.33 0]
Overriding powfs0_llt.ox       	[0]*6.5 --> []*6.5
Overriding powfs0_llt.oy       	[0]*6.5 --> []*6.5
Overriding powfs1_llt.ox       	[0]*6.5 --> [1.0]*6.5
Overriding powfs1_llt.oy       	[0]*6.5 --> [0.0]*6.5
loaded   9 (  0 new) records from 'command line'
loaded  23 ( 23 new) records from '/System/Volumes/Data/mnt/g2/scratch/bpeck/mcao/hybrid/./keck_llt_CL.conf'
loaded  23 ( 23 new) records from '/System/Volumes/Data/mnt/g2/scratch/bpeck/mcao/hybrid/./keck_llt_CL.conf'
draw_helper started
Adjust LGS range by telescope altitude 4145m.
Zenith angle is 30 degree.
    Scaling turbulence height and LGS hs by sec(za).
    Scaling r0 by cos(za)^(3/5).
    Scaling wind speed and LGS signal level by cos(za).
powfs0: Adjusting dx from 0.0078125 to 0.0077. 
powfs0.llt.fsm: f0=0 Hz, LPF ep=0
powfs2: Adjusting dx from 0.03125 to 0.0385. 
powfs2 is TWFS for powfs0
Warning(parms.c:2297): Layer 1 at 17.3205m is very close to layer 0 at 0m (OK).
Warning(parms.c:2297): Layer 2 at 34.641m is very close to layer 1 at 17.3205m (OK).
Warning(parms.c:2297): Layer 3 at 51.9615m is very close to layer 2 at 34.641m (OK).
dm 0: stroke=300 um is provided in micron.
dm 0: assume ia stroke=20 um is provided in micron.
dm 1: stroke=300 um is provided in micron.
dm 1: assume ia stroke=20 um is provided in micron.
dm 2: stroke=300 um is provided in micron.
dm 2: assume ia stroke=20 um is provided in micron.
dm 3: stroke=300 um is provided in micron.
dm 3: assume ia stroke=20 um is provided in micron.
dm 4: stroke=300 um is provided in micron.
dm 4: assume ia stroke=20 um is provided in micron.
dm 5: stroke=300 um is provided in micron.
dm 5: assume ia stroke=20 um is provided in micron.
dm 6: stroke=300 um is provided in micron.
dm 6: assume ia stroke=20 um is provided in micron.
dm 7: stroke=300 um is provided in micron.
dm 7: assume ia stroke=20 um is provided in micron.
dm 8: stroke=300 um is provided in micron.
dm 8: assume ia stroke=20 um is provided in micron.
dm 9: stroke=300 um is provided in micron.
dm 9: assume ia stroke=20 um is provided in micron.
There are 1 valid simulation seeds:  1
Output PSF for 10 directions
Used 475 of 475 supplied keys
[00;00mAperture[00;00m is 11 m with sampling 1/128 m
[00;00mTurbulence at 30 degree zenith angle:[00;00m r0=0.128424m, L0=30m, 14 layers.
    Greenwood freq is 25.1Hz, anisoplanatic angle is 1.58 as
    Sampled 8192x8192 at 1/128m. wind dir is randomized.
    layer 0: ht=      0 m, wt= 0.302, ws=  4.8 m/s
    layer 1: ht=     17 m, wt= 0.154, ws=  5.0 m/s
    layer 2: ht=     35 m, wt= 0.041, ws=  5.4 m/s
    layer 3: ht=     52 m, wt= 0.002, ws=  6.6 m/s
    layer 4: ht=    139 m, wt= 0.021, ws=  6.1 m/s
    layer 5: ht=    231 m, wt= 0.010, ws=  6.1 m/s
    layer 6: ht=    323 m, wt= 0.008, ws=  6.1 m/s
    layer 7: ht=    416 m, wt= 0.005, ws=  6.1 m/s
    layer 8: ht=    508 m, wt= 0.001, ws=  6.1 m/s
    layer 9: ht=    932 m, wt= 0.107, ws=  5.6 m/s
    layer 10: ht=   5022 m, wt= 0.144, ws= 11.1 m/s
    layer 11: ht=   9238 m, wt= 0.093, ws= 19.1 m/s
    layer 12: ht=  13856 m, wt= 0.075, ws=  8.2 m/s
    layer 13: ht=  22518 m, wt= 0.036, ws=  4.8 m/s
[00;00mReconstruction[00;00m: r0=0.128424m L0=30m. 14 layers. use cone coordinate.
    layer 0: ht=      0 m, wt= 0.302
    layer 1: ht=     17 m, wt= 0.154
    layer 2: ht=     35 m, wt= 0.041
    layer 3: ht=     52 m, wt= 0.002
    layer 4: ht=    139 m, wt= 0.021
    layer 5: ht=    231 m, wt= 0.010
    layer 6: ht=    323 m, wt= 0.008
    layer 7: ht=    416 m, wt= 0.005
    layer 8: ht=    508 m, wt= 0.001
    layer 9: ht=    932 m, wt= 0.107
    layer 10: ht=   5022 m, wt= 0.144
    layer 11: ht=   9238 m, wt= 0.093
    layer 12: ht=  13856 m, wt= 0.075
    layer 13: ht=  22518 m, wt= 0.036
[00;00mThere are 3 powfs[00;00m
  powfs0: Order 72, LGS at  30 km. Sampling 1/129.87 m. Thres 30%. [00;00mT/T is removed in right hand side in tomography.[00;00m
    Gtilt in reconstruction. Geomtric optics start at 0 with gtilt [00;00m(noisy)[00;00m
  powfs1: Order  1, NGS at inf km. Sampling 1/16 m. Thres 30%. 
    Gtilt in reconstruction. Geomtric optics start at 2 with ztilt [00;00m(noisy)[00;00m
  powfs2: Order 72, NGS at inf km. Sampling 1/25.974 m. Thres 50%. 
    Gtilt in reconstruction. Geomtric optics start at 50 with gtilt [00;00m(noisy)[00;00m
[00;00mThere are 5 wfs[00;00m
    wfs 0: type 0, at (  60.00,    0.00) arcsec,  30 km, siglev is 1099.85 bkgrnd is 1.5
    wfs 1: type 1, at (   5.00,    0.00) arcsec, inf km, siglev is 64529 bkgrnd is 8.273
    wfs 2: type 1, at (  -2.50,    4.33) arcsec, inf km, siglev is 64529 bkgrnd is 8.273
    wfs 3: type 1, at (  -2.50,   -4.33) arcsec, inf km, siglev is 64529 bkgrnd is 8.273
    wfs 4: type 2, at (   0.00,    0.00) arcsec, inf km, siglev is 1.47933e+08 bkgrnd is 25.25
[00;00mThere are 10 DMs[00;00m
  DM 0 at    0km, actuator pitch 0.154m, offset   0, with 300.000000 micron stroke.
    Normalized cubic influence function with inter-actuator coupling of 0.223
  DM 1 at  0.5km, actuator pitch 0.154m, offset   0, with 300.000000 micron stroke.
    Normalized cubic influence function with inter-actuator coupling of 0.223
  DM 2 at    1km, actuator pitch 0.154m, offset   0, with 300.000000 micron stroke.
    Normalized cubic influence function with inter-actuator coupling of 0.223
  DM 3 at    2km, actuator pitch 0.154m, offset   0, with 300.000000 micron stroke.
    Normalized cubic influence function with inter-actuator coupling of 0.223
  DM 4 at    3km, actuator pitch 0.154m, offset   0, with 300.000000 micron stroke.
    Normalized cubic influence function with inter-actuator coupling of 0.223
  DM 5 at    4km, actuator pitch 0.154m, offset   0, with 300.000000 micron stroke.
    Normalized cubic influence function with inter-actuator coupling of 0.223
  DM 6 at    6km, actuator pitch 0.154m, offset   0, with 300.000000 micron stroke.
    Normalized cubic influence function with inter-actuator coupling of 0.223
  DM 7 at    8km, actuator pitch 0.154m, offset   0, with 300.000000 micron stroke.
    Normalized cubic influence function with inter-actuator coupling of 0.223
  DM 8 at   10km, actuator pitch 0.154m, offset   0, with 300.000000 micron stroke.
    Normalized cubic influence function with inter-actuator coupling of 0.223
  DM 9 at   12km, actuator pitch 0.154m, offset   0, with 300.000000 micron stroke.
    Normalized cubic influence function with inter-actuator coupling of 0.223
[00;00mTomography[00;00m is using CG, with [00;00mNo[00;00m preconditioner, [00;00m40[00;00m iterations, ad hoc split tomo.
[00;00mDM Fitting [00;00mis using CG, with [00;00mNo[00;00m preconditioner, [00;00m10[00;00m iterations
[00;00mThere are 9 fit directions[00;00m
    Fit 0: weight is 0.444, at (   0.00,    0.00) arcsec
    Fit 1: weight is 0.111, at (   7.50,    0.00) arcsec
    Fit 2: weight is 0.111, at (   0.00,    7.50) arcsec
    Fit 3: weight is 0.111, at (  -7.50,    0.00) arcsec
    Fit 4: weight is 0.111, at (   0.00,   -7.50) arcsec
    Fit 5: weight is 0.028, at (   7.50,    7.50) arcsec
    Fit 6: weight is 0.028, at (  -7.50,    7.50) arcsec
    Fit 7: weight is 0.028, at (  -7.50,   -7.50) arcsec
    Fit 8: weight is 0.028, at (   7.50,   -7.50) arcsec
[00;00mThere are 10 evaluation directions[00;00m at sampling 1/128 m.
    Evl 0: weight is 0.100, at (   0.00,    0.00) arcsec
    Evl 1: weight is 0.100, at (   5.00,    0.00) arcsec
    Evl 2: weight is 0.100, at (  10.00,    0.00) arcsec
    Evl 3: weight is 0.100, at (  15.00,    0.00) arcsec
    Evl 4: weight is 0.100, at (  20.00,    0.00) arcsec
    Evl 5: weight is 0.100, at (  25.00,    0.00) arcsec
    Evl 6: weight is 0.100, at (  30.00,    0.00) arcsec
    Evl 7: weight is 0.100, at (  35.00,    0.00) arcsec
    Evl 8: weight is 0.100, at (  45.00,    0.00) arcsec
    Evl 9: weight is 0.100, at (  60.00,    0.00) arcsec
[00;00mSimulation[00;00m start at step 0, end at step 1000, with time step 1/1500s, [00;00mclose loop[00;00m.
After setup_parms:	2.3 MiB.

*** Preparation started at 2024/06/20 16:50:15 in dragon. ***

Using thread pool with 32 threads
Reading aperture amplitude map from KECK.fits
Warning(accphi.c:477): 108578 points not covered by input screen
iwvl 0: Science PSF is using grid size of 2880. The PSF will sum to 6.95167232824563
iwvl 1: Science PSF is using grid size of 2880. The PSF will sum to 6.95167232824563
iwvl 2: Science PSF is using grid size of 2880. The PSF will sum to 6.95167232824563
iwvl 3: Science PSF is using grid size of 2880. The PSF will sum to 6.95167232824563
iwvl 4: Science PSF is using grid size of 2880. The PSF will sum to 6.95167232824563
iwvl 5: Science PSF is using grid size of 2880. The PSF will sum to 6.95167232824563
iwvl 6: Science PSF is using grid size of 2880. The PSF will sum to 6.95167232824563
iwvl 7: Science PSF is using grid size of 2880. The PSF will sum to 6.95167232824563
iwvl 8: Science PSF is using grid size of 2880. The PSF will sum to 6.95167232824563
After setup_aper:	88.3 MiB.

[00;00mSetting up powfs 0 geom[00;00m

There are 20 points in each subaperture of 0.154m.
There are 3142 valid subaperture.

[00;00mSetting up powfs 1 geom[00;00m

There are 176 points in each subaperture of 11m.
There are 1 valid subaperture.

[00;00mSetting up powfs 2 geom[00;00m

There are 4 points in each subaperture of 0.154m.
There are 3105 valid subaperture.
After setup_powfs_init:	204.6 MiB.

[00;00mSetting up reconstructor geometry.[00;00m

PLOC is 147x147, with sampling of 0.08m (not square)
    DM 0: grid is 75 x 75
    DM 1: grid is 76 x 75
    DM 2: grid is 77 x 75
    DM 3: grid is 80 x 77
    DM 4: grid is 82 x 77
    DM 5: grid is 84 x 77
    DM 6: grid is 89 x 79
    DM 7: grid is 92 x 79
    DM 8: grid is 97 x 81
    DM 9: grid is 101 x 81
FLOC is 147x147, with sampling of 0.08m (not square)
Tomography grid is not square:
    layer 0: xloc grid is 147 x 147, sampling is 0.077 m, 17069 points
    layer 1: xloc grid is 147 x 147, sampling is 0.077 m, 17113 points
    layer 2: xloc grid is 147 x 147, sampling is 0.077 m, 17131 points
    layer 3: xloc grid is 147 x 147, sampling is 0.077 m, 17165 points
    layer 4: xloc grid is 148 x 147, sampling is 0.077 m, 17308 points
    layer 5: xloc grid is 149 x 149, sampling is 0.076 m, 17487 points
    layer 6: xloc grid is 150 x 149, sampling is 0.076 m, 17670 points
    layer 7: xloc grid is 151 x 149, sampling is 0.076 m, 17829 points
    layer 8: xloc grid is 151 x 149, sampling is 0.076 m, 17991 points
    layer 9: xloc grid is 156 x 153, sampling is 0.075 m, 18858 points
    layer 10: xloc grid is 201 x 181, sampling is 0.064 m, 29491 points
    layer 11: xloc grid is 267 x 223, sampling is 0.053 m, 48711 points
    layer 12: xloc grid is 379 x 293, sampling is 0.041 m, 91587 points
    layer 13: xloc grid is 962 x 663, sampling is 0.019 m, 525348 points
Setting up surface OPD

[00;00mSetting up reconstructor[00;00m

Low order modes: nmod=6, mffocus=1, ahst_focus=1, indps=2, indastig=0
Low order control includes WFS 1 2 3
Recon NEA: geom(43.24) geom(2.22) geom(2.22) geom(2.22) geom(0.04)  mas
Setup or update control matrix parameters.
RRtwfs svd threshold is 1e-10
Replacing HA by HA*fit->actextrap
Adding piston cr to fit matrix
Adding TT cr on upper DMs to fit matrix.
    dm 0, mode 1: there are 32 slave actuators
    dm 1, mode 1: there are 119 slave actuators
    dm 2, mode 1: there are 198 slave actuators
    dm 3, mode 1: there are 349 slave actuators
    dm 4, mode 1: there are 465 slave actuators
    dm 5, mode 1: there are 569 slave actuators
    dm 6, mode 1: there are 846 slave actuators
    dm 7, mode 1: there are 1039 slave actuators
    dm 8, mode 1: there are 1286 slave actuators
    dm 9, mode 1: there are 1506 slave actuators
Before assembling fit matrix:	1694.8 MiB.
Building fit->FR
Building fit->FL
Adding tikhonov constraint of 1.0e-07 to FLM
The maximum eigen value is estimated to be around 7.4e-05
DM Fit number of Low rank terms: 37 in LHS
After assemble fit matrix:	13173.1 MiB.
After setup_recon:	13173.1 MiB.

*** Simulation started at 2024/06/20 16:51:26 in dragon. ***

Running seed 1
Converting windshake PSD to time series.
DM cache with grid 1/25.974m 1/25.974m 1/25.974m 1/25.974m 1/25.974m 1/25.974m 1/25.974m 1/25.974m 1/25.974m 1/25.974m
Wind dir: 267.3 261.7 167.0 130.5 300.7  32.3 119.8 139.0 150.8 277.7 203.0 133.1  45.9 265.1 deg
Using /u/bpeck/.aos/cache/atm/vonkarman_14_8192x8192_0.0078125_1115374592d.bin
After genatm:	13289.2 MiB.
Step     #  Open Loop  PR TT  On axis  PR TT  Field RMS PR TT Split     HIGH   TT    LOW     Timing 
Step     0: OL  900.8  296.8  OA  900.8 300.9 CL  900.8 296.8 Split   835.3 283.8  337.3 nm  2.118 s
Step     1: OL  903.7  303.5  OA  904.7 308.5 CL  903.7 303.5 Split   835.8 290.8  343.5 nm  2.404 s
Step     2: OL  906.3  309.4  OA  828.3 267.7 CL  835.4 266.2 Split   775.7 250.6  310.1 nm  2.376 s
Step     3: OL  908.7  314.5  OA  717.5 213.6 CL  736.2 212.9 Split   686.6 192.2  265.7 nm  2.269 s
Step     4: OL  910.7  318.6  OA  599.7  85.5 CL  642.9 152.7 Split   608.4  41.2  207.8 nm  2.304 s
Step     5: OL  912.4  321.6  OA  540.9 127.2 CL  595.9 195.7 Split   552.8  77.4  222.6 nm  2.283 s
Step     6: OL  913.5  323.4  OA  508.2 135.2 CL  571.1 220.4 Split   516.1 108.8  244.6 nm  2.407 s
Step     7: OL  914.3  323.9  OA  484.7 102.4 CL  573.1 266.8 Split   493.2 146.4  291.8 nm  2.334 s
Step     8: OL  914.6  323.1  OA  480.7  55.5 CL  580.6 287.1 Split   479.4 174.7  327.6 nm  2.359 s
Step     9: OL  914.5  321.2  OA  502.1  24.3 CL  593.3 278.6 Split   470.6 179.7  361.3 nm  2.327 s
Step    10: OL  914.0  318.0  OA  490.9  10.7 CL  588.5 289.9 Split   463.5 197.9  362.6 nm  2.406 s
Step    11: OL  913.1  313.7  OA  478.4   5.6 CL  591.5 317.7 Split   457.6 221.0  374.8 nm  2.294 s
Step    12: OL  911.9  308.4  OA  462.0  30.3 CL  584.9 330.6 Split   452.4 229.7  370.8 nm  2.333 s
Step    13: OL  910.4  302.2  OA  451.0  44.8 CL  547.3 278.5 Split   447.6 187.7  314.9 nm  2.270 s
Step    14: OL  908.8  295.4  OA  444.1  47.2 CL  506.8 205.4 Split   443.8 114.1  244.7 nm  2.363 s
Step    15: OL  907.0  288.0  OA  442.0  48.4 CL  500.7 196.9 Split   440.5 101.0  238.1 nm  2.289 s
Step    16: OL  905.2  280.3  OA  453.6  38.6 CL  561.8 307.5 Split   437.6 208.3  352.2 nm  2.267 s
Step    17: OL  903.4  272.5  OA  471.7  45.0 CL  600.7 352.8 Split   435.4 253.3  413.9 nm  2.366 s
Step    18: OL  901.7  264.7  OA  474.2  33.7 CL  586.5 324.3 Split   433.6 234.2  395.0 nm  2.267 s
