/System/Volumes/Data/mnt/g2/scratch/bpeck/mcao/hybrid/maos -o 0S_rayleigh_mag_study1A/400W -c A_mcao_hybrid.conf plot.all=1 plot.setup=1 -O powfs.siglev=[32.835 563.45 128116.746 41.558] 
Output folder is '0S_rayleigh_mag_study1A/400W'.
SRC: /u/bpeck/code/maos v2.9 2.9
BUILT: /u/bpeck/code/maos/build by CLANG (v14.0.0) on 2024/03/22 14:52:24 CPU(F64,+O3) w/o CUDA
Launched at 2024/06/26 14:22:29 in dragon with PID 9180.
The web based job monitor can be accessed at http://localhost:10300
Main config file is /System/Volumes/Data/mnt/g2/scratch/bpeck/mcao/hybrid/A_mcao_hybrid.conf
Warning(path.c:48): Path not found: path=/System/Volumes/Data/mnt/g2/scratch/bpeck/mcao/hybrid/bin; abspath=/System/Volumes/Data/mnt/g2/scratch/bpeck/mcao/hybrid/bin; Ignored.
Warning(path.c:48): Path not found: path=/System/Volumes/Data/mnt/g2/scratch/bpeck/mcao/hybrid/atm; abspath=/System/Volumes/Data/mnt/g2/scratch/bpeck/mcao/hybrid/atm; Ignored.
Warning(readcfg.c:399): sim.apfsm has been renamed to powfs.apfsm.
Warning(readcfg.c:399): sim.epfsm has been renamed to powfs.epfsm.
Warning(readcfg.c:399): sim.alfsm has been renamed to powfs.alfsm.
Warning(readcfg.c:399): sim.commonfsm has been renamed to powfs.commonfsm.
Warning(readcfg.c:399): sim.idealfsm has been renamed to powfs.idealfsm.
Warning(readcfg.c:399): sim.zetafsm has been renamed to powfs.zetafsm.
Warning(readcfg.c:399): sim.f0fsm has been renamed to powfs.f0fsm.
Warning(readcfg.c:399): surf has been renamed to ncpa.surf.
Warning(readcfg.c:399): tsurf has been renamed to ncpa.tsurf.
Warning(readcfg.c:399): sim.ncpa_calib has been renamed to ncpa.calib.
Warning(readcfg.c:399): sim.ncpa_ttr has been renamed to ncpa.ttr.
Warning(readcfg.c:399): sim.ncpa_thetax has been renamed to ncpa.thetax.
Warning(readcfg.c:399): sim.ncpa_thetay has been renamed to ncpa.thetay.
Warning(readcfg.c:399): sim.ncpa_wt has been renamed to ncpa.wt.
Warning(readcfg.c:399): sim.ncpa_hs has been renamed to ncpa.hs.
loaded 139 (133 new) records from '/System/Volumes/Data/mnt/g2/scratch/bpeck/mcao/hybrid/./keck_sim.conf'
loaded  19 ( 19 new) records from '/System/Volumes/Data/mnt/g2/scratch/bpeck/mcao/hybrid/./dm_none.conf'
loaded  19 (  0 new) records from '/System/Volumes/Data/mnt/g2/scratch/bpeck/mcao/hybrid/./keck_DM1.conf'
loaded  19 (  0 new) records from '/System/Volumes/Data/mnt/g2/scratch/bpeck/mcao/hybrid/./keck_DM2.conf'
loaded  19 (  0 new) records from '/System/Volumes/Data/mnt/g2/scratch/bpeck/mcao/hybrid/./keck_DM3.conf'
loaded   0 (  0 new) records from '/System/Volumes/Data/mnt/g2/scratch/bpeck/mcao/hybrid/./keck_dm_multiple.conf'
loaded   7 (  5 new) records from '/System/Volumes/Data/mnt/g2/scratch/bpeck/mcao/hybrid/./atm_mk13n50p_ground_detail.conf'
loaded  69 ( 69 new) records from '/System/Volumes/Data/mnt/g2/scratch/bpeck/mcao/hybrid/./powfs_common.conf'
loaded  44 ( 38 new) records from '/System/Volumes/Data/mnt/g2/scratch/bpeck/mcao/hybrid/./powfs_none.conf'
loaded  45 (  0 new) records from '/System/Volumes/Data/mnt/g2/scratch/bpeck/mcao/hybrid/./keck_shwfs_lgs.conf'
loaded  46 (  0 new) records from '/System/Volumes/Data/mnt/g2/scratch/bpeck/mcao/hybrid/./keck_shwfs_lgs_R20.conf'
loaded  45 (  0 new) records from '/System/Volumes/Data/mnt/g2/scratch/bpeck/mcao/hybrid/./keck_shwfs_ttf_strap.conf'
loaded  44 (  0 new) records from '/System/Volumes/Data/mnt/g2/scratch/bpeck/mcao/hybrid/./keck_shwfs_twfs_lbwfs.conf'
loaded   0 (  0 new) records from '/System/Volumes/Data/mnt/g2/scratch/bpeck/mcao/hybrid/./keck_wfs_hybrid_strap_lbwfs.conf'
loaded  71 ( 71 new) records from '/u/bpeck/code/maos/config/maos/recon.conf'
loaded  80 ( 80 new) records from '/u/bpeck/code/maos/config/maos/dbg.conf'
loaded   4 (  4 new) records from '/System/Volumes/Data/mnt/g2/scratch/bpeck/mcao/hybrid/./keck_fit.conf'
loaded  43 ( 10 new) records from '/System/Volumes/Data/mnt/g2/scratch/bpeck/mcao/hybrid/A_mcao_hybrid.conf'
Overriding plot.all            	0 --> 1
Overriding plot.setup          	0 --> 1
Overriding powfs.siglev        	[32.835 28.17 128116.746 41.558] --> [32.835 563.45 128116.746 41.558]
loaded   3 (  0 new) records from 'command line'
loaded  23 ( 23 new) records from '/System/Volumes/Data/mnt/g2/scratch/bpeck/mcao/hybrid/./keck_llt_CL.conf'
loaded  23 ( 23 new) records from '/System/Volumes/Data/mnt/g2/scratch/bpeck/mcao/hybrid/./keck_llt_CL.conf'
draw_helper started
Adjust LGS range by telescope altitude 4145m.
Zenith angle is 30 degree.
    Scaling turbulence height and LGS hs by sec(za).
    Scaling r0 by cos(za)^(3/5).
    Scaling wind speed and LGS signal level by cos(za).
powfs0: Adjusting dx from 0.0078125 to 0.0077. 
powfs0.llt.fsm: f0=0 Hz, LPF ep=0
powfs1: Adjusting dx from 0.0078125 to 0.0077. 
Warning(parms.c:1929): There are multiple LGS type. parms->ilgspowfs points to the first one
powfs1.llt.fsm: f0=0 Hz, LPF ep=0
powfs3: Adjusting dx from 0.03125 to 0.0385. 
powfs3 is TWFS for powfs0
Warning(parms.c:2297): Layer 1 at 17.3205m is very close to layer 0 at 0m (OK).
Warning(parms.c:2297): Layer 2 at 34.641m is very close to layer 1 at 17.3205m (OK).
Warning(parms.c:2297): Layer 3 at 51.9615m is very close to layer 2 at 34.641m (OK).
Warning(parms.c:2341): Two high order POWFS with different hs found: 99136.8 and 19982.1. Please double check the results.
dm 0: stroke=300 um is provided in micron.
dm 0: assume ia stroke=20 um is provided in micron.
dm 1: stroke=300 um is provided in micron.
dm 1: assume ia stroke=20 um is provided in micron.
dm 2: stroke=300 um is provided in micron.
dm 2: assume ia stroke=20 um is provided in micron.
There are 1 valid simulation seeds:  1
Output PSF for 10 directions
Used 475 of 475 supplied keys
[00;00mAperture[00;00m is 11 m with sampling 1/128 m
[00;00mTurbulence at 30 degree zenith angle:[00;00m r0=0.128424m, L0=30m, 14 layers.
    Greenwood freq is 25.1Hz, anisoplanatic angle is 1.58 as
    Sampled 8192x8192 at 1/128m. wind dir is randomized.
    layer 0: ht=      0 m, wt= 0.302, ws=  4.8 m/s
    layer 1: ht=     17 m, wt= 0.154, ws=  5.0 m/s
    layer 2: ht=     35 m, wt= 0.041, ws=  5.4 m/s
    layer 3: ht=     52 m, wt= 0.002, ws=  6.6 m/s
    layer 4: ht=    139 m, wt= 0.021, ws=  6.1 m/s
    layer 5: ht=    231 m, wt= 0.010, ws=  6.1 m/s
    layer 6: ht=    323 m, wt= 0.008, ws=  6.1 m/s
    layer 7: ht=    416 m, wt= 0.005, ws=  6.1 m/s
    layer 8: ht=    508 m, wt= 0.001, ws=  6.1 m/s
    layer 9: ht=    932 m, wt= 0.107, ws=  5.6 m/s
    layer 10: ht=   5022 m, wt= 0.144, ws= 11.1 m/s
    layer 11: ht=   9238 m, wt= 0.093, ws= 19.1 m/s
    layer 12: ht=  13856 m, wt= 0.075, ws=  8.2 m/s
    layer 13: ht=  22518 m, wt= 0.036, ws=  4.8 m/s
[00;00mReconstruction[00;00m: r0=0.128424m L0=30m. 13 layers. use cone coordinate.
    layer 0: ht=      0 m, wt= 0.314
    layer 1: ht=     17 m, wt= 0.160
    layer 2: ht=     35 m, wt= 0.043
    layer 3: ht=     52 m, wt= 0.002
    layer 4: ht=    139 m, wt= 0.022
    layer 5: ht=    231 m, wt= 0.010
    layer 6: ht=    323 m, wt= 0.008
    layer 7: ht=    416 m, wt= 0.005
    layer 8: ht=    508 m, wt= 0.001
    layer 9: ht=    932 m, wt= 0.111
    layer 10: ht=   5022 m, wt= 0.150
    layer 11: ht=   9238 m, wt= 0.097
    layer 12: ht=  13856 m, wt= 0.078
[00;00mThere are 4 powfs[00;00m
  powfs0: Order 72, LGS at 99.1 km. Sampling 1/129.87 m. Thres 30%. [00;00mT/T is removed in right hand side in tomography.[00;00m
    Gtilt in reconstruction. Geomtric optics start at 0 with gtilt [00;00m(noisy)[00;00m
  powfs1: Order 72, LGS at  20 km. Sampling 1/129.87 m. Thres 30%. [00;00mT/T is removed in right hand side in tomography.[00;00m
    Gtilt in reconstruction. Geomtric optics start at 0 with gtilt [00;00m(noisy)[00;00m
  powfs2: Order  1, NGS at inf km. Sampling 1/16 m. Thres 30%. 
    Gtilt in reconstruction. Geomtric optics start at 2 with ztilt [00;00m(noisy)[00;00m
  powfs3: Order 72, NGS at inf km. Sampling 1/25.974 m. Thres 50%. 
    Gtilt in reconstruction. Geomtric optics start at 50 with gtilt [00;00m(noisy)[00;00m
[00;00mThere are 6 wfs[00;00m
    wfs 0: type 0, at (   0.00,    0.00) arcsec,  99 km, siglev is 28.4359 bkgrnd is 0.1
    wfs 1: type 1, at (   0.00,    0.00) arcsec,  20 km, siglev is 487.962 bkgrnd is 0.1
    wfs 2: type 2, at (   5.00,    0.00) arcsec, inf km, siglev is 128117 bkgrnd is 2.603
    wfs 3: type 2, at (  -2.50,    4.33) arcsec, inf km, siglev is 128117 bkgrnd is 2.603
    wfs 4: type 2, at (  -2.50,   -4.33) arcsec, inf km, siglev is 128117 bkgrnd is 2.603
    wfs 5: type 3, at (   0.00,    0.00) arcsec, inf km, siglev is 41558 bkgrnd is 0.001
[00;00mThere are 3 DMs[00;00m
  DM 0 at    0km, actuator pitch 0.154m, offset   0, with 300.000000 micron stroke.
    Normalized cubic influence function with inter-actuator coupling of 0.223
  DM 1 at    6km, actuator pitch 0.154m, offset   0, with 300.000000 micron stroke.
    Normalized cubic influence function with inter-actuator coupling of 0.223
  DM 2 at   10km, actuator pitch 0.154m, offset   0, with 300.000000 micron stroke.
    Normalized cubic influence function with inter-actuator coupling of 0.223
[00;00mTomography[00;00m is using CG, with [00;00mNo[00;00m preconditioner, [00;00m40[00;00m iterations, ad hoc split tomo.
[00;00mDM Fitting [00;00mis using CG, with [00;00mNo[00;00m preconditioner, [00;00m10[00;00m iterations
[00;00mThere are 9 fit directions[00;00m
    Fit 0: weight is 0.444, at (   0.00,    0.00) arcsec
    Fit 1: weight is 0.111, at (   7.50,    0.00) arcsec
    Fit 2: weight is 0.111, at (   0.00,    7.50) arcsec
    Fit 3: weight is 0.111, at (  -7.50,    0.00) arcsec
    Fit 4: weight is 0.111, at (   0.00,   -7.50) arcsec
    Fit 5: weight is 0.028, at (   7.50,    7.50) arcsec
    Fit 6: weight is 0.028, at (  -7.50,    7.50) arcsec
    Fit 7: weight is 0.028, at (  -7.50,   -7.50) arcsec
    Fit 8: weight is 0.028, at (   7.50,   -7.50) arcsec
[00;00mThere are 10 evaluation directions[00;00m at sampling 1/128 m.
    Evl 0: weight is 0.100, at (   0.00,    0.00) arcsec
    Evl 1: weight is 0.100, at (   5.00,    0.00) arcsec
    Evl 2: weight is 0.100, at (  10.00,    0.00) arcsec
    Evl 3: weight is 0.100, at (  15.00,    0.00) arcsec
    Evl 4: weight is 0.100, at (  20.00,    0.00) arcsec
    Evl 5: weight is 0.100, at (  25.00,    0.00) arcsec
    Evl 6: weight is 0.100, at (  30.00,    0.00) arcsec
    Evl 7: weight is 0.100, at (  35.00,    0.00) arcsec
    Evl 8: weight is 0.100, at (  45.00,    0.00) arcsec
    Evl 9: weight is 0.100, at (  60.00,    0.00) arcsec
[00;00mSimulation[00;00m start at step 0, end at step 1000, with time step 1/1500s, [00;00mclose loop[00;00m.
After setup_parms:	2.0 MiB.

*** Preparation started at 2024/06/26 14:22:29 in dragon. ***

Using thread pool with 32 threads
Reading aperture amplitude map from KECK.fits
Warning(accphi.c:477): 108578 points not covered by input screen
iwvl 0: Science PSF is using grid size of 2880. The PSF will sum to 6.95167232824563
iwvl 1: Science PSF is using grid size of 2880. The PSF will sum to 6.95167232824563
iwvl 2: Science PSF is using grid size of 2880. The PSF will sum to 6.95167232824563
iwvl 3: Science PSF is using grid size of 2880. The PSF will sum to 6.95167232824563
iwvl 4: Science PSF is using grid size of 2880. The PSF will sum to 6.95167232824563
iwvl 5: Science PSF is using grid size of 2880. The PSF will sum to 6.95167232824563
iwvl 6: Science PSF is using grid size of 2880. The PSF will sum to 6.95167232824563
iwvl 7: Science PSF is using grid size of 2880. The PSF will sum to 6.95167232824563
iwvl 8: Science PSF is using grid size of 2880. The PSF will sum to 6.95167232824563
After setup_aper:	88.1 MiB.

[00;00mSetting up powfs 0 geom[00;00m

There are 20 points in each subaperture of 0.154m.
There are 3142 valid subaperture.

[00;00mSetting up powfs 1 geom[00;00m

There are 20 points in each subaperture of 0.154m.
There are 3142 valid subaperture.

[00;00mSetting up powfs 2 geom[00;00m

There are 176 points in each subaperture of 11m.
There are 1 valid subaperture.

[00;00mSetting up powfs 3 geom[00;00m

There are 4 points in each subaperture of 0.154m.
There are 3105 valid subaperture.
After setup_powfs_init:	292.5 MiB.

[00;00mSetting up reconstructor geometry.[00;00m

PLOC is 147x147, with sampling of 0.08m (not square)
    DM 0: grid is 75 x 75
    DM 1: grid is 89 x 79
    DM 2: grid is 97 x 81
FLOC is 147x147, with sampling of 0.08m (not square)
Tomography grid is not square:
    layer 0: xloc grid is 147 x 147, sampling is 0.077 m, 17069 points
    layer 1: xloc grid is 147 x 147, sampling is 0.077 m, 17103 points
    layer 2: xloc grid is 147 x 147, sampling is 0.077 m, 17121 points
    layer 3: xloc grid is 147 x 147, sampling is 0.077 m, 17129 points
    layer 4: xloc grid is 148 x 147, sampling is 0.077 m, 17210 points
    layer 5: xloc grid is 148 x 147, sampling is 0.077 m, 17308 points
    layer 6: xloc grid is 148 x 147, sampling is 0.077 m, 17382 points
    layer 7: xloc grid is 149 x 147, sampling is 0.077 m, 17485 points
    layer 8: xloc grid is 150 x 149, sampling is 0.077 m, 17596 points
    layer 9: xloc grid is 152 x 149, sampling is 0.076 m, 18036 points
    layer 10: xloc grid is 177 x 159, sampling is 0.073 m, 22817 points
    layer 11: xloc grid is 205 x 171, sampling is 0.070 m, 28679 points
    layer 12: xloc grid is 238 x 185, sampling is 0.066 m, 36392 points
Setting up surface OPD

[00;00mSetting up reconstructor[00;00m

Low order modes: nmod=2, mffocus=1, ahst_focus=1, indps=0, indastig=0
Low order control includes WFS 2 3 4
Recon NEA: geom(381.13) geom(381.13) geom(1.57) geom(1.57) geom(1.57) geom(6.43)  mas
Setup or update control matrix parameters.
RRtwfs svd threshold is 1e-10
Replacing HA by HA*fit->actextrap
Adding piston cr to fit matrix
Adding TT cr on upper DMs to fit matrix.
    dm 0, mode 1: there are 32 slave actuators
    dm 1, mode 1: there are 846 slave actuators
    dm 2, mode 1: there are 1286 slave actuators
Before assembling fit matrix:	978.2 MiB.
Building fit->FR
Building fit->FL
Adding tikhonov constraint of 1.0e-07 to FLM
The maximum eigen value is estimated to be around 2.4e-04
DM Fit number of Low rank terms: 16 in LHS
After assemble fit matrix:	2368.2 MiB.
After setup_recon:	2368.2 MiB.

*** Simulation started at 2024/06/26 14:22:43 in dragon. ***

Running seed 1
Converting windshake PSD to time series.
DM cache with grid 1/25.974m 1/25.974m 1/25.974m
Wind dir: 267.3 261.7 167.0 130.5 300.7  32.3 119.8 139.0 150.8 277.7 203.0 133.1  45.9 265.1 deg
Using /u/bpeck/.aos/cache/atm/vonkarman_14_8192x8192_0.0078125_1115374592d.bin
After genatm:	2526.1 MiB.
Step     #  Open Loop  PR TT  On axis  PR TT  Field RMS PR TT Split     HIGH   TT    LOW     Timing 
Step     0: OL  957.9  440.5  OA  960.4 448.9 CL  957.9 440.5 Split   855.1 431.6  431.6 nm 13.867 s
Step     1: OL  963.2  450.8  OA  966.9 460.0 CL  963.2 450.8 Split   855.7 442.1  442.1 nm  6.240 s
Step     3: OL  971.3  465.5  OA  939.1 454.3 CL  938.7 444.2 Split   831.7 435.4  435.4 nm  0.627 s
Step     5: OL  975.4  471.6  OA  792.4  57.7 CL  805.1  93.1 Split   804.2  38.2   38.2 nm  0.633 s
Step     7: OL  975.2  468.9  OA  773.8  86.7 CL  792.6 137.2 Split   785.1 108.8  108.8 nm  0.621 s
Step     9: OL  971.0  457.7  OA  755.7  48.7 CL  774.6 110.5 Split   771.2  72.0   72.0 nm  0.622 s
Step    11: OL  963.5  438.8  OA  740.3  34.9 CL  760.2 102.3 Split   757.9  58.9   58.9 nm  0.620 s
Step    13: OL  953.5  413.7  OA  727.9  49.3 CL  749.2 111.8 Split   745.5  74.6   74.6 nm  0.630 s
Step    15: OL  942.3  384.1  OA  717.2  59.1 CL  739.1 119.0 Split   734.2  85.2   85.2 nm  0.616 s
Step    17: OL  931.0  352.3  OA  708.3  63.9 CL  730.3 123.2 Split   724.6  91.1   91.1 nm  0.628 s
Step    19: OL  920.6  320.4  OA  697.7  49.8 CL  719.8 113.7 Split   715.6  77.8   77.8 nm  0.626 s
Step    20: OL  916.0  305.1  OA  693.5  56.5 CL  716.2 118.8 Split   711.1  85.2   85.2 nm  2.097 s
Step    21: OL  911.9  290.6  OA  688.8  54.1 CL  711.7 117.3 Split   706.8  83.4   83.4 nm  1.783 s
Step    22: OL  908.4  277.2  OA  684.0  50.3 CL  707.0 114.9 Split   702.5  80.1   80.1 nm  1.774 s
Step    23: OL  905.4  265.1  OA  679.0  40.0 CL  701.7 108.3 Split   698.2  70.4   70.4 nm  1.747 s
Step    24: OL  903.0  254.4  OA  674.8  26.6 CL  697.0 100.3 Split   694.6  57.2   57.2 nm  1.806 s
Step    25: OL  901.1  245.4  OA  671.5  22.8 CL  693.4  97.8 Split   691.4  52.7   52.7 nm  1.774 s
Step    26: OL  899.8  238.2  OA  668.6  32.7 CL  691.0 103.7 Split   688.1  63.2   63.2 nm  1.808 s
Step    27: OL  899.1  232.9  OA  665.2  37.0 CL  688.0 106.4 Split   684.7  67.6   67.6 nm  1.914 s
Step    28: OL  898.9  229.5  OA  661.6  36.7 CL  684.7 106.5 Split   681.3  67.9   67.9 nm  1.843 s
Step    29: OL  899.2  228.3  OA  657.8  25.8 CL  680.5 100.2 Split   678.0  57.6   57.6 nm  1.862 s
Step    30: OL  900.0  229.0  OA  654.6  21.7 CL  677.1  98.5 Split   674.9  54.7   54.7 nm  1.893 s
Step    31: OL  901.4  231.9  OA  651.5  22.1 CL  674.0  98.2 Split   671.8  54.3   54.3 nm  1.835 s
Step    32: OL  903.3  236.8  OA  648.8  20.7 CL  670.4  94.4 Split   668.8  46.8   46.8 nm  1.835 s
Step    33: OL  905.8  243.8  OA  646.4  13.6 CL  667.0  89.0 Split   666.1  34.6   34.6 nm  1.850 s
Step    34: OL  908.9  252.7  OA  644.0  20.9 CL  663.5  84.0 Split   663.2  17.8   17.8 nm  1.828 s
Step    35: OL  912.6  263.5  OA  641.9  38.0 CL  660.1  82.2 Split   660.1   3.9    3.9 nm  1.867 s

Signal caught: Interrupt: 2 (2)
maos_signal_handler: Interrupt: 2 (2)
Will exit after finishing current time step
Step    36: OL  916.9  276.1  OA  638.8  36.2 CL  657.0  82.2 Split   657.0   2.7    2.7 nm  1.877 s
Mean: 688.97 102.36 681.32  nm.

*** Simulation Terminated at 2024/06/26 14:23:48 in dragon. ***

