/System/Volumes/Data/mnt/g2/scratch/bpeck/mcao/hybrid/maos -o 0S_rayleigh_mag_study1C/200W -c A_mcao_hybrid.conf plot.all=1 plot.setup=1 -O powfs.siglev=[0 281.73 64.52903 147933.02] 
Output folder is '0S_rayleigh_mag_study1C/200W'.
SRC: /u/bpeck/code/maos v2.9 2.9
BUILT: /u/bpeck/code/maos/build by CLANG (v14.0.0) on 2024/03/22 14:52:24 CPU(F64,+O3) w/o CUDA
Launched at 2024/06/27 08:11:25 in dragon with PID 33721.
The web based job monitor can be accessed at http://localhost:10300
Main config file is /System/Volumes/Data/mnt/g2/scratch/bpeck/mcao/hybrid/A_mcao_hybrid.conf
Warning(path.c:48): Path not found: path=/System/Volumes/Data/mnt/g2/scratch/bpeck/mcao/hybrid/bin; abspath=/System/Volumes/Data/mnt/g2/scratch/bpeck/mcao/hybrid/bin; Ignored.
Warning(path.c:48): Path not found: path=/System/Volumes/Data/mnt/g2/scratch/bpeck/mcao/hybrid/atm; abspath=/System/Volumes/Data/mnt/g2/scratch/bpeck/mcao/hybrid/atm; Ignored.
Warning(readcfg.c:399): sim.apfsm has been renamed to powfs.apfsm.
Warning(readcfg.c:399): sim.epfsm has been renamed to powfs.epfsm.
Warning(readcfg.c:399): sim.alfsm has been renamed to powfs.alfsm.
Warning(readcfg.c:399): sim.commonfsm has been renamed to powfs.commonfsm.
Warning(readcfg.c:399): sim.idealfsm has been renamed to powfs.idealfsm.
Warning(readcfg.c:399): sim.zetafsm has been renamed to powfs.zetafsm.
Warning(readcfg.c:399): sim.f0fsm has been renamed to powfs.f0fsm.
Warning(readcfg.c:399): surf has been renamed to ncpa.surf.
Warning(readcfg.c:399): tsurf has been renamed to ncpa.tsurf.
Warning(readcfg.c:399): sim.ncpa_calib has been renamed to ncpa.calib.
Warning(readcfg.c:399): sim.ncpa_ttr has been renamed to ncpa.ttr.
Warning(readcfg.c:399): sim.ncpa_thetax has been renamed to ncpa.thetax.
Warning(readcfg.c:399): sim.ncpa_thetay has been renamed to ncpa.thetay.
Warning(readcfg.c:399): sim.ncpa_wt has been renamed to ncpa.wt.
Warning(readcfg.c:399): sim.ncpa_hs has been renamed to ncpa.hs.
loaded 139 (133 new) records from '/System/Volumes/Data/mnt/g2/scratch/bpeck/mcao/hybrid/./keck_sim.conf'
loaded  19 ( 19 new) records from '/System/Volumes/Data/mnt/g2/scratch/bpeck/mcao/hybrid/./dm_none.conf'
loaded  19 (  0 new) records from '/System/Volumes/Data/mnt/g2/scratch/bpeck/mcao/hybrid/./keck_DM1.conf'
loaded  19 (  0 new) records from '/System/Volumes/Data/mnt/g2/scratch/bpeck/mcao/hybrid/./keck_DM2.conf'
loaded  19 (  0 new) records from '/System/Volumes/Data/mnt/g2/scratch/bpeck/mcao/hybrid/./keck_DM3.conf'
loaded   0 (  0 new) records from '/System/Volumes/Data/mnt/g2/scratch/bpeck/mcao/hybrid/./keck_dm_multiple.conf'
loaded   7 (  5 new) records from '/System/Volumes/Data/mnt/g2/scratch/bpeck/mcao/hybrid/./atm_mk13n50p_ground_detail.conf'
loaded  69 ( 69 new) records from '/System/Volumes/Data/mnt/g2/scratch/bpeck/mcao/hybrid/./powfs_common.conf'
loaded  44 ( 38 new) records from '/System/Volumes/Data/mnt/g2/scratch/bpeck/mcao/hybrid/./powfs_none.conf'
loaded  45 (  0 new) records from '/System/Volumes/Data/mnt/g2/scratch/bpeck/mcao/hybrid/./keck_shwfs_lgs.conf'
loaded  46 (  0 new) records from '/System/Volumes/Data/mnt/g2/scratch/bpeck/mcao/hybrid/./keck_shwfs_lgs_R20.conf'
loaded  45 (  0 new) records from '/System/Volumes/Data/mnt/g2/scratch/bpeck/mcao/hybrid/./keck_shwfs_ttf_strap.conf'
loaded  44 (  0 new) records from '/System/Volumes/Data/mnt/g2/scratch/bpeck/mcao/hybrid/./keck_shwfs_twfs_lbwfs.conf'
loaded   0 (  0 new) records from '/System/Volumes/Data/mnt/g2/scratch/bpeck/mcao/hybrid/./keck_wfs_hybrid_strap_lbwfs.conf'
loaded  71 ( 71 new) records from '/u/bpeck/code/maos/config/maos/recon.conf'
loaded  80 ( 80 new) records from '/u/bpeck/code/maos/config/maos/dbg.conf'
loaded   4 (  4 new) records from '/System/Volumes/Data/mnt/g2/scratch/bpeck/mcao/hybrid/./keck_fit.conf'
loaded  43 ( 10 new) records from '/System/Volumes/Data/mnt/g2/scratch/bpeck/mcao/hybrid/A_mcao_hybrid.conf'
Overriding plot.all            	0 --> 1
Overriding plot.setup          	0 --> 1
Overriding powfs.siglev        	[0 28.17 64.52903 147933.02] --> [0 281.73 64.52903 147933.02]
loaded   3 (  0 new) records from 'command line'
loaded  23 ( 23 new) records from '/System/Volumes/Data/mnt/g2/scratch/bpeck/mcao/hybrid/./keck_llt_CL.conf'
loaded  23 ( 23 new) records from '/System/Volumes/Data/mnt/g2/scratch/bpeck/mcao/hybrid/./keck_llt_CL.conf'
draw_helper started
Adjust LGS range by telescope altitude 4145m.
Zenith angle is 30 degree.
    Scaling turbulence height and LGS hs by sec(za).
    Scaling r0 by cos(za)^(3/5).
    Scaling wind speed and LGS signal level by cos(za).
powfs0: Adjusting dx from 0.0078125 to 0.0077. 
powfs0.llt.fsm: f0=0 Hz, LPF ep=0
powfs2: Adjusting dx from 0.03125 to 0.0385. 
powfs2 is TWFS for powfs0
Warning(parms.c:2297): Layer 1 at 17.3205m is very close to layer 0 at 0m (OK).
Warning(parms.c:2297): Layer 2 at 34.641m is very close to layer 1 at 17.3205m (OK).
Warning(parms.c:2297): Layer 3 at 51.9615m is very close to layer 2 at 34.641m (OK).
dm 0: stroke=300 um is provided in micron.
dm 0: assume ia stroke=20 um is provided in micron.
dm 1: stroke=300 um is provided in micron.
dm 1: assume ia stroke=20 um is provided in micron.
dm 2: stroke=300 um is provided in micron.
dm 2: assume ia stroke=20 um is provided in micron.
There are 1 valid simulation seeds:  1
Output PSF for 10 directions
Used 475 of 475 supplied keys
[00;00mAperture[00;00m is 11 m with sampling 1/128 m
[00;00mTurbulence at 30 degree zenith angle:[00;00m r0=0.128424m, L0=30m, 14 layers.
    Greenwood freq is 25.1Hz, anisoplanatic angle is 1.58 as
    Sampled 8192x8192 at 1/128m. wind dir is randomized.
    layer 0: ht=      0 m, wt= 0.302, ws=  4.8 m/s
    layer 1: ht=     17 m, wt= 0.154, ws=  5.0 m/s
    layer 2: ht=     35 m, wt= 0.041, ws=  5.4 m/s
    layer 3: ht=     52 m, wt= 0.002, ws=  6.6 m/s
    layer 4: ht=    139 m, wt= 0.021, ws=  6.1 m/s
    layer 5: ht=    231 m, wt= 0.010, ws=  6.1 m/s
    layer 6: ht=    323 m, wt= 0.008, ws=  6.1 m/s
    layer 7: ht=    416 m, wt= 0.005, ws=  6.1 m/s
    layer 8: ht=    508 m, wt= 0.001, ws=  6.1 m/s
    layer 9: ht=    932 m, wt= 0.107, ws=  5.6 m/s
    layer 10: ht=   5022 m, wt= 0.144, ws= 11.1 m/s
    layer 11: ht=   9238 m, wt= 0.093, ws= 19.1 m/s
    layer 12: ht=  13856 m, wt= 0.075, ws=  8.2 m/s
    layer 13: ht=  22518 m, wt= 0.036, ws=  4.8 m/s
[00;00mReconstruction[00;00m: r0=0.128424m L0=30m. 13 layers. use cone coordinate.
    layer 0: ht=      0 m, wt= 0.314
    layer 1: ht=     17 m, wt= 0.160
    layer 2: ht=     35 m, wt= 0.043
    layer 3: ht=     52 m, wt= 0.002
    layer 4: ht=    139 m, wt= 0.022
    layer 5: ht=    231 m, wt= 0.010
    layer 6: ht=    323 m, wt= 0.008
    layer 7: ht=    416 m, wt= 0.005
    layer 8: ht=    508 m, wt= 0.001
    layer 9: ht=    932 m, wt= 0.111
    layer 10: ht=   5022 m, wt= 0.150
    layer 11: ht=   9238 m, wt= 0.097
    layer 12: ht=  13856 m, wt= 0.078
[00;00mThere are 3 powfs[00;00m
  powfs0: Order 72, LGS at  20 km. Sampling 1/129.87 m. Thres 30%. [00;00mT/T is removed in right hand side in tomography.[00;00m
    CCD image is 4x4 @ 3000x3000 mas, blur 27% (sigma), 1500Hz, wvl: [ 5.32e-07]
    Gtilt in reconstruction. Physical optics start at 0 with [00;00m'matched filter'[00;00m [00;00m(noisy)[00;00m
  powfs1: Order  1, NGS at inf km. Sampling 1/16 m. Thres 30%. 
    Gtilt in reconstruction. Geomtric optics start at 2 with ztilt [00;00m(noisy)[00;00m
  powfs2: Order 72, NGS at inf km. Sampling 1/25.974 m. Thres 50%. 
    CCD image is 3x3 @ 1500x1500 mas, blur 0% (sigma), 1.5Hz, wvl: [ 7.2e-07]
    Gtilt in reconstruction. Geomtric optics start at 50 with gtilt Physical optics start at 0 with [00;00m'matched filter'[00;00m [00;00m(noisy)[00;00m
[00;00mThere are 3 wfs[00;00m
    wfs 0: type 0, at (   0.00,    0.00) arcsec,  20 km, siglev is 243.985 bkgrnd is 0.1
    wfs 1: type 1, at (   0.00,    0.00) arcsec, inf km, siglev is 64.529 bkgrnd is 8.273
    wfs 2: type 2, at (   0.00,    0.00) arcsec, inf km, siglev is 1.47933e+08 bkgrnd is 25.25
[00;00mThere are 3 DMs[00;00m
  DM 0 at    0km, actuator pitch 0.154m, offset   0, with 300.000000 micron stroke.
    Normalized cubic influence function with inter-actuator coupling of 0.223
  DM 1 at    6km, actuator pitch 0.154m, offset   0, with 300.000000 micron stroke.
    Normalized cubic influence function with inter-actuator coupling of 0.223
  DM 2 at   10km, actuator pitch 0.154m, offset   0, with 300.000000 micron stroke.
    Normalized cubic influence function with inter-actuator coupling of 0.223
[00;00mTomography[00;00m is using CG, with [00;00mNo[00;00m preconditioner, [00;00m40[00;00m iterations, ad hoc split tomo.
[00;00mDM Fitting [00;00mis using CG, with [00;00mNo[00;00m preconditioner, [00;00m10[00;00m iterations
[00;00mThere are 9 fit directions[00;00m
    Fit 0: weight is 0.444, at (   0.00,    0.00) arcsec
    Fit 1: weight is 0.111, at (   7.50,    0.00) arcsec
    Fit 2: weight is 0.111, at (   0.00,    7.50) arcsec
    Fit 3: weight is 0.111, at (  -7.50,    0.00) arcsec
    Fit 4: weight is 0.111, at (   0.00,   -7.50) arcsec
    Fit 5: weight is 0.028, at (   7.50,    7.50) arcsec
    Fit 6: weight is 0.028, at (  -7.50,    7.50) arcsec
    Fit 7: weight is 0.028, at (  -7.50,   -7.50) arcsec
    Fit 8: weight is 0.028, at (   7.50,   -7.50) arcsec
[00;00mThere are 10 evaluation directions[00;00m at sampling 1/128 m.
    Evl 0: weight is 0.100, at (   0.00,    0.00) arcsec
    Evl 1: weight is 0.100, at (   5.00,    0.00) arcsec
    Evl 2: weight is 0.100, at (  10.00,    0.00) arcsec
    Evl 3: weight is 0.100, at (  15.00,    0.00) arcsec
    Evl 4: weight is 0.100, at (  20.00,    0.00) arcsec
    Evl 5: weight is 0.100, at (  25.00,    0.00) arcsec
    Evl 6: weight is 0.100, at (  30.00,    0.00) arcsec
    Evl 7: weight is 0.100, at (  35.00,    0.00) arcsec
    Evl 8: weight is 0.100, at (  45.00,    0.00) arcsec
    Evl 9: weight is 0.100, at (  60.00,    0.00) arcsec
[00;00mSimulation[00;00m start at step 0, end at step 1000, with time step 1/1500s, [00;00mclose loop[00;00m.
After setup_parms:	2.0 MiB.

*** Preparation started at 2024/06/27 08:11:25 in dragon. ***

Using thread pool with 32 threads
Reading aperture amplitude map from KECK.fits
Warning(accphi.c:477): 108578 points not covered by input screen
iwvl 0: Science PSF is using grid size of 2880. The PSF will sum to 6.95167232824563
iwvl 1: Science PSF is using grid size of 2880. The PSF will sum to 6.95167232824563
iwvl 2: Science PSF is using grid size of 2880. The PSF will sum to 6.95167232824563
iwvl 3: Science PSF is using grid size of 2880. The PSF will sum to 6.95167232824563
iwvl 4: Science PSF is using grid size of 2880. The PSF will sum to 6.95167232824563
iwvl 5: Science PSF is using grid size of 2880. The PSF will sum to 6.95167232824563
iwvl 6: Science PSF is using grid size of 2880. The PSF will sum to 6.95167232824563
iwvl 7: Science PSF is using grid size of 2880. The PSF will sum to 6.95167232824563
iwvl 8: Science PSF is using grid size of 2880. The PSF will sum to 6.95167232824563
After setup_aper:	88.0 MiB.

[00;00mSetting up powfs 0 geom[00;00m

There are 20 points in each subaperture of 0.154m.
There are 3142 valid subaperture.

[00;00mSetting up powfs 1 geom[00;00m

There are 176 points in each subaperture of 11m.
There are 1 valid subaperture.

[00;00mSetting up powfs 2 geom[00;00m

There are 4 points in each subaperture of 0.154m.
There are 3105 valid subaperture.
After setup_powfs_init:	204.3 MiB.

[00;00mSetting up reconstructor geometry.[00;00m

PLOC is 147x147, with sampling of 0.08m (not square)
    DM 0: grid is 75 x 75
    DM 1: grid is 89 x 79
    DM 2: grid is 97 x 81
FLOC is 147x147, with sampling of 0.08m (not square)
Tomography grid is not square:
    layer 0: xloc grid is 147 x 147, sampling is 0.077 m, 17069 points
    layer 1: xloc grid is 147 x 147, sampling is 0.077 m, 17119 points
    layer 2: xloc grid is 147 x 147, sampling is 0.077 m, 17155 points
    layer 3: xloc grid is 147 x 147, sampling is 0.077 m, 17179 points
    layer 4: xloc grid is 148 x 147, sampling is 0.076 m, 17386 points
    layer 5: xloc grid is 150 x 149, sampling is 0.076 m, 17626 points
    layer 6: xloc grid is 150 x 149, sampling is 0.076 m, 17842 points
    layer 7: xloc grid is 152 x 151, sampling is 0.075 m, 18078 points
    layer 8: xloc grid is 153 x 151, sampling is 0.075 m, 18313 points
    layer 9: xloc grid is 158 x 155, sampling is 0.073 m, 19448 points
    layer 10: xloc grid is 223 x 201, sampling is 0.058 m, 36293 points
    layer 11: xloc grid is 342 x 285, sampling is 0.041 m, 79966 points
    layer 12: xloc grid is 662 x 513, sampling is 0.024 m, 278882 points
Setting up surface OPD

[00;00mSetting up powfs 0 PO WFS[00;00m

OTF dimension is 40x40 (calculated)
Uplink FWHM (illt 0, iwvl 0) is 0.574143"
Downlink FWHM (illt 0, iwvl 0) is 1.25734"
Generating matched filter for powfs 0
sa index   location       noise equivalent angle
    1554: (  1.6,  -0.1) m, (318.79, 147.63) mas
    1561: (  2.6,  -0.1) m, (6617.24, 161.01) mas
    1568: (  3.7,  -0.1) m, (17910.69, 159.49) mas
    1575: (  4.8,  -0.1) m, (7851.48, 153.05) mas
    1578: (  5.3,  -0.1) m, (4627.65, 162.14) mas

[00;00mSetting up powfs 2 PO WFS[00;00m

OTF dimension is 10x10 (calculated)
Generating matched filter for powfs 2
Use sanea to derive neasim
Use sanea to derive neasim

[00;00mSetting up reconstructor[00;00m

Low order modes: nmod=6, mffocus=1, ahst_focus=1, indps=2, indastig=0
Low order control includes WFS 1
Recon NEA: cmf(5605.38) geom(2.22) mf(0.10)  mas
Setup or update control matrix parameters.
RRtwfs svd threshold is 1e-10
Replacing HA by HA*fit->actextrap
Adding piston cr to fit matrix
Adding TT cr on upper DMs to fit matrix.
    dm 0, mode 1: there are 32 slave actuators
    dm 1, mode 1: there are 846 slave actuators
    dm 2, mode 1: there are 1286 slave actuators
Before assembling fit matrix:	1188.5 MiB.
Building fit->FR
Building fit->FL
Adding tikhonov constraint of 1.0e-07 to FLM
The maximum eigen value is estimated to be around 2.4e-04
DM Fit number of Low rank terms: 16 in LHS
After assemble fit matrix:	4000.8 MiB.
After setup_recon:	4000.8 MiB.

*** Simulation started at 2024/06/27 08:11:42 in dragon. ***

Running seed 1
Converting windshake PSD to time series.
DM cache with grid 1/25.974m 1/25.974m 1/25.974m
Wind dir: 267.3 261.7 167.0 130.5 300.7  32.3 119.8 139.0 150.8 277.7 203.0 133.1  45.9 265.1 deg
Using /u/bpeck/.aos/cache/atm/vonkarman_14_8192x8192_0.0078125_1115374592d.bin
After genatm:	4166.8 MiB.
Step     #  Open Loop  PR TT  On axis  PR TT  Field RMS PR TT Split     HIGH   TT    LOW     Timing 
Step     0: OL  884.7  243.2  OA  883.5 244.3 CL  884.7 243.2 Split   832.4 227.4  299.6 nm  0.145 s
Step     2: OL  877.7  211.3  OA  870.8 207.3 CL  870.2 208.1 Split   826.5 189.4  272.3 nm  0.836 s
Step     4: OL  872.1  180.9  OA  838.6  79.9 CL  835.6 104.6 Split   810.6  60.9  203.0 nm  0.867 s
Step     6: OL  868.3  154.5  OA  831.0  53.0 CL  826.1 111.0 Split   800.3  72.6  205.2 nm  0.857 s
Step     8: OL  866.2  134.1  OA  828.0  41.8 CL  819.9 104.7 Split   794.9  62.4  200.9 nm  0.836 s
Step    10: OL  865.5  120.5  OA  825.6  20.9 CL  814.5  93.2 Split   791.0  39.7  194.3 nm  0.823 s
Step    12: OL  865.9  113.4  OA  824.3  15.6 CL  810.1  91.0 Split   786.9  34.5  192.4 nm  0.847 s
Step    14: OL  867.0  111.9  OA  823.8  19.1 CL  806.5  89.7 Split   783.6  30.1  190.7 nm  0.854 s
Step    16: OL  868.8  115.3  OA  822.3  16.0 CL  803.5  93.9 Split   780.3  41.5  191.9 nm  0.835 s
Step    18: OL  871.2  123.9  OA  822.0  18.8 CL  801.2  95.6 Split   777.8  45.5  192.2 nm  0.863 s
Step    20: OL  874.7  138.0  OA  822.5  14.7 CL  798.4  85.4 Split   776.1  14.1  187.1 nm  2.011 s
Step    21: OL  876.8  147.0  OA  823.3  23.9 CL  798.0  87.3 Split   775.5  23.2  188.0 nm  1.783 s
Step    22: OL  879.2  157.1  OA  824.7  42.7 CL  797.5  88.1 Split   775.0  26.0  188.2 nm  1.801 s
Step    23: OL  881.9  168.1  OA  826.4  64.3 CL  797.6  94.0 Split   774.4  41.6  190.9 nm  1.804 s
Step    24: OL  884.8  179.8  OA  826.8  67.9 CL  796.9  93.6 Split   773.8  40.5  190.4 nm  1.800 s
Step    25: OL  888.0  191.8  OA  826.6  64.1 CL  796.1  91.7 Split   773.2  35.9  189.3 nm  1.775 s
Step    26: OL  891.4  203.9  OA  826.0  50.6 CL  795.1  86.7 Split   772.8  20.2  186.9 nm  1.847 s
Step    27: OL  894.8  215.7  OA  825.5  37.3 CL  794.5  85.0 Split   772.4  12.0  186.1 nm  1.849 s
Step    28: OL  898.2  227.0  OA  825.5  29.9 CL  794.0  84.3 Split   771.9   8.0  185.8 nm  1.834 s
Step    29: OL  901.5  237.4  OA  825.6  22.0 CL  793.6  84.4 Split   771.6  10.1  185.6 nm  1.873 s
Step    30: OL  904.7  246.7  OA  825.9  16.7 CL  793.5  87.2 Split   771.2  25.1  186.8 nm  1.855 s
Step    31: OL  907.5  254.6  OA  827.3  40.7 CL  793.5  89.6 Split   770.9  32.7  187.8 nm  1.871 s
Step    32: OL  909.9  261.0  OA  827.6  34.2 CL  793.2  91.1 Split   770.5  36.9  188.6 nm  1.927 s
Step    33: OL  911.9  265.7  OA  828.1  34.8 CL  793.1  93.3 Split   770.0  42.5  189.9 nm  1.939 s
Step    34: OL  913.4  268.5  OA  828.3  27.1 CL  793.9 103.1 Split   769.6  61.3  195.0 nm  1.991 s
Step    35: OL  914.3  269.4  OA  828.7  23.2 CL  793.5 100.7 Split   769.5  57.0  193.7 nm  1.975 s
Step    36: OL  914.6  268.4  OA  829.1  23.0 CL  793.1  98.1 Split   769.4  52.1  192.3 nm  1.919 s
Step    37: OL  914.4  265.6  OA  829.5   3.5 CL  792.1  89.2 Split   769.4  32.3  188.0 nm  1.965 s
Step    38: OL  913.7  260.9  OA  830.3   5.1 CL  792.1  89.5 Split   769.4  33.5  188.1 nm  1.912 s
Step    39: OL  912.5  254.5  OA  831.3  16.6 CL  792.2  91.9 Split   769.3  39.8  189.2 nm  1.910 s
Step    40: OL  911.0  246.6  OA  832.0  25.5 CL  792.9  99.5 Split   769.1  55.4  192.9 nm  1.982 s
Step    41: OL  909.2  237.4  OA  832.4  25.0 CL  793.1 102.9 Split   768.9  61.4  194.5 nm  2.022 s
Step    42: OL  907.2  227.2  OA  834.1  51.5 CL  795.2 119.8 Split   768.6  87.1  204.1 nm  1.976 s
Step    43: OL  905.2  216.2  OA  833.7  32.5 CL  793.4 107.9 Split   768.4  69.7  197.3 nm  1.990 s
Step    44: OL  903.2  204.9  OA  834.1  21.7 CL  792.0  98.0 Split   768.4  52.8  192.2 nm  2.006 s
Step    45: OL  901.3  193.4  OA  835.3  39.4 CL  792.6 103.0 Split   768.3  61.9  194.9 nm  2.026 s
Step    46: OL  899.6  182.2  OA  835.5  25.3 CL  791.9  95.9 Split   768.4  48.9  191.4 nm  2.122 s
Step    47: OL  898.2  171.6  OA  835.9  11.7 CL  791.3  90.2 Split   768.5  36.0  188.6 nm  2.080 s
Step    48: OL  897.0  161.8  OA  837.1  16.7 CL  791.4  90.1 Split   768.6  35.4  188.5 nm  2.072 s
Step    49: OL  896.2  153.2  OA  839.3  46.1 CL  794.3 111.2 Split   768.8  74.4  199.6 nm  2.275 s
Step    50: OL  895.6  145.9  OA  841.4  62.9 CL  796.6 126.3 Split   768.8  95.8  208.6 nm  2.099 s
Step    51: OL  895.3  140.0  OA  841.5  48.2 CL  795.2 115.2 Split   769.1  80.4  202.1 nm  2.010 s
Step    52: OL  895.3  135.5  OA  841.8  27.7 CL  794.1 103.6 Split   769.6  62.7  195.9 nm  2.006 s
Step    53: OL  895.5  132.5  OA  842.5   5.4 CL  793.1  91.5 Split   770.1  39.3  189.9 nm  2.019 s
Step    54: OL  895.9  130.8  OA  843.4  15.5 CL  794.4  98.1 Split   770.5  53.5  193.6 nm  2.010 s
Step    55: OL  896.5  130.5  OA  844.3  23.7 CL  795.2 102.4 Split   770.6  61.1  196.1 nm  2.022 s
Step    56: OL  897.4  131.4  OA  845.1  24.1 CL  795.0 100.2 Split   770.7  57.3  195.1 nm  2.104 s
Step    57: OL  898.4  133.7  OA  846.1  32.6 CL  795.0  99.6 Split   770.7  56.4  195.1 nm  1.935 s
Step    58: OL  899.6  137.4  OA  847.0  31.6 CL  795.1  97.4 Split   771.0  52.3  194.3 nm  1.946 s
Step    59: OL  901.0  142.5  OA  849.0  54.2 CL  795.8 100.9 Split   771.2  58.5  196.3 nm  2.038 s
Step    60: OL  902.8  149.1  OA  849.8  53.2 CL  795.8  99.0 Split   771.4  55.1  195.5 nm  2.017 s
Step    61: OL  904.8  157.3  OA  849.5  30.8 CL  795.0  91.8 Split   771.5  40.5  191.9 nm  2.007 s
Step    62: OL  907.2  166.9  OA  850.0   4.8 CL  795.4  92.8 Split   771.8  42.9  192.4 nm  2.004 s
Step    63: OL  910.0  177.9  OA  851.5  19.7 CL  795.6  91.6 Split   772.1  39.7  191.9 nm  2.018 s
Step    64: OL  913.1  190.0  OA  852.8  28.7 CL  795.1  84.7 Split   772.3  18.2  189.0 nm  2.029 s
Step    65: OL  916.5  202.9  OA  853.8  27.3 CL  795.3  84.0 Split   772.6  14.8  189.0 nm  1.957 s
Step    66: OL  920.2  216.3  OA  855.6  46.9 CL  795.6  84.3 Split   772.8  15.8  189.3 nm  2.059 s
Step    67: OL  924.2  229.8  OA  856.9  50.0 CL  795.9  83.6 Split   773.1  10.4  189.2 nm  1.947 s
Step    68: OL  928.2  243.1  OA  857.7  42.4 CL  796.6  84.6 Split   773.6  17.4  190.0 nm  1.948 s
Step    69: OL  932.3  255.8  OA  858.4  34.3 CL  796.9  84.2 Split   773.9  15.8  190.1 nm  1.983 s
Step    70: OL  936.3  267.5  OA  859.7  36.2 CL  797.3  83.4 Split   774.4   9.6  189.9 nm  1.977 s
Step    71: OL  940.0  278.0  OA  860.3  11.4 CL  798.4  88.8 Split   774.8  32.6  192.6 nm  2.086 s
Step    72: OL  943.3  287.0  OA  861.5  21.5 CL  798.5  86.2 Split   775.2  23.9  191.5 nm  2.016 s
Step    73: OL  946.2  294.1  OA  862.8  28.9 CL  798.7  84.0 Split   775.6  13.7  190.8 nm  1.973 s
Step    74: OL  948.5  299.3  OA  864.2  33.3 CL  799.0  83.7 Split   775.9  11.7  190.9 nm  2.054 s
Step    75: OL  950.1  302.4  OA  865.0  21.5 CL  799.6  85.5 Split   776.2  21.4  192.1 nm  2.066 s
Step    76: OL  951.1  303.3  OA  866.1   8.7 CL  800.7  90.5 Split   776.7  37.0  194.7 nm  2.145 s
Step    77: OL  951.3  302.0  OA  867.6  19.0 CL  801.5  93.1 Split   777.1  43.3  196.3 nm  1.978 s
Step    78: OL  950.9  298.6  OA  868.7  18.2 CL  801.8  90.4 Split   777.6  36.7  195.2 nm  1.970 s
Step    79: OL  949.9  293.1  OA  870.0  20.6 CL  803.6  99.7 Split   778.3  56.2  200.1 nm  1.930 s
Step    80: OL  948.3  285.7  OA  871.0   9.5 CL  804.1  97.9 Split   779.0  52.7  199.4 nm  1.966 s
Step    81: OL  946.3  276.7  OA  872.9  36.2 CL  806.6 113.1 Split   779.4  77.7  207.7 nm  2.053 s
Step    82: OL  943.9  266.2  OA  874.2  37.1 CL  807.4 115.0 Split   779.9  80.4  209.0 nm  2.035 s
Step    83: OL  941.4  254.6  OA  875.4  36.9 CL  807.7 114.7 Split   780.2  79.8  209.1 nm  1.978 s
Step    84: OL  938.9  242.3  OA  878.0  64.6 CL  811.2 135.2 Split   780.4 107.5  221.2 nm  2.010 s
Step    85: OL  936.3  229.6  OA  878.0  45.3 CL  809.3 120.4 Split   780.9  87.9  212.5 nm  2.032 s
Step    86: OL  934.0  216.8  OA  878.9  42.3 CL  809.2 116.4 Split   781.3  82.0  210.4 nm  2.165 s
Step    87: OL  931.9  204.4  OA  880.1  40.6 CL  809.6 115.7 Split   781.8  80.9  210.1 nm  2.045 s
Step    88: OL  930.1  192.7  OA  881.8  45.8 CL  810.5 119.0 Split   782.2  85.6  212.3 nm  2.030 s
Step    89: OL  928.6  182.0  OA  883.6  55.8 CL  812.5 129.4 Split   782.5  99.8  218.6 nm  1.988 s
Step    90: OL  927.6  172.6  OA  885.1  66.1 CL  814.0 137.4 Split   782.7 110.1  223.7 nm  2.049 s
Step    91: OL  926.8  164.6  OA  884.6  43.1 CL  811.3 117.9 Split   783.0  84.2  212.4 nm  2.032 s
Step    92: OL  926.4  158.2  OA  885.0  27.2 CL  810.4 107.6 Split   783.5  68.7  207.1 nm  2.059 s
Step    93: OL  926.3  153.4  OA  886.3  30.7 CL  811.5 111.8 Split   784.0  75.0  209.6 nm  2.080 s
Step    94: OL  926.5  150.0  OA  886.9   1.8 CL  809.9  95.2 Split   784.5  46.0  201.6 nm  2.024 s
Step    95: OL  926.9  148.0  OA  888.4  20.6 CL  811.5 102.5 Split   785.0  60.0  205.7 nm  2.066 s
Step    96: OL  927.5  147.3  OA  890.1  33.7 CL  813.3 112.5 Split   785.4  76.0  211.3 nm  1.980 s
Step    97: OL  928.3  147.8  OA  891.2  27.9 CL  812.4 101.5 Split   785.9  58.1  206.0 nm  2.014 s
Step    98: OL  929.3  149.6  OA  892.4  22.5 CL  811.3  88.0 Split   786.3  27.2  200.0 nm  2.058 s
Step    99: OL  930.5  152.7  OA  894.4  41.1 CL  811.6  84.8 Split   786.9  10.7  198.9 nm  1.955 s
Step   100: OL  932.0  157.1  OA  895.3  33.8 CL  812.4  86.6 Split   787.4  20.8  200.2 nm  1.967 s
Step   101: OL  933.7  163.1  OA  897.0  52.2 CL  813.2  90.6 Split   787.6  33.1  202.3 nm  2.011 s
Step   102: OL  935.8  170.7  OA  896.8  28.5 CL  812.9  85.8 Split   787.7  17.0  200.7 nm  1.907 s
Step   103: OL  938.3  179.9  OA  898.6  48.8 CL  813.7  90.5 Split   787.9  33.5  203.3 nm  1.908 s
Step   104: OL  941.1  190.7  OA  901.0  67.8 CL  814.9  96.5 Split   788.3  47.0  206.4 nm  1.929 s
Step   105: OL  944.4  203.0  OA  902.6  74.3 CL  815.8  99.4 Split   788.7  52.5  208.3 nm  1.908 s
Step   106: OL  948.1  216.5  OA  902.7  58.8 CL  815.8  95.8 Split   789.0  45.4  207.2 nm  1.998 s
Step   107: OL  952.2  231.0  OA  903.2  46.9 CL  815.5  88.3 Split   789.5  25.7  204.4 nm  1.929 s
Step   108: OL  956.7  246.1  OA  904.8  52.8 CL  815.7  85.9 Split   789.8  13.4  203.9 nm  1.913 s
Step   109: OL  961.5  261.6  OA  905.3  36.7 CL  816.3  85.4 Split   790.3   9.7  204.4 nm  1.975 s
Step   110: OL  966.5  277.0  OA  906.3  29.1 CL  817.1  87.9 Split   790.6  23.6  206.3 nm  1.971 s
Step   111: OL  971.6  292.1  OA  908.1  44.5 CL  817.7  89.9 Split   790.9  29.9  207.7 nm  1.939 s
Step   112: OL  976.7  306.6  OA  908.7  34.0 CL  817.9  85.9 Split   791.4  12.4  206.5 nm  1.976 s
Step   113: OL  981.7  320.0  OA  910.3  44.7 CL  818.3  85.2 Split   791.8   2.2  206.6 nm  2.080 s
Step   114: OL  986.4  332.2  OA  912.0  53.1 CL  819.3  89.3 Split   792.3  26.8  208.7 nm  1.986 s
Step   115: OL  990.7  343.0  OA  912.0  25.2 CL  820.7  97.6 Split   792.6  48.4  212.9 nm  2.075 s
Step   116: OL  994.6  352.0  OA  913.2  23.0 CL  821.2  98.3 Split   792.9  49.7  213.7 nm  2.052 s
Step   117: OL  997.8  359.2  OA  914.2  15.1 CL  821.6  99.0 Split   793.1  51.0  214.5 nm  1.968 s
Step   118: OL 1000.3  364.4  OA  915.7  19.0 CL  822.5 101.3 Split   793.6  55.2  215.9 nm  2.013 s
Step   119: OL 1002.1  367.6  OA  917.3  19.7 CL  822.9  98.6 Split   794.4  49.7  214.9 nm  2.047 s
Step   120: OL 1003.2  368.6  OA  918.7  24.5 CL  822.4  88.7 Split   794.9  23.0  210.7 nm  2.063 s
Step   121: OL 1003.4  367.7  OA  920.4  38.0 CL  823.5  93.6 Split   795.4  37.3  213.2 nm  2.047 s
Step   122: OL 1003.0  364.7  OA  921.1  10.9 CL  825.0 100.0 Split   796.0  51.8  216.8 nm  1.993 s
Step   123: OL 1001.8  359.7  OA  923.0  26.1 CL  827.3 111.6 Split   796.6  71.9  223.1 nm  1.929 s
Step   124: OL 1000.0  353.0  OA  924.4  28.2 CL  827.8 110.6 Split   797.1  70.3  223.2 nm  1.973 s
Step   125: OL  997.7  344.7  OA  925.8  34.9 CL  829.1 117.1 Split   797.4  80.1  227.1 nm  2.088 s
Step   126: OL  995.0  334.9  OA  927.1  43.5 CL  830.5 124.2 Split   797.6  90.1  231.4 nm  1.993 s
Step   127: OL  992.0  323.9  OA  928.4  50.4 CL  831.8 129.8 Split   798.0  97.6  234.8 nm  1.997 s
Step   128: OL  988.8  312.0  OA  929.0  49.1 CL  831.9 127.6 Split   798.3  94.5  234.0 nm  1.974 s
Step   129: OL  985.5  299.3  OA  930.4  59.9 CL  833.7 136.9 Split   798.6 106.7  239.4 nm  2.105 s
Step   130: OL  982.2  286.3  OA  931.0  50.3 CL  833.2 130.3 Split   799.2  98.0  235.9 nm  2.044 s
Step   131: OL  979.1  273.1  OA  931.3  23.4 CL  830.8 108.3 Split   799.9  65.0  224.5 nm  2.165 s
Step   132: OL  976.1  260.1  OA  933.0  35.5 CL  832.7 117.0 Split   800.5  78.7  229.3 nm  1.921 s
Step   133: OL  973.5  247.4  OA  934.5  43.2 CL  834.4 124.8 Split   800.9  90.0  233.9 nm  1.999 s
Step   134: OL  971.1  235.5  OA  935.5  43.6 CL  835.1 126.3 Split   801.3  92.0  235.3 nm  1.980 s
Step   135: OL  969.1  224.4  OA  937.6  58.8 CL  837.5 136.6 Split   801.9 105.6  241.6 nm  2.054 s
Step   136: OL  967.4  214.4  OA  938.8  59.3 CL  838.0 136.1 Split   802.3 104.8  241.9 nm  2.182 s
Step   137: OL  966.1  205.5  OA  938.9  37.4 CL  836.3 121.7 Split   802.7  85.0  234.7 nm  1.937 s
Step   138: OL  965.1  198.0  OA  939.8  33.2 CL  836.4 118.9 Split   803.0  80.7  233.8 nm  1.984 s
Step   139: OL  964.4  191.7  OA  941.4  45.4 CL  838.1 127.7 Split   803.3  93.2  239.2 nm  2.030 s
Step   140: OL  964.0  186.8  OA  942.2  32.9 CL  837.5 120.4 Split   803.5  82.5  236.0 nm  1.965 s
Step   141: OL  963.9  183.1  OA  943.3  28.6 CL  837.2 114.7 Split   803.9  73.7  233.9 nm  2.011 s
Step   142: OL  963.9  180.6  OA  944.4  13.9 CL  836.3 102.5 Split   804.4  51.8  228.7 nm  2.120 s
Step   143: OL  964.2  179.2  OA  945.8  11.9 CL  836.4  97.3 Split   805.0  39.9  227.1 nm  1.991 s
Step   144: OL  964.7  178.8  OA  947.2   1.1 CL  837.9 102.6 Split   805.6  51.5  230.1 nm  1.950 s
Step   145: OL  965.4  179.4  OA  948.7  10.1 CL  838.3 100.0 Split   806.3  45.8  229.7 nm  1.999 s
Step   146: OL  966.2  181.1  OA  950.2  31.1 CL  838.3  96.4 Split   806.5  36.1  228.7 nm  1.960 s
Step   147: OL  967.2  183.7  OA  950.9  22.1 CL  838.9  96.4 Split   806.9  35.7  229.4 nm  1.944 s
Step   148: OL  968.5  187.3  OA  952.0  22.6 CL  840.2 101.7 Split   807.3  48.1  232.6 nm  1.958 s
Step   149: OL  969.9  192.0  OA  953.5  40.2 CL  840.5 100.0 Split   807.7  43.7  232.5 nm  1.994 s
Step   150: OL  971.5  197.7  OA  955.7  60.4 CL  842.8 112.4 Split   808.2  67.2  238.8 nm  2.001 s
Step   151: OL  973.4  204.4  OA  956.5  53.2 CL  843.1 110.5 Split   808.6  63.9  238.7 nm  2.063 s
Step   152: OL  975.5  212.1  OA  956.2  22.7 CL  841.7  96.2 Split   808.7  32.5  233.2 nm  1.987 s
Step   153: OL  977.9  220.6  OA  957.6  34.5 CL  842.8 101.9 Split   808.9  46.6  236.5 nm  2.108 s
Step   154: OL  980.5  229.9  OA  958.8  42.2 CL  842.4  94.7 Split   809.2  25.8  234.1 nm  1.949 s
Step   155: OL  983.3  239.8  OA  960.0  43.8 CL  842.9  92.4 Split   809.7  13.7  234.1 nm  2.000 s
Step   156: OL  986.3  250.2  OA  961.5  50.5 CL  843.6  93.1 Split   810.2  16.1  235.2 nm  2.100 s
Step   157: OL  989.5  260.9  OA  963.2  59.7 CL  844.2  93.5 Split   810.5  16.9  236.3 nm  1.968 s
Step   158: OL  992.8  271.6  OA  963.8  57.4 CL  845.2  99.8 Split   810.5  38.7  239.7 nm  1.985 s
Step   159: OL  996.2  282.3  OA  964.3  51.0 CL  846.0 102.9 Split   810.7  46.1  241.8 nm  1.987 s
Step   160: OL  999.6  292.7  OA  965.0  49.4 CL  846.6 104.4 Split   810.9  49.1  243.3 nm  1.944 s
Step   161: OL 1003.0  302.7  OA  965.2  25.5 CL  847.3 105.7 Split   811.2  51.9  244.7 nm  1.952 s
Step   162: OL 1006.2  312.1  OA  966.1  14.6 CL  848.2 107.9 Split   811.5  56.1  246.7 nm  1.981 s
Step   163: OL 1009.3  320.8  OA  967.1  21.3 CL  847.7 101.2 Split   811.6  40.9  244.7 nm  2.004 s
Step   164: OL 1012.2  328.6  OA  968.7  48.3 CL  847.2  94.6 Split   811.7  16.8  242.7 nm  1.999 s
Step   165: OL 1014.8  335.6  OA  969.1  43.0 CL  847.6  94.8 Split   811.9  16.7  243.5 nm  2.053 s
Step   166: OL 1017.1  341.5  OA  969.3  32.6 CL  848.3  97.6 Split   812.0  28.6  245.5 nm  1.986 s
Step   167: OL 1019.1  346.3  OA  969.7  20.3 CL  850.7 113.5 Split   812.2  65.0  253.2 nm  2.090 s
Step   168: OL 1020.7  350.1  OA  970.6  28.0 CL  852.1 120.8 Split   812.2  76.9  257.5 nm  1.967 s
Step   169: OL 1022.0  352.8  OA  971.3  28.2 CL  851.2 112.3 Split   812.3  62.1  254.4 nm  2.012 s
Step   170: OL 1022.8  354.4  OA  971.9  25.6 CL  850.8 108.5 Split   812.1  54.4  253.6 nm  2.087 s
Step   171: OL 1023.3  354.9  OA  972.3  18.9 CL  851.1 110.5 Split   811.9  58.2  255.4 nm  2.021 s
Step   172: OL 1023.4  354.4  OA  973.0  22.6 CL  852.9 121.1 Split   811.9  76.7  261.2 nm  2.029 s
Step   173: OL 1023.2  352.9  OA  973.9  36.1 CL  853.3 123.7 Split   811.7  80.5  263.2 nm  2.009 s
Step   174: OL 1022.7  350.6  OA  974.3  33.9 CL  854.1 129.0 Split   811.4  88.3  266.8 nm  2.021 s
Step   175: OL 1021.9  347.4  OA  974.0  16.5 CL  852.4 117.7 Split   811.0  70.2  262.5 nm  1.991 s
Step   176: OL 1020.8  343.5  OA  974.1  12.3 CL  851.2 108.4 Split   810.6  52.4  259.5 nm  2.140 s
Step   177: OL 1019.6  338.9  OA  974.9  32.3 CL  850.4 101.8 Split   810.4  35.7  257.7 nm  2.149 s
Step   178: OL 1018.1  333.7  OA  975.0  18.0 CL  851.3 108.1 Split   810.3  51.0  261.1 nm  1.944 s
Step   179: OL 1016.6  328.1  OA  975.5   8.0 CL  852.7 116.6 Split   810.2  67.3  265.8 nm  2.179 s
Step   180: OL 1014.9  322.1  OA  976.6  33.1 CL  855.9 136.6 Split   810.1  98.3  276.2 nm  2.063 s
Step   181: OL 1013.2  315.8  OA  977.0  28.7 CL  855.5 133.0 Split   810.0  92.9  275.4 nm  2.030 s
Step   182: OL 1011.4  309.3  OA  977.3  12.8 CL  854.6 124.9 Split   810.0  80.4  272.6 nm  2.019 s
Step   183: OL 1009.6  302.7  OA  977.9  19.1 CL  855.0 125.0 Split   809.9  80.5  273.8 nm  2.132 s
Step   184: OL 1007.9  296.0  OA  978.2  20.2 CL  855.0 124.1 Split   809.8  78.7  274.4 nm  2.087 s
Step   185: OL 1006.2  289.4  OA  978.9  41.2 CL  857.4 139.7 Split   809.2 101.7  283.2 nm  2.118 s
Step   186: OL 1004.6  282.9  OA  978.4  11.9 CL  855.0 123.6 Split   809.0  77.5  276.6 nm  2.091 s
Step   187: OL 1003.1  276.6  OA  978.9  13.1 CL  854.9 121.4 Split   809.0  73.6  276.5 nm  2.166 s
Step   188: OL 1001.6  270.5  OA  979.4  10.8 CL  855.9 126.2 Split   808.9  81.3  279.6 nm  1.972 s
Step   189: OL 1000.3  264.8  OA  979.6   9.4 CL  855.8 125.7 Split   808.6  80.2  280.4 nm  1.957 s
Step   190: OL  999.1  259.3  OA  980.3  26.9 CL  857.3 135.3 Split   808.2  94.5  286.1 nm  1.991 s
Step   191: OL  998.0  254.3  OA  981.1  35.6 CL  858.7 142.3 Split   807.9 104.3  290.8 nm  2.047 s
Step   192: OL  997.0  249.6  OA  981.2  28.2 CL  857.2 131.8 Split   807.7  89.2  287.1 nm  2.061 s
Step   193: OL  996.2  245.4  OA  981.4  26.5 CL  857.3 131.0 Split   807.5  87.7  288.0 nm  2.182 s
Step   194: OL  995.5  241.7  OA  981.7  21.4 CL  856.6 124.8 Split   807.3  77.9  286.4 nm  2.002 s
Step   195: OL  994.9  238.5  OA  982.0   5.3 CL  856.6 121.9 Split   807.4  72.8  286.1 nm  1.945 s
Step   196: OL  994.4  235.8  OA  982.4   7.3 CL  856.3 119.0 Split   807.2  67.6  285.9 nm  1.966 s
Step   197: OL  994.1  233.6  OA  982.7  15.1 CL  858.1 131.6 Split   806.7  87.9  292.6 nm  1.952 s
Step   198: OL  993.9  232.0  OA  982.6  11.5 CL  857.7 129.4 Split   806.1  84.4  292.9 nm  1.989 s
Step   199: OL  993.8  230.9  OA  983.1  32.1 CL  858.3 133.8 Split   805.6  90.8  296.0 nm  2.047 s
Step   200: OL  993.8  230.3  OA  982.8  12.6 CL  856.5 120.8 Split   805.3  69.8  291.6 nm  1.937 s
Step   201: OL  994.0  230.3  OA  983.1   6.4 CL  857.8 128.4 Split   805.1  82.3  296.2 nm  1.983 s
Step   202: OL  994.3  230.9  OA  983.7  12.1 CL  858.7 133.3 Split   804.7  89.6  299.7 nm  2.057 s
Step   203: OL  994.7  232.0  OA  984.1   7.6 CL  858.0 127.4 Split   804.4  80.2  298.6 nm  2.055 s
Step   204: OL  995.2  233.6  OA  984.7  26.0 CL  859.3 134.8 Split   804.0  91.5  303.3 nm  2.096 s
Step   205: OL  995.9  235.8  OA  984.9  21.0 CL  859.2 133.0 Split   803.6  88.6  303.9 nm  2.002 s
Step   206: OL  996.7  238.6  OA  985.0  16.6 CL  860.0 137.6 Split   803.3  95.4  307.3 nm  1.977 s
Step   207: OL  997.6  241.8  OA  985.4  22.8 CL  861.0 142.5 Split   802.9 102.4  311.0 nm  1.996 s
Step   208: OL  998.6  245.5  OA  985.4  14.2 CL  860.2 136.0 Split   802.6  93.0  309.4 nm  2.059 s
Step   209: OL  999.8  249.6  OA  985.5   9.4 CL  858.4 122.9 Split   802.3  71.9  305.2 nm  2.051 s
Step   210: OL 1001.0  254.2  OA  985.7  20.1 CL  857.7 117.5 Split   801.8  61.9  304.6 nm  1.993 s
Step   211: OL 1002.4  259.0  OA  986.2  33.8 CL  857.4 114.7 Split   801.3  55.7  305.1 nm  1.939 s
Step   212: OL 1003.8  264.2  OA  986.6  35.9 CL  857.7 116.3 Split   800.8  58.7  307.2 nm  2.153 s
Step   213: OL 1005.3  269.6  OA  986.8  36.8 CL  859.8 130.2 Split   800.3  83.1  314.3 nm  1.988 s
Step   214: OL 1006.9  275.1  OA  987.1  42.7 CL  860.9 138.0 Split   799.6  94.8  319.2 nm  2.037 s
Step   215: OL 1008.5  280.6  OA  986.9  36.7 CL  860.8 136.4 Split   799.1  92.5  319.9 nm  2.049 s
Step   216: OL 1010.1  286.1  OA  986.9  37.0 CL  862.2 145.3 Split   798.5 105.2  325.4 nm  1.930 s
Step   217: OL 1011.7  291.5  OA  986.7  32.2 CL  861.8 143.2 Split   797.8 102.2  325.9 nm  1.951 s
Step   218: OL 1013.2  296.7  OA  986.6  32.9 CL  861.9 144.2 Split   797.1 103.6  327.9 nm  1.997 s
Step   219: OL 1014.7  301.6  OA  986.1  18.6 CL  861.3 141.4 Split   796.3  99.6  328.1 nm  2.002 s
Step   220: OL 1016.1  306.2  OA  986.1  29.0 CL  861.1 142.4 Split   795.4 100.8  330.0 nm  1.962 s
Step   221: OL 1017.3  310.3  OA  985.7  24.7 CL  859.5 133.4 Split   794.6  87.5  327.6 nm  2.070 s
Step   222: OL 1018.5  314.0  OA  985.2  15.3 CL  858.0 125.3 Split   793.7  74.3  325.9 nm  2.033 s
Step   223: OL 1019.4  317.1  OA  985.2  10.9 CL  858.2 127.2 Split   793.0  77.5  328.2 nm  2.139 s
Step   224: OL 1020.2  319.8  OA  985.3  12.8 CL  859.0 133.0 Split   792.2  86.7  332.1 nm  2.011 s
Step   225: OL 1020.9  321.8  OA  985.5  23.5 CL  858.9 132.6 Split   791.5  86.0  333.4 nm  2.024 s
Step   226: OL 1021.3  323.4  OA  985.7  27.4 CL  857.9 126.2 Split   790.9  75.4  332.4 nm  2.042 s
Step   227: OL 1021.6  324.3  OA  985.3   7.5 CL  858.7 132.4 Split   790.1  85.6  336.3 nm  2.204 s
Step   228: OL 1021.7  324.8  OA  985.2  18.3 CL  857.7 127.3 Split   789.1  77.3  336.0 nm  2.018 s
Step   229: OL 1021.6  324.8  OA  984.9  23.1 CL  857.8 128.5 Split   788.4  79.2  338.1 nm  2.030 s
Step   230: OL 1021.4  324.3  OA  984.9  32.9 CL  858.3 131.2 Split   787.7  83.6  340.9 nm  1.934 s
Step   231: OL 1021.0  323.5  OA  984.4  26.1 CL  860.3 145.0 Split   786.7 104.1  348.1 nm  2.002 s
Step   232: OL 1020.5  322.3  OA  983.8  14.2 CL  859.8 143.2 Split   785.8 101.5  348.8 nm  2.044 s
Step   233: OL 1020.0  320.8  OA  983.4  14.1 CL  858.0 133.7 Split   784.9  87.3  346.4 nm  2.011 s
Step   234: OL 1019.3  319.1  OA  983.1  16.0 CL  858.9 142.2 Split   783.8  99.9  351.2 nm  2.014 s
Step   235: OL 1018.6  317.2  OA  982.8  19.6 CL  858.2 140.6 Split   782.7  97.6  352.1 nm  2.047 s
Step   236: OL 1017.9  315.2  OA  982.4  16.2 CL  856.8 132.6 Split   781.8  85.4  350.5 nm  2.042 s
Step   237: OL 1017.1  313.2  OA  981.8  12.6 CL  856.9 134.8 Split   780.7  88.7  353.0 nm  1.950 s
Step   238: OL 1016.3  311.1  OA  981.2  18.6 CL  856.2 133.0 Split   779.5  86.0  354.1 nm  1.986 s
Step   239: OL 1015.6  309.1  OA  981.1  33.7 CL  855.1 129.7 Split   778.1  80.6  354.7 nm  1.990 s
Step   240: OL 1014.8  307.1  OA  980.0  14.4 CL  857.1 144.7 Split   776.7 103.2  362.3 nm  2.071 s
Step   241: OL 1014.1  305.2  OA  979.4  15.3 CL  857.7 151.1 Split   775.4 112.1  366.6 nm  1.973 s
Step   242: OL 1013.4  303.4  OA  979.0  12.5 CL  856.5 146.4 Split   774.2 105.5  366.3 nm  2.104 s
Step   243: OL 1012.6  301.6  OA  978.9  21.5 CL  855.7 144.1 Split   773.2 102.3  366.8 nm  2.054 s
Step   244: OL 1012.0  300.0  OA  977.8   6.7 CL  854.8 141.9 Split   771.8  99.0  367.4 nm  1.948 s
Step   245: OL 1011.3  298.4  OA  977.4  18.3 CL  854.7 144.4 Split   770.5 102.6  369.9 nm  2.001 s
Step   246: OL 1010.6  296.9  OA  976.8  15.5 CL  854.5 146.7 Split   769.1 105.8  372.4 nm  2.021 s
Step   247: OL 1010.0  295.4  OA  976.3   2.8 CL  853.3 141.8 Split   767.9  98.7  372.0 nm  1.942 s
Step   248: OL 1009.3  293.9  OA  976.2  18.6 CL  851.3 132.0 Split   766.8  83.7  369.8 nm  1.901 s
Step   249: OL 1008.6  292.4  OA  976.2  24.3 CL  850.7 129.4 Split   765.8  79.5  370.5 nm  2.065 s
Step   250: OL 1007.9  290.9  OA  976.3  33.3 CL  849.5 122.9 Split   764.8  68.2  369.8 nm  2.060 s
Step   251: OL 1007.2  289.2  OA  975.8  32.0 CL  849.4 123.6 Split   763.8  69.4  371.6 nm  1.956 s
Step   252: OL 1006.4  287.4  OA  975.0  20.0 CL  851.1 136.5 Split   762.6  90.6  377.9 nm  2.084 s
Step   253: OL 1005.6  285.5  OA  974.2   4.8 CL  851.4 141.4 Split   761.1  98.0  381.5 nm  2.061 s
Step   254: OL 1004.7  283.5  OA  973.6  20.4 CL  851.4 145.1 Split   759.4 103.5  384.8 nm  2.144 s
Step   255: OL 1003.8  281.3  OA  972.8  16.7 CL  850.1 142.6 Split   757.6  99.8  385.5 nm  2.102 s
Step   255 updated high order loop gain: 0.373
Step   255 updated low order loop gain : 0.398
Step   256: OL 1002.8  278.9  OA  972.5  26.8 CL  847.1 128.8 Split   756.1  78.3  382.1 nm  2.151 s
Step   257: OL 1001.8  276.4  OA  971.9  21.5 CL  847.2 132.1 Split   754.7  83.7  384.8 nm  2.033 s
Step   258: OL 1000.8  273.8  OA  971.2  13.8 CL  847.8 138.8 Split   753.3  94.1  389.1 nm  2.109 s
Step   259: OL  999.7  271.1  OA  970.4  11.0 CL  848.1 142.1 Split   751.9  99.0  392.2 nm  2.164 s
Step   260: OL  998.6  268.3  OA  969.6   6.0 CL  848.6 147.4 Split   750.6 106.5  396.0 nm  2.194 s
Step   261: OL  997.5  265.5  OA  968.9  18.0 CL  848.6 148.6 Split   749.3 108.2  398.3 nm  1.997 s
Step   262: OL  996.4  262.7  OA  968.2  10.3 CL  848.9 153.3 Split   747.7 114.6  401.9 nm  2.096 s
Step   263: OL  995.3  260.0  OA  967.5  16.2 CL  849.5 159.0 Split   746.3 122.2  405.8 nm  1.992 s
Step   264: OL  994.3  257.5  OA  966.6  20.1 CL  849.4 161.1 Split   744.8 124.9  408.2 nm  1.953 s
Step   265: OL  993.2  255.1  OA  965.8  29.3 CL  849.7 165.9 Split   743.4 131.2  411.7 nm  2.009 s
Step   266: OL  992.3  253.0  OA  964.8  35.5 CL  846.8 154.1 Split   741.7 115.7  408.6 nm  2.082 s
Step   267: OL  991.4  251.1  OA  963.3  19.9 CL  844.7 145.8 Split   740.1 104.2  407.3 nm  1.945 s
Step   268: OL  990.6  249.7  OA  962.3  15.8 CL  843.3 140.4 Split   738.4  96.4  407.2 nm  1.990 s
Step   269: OL  989.9  248.6  OA  961.4  24.7 CL  842.4 140.0 Split   736.7  95.4  408.7 nm  1.993 s
Step   270: OL  989.3  248.0  OA  960.5  34.5 CL  840.3 131.8 Split   734.9  82.8  407.5 nm  1.945 s
Step   271: OL  988.9  247.9  OA  959.2  21.3 CL  840.2 135.3 Split   733.3  88.4  410.2 nm  1.982 s
Step   272: OL  988.5  248.4  OA  958.8  29.8 CL  839.2 131.5 Split   731.9  82.4  410.6 nm  2.044 s
Step   273: OL  988.3  249.3  OA  958.6  42.5 CL  837.6 123.7 Split   730.7  68.9  409.6 nm  1.962 s
Step   274: OL  988.2  250.9  OA  956.8  15.7 CL  839.6 140.7 Split   728.9  96.7  416.7 nm  1.955 s
Step   275: OL  988.3  253.1  OA  955.8  20.3 CL  843.2 164.3 Split   727.2 129.0  426.8 nm  2.013 s
Step   276: OL  988.5  255.8  OA  954.9  32.6 CL  844.6 175.1 Split   725.5 142.5  432.4 nm  1.977 s
Step   277: OL  988.8  259.1  OA  953.7  29.2 CL  842.1 165.7 Split   724.0 130.6  430.1 nm  1.944 s
Step   278: OL  989.4  263.0  OA  952.6  20.5 CL  838.2 146.5 Split   722.6 104.9  424.7 nm  1.976 s
Step   279: OL  990.1  267.5  OA  951.6  16.5 CL  836.7 140.5 Split   721.0  96.3  424.5 nm  2.084 s
Step   280: OL  990.9  272.4  OA  951.0  24.9 CL  840.8 165.8 Split   719.4 130.9  435.3 nm  1.966 s
Step   281: OL  991.9  277.8  OA  950.5  33.5 CL  842.6 176.9 Split   717.8 144.7  441.3 nm  2.021 s
Step   282: OL  993.0  283.6  OA  949.3  23.9 CL  840.5 169.5 Split   716.3 135.5  439.8 nm  2.022 s
Step   283: OL  994.3  289.7  OA  948.2   3.7 CL  836.4 150.0 Split   715.0 109.9  434.0 nm  1.964 s
Step   284: OL  995.6  296.0  OA  947.3   5.6 CL  836.6 154.2 Split   713.4 115.5  437.0 nm  1.992 s
Step   285: OL  997.0  302.5  OA  946.6   7.4 CL  836.9 157.5 Split   712.1 120.0  439.7 nm  1.984 s
Step   286: OL  998.5  309.0  OA  945.9  22.6 CL  838.6 168.8 Split   710.6 134.6  445.4 nm  2.122 s
Step   287: OL 1000.0  315.4  OA  945.1  22.6 CL  838.4 169.6 Split   709.1 135.6  447.3 nm  1.977 s
Step   288: OL 1001.5  321.7  OA  944.0   6.6 CL  834.5 151.3 Split   707.8 111.6  442.0 nm  2.192 s
Step   289: OL 1002.9  327.7  OA  943.1   5.8 CL  834.9 156.5 Split   706.2 118.6  445.3 nm  2.036 s
Step   290: OL 1004.2  333.4  OA  942.6  16.2 CL  835.4 161.1 Split   704.8 124.6  448.4 nm  2.190 s
Step   291: OL 1005.4  338.6  OA  941.7  11.9 CL  834.9 161.5 Split   703.2 125.1  450.1 nm  1.954 s
Step   292: OL 1006.5  343.3  OA  941.1  17.6 CL  835.1 165.4 Split   701.6 130.3  453.0 nm  2.016 s
Step   293: OL 1007.3  347.4  OA  940.3   8.8 CL  833.0 157.8 Split   700.0 120.3  451.6 nm  2.011 s
Step   294: OL 1008.0  350.7  OA  939.9  23.4 CL  829.9 142.7 Split   698.7  99.5  447.9 nm  2.044 s
Step   295: OL 1008.3  353.3  OA  938.9  12.2 CL  830.8 149.9 Split   697.2 109.7  451.8 nm  2.216 s
Step   296: OL 1008.4  355.0  OA  937.9   8.2 CL  830.7 152.0 Split   695.6 112.4  454.0 nm  2.016 s
Step   297: OL 1008.2  355.9  OA  936.9   9.9 CL  829.6 148.4 Split   694.1 107.5  454.3 nm  2.135 s
Step   298: OL 1007.6  355.9  OA  936.0   7.8 CL  829.6 150.5 Split   692.8 110.3  456.3 nm  2.104 s
Step   299: OL 1006.8  355.0  OA  935.3  19.2 CL  828.6 147.4 Split   691.5 106.0  456.6 nm  2.175 s
Step   300: OL 1005.6  353.2  OA  934.1  11.1 CL  829.4 155.1 Split   689.8 116.6  460.5 nm  2.113 s
Step   301: OL 1004.1  350.6  OA  933.3  18.8 CL  831.2 167.8 Split   688.1 133.1  466.2 nm  2.157 s
Step   302: OL 1002.4  347.1  OA  932.7  34.5 CL  833.2 180.8 Split   686.5 149.2  472.2 nm  1.991 s
Step   303: OL 1000.3  342.9  OA  931.6  33.9 CL  832.7 181.6 Split   684.9 150.2  473.6 nm  2.014 s
Step   304: OL  998.1  337.9  OA  930.5  30.7 CL  826.2 152.7 Split   683.4 112.8  464.4 nm  1.984 s
Step   305: OL  995.6  332.4  OA  929.9  32.1 CL  822.9 135.7 Split   682.0  88.2  460.4 nm  2.136 s
Step   306: OL  993.0  326.3  OA  928.9  23.3 CL  823.7 143.5 Split   680.6 100.1  464.0 nm  2.041 s
Step   307: OL  990.3  319.7  OA  928.5  41.9 CL  829.7 177.1 Split   678.9 144.7  476.9 nm  2.045 s
Step   308: OL  987.6  312.9  OA  928.1  56.7 CL  832.3 191.8 Split   677.3 162.4  483.7 nm  2.002 s
Step   309: OL  984.8  305.9  OA  926.4  47.3 CL  830.0 184.5 Split   675.7 153.6  482.0 nm  2.009 s
Step   310: OL  982.0  298.9  OA  924.9  35.0 CL  825.8 167.8 Split   674.2 132.9  476.8 nm  2.042 s
Step   311: OL  979.3  292.0  OA  923.3   6.1 CL  822.9 156.3 Split   672.6 117.7  474.1 nm  1.912 s
Step   312: OL  976.8  285.3  OA  922.6  22.7 CL  822.3 156.3 Split   671.0 117.7  475.4 nm  1.998 s
Step   313: OL  974.3  278.9  OA  922.0  40.2 CL  822.9 163.7 Split   669.1 127.4  479.0 nm  1.971 s
Step   314: OL  972.0  273.1  OA  920.5  32.7 CL  823.2 168.6 Split   667.5 133.7  481.9 nm  1.970 s
Step   315: OL  970.0  268.0  OA  919.0  29.0 CL  824.6 178.5 Split   665.8 145.9  486.5 nm  2.012 s
Step   316: OL  968.1  263.5  OA  918.3  46.8 CL  827.3 193.5 Split   664.1 164.0  493.4 nm  2.104 s
Step   317: OL  966.5  259.9  OA  916.6  34.8 CL  824.8 184.2 Split   662.9 152.9  490.8 nm  1.967 s
Step   318: OL  965.2  257.2  OA  915.0  19.9 CL  819.7 162.6 Split   661.5 125.6  484.1 nm  1.934 s
Step   319: OL  964.1  255.6  OA  913.8  13.6 CL  817.2 153.1 Split   660.0 112.9  481.9 nm  1.965 s
Step   320: OL  963.3  254.9  OA  912.4  10.9 CL  817.1 157.5 Split   658.1 118.8  484.3 nm  1.985 s
Step   321: OL  962.8  255.4  OA  911.0   6.8 CL  816.6 159.3 Split   656.3 121.1  485.9 nm  1.942 s
Step   322: OL  962.5  257.1  OA  909.9  12.7 CL  815.4 156.7 Split   654.6 117.5  486.2 nm  2.119 s
Step   323: OL  962.6  259.8  OA  908.5  15.7 CL  812.7 146.3 Split   652.9 102.9  484.0 nm  1.996 s
Step   324: OL  963.0  263.8  OA  907.7  36.5 CL  812.6 149.6 Split   651.3 107.4  485.9 nm  2.002 s
Step   325: OL  963.8  268.8  OA  906.4  36.9 CL  811.0 145.6 Split   649.6 101.5  485.5 nm  2.019 s
Step   326: OL  964.8  274.9  OA  904.3  14.4 CL  812.7 159.6 Split   647.8 121.0  490.9 nm  1.950 s
Step   327: OL  966.2  282.0  OA  903.0  13.3 CL  813.3 166.9 Split   645.9 130.6  494.3 nm  2.006 s
Step   328: OL  967.8  290.0  OA  901.5   8.9 CL  811.6 163.1 Split   644.1 125.6  493.7 nm  1.993 s
Step   329: OL  969.8  298.7  OA  900.1  11.7 CL  808.0 149.8 Split   642.3 107.5  490.2 nm  2.172 s
Step   330: OL  972.0  308.0  OA  898.8  14.9 CL  806.7 147.5 Split   640.6 104.0  490.3 nm  2.049 s
Step   331: OL  974.5  317.7  OA  897.3  24.8 CL  807.1 155.2 Split   638.7 114.7  493.4 nm  2.015 s
Step   332: OL  977.0  327.6  OA  896.4  42.4 CL  809.6 172.9 Split   636.8 137.7  499.9 nm  2.018 s
Step   333: OL  979.7  337.5  OA  895.2  44.7 CL  808.3 170.5 Split   635.2 134.5  499.9 nm  2.189 s
Step   334: OL  982.4  347.1  OA  893.2  31.0 CL  807.2 168.1 Split   633.5 131.6  500.2 nm  2.066 s
Step   335: OL  984.9  356.3  OA  891.8  35.1 CL  808.1 176.0 Split   631.7 141.5  503.9 nm  2.057 s
Step   336: OL  987.4  364.9  OA  889.9  17.4 CL  806.4 171.7 Split   629.9 136.1  503.4 nm  1.982 s
Step   337: OL  989.5  372.5  OA  888.1  11.6 CL  802.1 155.9 Split   628.0 115.2  499.0 nm  1.963 s
Step   338: OL  991.3  379.2  OA  886.1   7.0 CL  800.7 155.2 Split   625.8 114.2  499.4 nm  2.007 s
Step   339: OL  992.6  384.6  OA  884.3   1.4 CL  800.2 159.1 Split   623.7 119.4  501.3 nm  2.148 s
Step   340: OL  993.5  388.6  OA  883.0  27.3 CL  801.6 171.0 Split   621.7 134.8  506.0 nm  1.987 s
Step   341: OL  993.8  391.3  OA  881.8  39.3 CL  801.6 176.3 Split   619.6 141.4  508.6 nm  2.015 s
Step   342: OL  993.5  392.5  OA  879.5  25.1 CL  799.1 171.1 Split   617.3 134.8  507.6 nm  1.942 s
Step   343: OL  992.6  392.1  OA  877.3   1.6 CL  795.5 159.3 Split   615.2 119.3  504.4 nm  2.045 s
Step   344: OL  991.2  390.4  OA  875.7  18.7 CL  797.5 173.9 Split   613.1 138.3  510.0 nm  2.054 s
Step   345: OL  989.1  387.2  OA  874.2  31.9 CL  798.8 184.4 Split   611.1 151.3  514.3 nm  2.034 s
Step   346: OL  986.6  382.7  OA  871.8   8.7 CL  793.8 166.4 Split   609.3 128.5  508.7 nm  2.007 s
Step   347: OL  983.7  377.0  OA  870.0  10.6 CL  792.2 164.2 Split   607.4 125.4  508.6 nm  2.003 s
Step   348: OL  980.4  370.4  OA  868.9  28.4 CL  794.3 178.3 Split   605.6 143.5  513.9 nm  1.953 s
Step   349: OL  976.8  363.1  OA  867.9  45.0 CL  793.7 180.0 Split   603.8 145.6  515.1 nm  1.984 s
Step   350: OL  973.1  355.2  OA  865.9  42.7 CL  790.4 169.9 Split   601.9 132.7  512.2 nm  2.046 s
Step   351: OL  969.3  347.0  OA  863.1  18.4 CL  789.1 169.3 Split   599.9 131.8  512.6 nm  2.123 s
Step   352: OL  965.6  338.8  OA  861.1   8.2 CL  787.5 167.1 Split   597.8 128.8  512.5 nm  1.966 s
Step   353: OL  962.0  330.9  OA  859.4  12.5 CL  786.9 170.3 Split   595.6 132.8  514.2 nm  2.002 s
Step   354: OL  958.6  323.4  OA  858.0  26.7 CL  786.8 175.1 Split   593.5 138.8  516.5 nm  2.016 s
Step   355: OL  955.5  316.6  OA  856.3  24.3 CL  786.0 176.8 Split   591.5 140.9  517.6 nm  2.036 s
Step   356: OL  952.7  310.8  OA  854.3  18.7 CL  784.7 176.1 Split   589.4 140.1  518.0 nm  2.067 s
Step   357: OL  950.3  306.1  OA  852.3   8.3 CL  781.7 168.0 Split   587.3 129.4  515.8 nm  2.023 s
Step   358: OL  948.3  302.7  OA  850.7  14.6 CL  778.5 157.9 Split   585.4 115.8  513.2 nm  2.188 s
Step   359: OL  946.8  300.8  OA  849.3  22.8 CL  775.3 146.9 Split   583.5  99.9  510.6 nm  2.062 s
Step   360: OL  945.8  300.3  OA  847.5  16.6 CL  775.1 151.8 Split   581.4 107.1  512.6 nm  2.096 s
Step   361: OL  945.2  301.5  OA  845.7  12.7 CL  774.8 155.9 Split   579.4 112.7  514.4 nm  2.134 s
Step   362: OL  945.2  304.3  OA  843.9  11.4 CL  774.2 158.7 Split   577.3 116.5  515.8 nm  1.962 s
Step   363: OL  945.8  308.7  OA  842.1  20.6 CL  777.2 179.0 Split   575.1 143.1  522.8 nm  2.111 s
Step   364: OL  946.8  314.7  OA  840.4  28.9 CL  773.7 169.3 Split   572.9 130.5  520.0 nm  1.978 s
Step   365: OL  948.4  322.3  OA  838.5  26.9 CL  771.4 164.8 Split   570.7 124.3  519.0 nm  1.892 s
Step   366: OL  950.6  331.2  OA  837.2  40.3 CL  768.7 158.3 Split   568.5 115.3  517.4 nm  1.972 s
Step   367: OL  953.2  341.4  OA  834.9  22.8 CL  765.7 150.1 Split   566.4 103.7  515.4 nm  1.938 s
Step   368: OL  956.4  352.6  OA  833.5  29.0 CL  763.4 144.6 Split   564.3  95.3  514.1 nm  2.064 s
Step   369: OL  959.9  364.6  OA  832.1  35.1 CL  761.5 141.2 Split   562.3  89.8  513.5 nm  1.999 s
Step   370: OL  963.9  377.2  OA  830.4  29.5 CL  760.9 144.3 Split   560.3  94.7  514.8 nm  2.060 s
Step   371: OL  968.1  390.2  OA  828.4   6.6 CL  763.9 165.4 Split   558.3 124.7  521.4 nm  2.024 s
Step   372: OL  972.4  403.2  OA  828.1  44.1 CL  765.0 175.3 Split   556.6 137.5  524.8 nm  1.982 s
Step   373: OL  976.9  416.0  OA  826.8  47.8 CL  762.5 169.2 Split   554.9 129.4  523.0 nm  2.001 s
Step   374: OL  981.2  428.3  OA  824.7  47.6 CL  760.8 167.5 Split   552.8 127.0  522.7 nm  2.043 s
Step   375: OL  985.4  439.9  OA  821.8  24.7 CL  759.6 168.1 Split   550.8 127.8  523.1 nm  1.960 s
Step   376: OL  989.2  450.5  OA  819.7   2.3 CL  758.2 167.0 Split   548.9 126.4  523.0 nm  2.031 s
Step   377: OL  992.6  460.0  OA  818.3   8.0 CL  756.7 165.0 Split   547.1 123.7  522.7 nm  2.042 s
Step   378: OL  995.5  468.1  OA  817.2  22.4 CL  752.7 151.1 Split   545.6 103.9  518.6 nm  2.023 s
Step   379: OL  997.7  474.8  OA  816.0  34.7 CL  750.0 143.0 Split   543.8  91.4  516.5 nm  2.023 s
Step   380: OL  999.1  479.9  OA  814.8  43.1 CL  748.2 139.8 Split   542.0  86.0  515.8 nm  2.059 s
Step   381: OL  999.8  483.4  OA  813.2  42.4 CL  747.5 142.1 Split   540.1  89.6  516.8 nm  2.365 s
Step   382: OL  999.8  485.3  OA  810.7   3.1 CL  752.3 169.6 Split   538.3 129.4  525.5 nm  2.040 s
Step   383: OL  998.9  485.6  OA  810.4  44.7 CL  759.4 203.7 Split   536.1 171.9  537.9 nm  2.023 s
Step   384: OL  997.4  484.3  OA  808.7  40.4 CL  757.3 200.0 Split   534.3 167.5  536.7 nm  2.005 s
Step   385: OL  995.1  481.6  OA  807.0  29.6 CL  753.9 190.1 Split   532.8 155.3  533.5 nm  2.034 s
Step   386: OL  992.1  477.6  OA  805.6  20.5 CL  751.1 182.0 Split   531.4 145.1  530.9 nm  1.951 s
Step   387: OL  988.7  472.5  OA  804.1  10.6 CL  748.6 175.5 Split   530.0 136.7  528.8 nm  2.021 s
Step   388: OL  984.7  466.4  OA  802.9  15.7 CL  748.9 180.7 Split   528.6 143.2  530.4 nm  2.006 s
Step   389: OL  980.5  459.5  OA  802.1  33.6 CL  750.3 190.7 Split   527.2 155.7  533.9 nm  2.128 s
Step   390: OL  976.0  452.1  OA  800.6  32.3 CL  746.5 179.4 Split   526.0 141.4  529.8 nm  1.959 s
Step   391: OL  971.4  444.3  OA  799.5  37.5 CL  744.2 174.0 Split   524.7 134.2  527.8 nm  2.078 s
Step   392: OL  966.7  436.3  OA  797.7  26.6 CL  741.3 165.6 Split   523.3 123.0  525.0 nm  2.013 s
Step   393: OL  962.1  428.4  OA  795.6   8.6 CL  742.8 177.3 Split   521.7 138.5  528.7 nm  2.186 s
Step   394: OL  957.6  420.6  OA  794.7  28.1 CL  744.5 188.9 Split   520.2 153.2  532.7 nm  2.000 s
Step   395: OL  953.3  413.3  OA  794.2  49.0 CL  746.9 202.1 Split   518.7 169.2  537.5 nm  1.979 s
Step   396: OL  949.3  406.6  OA  793.2  56.5 CL  749.1 213.7 Split   517.1 182.9  542.0 nm  2.046 s
Step   397: OL  945.7  400.5  OA  791.2  45.1 CL  745.5 204.5 Split   515.6 172.0  538.5 nm  2.455 s
Step   398: OL  942.3  395.2  OA  789.4  39.3 CL  744.1 202.8 Split   514.1 169.9  538.0 nm  2.173 s
Step   399: OL  939.4  390.8  OA  787.8  42.9 CL  743.5 204.6 Split   512.3 172.0  538.8 nm  2.209 s
Step   400: OL  936.9  387.4  OA  785.2  20.6 CL  737.6 187.2 Split   510.6 150.6  532.3 nm  2.011 s
Step   401: OL  934.7  384.9  OA  783.9  26.1 CL  735.5 183.3 Split   509.2 145.6  530.8 nm  2.141 s
Step   402: OL  933.0  383.4  OA  782.0   6.4 CL  731.5 171.6 Split   507.9 130.3  526.5 nm  2.079 s
Step   403: OL  931.7  382.9  OA  780.6  15.7 CL  729.1 165.4 Split   506.8 121.9  524.3 nm  2.033 s
Step   404: OL  930.7  383.4  OA  779.5  20.9 CL  726.8 159.0 Split   505.7 112.8  522.0 nm  1.971 s
Step   405: OL  930.2  384.8  OA  778.4  22.0 CL  727.8 168.2 Split   504.6 125.5  524.6 nm  1.991 s
Step   406: OL  930.0  387.2  OA  776.8  23.5 CL  724.5 158.7 Split   503.2 112.2  521.3 nm  1.986 s
Step   407: OL  930.2  390.3  OA  775.4  34.5 CL  724.2 163.2 Split   501.5 118.4  522.5 nm  2.016 s
Step   408: OL  930.7  394.3  OA  773.9  37.6 CL  723.0 163.4 Split   499.9 118.7  522.3 nm  2.033 s
Step   409: OL  931.5  398.9  OA  773.0  49.8 CL  721.3 161.1 Split   498.5 115.3  521.4 nm  2.066 s
Step   410: OL  932.7  404.1  OA  770.8  33.9 CL  723.8 175.6 Split   497.2 135.1  526.0 nm  2.034 s
Step   411: OL  934.0  409.8  OA  769.8  41.8 CL  722.3 174.3 Split   495.7 133.2  525.4 nm  2.109 s
Step   412: OL  935.6  416.0  OA  767.9  29.8 CL  721.4 175.0 Split   494.2 134.2  525.5 nm  2.086 s
Step   413: OL  937.4  422.5  OA  766.5  24.4 CL  719.4 171.2 Split   493.0 129.0  524.0 nm  2.075 s
Step   414: OL  939.4  429.3  OA  764.8   7.6 CL  718.8 171.8 Split   492.0 129.8  524.0 nm  2.151 s
Step   415: OL  941.5  436.2  OA  763.2   3.7 CL  718.7 175.2 Split   490.9 134.3  524.9 nm  2.205 s
Step   416: OL  943.7  443.2  OA  762.2  28.6 CL  718.6 178.7 Split   489.7 138.7  525.9 nm  2.027 s
Step   417: OL  945.9  450.3  OA  760.9  34.4 CL  714.9 167.7 Split   488.6 124.1  521.8 nm  2.129 s
Step   418: OL  948.1  457.2  OA  759.2  27.9 CL  715.0 172.8 Split   487.6 130.9  523.0 nm  2.037 s
Step   419: OL  950.3  463.9  OA  757.8  28.5 CL  713.3 169.6 Split   486.6 126.5  521.5 nm  1.992 s
Step   420: OL  952.4  470.4  OA  756.4  38.7 CL  712.4 170.8 Split   485.3 128.0  521.5 nm  1.950 s
Step   421: OL  954.4  476.5  OA  755.7  53.7 CL  709.3 162.2 Split   484.1 116.0  518.4 nm  2.002 s
Step   422: OL  956.2  482.2  OA  755.3  68.0 CL  704.6 145.1 Split   483.0  90.1  513.0 nm  2.037 s
Step   423: OL  957.7  487.4  OA  752.2  44.0 CL  707.3 161.3 Split   482.1 114.7  517.5 nm  2.043 s
Step   424: OL  959.0  491.9  OA  750.9  40.7 CL  707.4 164.5 Split   481.6 119.2  518.2 nm  1.975 s
Step   425: OL  960.0  495.8  OA  749.8  46.7 CL  706.4 163.2 Split   480.9 117.2  517.5 nm  1.972 s
Step   426: OL  960.5  498.9  OA  748.0  40.4 CL  705.8 163.4 Split   480.1 117.5  517.3 nm  2.058 s
Step   427: OL  960.7  501.1  OA  745.7  13.9 CL  707.0 171.1 Split   479.5 128.2  519.5 nm  2.106 s
Step   428: OL  960.4  502.4  OA  744.5  25.7 CL  713.2 198.2 Split   478.5 162.9  528.8 nm  1.950 s
Step   429: OL  959.6  502.7  OA  743.2  35.0 CL  713.3 202.5 Split   477.4 168.0  530.1 nm  2.127 s
Step   430: OL  958.2  502.0  OA  741.2  31.0 CL  713.8 207.1 Split   476.4 173.6  531.6 nm  2.075 s
Step   431: OL  956.3  500.1  OA  740.4  47.7 CL  716.3 218.4 Split   475.7 186.9  535.5 nm  2.034 s
Step   432: OL  953.8  497.2  OA  738.7  50.4 CL  714.9 217.1 Split   474.7 185.3  534.6 nm  2.014 s
Step   433: OL  950.7  493.1  OA  735.5  28.1 CL  709.6 202.6 Split   473.7 167.9  528.4 nm  2.079 s
Step   434: OL  947.0  487.9  OA  733.0   5.9 CL  703.6 184.4 Split   472.8 145.3  521.1 nm  2.085 s
Step   435: OL  942.8  481.5  OA  731.4  17.8 CL  700.1 173.9 Split   472.2 131.5  516.9 nm  2.152 s
Step   436: OL  938.1  474.2  OA  730.0  26.7 CL  697.2 164.8 Split   471.6 118.9  513.4 nm  2.199 s
Step   437: OL  933.0  465.8  OA  728.0  10.4 CL  700.5 181.0 Split   470.9 140.7  518.6 nm  2.053 s
Step   438: OL  927.4  456.5  OA  726.9  26.6 CL  705.7 202.3 Split   470.4 167.3  526.0 nm  2.034 s
Step   439: OL  921.6  446.4  OA  726.1  42.8 CL  705.3 204.1 Split   469.7 169.4  526.1 nm  2.118 s
Step   440: OL  915.5  435.7  OA  724.4  44.5 CL  706.1 210.8 Split   468.6 177.5  528.2 nm  2.052 s
Step   441: OL  909.4  424.6  OA  722.2  39.8 CL  705.4 212.8 Split   467.5 179.8  528.3 nm  2.020 s
Step   442: OL  903.1  413.1  OA  720.0  33.1 CL  702.1 205.1 Split   466.7 170.4  524.6 nm  2.043 s
Step   443: OL  897.0  401.5  OA  718.2  25.5 CL  698.9 196.7 Split   465.9 160.2  520.9 nm  2.081 s
Step   444: OL  891.0  390.0  OA  716.5  23.6 CL  697.2 193.7 Split   465.3 156.3  519.3 nm  2.278 s
Step   445: OL  885.3  378.8  OA  714.4   7.2 CL  693.5 182.7 Split   464.7 142.3  514.8 nm  1.972 s
Step   446: OL  879.9  368.2  OA  713.5  33.5 CL  688.7 166.1 Split   464.4 119.8  508.5 nm  2.012 s
Step   447: OL  874.9  358.3  OA  712.0  29.2 CL  689.3 170.4 Split   464.2 125.7  509.6 nm  2.142 s
Step   448: OL  870.4  349.2  OA  711.8  50.8 CL  693.5 188.7 Split   463.8 149.6  515.5 nm  2.052 s
Step   449: OL  866.4  341.3  OA  711.5  62.5 CL  701.5 217.4 Split   463.5 184.7  526.5 nm  1.951 s
Step   450: OL  862.9  334.7  OA  708.4  39.3 CL  696.6 202.9 Split   463.5 167.2  520.1 nm  1.963 s
Step   451: OL  860.1  329.5  OA  705.7  17.0 CL  692.3 190.1 Split   463.0 151.2  514.8 nm  1.998 s
Step   452: OL  857.9  325.8  OA  703.9  13.6 CL  689.4 182.2 Split   462.4 141.0  511.4 nm  1.981 s
Step   453: OL  856.3  323.7  OA  702.0   5.9 CL  689.8 186.5 Split   461.6 146.5  512.6 nm  1.997 s
Step   454: OL  855.3  323.3  OA  700.7  30.4 CL  693.9 203.8 Split   461.0 168.0  518.6 nm  2.096 s
Step   455: OL  855.0  324.7  OA  698.7  30.8 CL  692.6 201.8 Split   460.6 165.5  517.3 nm  2.076 s
Step   456: OL  855.4  327.7  OA  697.2  37.3 CL  693.3 206.3 Split   460.3 170.9  518.5 nm  2.007 s
Step   457: OL  856.5  332.4  OA  695.2  30.5 CL  692.1 203.7 Split   460.2 167.6  516.9 nm  2.084 s
Step   458: OL  858.2  338.8  OA  693.5  24.8 CL  691.5 203.2 Split   460.0 166.9  516.2 nm  2.207 s
Step   459: OL  860.6  346.6  OA  691.9   8.2 CL  687.5 190.5 Split   460.1 150.9  510.8 nm  2.089 s
Step   460: OL  863.7  355.8  OA  690.6  11.5 CL  687.2 191.6 Split   459.8 152.2  510.8 nm  2.001 s
Step   461: OL  867.3  366.2  OA  689.5  19.0 CL  684.3 181.9 Split   459.8 139.5  506.8 nm  2.118 s
Step   462: OL  871.5  377.7  OA  687.8  14.1 CL  684.3 183.2 Split   459.7 141.1  506.9 nm  2.071 s
Step   463: OL  876.2  389.9  OA  687.5  39.4 CL  679.5 165.8 Split   459.7 117.2  500.4 nm  2.117 s
Step   464: OL  881.3  402.7  OA  686.0  38.6 CL  679.6 167.4 Split   459.5 119.3  500.7 nm  2.021 s
Step   465: OL  886.8  415.8  OA  685.5  50.1 CL  679.4 167.6 Split   459.5 119.3  500.5 nm  2.101 s
Step   466: OL  892.4  428.9  OA  684.8  58.5 CL  677.9 162.1 Split   459.3 111.1  498.5 nm  2.092 s
Step   467: OL  898.1  441.8  OA  682.4  46.2 CL  679.3 169.1 Split   459.4 121.1  500.4 nm  2.047 s
Step   468: OL  903.7  454.2  OA  680.6  40.1 CL  680.4 175.0 Split   459.4 129.1  501.8 nm  2.010 s
Step   469: OL  909.1  466.0  OA  678.5  24.2 CL  681.1 179.5 Split   459.6 135.1  502.7 nm  2.053 s
Step   470: OL  914.1  476.7  OA  677.2  25.4 CL  681.1 181.4 Split   459.2 137.4  503.0 nm  1.976 s
Step   471: OL  918.6  486.3  OA  675.6  23.3 CL  681.2 184.2 Split   458.9 140.9  503.5 nm  1.936 s
Step   472: OL  922.5  494.6  OA  674.8  35.2 CL  677.9 173.1 Split   458.8 125.8  499.0 nm  1.939 s
Step   473: OL  925.7  501.4  OA  673.5  37.1 CL  677.6 174.0 Split   458.6 126.9  498.8 nm  1.957 s
Step   474: OL  928.0  506.6  OA  672.5  44.4 CL  682.9 194.8 Split   458.6 154.2  506.0 nm  1.994 s
Step   475: OL  929.5  510.2  OA  671.8  53.1 CL  688.8 216.0 Split   458.4 180.3  514.2 nm  1.975 s
Step   476: OL  930.1  512.0  OA  669.5  38.0 CL  686.3 208.6 Split   458.4 171.2  510.7 nm  2.039 s
Step   477: OL  929.7  512.2  OA  667.9  26.4 CL  682.3 196.4 Split   458.4 155.8  505.4 nm  1.973 s
Step   478: OL  928.5  510.7  OA  667.1  33.8 CL  677.3 179.5 Split   458.6 133.4  498.5 nm  2.039 s
Step   479: OL  926.4  507.6  OA  665.8  28.8 CL  678.0 182.4 Split   458.9 137.0  499.0 nm  1.966 s
Step   480: OL  923.4  503.0  OA  664.3  14.6 CL  681.4 195.2 Split   459.3 153.6  503.4 nm  2.035 s
Step   481: OL  919.8  497.0  OA  664.0  36.1 CL  688.0 217.5 Split   459.6 181.1  511.9 nm  2.040 s
Step   482: OL  915.6  489.8  OA  662.9  37.7 CL  688.7 220.6 Split   459.7 184.7  512.8 nm  2.032 s
Step   483: OL  910.8  481.6  OA  661.4  30.6 CL  685.6 211.8 Split   459.7 173.8  508.6 nm  2.026 s
Step   484: OL  905.7  472.5  OA  660.1  17.6 CL  685.6 212.7 Split   459.8 174.7  508.6 nm  2.130 s
Step   485: OL  900.3  462.7  OA  659.2  14.1 CL  680.3 195.1 Split   460.3 152.5  501.0 nm  2.061 s
Step   486: OL  894.7  452.4  OA  659.0  26.4 CL  690.6 228.1 Split   460.7 193.1  514.5 nm  1.997 s
Step   487: OL  889.1  441.8  OA  658.6  38.3 CL  693.9 238.7 Split   460.9 205.3  518.8 nm  2.092 s
Step   488: OL  883.5  431.1  OA  657.1  33.2 CL  692.4 235.1 Split   461.1 201.0  516.6 nm  1.957 s
Step   489: OL  878.1  420.5  OA  656.5  42.6 CL  695.1 243.8 Split   461.3 210.9  520.0 nm  2.026 s
Step   490: OL  873.0  410.2  OA  654.7  27.3 CL  690.5 230.8 Split   461.5 195.6  513.6 nm  2.064 s
Step   491: OL  868.1  400.3  OA  653.8  24.0 CL  682.5 205.9 Split   462.0 164.8  502.3 nm  1.987 s
Step   492: OL  863.6  390.9  OA  653.3  34.0 CL  679.0 194.6 Split   462.4 150.1  497.3 nm  2.078 s
Step   493: OL  859.4  382.2  OA  651.8  25.0 CL  679.0 195.1 Split   462.7 150.6  496.9 nm  2.148 s
Step   494: OL  855.7  374.2  OA  651.3  36.2 CL  684.4 214.1 Split   462.8 174.4  504.2 nm  2.064 s
Step   495: OL  852.4  367.1  OA  649.8  20.4 CL  686.1 219.5 Split   463.3 180.9  506.1 nm  1.987 s
Step   496: OL  849.6  361.0  OA  648.6   5.0 CL  683.3 210.4 Split   463.9 169.5  501.7 nm  1.981 s
Step   497: OL  847.3  355.8  OA  647.5   3.8 CL  683.5 210.9 Split   464.4 169.8  501.5 nm  2.061 s
Step   498: OL  845.4  351.6  OA  646.7   7.7 CL  685.9 218.8 Split   464.7 179.4  504.5 nm  1.989 s
Step   499: OL  843.9  348.5  OA  646.2  25.2 CL  691.4 235.9 Split   464.9 199.8  511.8 nm  2.081 s
Step   500: OL  842.9  346.3  OA  646.3  39.5 CL  696.0 248.8 Split   465.3 214.8  517.7 nm  2.137 s
Step   501: OL  842.4  345.2  OA  644.9  27.0 CL  692.4 238.3 Split   465.7 202.3  512.5 nm  2.071 s
Step   502: OL  842.3  345.1  OA  643.5  14.1 CL  687.1 222.1 Split   466.2 182.5  504.7 nm  2.075 s
Step   503: OL  842.6  346.0  OA  643.2  30.5 CL  680.0 198.1 Split   467.0 151.9  494.2 nm  2.136 s
Step   504: OL  843.3  347.9  OA  641.9  23.7 CL  683.0 208.7 Split   467.3 165.3  498.1 nm  1.965 s
Step   505: OL  844.4  350.6  OA  641.8  39.8 CL  688.1 225.0 Split   467.7 185.3  504.7 nm  2.014 s
Step   506: OL  845.9  354.2  OA  639.9  20.3 CL  685.2 216.5 Split   468.1 174.6  500.4 nm  2.048 s
Step   507: OL  847.8  358.7  OA  639.1  22.7 CL  685.9 218.9 Split   468.5 177.3  500.9 nm  2.012 s
Step   508: OL  850.0  363.9  OA  638.1  19.0 CL  683.9 212.4 Split   469.1 168.9  497.6 nm  1.979 s
Step   509: OL  852.6  369.9  OA  637.5  18.2 CL  682.9 209.0 Split   469.5 164.3  495.9 nm  2.009 s
Step   510: OL  855.6  376.4  OA  637.3  25.3 CL  681.5 203.8 Split   470.0 157.3  493.5 nm  1.952 s
Step   511: OL  858.8  383.6  OA  636.9  25.4 CL  682.1 205.3 Split   470.5 158.9  493.9 nm  1.985 s
Step   511 updated high order loop gain: 0.333
Step   511 updated low order loop gain : 0.361
Step   512: OL  862.4  391.3  OA  636.6  30.8 CL  681.7 203.0 Split   471.1 155.6  492.7 nm  2.069 s
Step   513: OL  866.2  399.4  OA  636.3  36.0 CL  681.1 200.3 Split   471.8 151.7  491.3 nm  2.004 s
Step   514: OL  870.3  407.8  OA  634.7  14.7 CL  687.0 219.1 Split   472.3 175.7  498.9 nm  2.036 s
Step   515: OL  874.5  416.4  OA  634.0   7.9 CL  688.3 222.3 Split   473.1 179.3  499.9 nm  1.998 s
Step   516: OL  878.9  425.2  OA  634.0   7.0 CL  689.2 223.4 Split   474.0 180.5  500.3 nm  2.023 s
Step   517: OL  883.4  434.0  OA  634.3  21.5 CL  697.3 245.8 Split   474.9 207.5  510.7 nm  1.948 s
Step   518: OL  887.9  442.7  OA  634.8  34.6 CL  702.5 258.8 Split   475.6 222.6  517.0 nm  2.022 s
Step   519: OL  892.4  451.2  OA  633.7  15.6 CL  697.4 243.7 Split   476.3 204.5  509.3 nm  2.011 s
Step   520: OL  896.8  459.4  OA  633.6  20.9 CL  688.3 215.1 Split   477.2 168.8  496.1 nm  2.008 s
Step   521: OL  901.0  467.1  OA  633.1  17.8 CL  689.8 218.3 Split   478.0 172.6  497.3 nm  2.037 s
Step   522: OL  905.0  474.2  OA  633.2  31.1 CL  687.2 208.9 Split   478.6 160.1  493.2 nm  2.072 s
Step   523: OL  908.7  480.5  OA  632.5  27.4 CL  688.8 212.7 Split   479.2 164.6  494.8 nm  2.113 s
Step   524: OL  911.9  486.1  OA  632.1  30.6 CL  691.0 218.5 Split   479.8 171.8  497.3 nm  2.036 s
Step   525: OL  914.7  490.7  OA  632.0  32.2 CL  692.2 220.8 Split   480.4 174.4  498.3 nm  2.040 s
Step   526: OL  917.0  494.2  OA  631.5  23.4 CL  694.3 225.7 Split   481.3 180.4  500.5 nm  2.096 s
Step   527: OL  918.6  496.6  OA  631.1  15.2 CL  698.7 237.1 Split   482.3 194.3  505.5 nm  2.081 s
Step   528: OL  919.6  497.8  OA  631.0  12.4 CL  703.2 248.6 Split   483.3 208.0  510.8 nm  2.084 s
Step   529: OL  920.0  497.7  OA  631.2  24.3 CL  707.3 259.0 Split   484.1 220.0  515.7 nm  2.231 s
Step   530: OL  919.6  496.3  OA  631.1  29.5 CL  709.6 264.2 Split   484.8 226.0  518.1 nm  2.061 s
Step   531: OL  918.5  493.6  OA  631.0  33.7 CL  709.6 263.1 Split   485.6 224.5  517.4 nm  2.025 s
Step   532: OL  916.8  489.5  OA  631.2  44.7 CL  711.2 266.6 Split   486.2 228.4  519.1 nm  2.131 s
Step   533: OL  914.4  484.1  OA  630.7  41.7 CL  711.3 265.8 Split   486.9 227.2  518.5 nm  2.222 s
Step   534: OL  911.4  477.5  OA  629.8  29.5 CL  709.9 260.8 Split   487.7 221.0  515.9 nm  2.072 s
Step   535: OL  907.8  469.7  OA  629.0   6.5 CL  706.1 248.1 Split   488.7 205.4  509.6 nm  2.034 s
Step   536: OL  903.8  460.9  OA  629.3  17.0 CL  707.8 251.0 Split   489.7 208.6  511.1 nm  2.134 s
Step   537: OL  899.4  451.2  OA  631.0  47.1 CL  713.0 263.4 Split   490.6 223.1  517.3 nm  2.111 s
Step   538: OL  894.8  440.7  OA  631.4  52.9 CL  715.3 268.1 Split   491.5 228.3  519.7 nm  1.938 s
Step   539: OL  889.9  429.6  OA  631.4  52.1 CL  715.6 267.4 Split   492.2 227.3  519.4 nm  1.973 s
Step   540: OL  885.0  418.1  OA  630.2  32.4 CL  716.0 266.5 Split   492.9 226.0  519.3 nm  1.979 s
Step   541: OL  880.1  406.4  OA  631.2  43.5 CL  722.1 280.6 Split   493.7 242.2  527.0 nm  2.014 s
Step   542: OL  875.4  394.7  OA  631.8  47.3 CL  725.8 288.1 Split   494.4 250.8  531.3 nm  2.012 s
Step   543: OL  870.9  383.1  OA  631.8  44.0 CL  726.3 287.7 Split   495.3 250.0  531.2 nm  1.951 s
Step   544: OL  866.7  372.0  OA  631.4  33.1 CL  723.3 278.0 Split   496.5 238.5  526.0 nm  2.092 s
Step   545: OL  862.9  361.4  OA  631.5  30.5 CL  724.2 278.2 Split   497.6 238.5  526.1 nm  1.989 s
Step   546: OL  859.5  351.7  OA  632.2  41.9 CL  728.7 288.5 Split   498.3 250.1  531.6 nm  1.978 s
Step   547: OL  856.7  342.8  OA  632.2  43.3 CL  729.7 289.7 Split   499.1 251.3  532.3 nm  2.107 s
Step   548: OL  854.3  335.1  OA  631.9  36.5 CL  728.8 285.8 Split   500.0 246.5  530.2 nm  2.082 s
Step   549: OL  852.5  328.5  OA  631.8  30.4 CL  725.9 276.4 Split   501.1 235.3  525.2 nm  1.956 s
Step   550: OL  851.3  323.3  OA  631.6  15.5 CL  723.9 269.1 Split   502.2 226.2  521.4 nm  1.998 s
Step   551: OL  850.6  319.5  OA  631.8  15.3 CL  725.0 270.6 Split   502.9 227.8  522.3 nm  2.020 s
Step   552: OL  850.5  317.1  OA  631.9  18.3 CL  721.5 259.6 Split   503.6 214.2  516.7 nm  2.069 s
Step   553: OL  851.0  316.3  OA  633.1  42.8 CL  721.7 258.3 Split   504.4 212.1  516.1 nm  2.059 s
Step   554: OL  852.0  316.9  OA  632.3  30.9 CL  728.4 274.9 Split   505.1 231.9  524.8 nm  2.115 s
Step   555: OL  853.6  319.1  OA  632.2  24.8 CL  731.4 280.9 Split   506.0 238.9  528.1 nm  2.125 s
Step   556: OL  855.8  322.7  OA  632.6  29.8 CL  733.1 283.8 Split   506.8 241.9  529.7 nm  2.033 s
Step   557: OL  858.6  327.8  OA  633.0  26.2 CL  728.9 270.6 Split   507.7 225.8  523.0 nm  2.095 s
Step   558: OL  861.9  334.3  OA  633.5  25.5 CL  727.2 263.7 Split   508.7 217.1  519.7 nm  2.022 s
Step   559: OL  865.8  342.0  OA  634.1  28.8 CL  722.4 247.6 Split   509.6 196.8  512.0 nm  2.062 s
Step   560: OL  870.2  350.9  OA  635.7  49.4 CL  716.8 228.2 Split   510.5 171.3  503.2 nm  2.199 s
Step   561: OL  875.1  360.8  OA  637.0  61.1 CL  716.2 223.7 Split   511.5 164.7  501.4 nm  2.015 s
Step   562: OL  880.4  371.6  OA  636.3  49.0 CL  719.3 231.2 Split   512.2 174.5  505.0 nm  2.007 s
Step   563: OL  886.3  383.2  OA  637.0  54.0 CL  718.5 226.6 Split   513.0 167.9  503.1 nm  1.983 s
Step   564: OL  892.4  395.3  OA  636.5  45.8 CL  722.2 236.6 Split   513.5 180.9  507.9 nm  2.004 s
Step   565: OL  898.9  407.8  OA  636.2  33.9 CL  725.1 243.3 Split   514.2 189.3  511.2 nm  1.952 s
Step   566: OL  905.5  420.4  OA  636.5  34.9 CL  726.1 244.7 Split   514.9 190.8  512.1 nm  2.124 s
Step   567: OL  912.3  433.0  OA  636.7  30.8 CL  728.5 249.6 Split   515.6 196.7  514.6 nm  2.083 s
Step   568: OL  919.1  445.3  OA  637.2  30.2 CL  730.3 252.8 Split   516.5 200.5  516.3 nm  2.203 s
Step   569: OL  925.8  457.2  OA  637.3  18.8 CL  734.3 262.0 Split   517.4 211.6  521.0 nm  1.991 s
Step   570: OL  932.2  468.5  OA  638.6  32.7 CL  730.6 248.9 Split   518.4 194.7  514.8 nm  1.975 s
Step   571: OL  938.4  478.9  OA  639.7  41.4 CL  729.3 242.7 Split   519.3 186.2  512.2 nm  2.135 s
Step   572: OL  944.1  488.4  OA  639.9  34.2 CL  732.4 249.4 Split   519.9 194.6  515.8 nm  1.980 s
Step   573: OL  949.3  496.7  OA  640.1  19.9 CL  737.8 262.3 Split   520.8 210.6  522.6 nm  2.065 s
Step   574: OL  953.9  503.9  OA  641.1  26.8 CL  737.6 259.0 Split   521.9 206.1  521.2 nm  2.035 s
Step   575: OL  957.8  509.6  OA  641.7  25.0 CL  739.7 262.7 Split   522.8 210.4  523.3 nm  2.046 s
Step   576: OL  961.0  513.9  OA  641.9  21.1 CL  740.9 263.7 Split   523.6 211.3  524.1 nm  1.977 s
Step   577: OL  963.4  516.7  OA  642.1  14.8 CL  743.6 269.2 Split   524.2 217.8  527.4 nm  2.073 s
Step   578: OL  964.9  518.0  OA  642.7  16.3 CL  744.6 269.6 Split   524.9 218.0  528.1 nm  1.954 s
Step   579: OL  965.6  517.7  OA  643.6  25.4 CL  742.8 262.3 Split   525.7 208.5  524.8 nm  1.992 s
Step   580: OL  965.5  515.8  OA  644.2  20.4 CL  747.2 272.5 Split   526.5 220.9  530.3 nm  2.044 s
Step   581: OL  964.6  512.5  OA  644.5  10.3 CL  753.1 286.3 Split   527.2 237.5  537.9 nm  2.022 s
Step   582: OL  963.0  507.6  OA  645.0  16.0 CL  757.2 295.2 Split   527.7 247.9  543.0 nm  2.022 s
Step   583: OL  960.6  501.4  OA  645.4  16.0 CL  759.5 299.7 Split   528.3 253.0  545.7 nm  2.147 s
Step   584: OL  957.6  493.9  OA  647.0  38.9 CL  762.1 304.7 Split   529.0 258.6  548.6 nm  2.146 s
Step   585: OL  954.1  485.2  OA  648.8  55.7 CL  768.3 318.0 Split   529.8 273.8  556.4 nm  2.098 s
Step   586: OL  950.1  475.5  OA  648.8  49.8 CL  769.8 319.9 Split   530.6 275.8  557.8 nm  2.086 s
Step   587: OL  945.8  464.9  OA  648.7  44.0 CL  772.8 325.6 Split   531.1 282.3  561.4 nm  2.030 s
Step   588: OL  941.2  453.7  OA  649.1  42.2 CL  773.6 326.0 Split   531.7 282.5  561.9 nm  2.026 s
Step   589: OL  936.5  441.8  OA  650.0  44.0 CL  773.9 324.8 Split   532.5 280.8  561.6 nm  2.125 s
Step   590: OL  931.8  429.7  OA  650.3  36.9 CL  772.2 318.6 Split   533.4 273.4  558.3 nm  2.126 s
Step   591: OL  927.2  417.4  OA  650.9  31.3 CL  773.5 320.1 Split   534.2 274.8  559.4 nm  2.005 s
Step   592: OL  922.7  405.2  OA  652.5  44.7 CL  779.5 332.4 Split   535.2 288.9  566.7 nm  2.003 s
Step   593: OL  918.5  393.3  OA  653.8  50.6 CL  782.6 337.9 Split   536.0 295.0  570.2 nm  2.036 s
Step   594: OL  914.6  381.8  OA  654.9  53.5 CL  783.2 337.6 Split   536.8 294.5  570.3 nm  2.029 s
Step   595: OL  911.1  370.9  OA  654.6  38.9 CL  780.5 329.7 Split   537.6 285.1  565.9 nm  1.997 s
Step   596: OL  908.0  360.8  OA  654.9  19.8 CL  775.0 314.2 Split   538.3 266.6  557.5 nm  2.004 s
Step   597: OL  905.4  351.7  OA  656.2  26.7 CL  778.1 319.7 Split   539.1 272.9  561.1 nm  2.016 s
Step   598: OL  903.3  343.7  OA  657.1  27.9 CL  779.9 322.3 Split   539.8 275.6  562.8 nm  1.979 s
Step   599: OL  901.8  336.8  OA  657.8  25.9 CL  780.7 322.4 Split   540.7 275.5  563.1 nm  2.081 s
Step   600: OL  900.7  331.3  OA  658.3  24.3 CL  778.8 316.5 Split   541.3 268.4  559.9 nm  1.852 s
Step   601: OL  900.2  327.1  OA  658.7  22.4 CL  778.1 313.6 Split   541.8 264.6  558.5 nm  1.892 s
Step   602: OL  900.2  324.4  OA  659.0  10.6 CL  775.6 305.4 Split   542.4 254.6  554.4 nm  1.888 s
Step   603: OL  900.7  323.1  OA  660.1  14.3 CL  779.4 313.2 Split   543.0 263.6  559.2 nm  1.885 s
Step   604: OL  901.7  323.2  OA  661.6  27.3 CL  777.3 305.7 Split   543.8 254.2  555.5 nm  1.874 s
Step   605: OL  903.3  324.9  OA  662.4  24.1 CL  775.2 297.9 Split   544.6 244.6  551.7 nm  1.826 s
Step   606: OL  905.4  328.0  OA  662.9   3.9 CL  778.3 303.5 Split   545.4 251.2  555.2 nm  1.926 s
Step   607: OL  908.1  332.5  OA  664.0   2.4 CL  781.0 308.3 Split   546.3 256.8  558.2 nm  1.961 s
Step   608: OL  911.2  338.4  OA  665.3  11.9 CL  778.2 298.8 Split   547.3 244.9  553.3 nm  1.934 s
Step   609: OL  914.9  345.6  OA  667.3  35.0 CL  772.8 282.0 Split   548.2 223.7  544.8 nm  1.999 s
Step   610: OL  919.1  354.1  OA  668.4  33.9 CL  774.4 284.3 Split   548.9 226.3  546.4 nm  1.940 s
Step   611: OL  923.8  363.6  OA  669.4  32.6 CL  777.5 290.6 Split   549.5 233.9  550.1 nm  1.986 s
Step   612: OL  928.9  374.0  OA  670.3  28.4 CL  777.6 288.6 Split   550.1 231.2  549.5 nm  1.975 s
Step   613: OL  934.4  385.2  OA  672.4  45.8 CL  773.8 275.8 Split   550.9 214.6  543.4 nm  2.035 s
Step   614: OL  940.3  397.0  OA  673.8  49.0 CL  774.3 274.5 Split   551.7 212.7  543.3 nm  2.044 s
Step   615: OL  946.4  409.2  OA  675.4  56.6 CL  773.0 268.9 Split   552.2 205.0  540.9 nm  2.083 s
Step   616: OL  952.8  421.6  OA  676.7  59.2 CL  773.4 267.9 Split   552.8 203.3  540.8 nm  2.038 s
Step   617: OL  959.2  434.0  OA  676.7  45.5 CL  778.1 279.5 Split   553.2 218.1  547.1 nm  2.119 s
Step   618: OL  965.7  446.1  OA  678.2  49.7 CL  778.6 279.4 Split   553.6 217.8  547.4 nm  2.068 s
Step   619: OL  972.0  457.8  OA  679.0  41.7 CL  780.7 283.7 Split   554.0 223.1  550.1 nm  2.130 s
Step   620: OL  978.1  468.8  OA  679.8  36.2 CL  783.1 288.5 Split   554.4 228.8  553.1 nm  2.072 s
Step   621: OL  983.9  479.0  OA  680.5  20.2 CL  789.0 302.0 Split   554.9 245.5  560.9 nm  2.148 s
Step   622: OL  989.3  488.2  OA  682.0  14.5 CL  796.2 318.1 Split   555.6 264.9  570.3 nm  2.052 s
Step   623: OL  994.1  496.2  OA  683.7   9.1 CL  798.7 321.7 Split   556.6 269.1  572.9 nm  2.228 s
Step   624: OL  998.4  502.9  OA  685.2   5.9 CL  799.2 320.5 Split   557.5 267.4  572.6 nm  2.023 s
Step   625: OL 1001.9  508.2  OA  687.0  21.3 CL  793.7 304.3 Split   558.2 247.4  564.2 nm  2.072 s
Step   626: OL 1004.7  512.1  OA  689.3  40.0 CL  789.3 290.4 Split   558.9 229.7  557.3 nm  1.964 s
Step   627: OL 1006.7  514.5  OA  690.9  41.4 CL  789.8 289.7 Split   559.5 228.6  557.5 nm  1.969 s
Step   628: OL 1008.0  515.4  OA  693.0  53.6 CL  788.6 284.5 Split   560.0 221.6  555.2 nm  2.033 s
Step   629: OL 1008.5  514.8  OA  693.1  36.8 CL  793.9 297.5 Split   560.2 237.9  562.6 nm  2.042 s
Step   630: OL 1008.3  512.7  OA  693.2   1.8 CL  804.8 323.9 Split   560.4 270.1  577.6 nm  2.047 s
Step   631: OL 1007.4  509.4  OA  695.3  32.1 CL  816.9 351.4 Split   560.6 302.5  594.2 nm  1.984 s
Step   632: OL 1005.9  504.8  OA  697.3  42.7 CL  822.5 362.9 Split   560.7 315.7  601.7 nm  1.989 s
Step   633: OL 1003.8  499.0  OA  698.9  46.5 CL  823.7 364.5 Split   560.9 317.3  603.2 nm  2.013 s
Step   634: OL 1001.3  492.3  OA  699.5  30.2 CL  818.4 350.9 Split   561.3 301.4  595.6 nm  2.004 s
Step   635: OL  998.4  484.8  OA  700.9  25.5 CL  818.9 350.4 Split   561.9 300.6  595.7 nm  1.975 s
Step   636: OL  995.2  476.6  OA  702.1  16.1 CL  816.6 343.1 Split   562.6 291.8  592.0 nm  2.008 s
Step   637: OL  991.9  467.9  OA  703.2  11.7 CL  816.0 339.9 Split   563.0 287.9  590.6 nm  2.057 s
Step   638: OL  988.4  458.9  OA  704.5  14.2 CL  816.9 340.7 Split   563.6 288.6  591.3 nm  1.949 s
