/System/Volumes/Data/mnt/g2/scratch/bpeck/mcao/hybrid/maos -o 15as5S_30km60asR_lgs_mcao_study1A/3rayleigh -c A_hybrid.conf plot.all=1 plot.setup=1 -O powfs.nwfs=[5 3 3 1] wfs.thetax=[15.0 4.64 -12.14 -12.14 4.64 60.0 -30.0 -30.0 5 -2.5 -2.5 0] wfs.thetay=[0.0 14.27 8.82 -8.82 -14.27 0.0 51.96 -51.96 0 4.33 -4.33 0] powfs0_llt.ox = [1.0 0.31 -0.81 -0.81 0.31]*6.5 powfs0_llt.oy=[0.0 0.95 0.59 -0.59 -0.95]*6.5 powfs1_llt.ox = [1.0 -0.5 -0.5]*6.5 powfs1_llt.oy=[0.0 0.87 -0.87]*6.5 
Output folder is '15as5S_30km60asR_lgs_mcao_study1A/3rayleigh'.
SRC: /u/bpeck/code/maos v2.9 2.9
BUILT: /u/bpeck/code/maos/build by CLANG (v14.0.0) on 2024/03/22 14:52:24 CPU(F64,+O3) w/o CUDA
Launched at 2024/06/16 15:43:51 in dragon with PID 90451.
The web based job monitor can be accessed at http://localhost:10300
Main config file is /System/Volumes/Data/mnt/g2/scratch/bpeck/mcao/hybrid/A_hybrid.conf
Warning(path.c:48): Path not found: path=/System/Volumes/Data/mnt/g2/scratch/bpeck/mcao/hybrid/bin; abspath=/System/Volumes/Data/mnt/g2/scratch/bpeck/mcao/hybrid/bin; Ignored.
Warning(path.c:48): Path not found: path=/System/Volumes/Data/mnt/g2/scratch/bpeck/mcao/hybrid/atm; abspath=/System/Volumes/Data/mnt/g2/scratch/bpeck/mcao/hybrid/atm; Ignored.
Warning(readcfg.c:399): sim.apfsm has been renamed to powfs.apfsm.
Warning(readcfg.c:399): sim.epfsm has been renamed to powfs.epfsm.
Warning(readcfg.c:399): sim.alfsm has been renamed to powfs.alfsm.
Warning(readcfg.c:399): sim.commonfsm has been renamed to powfs.commonfsm.
Warning(readcfg.c:399): sim.idealfsm has been renamed to powfs.idealfsm.
Warning(readcfg.c:399): sim.zetafsm has been renamed to powfs.zetafsm.
Warning(readcfg.c:399): sim.f0fsm has been renamed to powfs.f0fsm.
Warning(readcfg.c:399): surf has been renamed to ncpa.surf.
Warning(readcfg.c:399): tsurf has been renamed to ncpa.tsurf.
Warning(readcfg.c:399): sim.ncpa_calib has been renamed to ncpa.calib.
Warning(readcfg.c:399): sim.ncpa_ttr has been renamed to ncpa.ttr.
Warning(readcfg.c:399): sim.ncpa_thetax has been renamed to ncpa.thetax.
Warning(readcfg.c:399): sim.ncpa_thetay has been renamed to ncpa.thetay.
Warning(readcfg.c:399): sim.ncpa_wt has been renamed to ncpa.wt.
Warning(readcfg.c:399): sim.ncpa_hs has been renamed to ncpa.hs.
loaded 139 (133 new) records from '/System/Volumes/Data/mnt/g2/scratch/bpeck/mcao/hybrid/./keck_sim.conf'
loaded  19 ( 19 new) records from '/System/Volumes/Data/mnt/g2/scratch/bpeck/mcao/hybrid/./keck_dm_single.conf'
loaded   7 (  5 new) records from '/System/Volumes/Data/mnt/g2/scratch/bpeck/mcao/hybrid/./atm_mk13n50p_ground_detail.conf'
loaded  69 ( 69 new) records from '/System/Volumes/Data/mnt/g2/scratch/bpeck/mcao/hybrid/./powfs_common.conf'
loaded  44 ( 38 new) records from '/System/Volumes/Data/mnt/g2/scratch/bpeck/mcao/hybrid/./powfs_none.conf'
loaded  45 (  0 new) records from '/System/Volumes/Data/mnt/g2/scratch/bpeck/mcao/hybrid/./keck_shwfs_lgs.conf'
loaded  46 (  0 new) records from '/System/Volumes/Data/mnt/g2/scratch/bpeck/mcao/hybrid/./keck_shwfs_lgs_R20.conf'
loaded  45 (  0 new) records from '/System/Volumes/Data/mnt/g2/scratch/bpeck/mcao/hybrid/./keck_shwfs_ttf_strap.conf'
loaded  44 (  0 new) records from '/System/Volumes/Data/mnt/g2/scratch/bpeck/mcao/hybrid/./keck_shwfs_twfs_lbwfs.conf'
loaded   0 (  0 new) records from '/System/Volumes/Data/mnt/g2/scratch/bpeck/mcao/hybrid/./keck_wfs_hybrid_strap_lbwfs.conf'
loaded  71 ( 71 new) records from '/u/bpeck/code/maos/config/maos/recon.conf'
loaded  80 ( 80 new) records from '/u/bpeck/code/maos/config/maos/dbg.conf'
loaded   4 (  4 new) records from '/System/Volumes/Data/mnt/g2/scratch/bpeck/mcao/hybrid/./keck_fit.conf'
loaded  38 ( 10 new) records from '/System/Volumes/Data/mnt/g2/scratch/bpeck/mcao/hybrid/A_hybrid.conf'
Overriding plot.all            	0 --> 1
Overriding plot.setup          	0 --> 1
Overriding powfs.nwfs          	[1 1 1 1] --> [5 3 3 1]
Overriding wfs.thetax          	[0 0 0 0] --> [15.0 4.64 -12.14 -12.14 4.64 60.0 -30.0 -30.0 5 -2.5 -2.5 0]
Overriding wfs.thetay          	[0 0 0 0] --> [0.0 14.27 8.82 -8.82 -14.27 0.0 51.96 -51.96 0 4.33 -4.33 0]
Overriding powfs0_llt.ox       	[0]*6.5 --> [1.0 0.31 -0.81 -0.81 0.31]*6.5
Overriding powfs0_llt.oy       	[0]*6.5 --> [0.0 0.95 0.59 -0.59 -0.95]*6.5
Overriding powfs1_llt.ox       	[0]*6.5 --> [1.0 -0.5 -0.5]*6.5
Overriding powfs1_llt.oy       	[0]*6.5 --> [0.0 0.87 -0.87]*6.5
loaded   9 (  0 new) records from 'command line'
loaded  23 ( 23 new) records from '/System/Volumes/Data/mnt/g2/scratch/bpeck/mcao/hybrid/./keck_llt_CL.conf'
loaded  23 ( 23 new) records from '/System/Volumes/Data/mnt/g2/scratch/bpeck/mcao/hybrid/./keck_llt_CL.conf'
draw_helper started
Adjust LGS range by telescope altitude 4145m.
Zenith angle is 30 degree.
    Scaling turbulence height and LGS hs by sec(za).
    Scaling r0 by cos(za)^(3/5).
    Scaling wind speed and LGS signal level by cos(za).
powfs0: Adjusting dx from 0.0078125 to 0.00797222. 
powfs0.llt.fsm: f0=0 Hz, LPF ep=0
powfs1: Adjusting dx from 0.0078125 to 0.00797222. 
Warning(parms.c:1929): There are multiple LGS type. parms->ilgspowfs points to the first one
powfs1.llt.fsm: f0=0 Hz, LPF ep=0
powfs3: Adjusting dx from 0.03125 to 0.0287. 
powfs3 is TWFS for powfs0
Warning(parms.c:2297): Layer 1 at 17.3205m is very close to layer 0 at 0m (OK).
Warning(parms.c:2297): Layer 2 at 34.641m is very close to layer 1 at 17.3205m (OK).
Warning(parms.c:2297): Layer 3 at 51.9615m is very close to layer 2 at 34.641m (OK).
Warning(parms.c:2341): Two high order POWFS with different hs found: 99136.8 and 29981.8. Please double check the results.
dm 0: stroke=300 um is provided in micron.
dm 0: assume ia stroke=20 um is provided in micron.
There are 1 valid simulation seeds:  1
Output PSF for 10 directions
Used 475 of 475 supplied keys
[00;00mAperture[00;00m is 11 m with sampling 1/128 m
[00;00mTurbulence at 30 degree zenith angle:[00;00m r0=0.128424m, L0=30m, 14 layers.
    Greenwood freq is 25.1Hz, anisoplanatic angle is 1.58 as
    Sampled 8192x8192 at 1/128m. wind dir is randomized.
    layer 0: ht=      0 m, wt= 0.302, ws=  4.8 m/s
    layer 1: ht=     17 m, wt= 0.154, ws=  5.0 m/s
    layer 2: ht=     35 m, wt= 0.041, ws=  5.4 m/s
    layer 3: ht=     52 m, wt= 0.002, ws=  6.6 m/s
    layer 4: ht=    139 m, wt= 0.021, ws=  6.1 m/s
    layer 5: ht=    231 m, wt= 0.010, ws=  6.1 m/s
    layer 6: ht=    323 m, wt= 0.008, ws=  6.1 m/s
    layer 7: ht=    416 m, wt= 0.005, ws=  6.1 m/s
    layer 8: ht=    508 m, wt= 0.001, ws=  6.1 m/s
    layer 9: ht=    932 m, wt= 0.107, ws=  5.6 m/s
    layer 10: ht=   5022 m, wt= 0.144, ws= 11.1 m/s
    layer 11: ht=   9238 m, wt= 0.093, ws= 19.1 m/s
    layer 12: ht=  13856 m, wt= 0.075, ws=  8.2 m/s
    layer 13: ht=  22518 m, wt= 0.036, ws=  4.8 m/s
[00;00mReconstruction[00;00m: r0=0.128424m L0=30m. 14 layers. use cone coordinate.
    layer 0: ht=      0 m, wt= 0.302
    layer 1: ht=     17 m, wt= 0.154
    layer 2: ht=     35 m, wt= 0.041
    layer 3: ht=     52 m, wt= 0.002
    layer 4: ht=    139 m, wt= 0.021
    layer 5: ht=    231 m, wt= 0.010
    layer 6: ht=    323 m, wt= 0.008
    layer 7: ht=    416 m, wt= 0.005
    layer 8: ht=    508 m, wt= 0.001
    layer 9: ht=    932 m, wt= 0.107
    layer 10: ht=   5022 m, wt= 0.144
    layer 11: ht=   9238 m, wt= 0.093
    layer 12: ht=  13856 m, wt= 0.075
    layer 13: ht=  22518 m, wt= 0.036
[00;00mThere are 4 powfs[00;00m
  powfs0: Order 39, LGS at 99.1 km. Sampling 1/125.436 m. Thres 30%. [00;00mT/T is removed in right hand side in tomography.[00;00m
    Gtilt in reconstruction. Geomtric optics start at 0 with gtilt [00;00m(noisy)[00;00m
  powfs1: Order 39, LGS at  30 km. Sampling 1/125.436 m. Thres 30%. [00;00mT/T is removed in right hand side in tomography.[00;00m
    Gtilt in reconstruction. Geomtric optics start at 0 with gtilt [00;00m(noisy)[00;00m
  powfs2: Order  1, NGS at inf km. Sampling 1/16 m. Thres 30%. 
    Gtilt in reconstruction. Geomtric optics start at 2 with ztilt [00;00m(noisy)[00;00m
  powfs3: Order 39, NGS at inf km. Sampling 1/34.8432 m. Thres 50%. 
    Gtilt in reconstruction. Geomtric optics start at 50 with gtilt [00;00m(noisy)[00;00m
[00;00mThere are 12 wfs[00;00m
    wfs 0: type 0, at (  15.00,    0.00) arcsec,  99 km, siglev is 1099.85 bkgrnd is 1.5
    wfs 1: type 0, at (   4.64,   14.27) arcsec,  99 km, siglev is 1099.85 bkgrnd is 1.5
    wfs 2: type 0, at ( -12.14,    8.82) arcsec,  99 km, siglev is 1099.85 bkgrnd is 1.5
    wfs 3: type 0, at ( -12.14,   -8.82) arcsec,  99 km, siglev is 1099.85 bkgrnd is 1.5
    wfs 4: type 0, at (   4.64,  -14.27) arcsec,  99 km, siglev is 1099.85 bkgrnd is 1.5
    wfs 5: type 1, at (  60.00,    0.00) arcsec,  30 km, siglev is 1099.85 bkgrnd is 1.5
    wfs 6: type 1, at ( -30.00,   51.96) arcsec,  30 km, siglev is 1099.85 bkgrnd is 1.5
    wfs 7: type 1, at ( -30.00,  -51.96) arcsec,  30 km, siglev is 1099.85 bkgrnd is 1.5
    wfs 8: type 2, at (   5.00,    0.00) arcsec, inf km, siglev is 64529 bkgrnd is 8.273
    wfs 9: type 2, at (  -2.50,    4.33) arcsec, inf km, siglev is 64529 bkgrnd is 8.273
    wfs 10: type 2, at (  -2.50,   -4.33) arcsec, inf km, siglev is 64529 bkgrnd is 8.273
    wfs 11: type 3, at (   0.00,    0.00) arcsec, inf km, siglev is 1.47933e+08 bkgrnd is 25.25
[00;00mThere are 1 DMs[00;00m
  DM 0 at    0km, actuator pitch 0.287m, offset   0, with 300.000000 micron stroke.
    Normalized cubic influence function with inter-actuator coupling of 0.223
[00;00mTomography[00;00m is using CG, with [00;00mNo[00;00m preconditioner, [00;00m40[00;00m iterations, ad hoc split tomo.
[00;00mDM Fitting [00;00mis using CG, with [00;00mNo[00;00m preconditioner, [00;00m10[00;00m iterations
[00;00mThere are 9 fit directions[00;00m
    Fit 0: weight is 0.444, at (   0.00,    0.00) arcsec
    Fit 1: weight is 0.111, at (  15.00,    0.00) arcsec
    Fit 2: weight is 0.111, at (   0.00,   15.00) arcsec
    Fit 3: weight is 0.111, at ( -15.00,    0.00) arcsec
    Fit 4: weight is 0.111, at (   0.00,  -15.00) arcsec
    Fit 5: weight is 0.028, at (  15.00,   15.00) arcsec
    Fit 6: weight is 0.028, at ( -15.00,   15.00) arcsec
    Fit 7: weight is 0.028, at ( -15.00,  -15.00) arcsec
    Fit 8: weight is 0.028, at (  15.00,  -15.00) arcsec
[00;00mThere are 10 evaluation directions[00;00m at sampling 1/128 m.
    Evl 0: weight is 0.100, at (   0.00,    0.00) arcsec
    Evl 1: weight is 0.100, at (   5.00,    0.00) arcsec
    Evl 2: weight is 0.100, at (  10.00,    0.00) arcsec
    Evl 3: weight is 0.100, at (  15.00,    0.00) arcsec
    Evl 4: weight is 0.100, at (  20.00,    0.00) arcsec
    Evl 5: weight is 0.100, at (  25.00,    0.00) arcsec
    Evl 6: weight is 0.100, at (  30.00,    0.00) arcsec
    Evl 7: weight is 0.100, at (  35.00,    0.00) arcsec
    Evl 8: weight is 0.100, at (  45.00,    0.00) arcsec
    Evl 9: weight is 0.100, at (  60.00,    0.00) arcsec
[00;00mSimulation[00;00m start at step 0, end at step 1000, with time step 1/1500s, [00;00mclose loop[00;00m.
After setup_parms:	2.0 MiB.

*** Preparation started at 2024/06/16 15:43:51 in dragon. ***

Using thread pool with 32 threads
Reading aperture amplitude map from KECK.fits
Warning(accphi.c:477): 108578 points not covered by input screen
iwvl 0: Science PSF is using grid size of 2880. The PSF will sum to 6.95167232824563
iwvl 1: Science PSF is using grid size of 2880. The PSF will sum to 6.95167232824563
iwvl 2: Science PSF is using grid size of 2880. The PSF will sum to 6.95167232824563
iwvl 3: Science PSF is using grid size of 2880. The PSF will sum to 6.95167232824563
iwvl 4: Science PSF is using grid size of 2880. The PSF will sum to 6.95167232824563
iwvl 5: Science PSF is using grid size of 2880. The PSF will sum to 6.95167232824563
iwvl 6: Science PSF is using grid size of 2880. The PSF will sum to 6.95167232824563
iwvl 7: Science PSF is using grid size of 2880. The PSF will sum to 6.95167232824563
iwvl 8: Science PSF is using grid size of 2880. The PSF will sum to 6.95167232824563
After setup_aper:	88.1 MiB.

[00;00mSetting up powfs 0 geom[00;00m

There are 36 points in each subaperture of 0.287m.
There are 919 valid subaperture.

[00;00mSetting up powfs 1 geom[00;00m

There are 36 points in each subaperture of 0.287m.
There are 919 valid subaperture.

[00;00mSetting up powfs 2 geom[00;00m

There are 176 points in each subaperture of 11m.
There are 1 valid subaperture.

[00;00mSetting up powfs 3 geom[00;00m

There are 10 points in each subaperture of 0.287m.
There are 893 valid subaperture.
After setup_powfs_init:	288.3 MiB.

[00;00mSetting up reconstructor geometry.[00;00m

PLOC is 81x81, with sampling of 0.14m (not square)
    DM 0: grid is 42 x 42
FLOC is 81x81, with sampling of 0.14m (not square)
Tomography grid is not square:
    layer 0: xloc grid is  81 x  81, sampling is 0.143 m,  5185 points
    layer 1: xloc grid is  81 x  81, sampling is 0.143 m,  5187 points
    layer 2: xloc grid is  81 x  81, sampling is 0.143 m,  5195 points
    layer 3: xloc grid is  81 x  81, sampling is 0.143 m,  5199 points
    layer 4: xloc grid is  81 x  81, sampling is 0.143 m,  5231 points
    layer 5: xloc grid is  81 x  81, sampling is 0.143 m,  5265 points
    layer 6: xloc grid is  82 x  81, sampling is 0.143 m,  5298 points
    layer 7: xloc grid is  82 x  81, sampling is 0.143 m,  5318 points
    layer 8: xloc grid is  82 x  81, sampling is 0.143 m,  5352 points
    layer 9: xloc grid is  84 x  83, sampling is 0.142 m,  5530 points
    layer 10: xloc grid is  99 x  91, sampling is 0.136 m,  7185 points
    layer 11: xloc grid is 114 x  99, sampling is 0.130 m,  9266 points
    layer 12: xloc grid is 134 x 109, sampling is 0.123 m, 12042 points
    layer 13: xloc grid is 177 x 133, sampling is 0.111 m, 19291 points
Setting up surface OPD

Surface 0:
Loading surface OPD from Keck_ncpa_rmswfe130nm.fits
Does not contain SURFEVL. Assume it covers all evaluation directions.
Does not contain SURFWFS, Assume it covers all WFS.

[00;00mSetting up reconstructor[00;00m

Low order modes: nmod=2, mffocus=1, ahst_focus=1, indps=0, indastig=0
Low order control includes WFS 8 9 10
Recon NEA: geom(43.34) geom(43.34) geom(43.34) geom(43.34) geom(43.34) geom(43.34) geom(43.34) geom(43.34) geom(2.22) geom(2.22) geom(2.22) geom(0.04)  mas
Setup or update control matrix parameters.
RRtwfs svd threshold is 1e-10
Replacing HA by HA*fit->actextrap
Adding piston cr to fit matrix
    dm 0, mode 1: there are 8 slave actuators
Before assembling fit matrix:	794.5 MiB.
Building fit->FR
Building fit->FL
Adding tikhonov constraint of 1.0e-07 to FLM
The maximum eigen value is estimated to be around 2.8e-03
DM Fit number of Low rank terms: 10 in LHS
After assemble fit matrix:	926.7 MiB.
After setup_recon:	926.7 MiB.

*** Simulation started at 2024/06/16 15:43:56 in dragon. ***

Running seed 1
Converting windshake PSD to time series.
DM cache with grid 1/13.9373m
Wind dir: 267.3 261.7 167.0 130.5 300.7  32.3 119.8 139.0 150.8 277.7 203.0 133.1  45.9 265.1 deg
Using /u/bpeck/.aos/cache/atm/vonkarman_14_8192x8192_0.0078125_1115374592d.bin
After genatm:	1114.8 MiB.
Step     #  Open Loop  PR TT  On axis  PR TT  Field RMS PR TT Split     HIGH   TT    LOW     Timing 
Step     0: OL  934.0  266.2  OA  936.2 269.0 CL  934.0 266.2 Split   899.4 251.9  251.9 nm  0.133 s
Step     3: OL  932.8  255.3  OA  419.6 283.8 CL  509.2 307.5 Split   414.7 295.5  295.5 nm  0.497 s
Step     6: OL  932.6  248.0  OA  271.7 197.8 CL  438.9 232.9 Split   381.3 217.3  217.3 nm  0.489 s
Step     8: OL  933.2  245.5  OA  204.7  72.9 CL  376.2 101.3 Split   372.0  56.4   56.4 nm  0.502 s
Step    11: OL  935.1  245.7  OA  195.9  23.5 CL  371.9  84.3 Split   371.9   2.3    2.3 nm  0.497 s
Step    14: OL  938.4  250.7  OA  195.0  38.7 CL  374.2 100.8 Split   370.0  55.6   55.6 nm  0.497 s
Step    17: OL  942.8  260.1  OA  194.3  31.0 CL  368.9  86.7 Split   368.4  20.6   20.6 nm  0.498 s
Step    20: OL  948.1  272.5  OA  187.5  15.5 CL  368.3  85.0 Split   368.1  13.7   13.7 nm  2.097 s
Step    21: OL  950.0  276.9  OA  187.3  12.5 CL  367.6  85.4 Split   367.2  16.3   16.3 nm  1.860 s
Step    22: OL  952.0  281.4  OA  189.1  27.8 CL  367.9  86.4 Split   367.3  20.6   20.6 nm  1.859 s
Step    23: OL  953.9  285.8  OA  192.3  37.5 CL  369.0  90.9 Split   367.4  34.7   34.7 nm  1.799 s
Step    24: OL  955.8  290.0  OA  192.3  38.5 CL  368.3  90.4 Split   366.8  33.6   33.6 nm  1.956 s
Step    25: OL  957.6  293.9  OA  189.2  34.3 CL  366.3  87.8 Split   365.4  25.9   25.9 nm  1.908 s
Step    26: OL  959.3  297.5  OA  186.2  29.4 CL  364.4  87.2 Split   363.6  24.2   24.2 nm  1.864 s
Step    27: OL  960.9  300.6  OA  185.6  22.1 CL  364.8  86.9 Split   364.1  23.5   23.5 nm  1.917 s
Step    28: OL  962.3  303.2  OA  186.0   9.0 CL  364.9  87.8 Split   363.9  27.1   27.1 nm  1.924 s
Step    29: OL  963.6  305.2  OA  186.7   1.9 CL  364.5  90.2 Split   362.9  34.5   34.5 nm  1.937 s
Step    30: OL  964.6  306.5  OA  187.5  13.3 CL  364.0  87.9 Split   363.0  27.9   27.9 nm  1.984 s
Step    31: OL  965.4  307.1  OA  189.2  24.0 CL  365.9  88.6 Split   364.7  30.4   30.4 nm  1.952 s
Step    32: OL  966.0  307.0  OA  188.6  13.8 CL  366.7  88.3 Split   365.5  29.6   29.6 nm  2.085 s
Step    33: OL  966.3  306.1  OA  188.6   9.0 CL  368.4  89.4 Split   367.0  32.7   32.7 nm  2.124 s
Step    34: OL  966.4  304.5  OA  188.9   1.5 CL  368.2  89.5 Split   366.7  33.2   33.2 nm  2.022 s
Step    35: OL  966.2  302.1  OA  188.6   7.4 CL  368.5  92.3 Split   366.3  40.2   40.2 nm  1.945 s
Step    36: OL  965.9  299.0  OA  189.4  14.2 CL  368.6  92.5 Split   366.4  40.7   40.7 nm  2.113 s
Step    37: OL  965.4  295.3  OA  186.9  18.1 CL  366.9  91.3 Split   365.0  37.7   37.7 nm  2.132 s
Step    38: OL  964.7  291.0  OA  187.8  21.4 CL  368.7  94.8 Split   365.8  45.8   45.8 nm  2.019 s
Step    39: OL  963.8  286.2  OA  189.0  33.8 CL  371.2  99.1 Split   367.3  54.0   54.0 nm  2.130 s
Step    40: OL  962.9  281.0  OA  189.0  35.6 CL  372.7  99.9 Split   368.5  55.6   55.6 nm  2.109 s
Step    41: OL  961.9  275.5  OA  186.0  24.5 CL  370.2  96.2 Split   367.0  48.7   48.7 nm  2.139 s
Step    42: OL  960.9  269.8  OA  184.6  10.2 CL  369.5  93.0 Split   367.1  42.2   42.2 nm  2.251 s
Step    43: OL  959.9  264.0  OA  184.0   8.0 CL  370.7  93.9 Split   368.0  44.5   44.5 nm  2.218 s
Step    44: OL  958.9  258.1  OA  184.3  11.2 CL  371.4  96.3 Split   368.1  49.3   49.3 nm  2.285 s
Step    45: OL  958.0  252.3  OA  185.0  12.1 CL  371.3  95.1 Split   368.4  46.9   46.9 nm  2.166 s
Step    46: OL  957.2  246.7  OA  186.2   8.0 CL  370.6  91.3 Split   368.6  38.7   38.7 nm  2.040 s
Step    47: OL  956.4  241.4  OA  187.7  10.5 CL  369.3  88.7 Split   367.9  32.0   32.0 nm  2.167 s
Step    48: OL  955.8  236.4  OA  186.6  13.1 CL  367.5  88.3 Split   366.2  30.8   30.8 nm  2.182 s
Step    49: OL  955.3  231.9  OA  186.8  12.9 CL  369.0  90.8 Split   367.1  37.5   37.5 nm  2.185 s
Step    50: OL  954.9  227.7  OA  186.9  10.2 CL  370.7  94.1 Split   367.9  45.1   45.1 nm  2.060 s
Step    51: OL  954.7  224.1  OA  185.8  13.9 CL  371.4  95.0 Split   368.4  47.0   47.0 nm  2.015 s
Step    52: OL  954.6  221.0  OA  184.9  16.0 CL  372.7  99.2 Split   368.6  55.2   55.2 nm  1.970 s
Step    53: OL  954.6  218.4  OA  186.2  19.3 CL  373.1 101.4 Split   368.3  59.1   59.1 nm  1.996 s
Step    54: OL  954.8  216.4  OA  188.3  23.2 CL  374.4 103.7 Split   369.0  63.0   63.0 nm  1.880 s
Step    55: OL  955.0  214.9  OA  186.3  10.3 CL  372.0  93.4 Split   369.4  43.8   43.8 nm  1.939 s
Step    56: OL  955.4  213.9  OA  186.3   5.9 CL  373.5  94.7 Split   370.5  46.5   46.5 nm  2.023 s
Step    57: OL  956.0  213.5  OA  187.7   8.0 CL  373.9  93.7 Split   371.3  44.4   44.4 nm  2.154 s
Step    58: OL  956.6  213.5  OA  189.3  20.9 CL  372.6  88.6 Split   371.2  31.8   31.8 nm  2.042 s
Step    59: OL  957.3  214.0  OA  186.6  16.7 CL  370.9  87.6 Split   369.8  29.0   29.0 nm  2.056 s
Step    60: OL  958.1  214.9  OA  185.3  13.7 CL  370.9  88.2 Split   369.6  30.8   30.8 nm  2.152 s
Step    61: OL  959.0  216.1  OA  185.3   8.8 CL  371.5  89.6 Split   369.9  34.6   34.6 nm  2.235 s
Step    62: OL  960.0  217.8  OA  186.1  16.1 CL  373.4  88.5 Split   372.0  31.7   31.7 nm  2.151 s
Step    63: OL  961.1  219.8  OA  186.8   7.2 CL  375.5  90.5 Split   373.7  37.1   37.1 nm  2.136 s
Step    64: OL  962.2  222.0  OA  186.7   0.8 CL  377.5  92.7 Split   375.1  42.2   42.2 nm  2.050 s
Step    65: OL  963.4  224.5  OA  187.6  15.8 CL  375.3  86.8 Split   374.4  26.6   26.6 nm  2.160 s
Step    66: OL  964.7  227.3  OA  188.3  22.3 CL  375.2  85.3 Split   374.6  20.4   20.4 nm  2.199 s
Step    67: OL  966.0  230.3  OA  187.6  12.7 CL  377.1  87.8 Split   375.9  29.6   29.6 nm  2.134 s
Step    68: OL  967.4  233.5  OA  186.9   3.6 CL  380.2  92.9 Split   377.8  42.6   42.6 nm  2.171 s
Step    69: OL  968.8  236.8  OA  187.4  11.9 CL  382.3  97.0 Split   378.9  51.0   51.0 nm  2.162 s
Step    70: OL  970.3  240.3  OA  187.2   9.3 CL  381.5  92.4 Split   379.3  41.5   41.5 nm  2.220 s
Step    71: OL  971.8  244.0  OA  186.0   2.7 CL  380.7  94.1 Split   378.1  45.2   45.2 nm  2.394 s
Step    72: OL  973.4  247.8  OA  185.9   1.3 CL  380.1  92.6 Split   377.8  41.8   41.8 nm  2.175 s
Step    73: OL  975.0  251.6  OA  186.2  15.4 CL  378.0  87.2 Split   377.0  27.4   27.4 nm  2.068 s
Step    74: OL  976.6  255.6  OA  189.1  23.4 CL  379.6  85.4 Split   379.1  20.3   20.3 nm  2.164 s
Step    75: OL  978.3  259.6  OA  190.6  22.8 CL  382.7  85.8 Split   382.1  21.9   21.9 nm  2.228 s
Step    76: OL  980.0  263.7  OA  190.0  19.9 CL  385.3  87.8 Split   384.2  28.5   28.5 nm  2.309 s
Step    77: OL  981.7  267.7  OA  186.9  12.4 CL  386.7  95.2 Split   383.8  46.9   46.9 nm  2.123 s
Step    78: OL  983.4  271.7  OA  184.3   1.0 CL  385.5  93.3 Split   383.1  42.8   42.8 nm  2.142 s
Step    79: OL  985.1  275.6  OA  186.8  16.1 CL  384.9  90.3 Split   383.2  35.8   35.8 nm  2.220 s
Step    80: OL  986.8  279.3  OA  185.5  16.6 CL  386.3  91.5 Split   384.4  38.7   38.7 nm  2.187 s
Step    81: OL  988.4  282.9  OA  184.9   5.6 CL  386.7  91.9 Split   384.7  39.5   39.5 nm  2.178 s
Step    82: OL  990.0  286.2  OA  185.7  12.8 CL  388.3  99.0 Split   384.6  54.0   54.0 nm  2.158 s
Step    83: OL  991.5  289.2  OA  185.7  17.1 CL  389.1 101.7 Split   384.6  58.9   58.9 nm  2.223 s
Step    84: OL  992.8  291.8  OA  185.5  13.3 CL  385.8  88.8 Split   384.5  31.0   31.0 nm  2.167 s
Step    85: OL  994.1  293.9  OA  187.0  27.9 CL  386.5  85.5 Split   386.1  19.0   19.0 nm  2.259 s
Step    86: OL  995.2  295.6  OA  187.1  28.1 CL  389.1  85.0 Split   388.7  16.0   16.0 nm  2.226 s
Step    87: OL  996.1  296.6  OA  184.6  16.2 CL  390.7  88.0 Split   389.7  27.9   27.9 nm  2.302 s
Step    88: OL  996.8  297.1  OA  183.4  13.0 CL  391.7  89.1 Split   390.5  31.2   31.2 nm  2.055 s
Step    89: OL  997.4  296.9  OA  183.3   2.5 CL  392.0  93.5 Split   389.7  42.4   42.4 nm  2.226 s
Step    90: OL  997.7  296.0  OA  183.0   7.6 CL  393.2  95.9 Split   390.3  47.4   47.4 nm  2.150 s
Step    91: OL  997.8  294.3  OA  183.4   6.4 CL  396.1  97.6 Split   392.8  50.7   50.7 nm  2.110 s
Step    92: OL  997.8  292.0  OA  184.0  19.8 CL  399.7 104.6 Split   394.7  63.2   63.2 nm  2.191 s
Step    93: OL  997.5  288.9  OA  183.9  27.4 CL  401.2 107.6 Split   395.4  67.9   67.9 nm  2.142 s
Step    94: OL  997.0  285.2  OA  185.2  26.7 CL  400.0 103.7 Split   395.3  61.3   61.3 nm  2.298 s
Step    95: OL  996.4  280.9  OA  187.3  25.8 CL  400.1  99.9 Split   396.4  54.4   54.4 nm  2.177 s
Step    96: OL  995.6  276.0  OA  188.8  26.3 CL  401.1 102.4 Split   396.8  58.7   58.7 nm  2.288 s
Step    97: OL  994.8  270.6  OA  188.3  22.0 CL  401.0 102.3 Split   396.6  58.7   58.7 nm  2.094 s
Step    98: OL  993.8  264.8  OA  186.1  10.2 CL  402.0  99.8 Split   398.3  54.2   54.2 nm  2.165 s
Step    99: OL  992.9  258.8  OA  184.8  19.7 CL  405.9 105.9 Split   400.7  64.8   64.8 nm  2.254 s
Step   100: OL  991.9  252.6  OA  184.7  26.8 CL  409.4 108.8 Split   403.5  69.3   69.3 nm  2.238 s
Step   101: OL  990.9  246.4  OA  186.5  41.9 CL  413.1 114.4 Split   405.8  77.6   77.6 nm  2.315 s
Step   102: OL  990.1  240.4  OA  184.2  36.5 CL  411.5 107.3 Split   406.1  66.4   66.4 nm  2.314 s
Step   103: OL  989.3  234.6  OA  181.8  16.8 CL  407.6  98.3 Split   404.5  50.4   50.4 nm  2.178 s
Step   104: OL  988.7  229.2  OA  181.9  14.2 CL  407.0 101.2 Split   403.1  55.9   55.9 nm  2.083 s
Step   105: OL  988.1  224.3  OA  182.5  15.2 CL  408.4 104.0 Split   403.8  60.8   60.8 nm  2.130 s
Step   106: OL  987.8  220.0  OA  182.4  19.5 CL  410.6 105.7 Split   405.7  63.5   63.5 nm  2.109 s
Step   107: OL  987.6  216.5  OA  180.9  16.8 CL  411.4 104.6 Split   406.8  61.6   61.6 nm  2.226 s
Step   108: OL  987.6  213.7  OA  179.7  16.0 CL  412.6 104.8 Split   408.0  62.0   62.0 nm  2.201 s
Step   109: OL  987.9  211.9  OA  180.6  21.2 CL  413.6 107.4 Split   408.3  66.0   66.0 nm  2.098 s
Step   110: OL  988.2  211.0  OA  180.1  20.2 CL  414.8 107.2 Split   409.6  65.6   65.6 nm  2.197 s
Step   111: OL  988.9  211.1  OA  181.4  14.2 CL  416.8 103.6 Split   412.6  59.3   59.3 nm  2.173 s
Step   112: OL  989.7  212.2  OA  181.1   6.1 CL  416.7 100.0 Split   413.4  52.5   52.5 nm  2.142 s
Step   113: OL  990.8  214.4  OA  181.5   6.5 CL  416.8  95.7 Split   414.6  43.3   43.3 nm  2.051 s
Step   114: OL  992.1  217.6  OA  179.9   9.6 CL  417.5  94.1 Split   415.7  39.3   39.3 nm  2.173 s
Step   115: OL  993.6  222.0  OA  178.6  13.0 CL  419.8  93.6 Split   418.1  37.9   37.9 nm  1.981 s
Step   116: OL  995.4  227.3  OA  180.0  16.3 CL  420.7  91.3 Split   419.5  31.4   31.4 nm  2.138 s
Step   117: OL  997.5  233.7  OA  184.1  19.3 CL  421.0  90.9 Split   420.0  29.9   29.9 nm  2.210 s
Step   118: OL  999.8  241.1  OA  184.1  24.4 CL  421.3  90.3 Split   420.4  27.6   27.6 nm  2.034 s
Step   119: OL 1002.4  249.3  OA  183.4  24.0 CL  422.9  93.7 Split   421.3  37.2   37.2 nm  2.159 s
Step   120: OL 1005.2  258.3  OA  183.1  12.3 CL  423.4  94.8 Split   421.5  39.7   39.7 nm  2.150 s
Step   121: OL 1008.3  268.0  OA  182.7  17.6 CL  423.3  91.5 Split   422.2  30.3   30.3 nm  2.144 s
Step   122: OL 1011.6  278.1  OA  183.4  27.1 CL  422.6  89.0 Split   422.1  20.5   20.5 nm  2.127 s
Step   123: OL 1015.0  288.5  OA  185.1  25.5 CL  425.3  92.3 Split   424.1  31.8   31.8 nm  2.116 s
Step   124: OL 1018.6  299.1  OA  184.4  28.6 CL  427.4  93.2 Split   426.1  34.0   34.0 nm  2.197 s
Step   125: OL 1022.3  309.6  OA  181.1  27.9 CL  427.4  89.6 Split   426.9  21.2   21.2 nm  2.106 s
Step   126: OL 1026.0  319.9  OA  179.6  29.4 CL  429.0  89.3 Split   428.6  19.0   19.0 nm  2.213 s
Step   127: OL 1029.6  329.7  OA  180.8  31.6 CL  430.5  90.1 Split   429.9  21.9   21.9 nm  2.209 s
Step   128: OL 1033.0  338.9  OA  179.1  25.1 CL  432.5  91.0 Split   431.8  25.3   25.3 nm  2.130 s
Step   129: OL 1036.3  347.2  OA  179.7  20.2 CL  432.8  92.2 Split   431.8  29.1   29.1 nm  2.226 s
Step   130: OL 1039.3  354.5  OA  183.2  29.6 CL  433.4  91.9 Split   432.5  27.4   27.4 nm  2.153 s
Step   131: OL 1041.9  360.7  OA  186.8  40.7 CL  433.8  91.4 Split   433.1  24.7   24.7 nm  2.158 s
Step   132: OL 1044.0  365.6  OA  185.3  32.9 CL  434.9  90.0 Split   434.5  18.3   18.3 nm  2.243 s
Step   133: OL 1045.8  369.1  OA  181.7  21.1 CL  437.0  93.0 Split   436.0  29.8   29.8 nm  2.113 s
Step   134: OL 1046.9  371.1  OA  181.4  16.3 CL  438.7  95.0 Split   437.3  35.1   35.1 nm  2.098 s
Step   135: OL 1047.6  371.6  OA  180.5  14.0 CL  439.5  97.6 Split   437.6  41.4   41.4 nm  2.048 s
Step   136: OL 1047.7  370.6  OA  179.3  15.2 CL  442.4 104.2 Split   439.0  55.3   55.3 nm  2.152 s
Step   137: OL 1047.2  368.0  OA  178.7  10.4 CL  443.3 101.8 Split   440.5  50.2   50.2 nm  2.112 s
Step   138: OL 1046.3  364.0  OA  181.0  18.0 CL  445.2 102.3 Split   442.3  50.8   50.8 nm  2.229 s
Step   139: OL 1044.8  358.6  OA  181.8  12.1 CL  447.1 103.0 Split   444.1  52.0   52.0 nm  2.137 s
Step   140: OL 1043.0  351.9  OA  182.4  20.8 CL  450.2 109.0 Split   445.8  63.0   63.0 nm  2.257 s
Step   141: OL 1040.8  344.0  OA  182.3  27.2 CL  453.5 116.2 Split   447.3  74.7   74.7 nm  2.187 s
Step   142: OL 1038.3  335.1  OA  181.4  28.8 CL  454.8 117.3 Split   448.4  76.2   76.2 nm  2.250 s
Step   143: OL 1035.6  325.4  OA  181.0  25.8 CL  453.8 114.4 Split   448.2  71.3   71.3 nm  2.265 s
Step   144: OL 1032.9  315.1  OA  179.8  26.4 CL  452.3 110.0 Split   447.8  63.6   63.6 nm  2.013 s
Step   145: OL 1030.0  304.4  OA  180.7  26.9 CL  453.8 112.6 Split   448.7  67.9   67.9 nm  2.174 s
Step   146: OL 1027.3  293.6  OA  182.7  30.4 CL  456.3 119.5 Split   449.5  78.6   78.6 nm  2.043 s
Step   147: OL 1024.6  282.7  OA  183.7  29.1 CL  458.0 120.2 Split   451.1  79.6   79.6 nm  2.071 s
Step   148: OL 1022.1  272.2  OA  183.5  27.0 CL  460.0 120.9 Split   452.9  80.4   80.4 nm  2.130 s
Step   149: OL 1019.9  262.2  OA  181.4  27.1 CL  462.8 120.2 Split   456.0  79.1   79.1 nm  2.157 s
Step   150: OL 1017.9  252.9  OA  182.8  29.2 CL  465.7 120.6 Split   458.9  79.5   79.5 nm  2.229 s
Step   151: OL 1016.2  244.5  OA  185.1  27.9 CL  463.1 113.3 Split   458.2  67.4   67.4 nm  2.251 s
Step   152: OL 1014.8  237.1  OA  187.8  34.0 CL  462.5 115.4 Split   457.1  70.6   70.6 nm  2.109 s
Step   153: OL 1013.6  230.8  OA  188.4  38.7 CL  465.5 121.1 Split   458.7  79.4   79.4 nm  2.173 s
Step   154: OL 1012.8  225.8  OA  186.1  34.2 CL  466.5 120.5 Split   459.9  78.3   78.3 nm  2.235 s
Step   155: OL 1012.3  222.1  OA  186.3  36.1 CL  466.1 118.1 Split   460.2  74.2   74.2 nm  2.339 s
Step   156: OL 1012.1  219.8  OA  183.1  20.7 CL  465.8 111.2 Split   461.7  62.2   62.2 nm  2.131 s
Step   157: OL 1012.2  218.8  OA  182.4  10.2 CL  466.7 104.6 Split   464.2  48.8   48.8 nm  2.243 s
Step   158: OL 1012.6  219.2  OA  182.3  21.2 CL  465.0  99.6 Split   463.6  36.1   36.1 nm  2.123 s
Step   159: OL 1013.2  221.0  OA  182.9  29.6 CL  465.4  99.3 Split   464.1  34.5   34.5 nm  2.258 s
Step   160: OL 1014.2  224.2  OA  183.1  28.6 CL  468.7 103.4 Split   466.5  44.8   44.8 nm  2.248 s
Step   161: OL 1015.5  228.9  OA  184.8  31.0 CL  469.2 105.2 Split   466.7  48.3   48.3 nm  2.250 s
Step   162: OL 1017.1  234.9  OA  186.3  26.6 CL  470.7 105.0 Split   468.3  47.6   47.6 nm  2.227 s
Step   163: OL 1019.0  242.2  OA  186.4  27.0 CL  473.3 113.9 Split   468.8  64.9   64.9 nm  2.399 s
Step   164: OL 1021.3  250.9  OA  186.4  24.9 CL  474.8 114.3 Split   470.3  65.3   65.3 nm  2.185 s
Step   165: OL 1024.0  260.7  OA  187.0  29.8 CL  475.3 113.0 Split   471.2  62.6   62.6 nm  2.263 s
Step   166: OL 1027.0  271.5  OA  186.3  36.2 CL  476.0 116.0 Split   471.2  67.6   67.6 nm  2.183 s
Step   167: OL 1030.3  283.1  OA  184.6  35.5 CL  477.3 110.4 Split   473.9  56.9   56.9 nm  2.379 s
Step   168: OL 1033.9  295.3  OA  183.6  38.4 CL  478.6 106.4 Split   476.2  48.1   48.1 nm  2.244 s
Step   169: OL 1037.8  307.9  OA  183.1  40.2 CL  479.5 100.9 Split   478.4  33.4   33.4 nm  2.171 s
Step   170: OL 1041.8  320.5  OA  183.8  40.1 CL  481.3 102.0 Split   480.0  36.0   36.0 nm  2.194 s
Step   171: OL 1045.8  333.0  OA  185.4  45.5 CL  482.8 106.2 Split   480.6  46.4   46.4 nm  2.166 s
Step   172: OL 1049.8  344.9  OA  186.8  48.5 CL  482.9 106.5 Split   480.6  46.5   46.5 nm  2.315 s
Step   173: OL 1053.7  356.2  OA  185.7  37.3 CL  482.7 107.9 Split   480.2  49.5   49.5 nm  2.231 s
Step   174: OL 1057.3  366.3  OA  187.4  41.2 CL  483.7 104.1 Split   482.0  39.8   39.8 nm  2.347 s
Step   175: OL 1060.6  375.3  OA  186.1  34.7 CL  486.5 104.0 Split   484.9  39.2   39.2 nm  2.148 s
Step   176: OL 1063.4  382.7  OA  187.2  38.9 CL  487.4 103.4 Split   486.0  37.0   37.0 nm  2.246 s
Step   177: OL 1065.6  388.5  OA  186.2  33.5 CL  487.2 103.0 Split   485.9  35.6   35.6 nm  2.157 s
Step   178: OL 1067.1  392.5  OA  185.3  27.9 CL  487.1 104.2 Split   485.6  38.8   38.8 nm  2.200 s
Step   179: OL 1068.0  394.7  OA  183.9  25.5 CL  489.9 106.1 Split   488.0  43.2   43.2 nm  2.223 s
Step   180: OL 1068.2  394.9  OA  182.0  10.0 CL  493.8 113.0 Split   490.4  58.1   58.1 nm  2.202 s
Step   181: OL 1067.6  393.1  OA  182.4   4.8 CL  495.9 117.8 Split   491.3  66.9   66.9 nm  2.125 s
Step   182: OL 1066.4  389.4  OA  180.8   8.5 CL  496.8 115.9 Split   492.8  63.1   63.1 nm  2.181 s
Step   183: OL 1064.4  383.9  OA  181.4  14.3 CL  498.1 122.4 Split   492.5  74.4   74.4 nm  2.236 s
Step   184: OL 1061.9  376.7  OA  184.5  18.8 CL  498.0 128.5 Split   490.9  84.0   84.0 nm  2.125 s
Step   185: OL 1058.9  368.0  OA  186.5  17.8 CL  497.7 127.1 Split   491.0  81.5   81.5 nm  2.173 s
Step   186: OL 1055.6  358.0  OA  185.9  26.8 CL  500.3 132.6 Split   492.2  89.8   89.8 nm  2.181 s
Step   187: OL 1051.9  346.9  OA  187.2  42.6 CL  503.8 143.7 Split   492.7 105.5  105.5 nm  2.219 s
Step   188: OL 1048.1  335.0  OA  185.7  39.2 CL  505.7 143.5 Split   494.7 105.1  105.1 nm  2.222 s
Step   189: OL 1044.3  322.7  OA  186.8  42.4 CL  508.6 146.7 Split   496.7 109.4  109.4 nm  2.197 s
Step   190: OL 1040.5  310.1  OA  184.8  30.1 CL  507.1 135.5 Split   498.5  93.4   93.4 nm  2.225 s
Step   191: OL 1036.9  297.6  OA  184.8  20.9 CL  507.0 131.3 Split   499.5  87.0   87.0 nm  2.106 s
Step   192: OL 1033.5  285.5  OA  183.8  15.6 CL  506.4 127.1 Split   500.0  80.2   80.2 nm  2.167 s
Step   193: OL 1030.4  274.1  OA  184.6  22.5 CL  508.3 124.2 Split   502.7  75.2   75.2 nm  2.064 s
Step   194: OL 1027.7  263.6  OA  185.8  30.7 CL  508.9 120.3 Split   504.3  68.2   68.2 nm  2.152 s
Step   195: OL 1025.3  254.1  OA  185.5  34.4 CL  510.1 126.1 Split   504.1  77.9   77.9 nm  2.077 s
Step   196: OL 1023.4  246.0  OA  184.5  25.1 CL  510.5 131.7 Split   503.0  86.8   86.8 nm  2.130 s
Step   197: OL 1021.8  239.3  OA  184.0  15.0 CL  512.4 133.1 Split   504.7  88.6   88.6 nm  2.017 s
Step   198: OL 1020.5  234.0  OA  183.5  10.2 CL  513.2 131.0 Split   506.1  85.2   85.2 nm  2.109 s
Step   199: OL 1019.7  230.3  OA  184.7  20.1 CL  514.6 138.6 Split   505.4  96.5   96.5 nm  1.964 s
Step   200: OL 1019.2  228.2  OA  183.5  16.6 CL  513.4 137.1 Split   504.7  94.2   94.2 nm  2.296 s
Step   201: OL 1019.1  227.6  OA  183.4   5.9 CL  511.5 123.5 Split   506.3  72.6   72.6 nm  2.066 s
Step   202: OL 1019.2  228.6  OA  182.4  10.1 CL  513.1 125.1 Split   507.6  74.9   74.9 nm  2.038 s
Step   203: OL 1019.8  231.2  OA  182.6   9.2 CL  514.1 127.4 Split   508.1  78.7   78.7 nm  2.086 s
Step   204: OL 1020.7  235.4  OA  182.8   7.8 CL  514.3 123.7 Split   509.1  72.4   72.4 nm  2.063 s
Step   205: OL 1022.0  241.2  OA  184.9  12.4 CL  515.2 121.6 Split   510.7  68.4   68.4 nm  2.055 s
Step   206: OL 1023.7  248.5  OA  185.8  15.0 CL  516.8 123.9 Split   511.7  72.2   72.2 nm  2.043 s
Step   207: OL 1025.8  257.3  OA  188.5  37.8 CL  517.9 128.7 Split   511.7  79.9   79.9 nm  2.091 s
Step   208: OL 1028.4  267.5  OA  187.6  36.3 CL  518.8 130.5 Split   512.2  82.7   82.7 nm  2.032 s
Step   209: OL 1031.3  279.0  OA  188.1  39.9 CL  516.5 122.5 Split   511.9  69.1   69.1 nm  2.086 s
Step   210: OL 1034.7  291.5  OA  186.6  36.5 CL  518.2 124.6 Split   513.1  72.6   72.6 nm  2.192 s
Step   211: OL 1038.4  304.8  OA  185.4  30.7 CL  520.2 125.7 Split   514.9  74.5   74.5 nm  2.316 s
Step   212: OL 1042.5  318.6  OA  185.3  36.7 CL  520.2 120.0 Split   516.3  64.1   64.1 nm  2.048 s
Step   213: OL 1046.8  332.7  OA  188.1  43.5 CL  520.0 122.3 Split   515.5  68.1   68.1 nm  2.157 s
Step   214: OL 1051.2  346.9  OA  191.2  46.9 CL  519.6 126.6 Split   514.1  75.4   75.4 nm  2.083 s
Step   215: OL 1055.7  360.7  OA  194.0  57.2 CL  518.8 129.3 Split   512.6  79.7   79.7 nm  2.181 s
Step   216: OL 1060.1  373.9  OA  191.0  50.2 CL  518.6 127.5 Split   512.9  76.7   76.7 nm  2.297 s
Step   217: OL 1064.4  386.2  OA  186.6  44.6 CL  520.7 128.1 Split   514.9  77.6   77.6 nm  2.104 s
Step   218: OL 1068.3  397.4  OA  183.6  31.9 CL  520.0 121.6 Split   515.7  66.4   66.4 nm  2.092 s
Step   219: OL 1071.9  407.2  OA  182.3  23.5 CL  520.5 126.4 Split   515.1  74.8   74.8 nm  2.215 s
Step   220: OL 1074.8  415.5  OA  182.7  24.4 CL  522.3 136.5 Split   514.4  90.9   90.9 nm  2.241 s
Step   221: OL 1077.2  422.0  OA  183.3  28.0 CL  523.3 133.4 Split   516.2  86.0   86.0 nm  2.153 s
Step   222: OL 1078.8  426.6  OA  183.3  25.1 CL  523.0 129.0 Split   517.0  78.9   78.9 nm  2.144 s
Step   223: OL 1079.6  429.3  OA  182.8  27.9 CL  523.9 126.5 Split   518.5  74.5   74.5 nm  2.324 s
Step   224: OL 1079.7  430.0  OA  182.1  17.4 CL  524.8 125.7 Split   519.7  73.2   73.2 nm  2.337 s
Step   225: OL 1078.9  428.6  OA  181.8  18.8 CL  523.1 124.8 Split   518.2  71.6   71.6 nm  2.106 s
Step   226: OL 1077.3  425.3  OA  181.5  16.2 CL  522.0 126.9 Split   516.6  75.1   75.1 nm  2.217 s
Step   227: OL 1075.0  420.1  OA  180.9   1.0 CL  525.3 136.9 Split   517.4  91.0   91.0 nm  2.021 s
Step   228: OL 1072.0  413.2  OA  183.9  19.2 CL  529.7 145.7 Split   519.4 104.0  104.0 nm  2.183 s
Step   229: OL 1068.5  404.6  OA  185.6  30.9 CL  533.8 156.5 Split   520.4 118.7  118.7 nm  2.234 s
Step   230: OL 1064.4  394.6  OA  185.2  37.8 CL  536.4 160.8 Split   521.8 124.3  124.3 nm  2.176 s
Step   231: OL 1060.0  383.5  OA  185.8  46.0 CL  537.5 158.2 Split   523.8 120.8  120.8 nm  2.068 s
Step   232: OL 1055.4  371.4  OA  185.2  45.1 CL  537.0 151.7 Split   525.1 112.1  112.1 nm  2.091 s
Step   233: OL 1050.6  358.7  OA  184.7  37.6 CL  537.2 156.9 Split   523.9 119.0  119.0 nm  2.104 s
Step   234: OL 1045.9  345.6  OA  186.6  47.7 CL  540.6 170.3 Split   523.2 136.3  136.3 nm  2.209 s
Step   235: OL 1041.2  332.5  OA  187.4  50.9 CL  539.7 169.4 Split   522.5 135.1  135.1 nm  2.217 s
Step   236: OL 1036.8  319.5  OA  187.5  43.1 CL  537.0 164.6 Split   521.3 128.9  128.9 nm  2.169 s
Step   237: OL 1032.7  307.2  OA  184.5  29.8 CL  535.8 158.6 Split   521.9 121.1  121.1 nm  2.059 s
Step   238: OL 1028.8  295.6  OA  183.2  19.2 CL  533.9 150.6 Split   522.4 110.3  110.3 nm  2.185 s
Step   239: OL 1025.5  285.0  OA  182.8  19.2 CL  534.6 150.3 Split   523.2 109.8  109.8 nm  2.119 s
Step   240: OL 1022.5  275.7  OA  184.2  28.6 CL  536.6 154.0 Split   524.2 114.7  114.7 nm  2.173 s
Step   241: OL 1020.0  267.9  OA  184.5  27.0 CL  535.2 151.4 Split   523.6 111.2  111.2 nm  2.264 s
Step   242: OL 1017.9  261.6  OA  188.5  40.8 CL  536.2 155.8 Split   523.3 117.2  117.2 nm  2.129 s
Step   243: OL 1016.2  257.1  OA  185.7  32.3 CL  535.9 158.9 Split   522.0 121.2  121.2 nm  2.125 s
Step   244: OL 1015.1  254.3  OA  184.3  29.3 CL  538.9 162.5 Split   524.0 125.9  125.9 nm  2.248 s
Step   245: OL 1014.4  253.4  OA  184.2  24.9 CL  538.5 160.6 Split   524.2 123.3  123.3 nm  2.212 s
Step   246: OL 1014.1  254.5  OA  184.1  19.2 CL  537.2 157.0 Split   524.0 118.5  118.5 nm  2.244 s
Step   247: OL 1014.4  257.4  OA  182.2  12.5 CL  536.1 153.1 Split   524.1 113.3  113.3 nm  2.308 s
Step   248: OL 1015.1  262.4  OA  181.1   8.4 CL  534.1 150.0 Split   522.9 108.8  108.8 nm  2.326 s
Step   249: OL 1016.4  269.3  OA  181.3  11.9 CL  531.1 141.5 Split   522.3  96.6   96.6 nm  2.260 s
Step   250: OL 1018.3  278.3  OA  183.9  28.8 CL  529.5 136.2 Split   522.1  88.4   88.4 nm  2.207 s
Step   251: OL 1020.7  289.1  OA  183.4  33.7 CL  529.0 136.5 Split   521.4  88.8   88.8 nm  2.148 s
Step   252: OL 1023.8  301.6  OA  184.2  31.8 CL  529.1 138.7 Split   521.0  92.2   92.2 nm  2.362 s
Step   253: OL 1027.5  315.8  OA  183.1  31.9 CL  529.0 132.4 Split   522.5  82.3   82.3 nm  2.333 s
Step   254: OL 1031.8  331.3  OA  186.1  49.5 CL  529.6 133.6 Split   522.9  84.0   84.0 nm  2.336 s
Step   255: OL 1036.6  347.9  OA  188.8  58.4 CL  532.8 147.4 Split   522.5 104.5  104.5 nm  2.259 s
Step   255 updated high order loop gain: 0.429
Step   255 updated low order loop gain : 0.445
Step   256: OL 1042.0  365.2  OA  190.3  63.2 CL  533.4 150.7 Split   522.1 109.1  109.1 nm  2.128 s
Step   257: OL 1047.7  382.9  OA  188.2  59.4 CL  533.3 151.2 Split   521.9 109.9  109.9 nm  2.375 s
Step   258: OL 1053.7  400.7  OA  187.3  57.1 CL  532.7 151.3 Split   521.2 110.0  110.0 nm  2.329 s
Step   259: OL 1059.8  418.1  OA  185.5  48.4 CL  533.3 152.8 Split   521.4 112.1  112.1 nm  2.262 s
Step   260: OL 1065.8  434.6  OA  185.9  43.6 CL  531.5 149.1 Split   520.7 106.9  106.9 nm  2.298 s
Step   261: OL 1071.6  450.1  OA  184.5  39.8 CL  529.9 140.7 Split   521.4  94.8   94.8 nm  2.231 s
Step   262: OL 1076.9  464.0  OA  181.9  26.6 CL  530.9 141.8 Split   522.1  96.5   96.5 nm  2.204 s
Step   263: OL 1081.5  476.0  OA  181.1  20.5 CL  531.3 142.0 Split   522.4  96.9   96.9 nm  2.118 s
Step   264: OL 1085.2  485.9  OA  181.3  19.6 CL  529.4 142.9 Split   520.2  98.2   98.2 nm  2.094 s
Step   265: OL 1087.9  493.3  OA  181.6  26.2 CL  531.2 147.9 Split   520.7 105.3  105.3 nm  2.284 s
Step   266: OL 1089.4  498.2  OA  180.3  16.5 CL  532.6 153.5 Split   520.4 113.2  113.2 nm  2.153 s
Step   267: OL 1089.7  500.3  OA  179.7  15.9 CL  533.3 162.0 Split   518.6 124.6  124.6 nm  2.266 s
Step   268: OL 1088.7  499.6  OA  179.7  13.5 CL  531.6 160.5 Split   517.3 122.5  122.5 nm  2.205 s
Step   269: OL 1086.3  496.0  OA  179.4  19.5 CL  533.0 165.3 Split   517.2 128.8  128.8 nm  2.234 s
Step   270: OL 1082.7  489.6  OA  181.2  29.5 CL  535.3 172.1 Split   517.4 137.5  137.5 nm  2.149 s
Step   271: OL 1077.9  480.5  OA  181.1  36.7 CL  535.3 169.6 Split   518.1 134.3  134.3 nm  2.121 s
Step   272: OL 1072.0  468.9  OA  181.6  40.1 CL  535.5 171.2 Split   517.8 136.4  136.4 nm  2.075 s
Step   273: OL 1065.3  455.1  OA  179.1  26.9 CL  531.3 154.9 Split   518.7 115.0  115.0 nm  2.156 s
Step   274: OL 1057.9  439.2  OA  178.8  26.0 CL  527.2 143.6 Split   517.8  99.0   99.0 nm  2.114 s
Step   275: OL 1049.9  421.8  OA  178.5  22.4 CL  526.2 140.2 Split   517.7  93.9   93.9 nm  2.120 s
Step   276: OL 1041.8  403.0  OA  177.4  19.3 CL  531.7 156.2 Split   518.8 116.6  116.6 nm  2.216 s
Step   277: OL 1033.5  383.4  OA  180.7  41.1 CL  534.1 167.7 Split   517.6 131.8  131.8 nm  2.203 s
Step   278: OL 1025.5  363.4  OA  186.5  59.1 CL  537.3 180.9 Split   516.4 148.4  148.4 nm  2.158 s
Step   279: OL 1017.7  343.4  OA  185.1  52.1 CL  535.9 179.1 Split   515.6 146.1  146.1 nm  2.179 s
Step   280: OL 1010.4  323.8  OA  180.7  37.0 CL  534.1 171.8 Split   516.2 137.0  137.0 nm  2.234 s
Step   281: OL 1003.8  305.1  OA  178.0  27.1 CL  532.6 165.2 Split   516.9 128.6  128.6 nm  2.193 s
Step   282: OL  997.7  287.7  OA  178.7  38.1 CL  534.3 173.1 Split   516.0 138.6  138.6 nm  2.240 s
Step   283: OL  992.4  271.9  OA  179.3  44.2 CL  534.0 170.8 Split   516.5 135.6  135.6 nm  2.155 s
Step   284: OL  987.8  258.0  OA  179.2  43.6 CL  530.7 165.9 Split   514.7 129.4  129.4 nm  2.197 s
Step   285: OL  983.9  246.2  OA  179.5  36.3 CL  530.3 171.0 Split   512.6 135.9  135.9 nm  2.075 s
Step   286: OL  980.6  236.5  OA  177.6  23.0 CL  529.1 168.0 Split   512.4 132.0  132.0 nm  2.227 s
Step   287: OL  978.0  229.2  OA  177.3   8.0 CL  525.7 157.8 Split   512.2 118.5  118.5 nm  2.113 s
Step   288: OL  975.9  224.1  OA  178.3  13.6 CL  526.1 158.6 Split   512.3 119.7  119.7 nm  2.133 s
Step   289: OL  974.4  221.3  OA  178.3  21.5 CL  529.6 170.1 Split   512.2 134.6  134.6 nm  2.282 s
Step   290: OL  973.3  220.8  OA  180.3  27.7 CL  528.3 175.0 Split   509.2 140.7  140.7 nm  2.224 s
Step   291: OL  972.8  222.5  OA  180.0  24.7 CL  525.0 173.1 Split   506.5 138.4  138.4 nm  2.230 s
Step   292: OL  972.8  226.4  OA  178.6   8.5 CL  520.6 161.9 Split   505.7 123.9  123.9 nm  2.068 s
Step   293: OL  973.3  232.5  OA  179.3  16.8 CL  519.6 157.4 Split   506.1 117.8  117.8 nm  2.157 s
Step   294: OL  974.3  240.8  OA  180.9  31.5 CL  517.9 153.6 Split   505.5 112.5  112.5 nm  2.265 s
Step   295: OL  976.0  251.1  OA  185.1  53.6 CL  513.9 142.9 Split   504.6  97.1   97.1 nm  2.108 s
Step   296: OL  978.3  263.3  OA  181.3  42.2 CL  512.6 134.1 Split   505.7  83.4   83.4 nm  2.241 s
Step   297: OL  981.2  277.2  OA  177.5  30.6 CL  513.8 136.3 Split   506.4  87.1   87.1 nm  2.327 s
Step   298: OL  984.7  292.4  OA  177.8  42.4 CL  513.6 132.0 Split   507.3  79.9   79.9 nm  2.188 s
Step   299: OL  988.7  308.8  OA  180.4  45.8 CL  513.7 138.6 Split   505.6  90.4   90.4 nm  2.184 s
Step   300: OL  993.3  325.9  OA  182.2  45.9 CL  512.3 140.0 Split   503.8  92.5   92.5 nm  2.165 s
Step   301: OL  998.2  343.4  OA  180.7  32.6 CL  510.2 145.1 Split   500.3 100.2  100.2 nm  2.116 s
Step   302: OL 1003.4  360.8  OA  179.6  32.7 CL  511.5 152.9 Split   499.3 111.3  111.3 nm  2.112 s
Step   303: OL 1008.7  377.8  OA  177.7  29.3 CL  511.4 153.2 Split   499.0 111.7  111.7 nm  2.153 s
Step   304: OL 1013.9  394.0  OA  176.4  27.9 CL  511.1 149.8 Split   499.8 106.9  106.9 nm  2.191 s
Step   305: OL 1019.0  409.1  OA  176.4  25.9 CL  510.0 150.4 Split   498.5 107.7  107.7 nm  2.062 s
Step   306: OL 1023.6  422.7  OA  176.9  32.2 CL  509.9 154.9 Split   497.0 113.8  113.8 nm  2.149 s
Step   307: OL 1027.6  434.6  OA  173.8  23.4 CL  511.6 157.8 Split   497.9 117.8  117.8 nm  2.271 s
Step   308: OL 1030.9  444.6  OA  173.5  19.1 CL  510.7 153.8 Split   498.2 112.4  112.4 nm  2.064 s
Step   309: OL 1033.4  452.3  OA  173.3  23.9 CL  509.9 151.2 Split   498.2 108.5  108.5 nm  2.162 s
Step   310: OL 1034.8  457.9  OA  175.1  26.5 CL  511.2 159.7 Split   496.8 120.2  120.2 nm  2.182 s
Step   311: OL 1035.3  461.0  OA  176.9  10.7 CL  507.9 154.5 Split   495.1 113.2  113.2 nm  2.108 s
Step   312: OL 1034.7  461.7  OA  177.4  10.6 CL  507.3 152.6 Split   495.1 110.5  110.5 nm  2.186 s
Step   313: OL 1033.0  460.0  OA  175.9  11.7 CL  508.5 151.5 Split   496.7 108.9  108.9 nm  2.253 s
Step   314: OL 1030.2  456.0  OA  174.5  14.8 CL  508.2 154.1 Split   495.6 112.5  112.5 nm  2.298 s
Step   315: OL 1026.5  449.7  OA  172.1  22.7 CL  511.2 164.8 Split   495.2 126.9  126.9 nm  2.190 s
Step   316: OL 1021.9  441.4  OA  171.4  21.7 CL  512.0 166.2 Split   495.6 128.6  128.6 nm  2.299 s
Step   317: OL 1016.5  431.1  OA  171.9   8.2 CL  510.1 163.5 Split   494.6 125.0  125.0 nm  2.367 s
Step   318: OL 1010.5  419.2  OA  172.7  10.8 CL  509.0 166.9 Split   492.3 129.4  129.4 nm  2.283 s
Step   319: OL 1004.0  405.7  OA  175.3  31.3 CL  509.3 173.5 Split   490.3 137.8  137.8 nm  2.315 s
Step   320: OL  997.2  391.1  OA  178.2  42.1 CL  508.5 176.6 Split   488.3 141.7  141.7 nm  2.306 s
Step   321: OL  990.1  375.6  OA  182.1  55.8 CL  506.6 174.8 Split   487.1 139.4  139.4 nm  2.234 s
Step   322: OL  983.1  359.5  OA  187.3  67.9 CL  509.0 179.5 Split   487.8 145.2  145.2 nm  2.262 s
Step   323: OL  976.1  343.0  OA  182.5  55.8 CL  508.0 174.8 Split   488.5 139.2  139.2 nm  2.339 s
Step   324: OL  969.4  326.6  OA  176.6  43.5 CL  509.2 172.9 Split   490.5 136.7  136.7 nm  2.457 s
Step   325: OL  963.0  310.4  OA  179.0  49.8 CL  509.8 179.5 Split   488.8 145.0  145.0 nm  2.223 s
Step   326: OL  957.0  294.8  OA  181.1  52.1 CL  505.9 175.9 Split   486.0 140.4  140.4 nm  2.236 s
Step   327: OL  951.4  279.9  OA  182.7  52.9 CL  505.3 180.2 Split   483.8 145.8  145.8 nm  2.184 s
Step   328: OL  946.3  266.1  OA  179.3  44.1 CL  501.6 176.5 Split   481.3 141.1  141.1 nm  2.317 s
Step   329: OL  941.8  253.5  OA  178.0  42.3 CL  500.5 180.6 Split   478.7 146.1  146.1 nm  2.215 s
Step   330: OL  937.7  242.3  OA  176.8  40.3 CL  497.7 172.1 Split   478.9 135.3  135.3 nm  2.093 s
Step   331: OL  934.0  232.5  OA  176.9  45.7 CL  500.9 173.3 Split   481.8 136.8  136.8 nm  2.146 s
Step   332: OL  930.9  224.4  OA  175.6  42.8 CL  497.8 167.8 Split   480.6 129.6  129.6 nm  2.104 s
Step   333: OL  928.1  217.8  OA  172.8  35.0 CL  496.7 168.0 Split   479.4 129.8  129.8 nm  2.071 s
Step   334: OL  925.8  212.8  OA  169.9  31.6 CL  496.8 164.6 Split   480.8 125.1  125.1 nm  2.262 s
Step   335: OL  923.8  209.4  OA  168.8  22.1 CL  490.5 151.5 Split   478.7 107.1  107.1 nm  2.128 s
Step   336: OL  922.2  207.6  OA  167.9   4.3 CL  490.6 158.4 Split   476.5 116.5  116.5 nm  2.163 s
Step   337: OL  920.9  207.3  OA  168.5   9.3 CL  492.1 168.2 Split   474.7 129.6  129.6 nm  2.255 s
Step   338: OL  920.0  208.5  OA  169.5   2.4 CL  488.0 163.4 Split   472.2 123.1  123.1 nm  2.312 s
Step   339: OL  919.3  211.1  OA  169.2   6.8 CL  487.1 162.8 Split   471.5 122.3  122.3 nm  2.269 s
Step   340: OL  919.0  215.1  OA  167.3   5.7 CL  488.8 165.8 Split   472.3 126.1  126.1 nm  2.151 s
Step   341: OL  919.1  220.5  OA  168.7  21.0 CL  489.0 165.9 Split   472.5 126.2  126.2 nm  2.254 s
Step   342: OL  919.4  227.1  OA  172.8  41.7 CL  489.7 171.1 Split   471.3 132.8  132.8 nm  2.244 s
Step   343: OL  920.1  234.8  OA  172.6  46.7 CL  488.6 170.3 Split   470.6 131.6  131.6 nm  2.073 s
Step   344: OL  921.1  243.4  OA  167.7  32.8 CL  482.7 161.9 Split   467.4 120.3  120.3 nm  2.144 s
Step   345: OL  922.3  252.9  OA  168.0  35.9 CL  481.7 162.6 Split   466.2 121.3  121.3 nm  2.160 s
Step   346: OL  923.9  262.9  OA  167.8  25.8 CL  481.6 163.5 Split   465.8 122.3  122.3 nm  2.302 s
Step   347: OL  925.6  273.4  OA  170.2  22.1 CL  475.0 151.5 Split   463.2 105.5  105.5 nm  2.281 s
Step   348: OL  927.5  283.9  OA  172.1  31.1 CL  473.4 146.6 Split   463.1  98.2   98.2 nm  2.215 s
Step   349: OL  929.5  294.4  OA  167.2  17.7 CL  477.8 161.6 Split   462.6 119.5  119.5 nm  2.168 s
Step   350: OL  931.5  304.6  OA  167.1  25.2 CL  480.6 170.8 Split   462.2 131.6  131.6 nm  2.207 s
Step   351: OL  933.4  314.2  OA  171.2  42.5 CL  475.1 155.5 Split   462.0 110.6  110.6 nm  2.129 s
Step   352: OL  935.1  323.1  OA  171.0  36.6 CL  472.5 149.1 Split   461.5 101.4  101.4 nm  2.137 s
Step   353: OL  936.6  331.0  OA  169.3  31.1 CL  474.2 156.6 Split   460.7 112.0  112.0 nm  2.232 s
Step   354: OL  937.7  337.8  OA  166.7  20.1 CL  474.5 162.3 Split   459.1 119.9  119.9 nm  2.149 s
Step   355: OL  938.4  343.4  OA  166.4  10.2 CL  472.8 162.8 Split   457.1 120.6  120.6 nm  2.097 s
Step   356: OL  938.6  347.6  OA  166.3  10.4 CL  471.2 162.0 Split   455.8 119.4  119.4 nm  2.142 s
Step   357: OL  938.4  350.5  OA  167.1  18.5 CL  468.0 154.4 Split   455.3 108.6  108.6 nm  2.210 s
Step   358: OL  937.6  351.8  OA  167.2  18.8 CL  468.1 155.8 Split   454.9 110.5  110.5 nm  2.256 s
Step   359: OL  936.2  351.8  OA  165.7   9.1 CL  471.4 168.7 Split   453.7 128.1  128.1 nm  2.280 s
Step   360: OL  934.3  350.3  OA  163.6   7.2 CL  470.3 170.9 Split   451.7 130.9  130.9 nm  2.282 s
Step   361: OL  931.9  347.4  OA  163.6  15.2 CL  468.6 172.2 Split   449.5 132.5  132.5 nm  2.250 s
Step   362: OL  929.0  343.4  OA  163.6  13.1 CL  466.2 168.7 Split   448.4 127.8  127.8 nm  2.200 s
Step   363: OL  925.7  338.2  OA  163.2   8.9 CL  464.9 165.2 Split   448.4 123.0  123.0 nm  2.119 s
Step   364: OL  922.1  332.1  OA  163.8   8.7 CL  466.2 165.8 Split   449.5 123.8  123.8 nm  2.114 s
Step   365: OL  918.3  325.2  OA  166.7  16.1 CL  464.1 160.1 Split   449.4 115.9  115.9 nm  2.062 s
Step   366: OL  914.2  317.7  OA  168.2  23.8 CL  465.7 166.0 Split   448.9 123.8  123.8 nm  2.211 s
Step   367: OL  910.1  309.7  OA  168.3  26.9 CL  467.1 174.7 Split   447.1 135.2  135.2 nm  2.260 s
Step   368: OL  905.9  301.6  OA  167.9  27.3 CL  468.5 181.7 Split   445.7 144.2  144.2 nm  2.108 s
Step   369: OL  901.8  293.5  OA  169.1  35.0 CL  472.1 193.4 Split   444.6 158.6  158.6 nm  2.219 s
Step   370: OL  897.8  285.5  OA  167.9  28.7 CL  469.7 189.5 Split   443.8 153.8  153.8 nm  2.060 s
Step   371: OL  893.9  277.9  OA  165.3  12.5 CL  463.3 175.0 Split   443.1 135.3  135.3 nm  2.181 s
Step   372: OL  890.2  270.7  OA  166.1  20.6 CL  460.0 167.7 Split   442.6 125.6  125.6 nm  2.123 s
Step   373: OL  886.8  264.1  OA  167.7  29.6 CL  463.7 175.1 Split   443.6 135.2  135.2 nm  2.337 s
Step   374: OL  883.6  258.3  OA  165.5  21.6 CL  466.9 181.5 Split   444.4 143.4  143.4 nm  2.299 s
Step   375: OL  880.6  253.3  OA  164.1  12.0 CL  462.0 171.5 Split   443.2 130.4  130.4 nm  2.288 s
Step   376: OL  877.9  249.1  OA  164.1  18.7 CL  460.6 172.0 Split   441.6 130.9  130.9 nm  2.299 s
Step   377: OL  875.4  245.7  OA  166.5  17.1 CL  456.9 169.0 Split   438.9 126.8  126.8 nm  2.166 s

Signal caught: Interrupt: 2 (2)
maos_signal_handler: Interrupt: 2 (2)
Will exit after finishing current time step
