/System/Volumes/Data/mnt/g2/scratch/bpeck/mcao/hybrid/maos -o 2S_mcao_study1A/5rayleigh -c A_mcao_hybrid.conf plot.all=1 plot.setup=1 -O powfs.nwfs=[2 5 3 1] wfs.thetax=[15.0 -15.0 60.0 18.54 -48.54 -48.54 18.54 5 -2.5 -2.5 0] wfs.thetay=[0.0 0.0 0.0 57.06 35.27 -35.27 -57.06 0 4.33 -4.33 0] powfs0_llt.ox = [1.0 -1.0]*6.5 powfs0_llt.oy=[0.0 0.0]*6.5 powfs1_llt.ox = [1.0 0.31 -0.81 -0.81 0.31]*6.5 powfs1_llt.oy=[0.0 0.95 0.59 -0.59 -0.95]*6.5 
Output folder is '2S_mcao_study1A/5rayleigh'.
SRC: /u/bpeck/code/maos v2.9 2.9
BUILT: /u/bpeck/code/maos/build by CLANG (v14.0.0) on 2024/03/22 14:52:24 CPU(F64,+O3) w/o CUDA
Launched at 2024/06/21 16:27:00 in dragon with PID 39224.
The web based job monitor can be accessed at http://localhost:10300
Main config file is /System/Volumes/Data/mnt/g2/scratch/bpeck/mcao/hybrid/A_mcao_hybrid.conf
Warning(path.c:48): Path not found: path=/System/Volumes/Data/mnt/g2/scratch/bpeck/mcao/hybrid/bin; abspath=/System/Volumes/Data/mnt/g2/scratch/bpeck/mcao/hybrid/bin; Ignored.
Warning(path.c:48): Path not found: path=/System/Volumes/Data/mnt/g2/scratch/bpeck/mcao/hybrid/atm; abspath=/System/Volumes/Data/mnt/g2/scratch/bpeck/mcao/hybrid/atm; Ignored.
Warning(readcfg.c:399): sim.apfsm has been renamed to powfs.apfsm.
Warning(readcfg.c:399): sim.epfsm has been renamed to powfs.epfsm.
Warning(readcfg.c:399): sim.alfsm has been renamed to powfs.alfsm.
Warning(readcfg.c:399): sim.commonfsm has been renamed to powfs.commonfsm.
Warning(readcfg.c:399): sim.idealfsm has been renamed to powfs.idealfsm.
Warning(readcfg.c:399): sim.zetafsm has been renamed to powfs.zetafsm.
Warning(readcfg.c:399): sim.f0fsm has been renamed to powfs.f0fsm.
Warning(readcfg.c:399): surf has been renamed to ncpa.surf.
Warning(readcfg.c:399): tsurf has been renamed to ncpa.tsurf.
Warning(readcfg.c:399): sim.ncpa_calib has been renamed to ncpa.calib.
Warning(readcfg.c:399): sim.ncpa_ttr has been renamed to ncpa.ttr.
Warning(readcfg.c:399): sim.ncpa_thetax has been renamed to ncpa.thetax.
Warning(readcfg.c:399): sim.ncpa_thetay has been renamed to ncpa.thetay.
Warning(readcfg.c:399): sim.ncpa_wt has been renamed to ncpa.wt.
Warning(readcfg.c:399): sim.ncpa_hs has been renamed to ncpa.hs.
loaded 139 (133 new) records from '/System/Volumes/Data/mnt/g2/scratch/bpeck/mcao/hybrid/./keck_sim.conf'
loaded  19 ( 19 new) records from '/System/Volumes/Data/mnt/g2/scratch/bpeck/mcao/hybrid/./dm_none.conf'
loaded  19 (  0 new) records from '/System/Volumes/Data/mnt/g2/scratch/bpeck/mcao/hybrid/./keck_DM1.conf'
loaded  19 (  0 new) records from '/System/Volumes/Data/mnt/g2/scratch/bpeck/mcao/hybrid/./keck_DM2.conf'
loaded  19 (  0 new) records from '/System/Volumes/Data/mnt/g2/scratch/bpeck/mcao/hybrid/./keck_DM3.conf'
loaded  19 (  0 new) records from '/System/Volumes/Data/mnt/g2/scratch/bpeck/mcao/hybrid/./keck_DM4.conf'
loaded  19 (  0 new) records from '/System/Volumes/Data/mnt/g2/scratch/bpeck/mcao/hybrid/./keck_DM5.conf'
loaded  19 (  0 new) records from '/System/Volumes/Data/mnt/g2/scratch/bpeck/mcao/hybrid/./keck_DM6.conf'
loaded  19 (  0 new) records from '/System/Volumes/Data/mnt/g2/scratch/bpeck/mcao/hybrid/./keck_DM7.conf'
loaded  19 (  0 new) records from '/System/Volumes/Data/mnt/g2/scratch/bpeck/mcao/hybrid/./keck_DM8.conf'
loaded  19 (  0 new) records from '/System/Volumes/Data/mnt/g2/scratch/bpeck/mcao/hybrid/./keck_DM9.conf'
loaded  19 (  0 new) records from '/System/Volumes/Data/mnt/g2/scratch/bpeck/mcao/hybrid/./keck_DM10.conf'
loaded   0 (  0 new) records from '/System/Volumes/Data/mnt/g2/scratch/bpeck/mcao/hybrid/./keck_dm_multiple.conf'
loaded   7 (  5 new) records from '/System/Volumes/Data/mnt/g2/scratch/bpeck/mcao/hybrid/./atm_mk13n50p_ground_detail.conf'
loaded  69 ( 69 new) records from '/System/Volumes/Data/mnt/g2/scratch/bpeck/mcao/hybrid/./powfs_common.conf'
loaded  44 ( 38 new) records from '/System/Volumes/Data/mnt/g2/scratch/bpeck/mcao/hybrid/./powfs_none.conf'
loaded  45 (  0 new) records from '/System/Volumes/Data/mnt/g2/scratch/bpeck/mcao/hybrid/./keck_shwfs_lgs.conf'
loaded  46 (  0 new) records from '/System/Volumes/Data/mnt/g2/scratch/bpeck/mcao/hybrid/./keck_shwfs_lgs_R20.conf'
loaded  45 (  0 new) records from '/System/Volumes/Data/mnt/g2/scratch/bpeck/mcao/hybrid/./keck_shwfs_ttf_strap.conf'
loaded  44 (  0 new) records from '/System/Volumes/Data/mnt/g2/scratch/bpeck/mcao/hybrid/./keck_shwfs_twfs_lbwfs.conf'
loaded   0 (  0 new) records from '/System/Volumes/Data/mnt/g2/scratch/bpeck/mcao/hybrid/./keck_wfs_hybrid_strap_lbwfs.conf'
loaded  71 ( 71 new) records from '/u/bpeck/code/maos/config/maos/recon.conf'
loaded  80 ( 80 new) records from '/u/bpeck/code/maos/config/maos/dbg.conf'
loaded   4 (  4 new) records from '/System/Volumes/Data/mnt/g2/scratch/bpeck/mcao/hybrid/./keck_fit.conf'
loaded  40 ( 10 new) records from '/System/Volumes/Data/mnt/g2/scratch/bpeck/mcao/hybrid/A_mcao_hybrid.conf'
Overriding plot.all            	0 --> 1
Overriding plot.setup          	0 --> 1
Overriding powfs.nwfs          	[1 1 1 1] --> [2 5 3 1]
Overriding wfs.thetax          	[0 0 0 0] --> [15.0 -15.0 60.0 18.54 -48.54 -48.54 18.54 5 -2.5 -2.5 0]
Overriding wfs.thetay          	[0 0 0 0] --> [0.0 0.0 0.0 57.06 35.27 -35.27 -57.06 0 4.33 -4.33 0]
Overriding powfs0_llt.ox       	[0]*6.5 --> [1.0 -1.0]*6.5
Overriding powfs0_llt.oy       	[0]*6.5 --> [0.0 0.0]*6.5
Overriding powfs1_llt.ox       	[0]*6.5 --> [1.0 0.31 -0.81 -0.81 0.31]*6.5
Overriding powfs1_llt.oy       	[0]*6.5 --> [0.0 0.95 0.59 -0.59 -0.95]*6.5
loaded   9 (  0 new) records from 'command line'
loaded  23 ( 23 new) records from '/System/Volumes/Data/mnt/g2/scratch/bpeck/mcao/hybrid/./keck_llt_CL.conf'
loaded  23 ( 23 new) records from '/System/Volumes/Data/mnt/g2/scratch/bpeck/mcao/hybrid/./keck_llt_CL.conf'
draw_helper started
Adjust LGS range by telescope altitude 4145m.
Zenith angle is 30 degree.
    Scaling turbulence height and LGS hs by sec(za).
    Scaling r0 by cos(za)^(3/5).
    Scaling wind speed and LGS signal level by cos(za).
powfs0: Adjusting dx from 0.0078125 to 0.0077. 
powfs0.llt.fsm: f0=0 Hz, LPF ep=0
powfs1: Adjusting dx from 0.0078125 to 0.0077. 
Warning(parms.c:1929): There are multiple LGS type. parms->ilgspowfs points to the first one
powfs1.llt.fsm: f0=0 Hz, LPF ep=0
powfs3: Adjusting dx from 0.03125 to 0.0385. 
powfs3 is TWFS for powfs0
Warning(parms.c:2297): Layer 1 at 17.3205m is very close to layer 0 at 0m (OK).
Warning(parms.c:2297): Layer 2 at 34.641m is very close to layer 1 at 17.3205m (OK).
Warning(parms.c:2297): Layer 3 at 51.9615m is very close to layer 2 at 34.641m (OK).
Warning(parms.c:2341): Two high order POWFS with different hs found: 99136.8 and 29981.8. Please double check the results.
dm 0: stroke=300 um is provided in micron.
dm 0: assume ia stroke=20 um is provided in micron.
dm 1: stroke=300 um is provided in micron.
dm 1: assume ia stroke=20 um is provided in micron.
dm 2: stroke=300 um is provided in micron.
dm 2: assume ia stroke=20 um is provided in micron.
dm 3: stroke=300 um is provided in micron.
dm 3: assume ia stroke=20 um is provided in micron.
dm 4: stroke=300 um is provided in micron.
dm 4: assume ia stroke=20 um is provided in micron.
dm 5: stroke=300 um is provided in micron.
dm 5: assume ia stroke=20 um is provided in micron.
dm 6: stroke=300 um is provided in micron.
dm 6: assume ia stroke=20 um is provided in micron.
dm 7: stroke=300 um is provided in micron.
dm 7: assume ia stroke=20 um is provided in micron.
dm 8: stroke=300 um is provided in micron.
dm 8: assume ia stroke=20 um is provided in micron.
dm 9: stroke=300 um is provided in micron.
dm 9: assume ia stroke=20 um is provided in micron.
There are 1 valid simulation seeds:  1
Output PSF for 10 directions
Used 475 of 475 supplied keys
[00;00mAperture[00;00m is 11 m with sampling 1/128 m
[00;00mTurbulence at 30 degree zenith angle:[00;00m r0=0.128424m, L0=30m, 14 layers.
    Greenwood freq is 25.1Hz, anisoplanatic angle is 1.58 as
    Sampled 8192x8192 at 1/128m. wind dir is randomized.
    layer 0: ht=      0 m, wt= 0.302, ws=  4.8 m/s
    layer 1: ht=     17 m, wt= 0.154, ws=  5.0 m/s
    layer 2: ht=     35 m, wt= 0.041, ws=  5.4 m/s
    layer 3: ht=     52 m, wt= 0.002, ws=  6.6 m/s
    layer 4: ht=    139 m, wt= 0.021, ws=  6.1 m/s
    layer 5: ht=    231 m, wt= 0.010, ws=  6.1 m/s
    layer 6: ht=    323 m, wt= 0.008, ws=  6.1 m/s
    layer 7: ht=    416 m, wt= 0.005, ws=  6.1 m/s
    layer 8: ht=    508 m, wt= 0.001, ws=  6.1 m/s
    layer 9: ht=    932 m, wt= 0.107, ws=  5.6 m/s
    layer 10: ht=   5022 m, wt= 0.144, ws= 11.1 m/s
    layer 11: ht=   9238 m, wt= 0.093, ws= 19.1 m/s
    layer 12: ht=  13856 m, wt= 0.075, ws=  8.2 m/s
    layer 13: ht=  22518 m, wt= 0.036, ws=  4.8 m/s
[00;00mReconstruction[00;00m: r0=0.128424m L0=30m. 14 layers. use cone coordinate.
    layer 0: ht=      0 m, wt= 0.302
    layer 1: ht=     17 m, wt= 0.154
    layer 2: ht=     35 m, wt= 0.041
    layer 3: ht=     52 m, wt= 0.002
    layer 4: ht=    139 m, wt= 0.021
    layer 5: ht=    231 m, wt= 0.010
    layer 6: ht=    323 m, wt= 0.008
    layer 7: ht=    416 m, wt= 0.005
    layer 8: ht=    508 m, wt= 0.001
    layer 9: ht=    932 m, wt= 0.107
    layer 10: ht=   5022 m, wt= 0.144
    layer 11: ht=   9238 m, wt= 0.093
    layer 12: ht=  13856 m, wt= 0.075
    layer 13: ht=  22518 m, wt= 0.036
[00;00mThere are 4 powfs[00;00m
  powfs0: Order 72, LGS at 99.1 km. Sampling 1/129.87 m. Thres 30%. [00;00mT/T is removed in right hand side in tomography.[00;00m
    Gtilt in reconstruction. Geomtric optics start at 0 with gtilt [00;00m(noisy)[00;00m
  powfs1: Order 72, LGS at  30 km. Sampling 1/129.87 m. Thres 30%. [00;00mT/T is removed in right hand side in tomography.[00;00m
    Gtilt in reconstruction. Geomtric optics start at 0 with gtilt [00;00m(noisy)[00;00m
  powfs2: Order  1, NGS at inf km. Sampling 1/16 m. Thres 30%. 
    Gtilt in reconstruction. Geomtric optics start at 2 with ztilt [00;00m(noisy)[00;00m
  powfs3: Order 72, NGS at inf km. Sampling 1/25.974 m. Thres 50%. 
    Gtilt in reconstruction. Geomtric optics start at 50 with gtilt [00;00m(noisy)[00;00m
[00;00mThere are 11 wfs[00;00m
    wfs 0: type 0, at (  15.00,    0.00) arcsec,  99 km, siglev is 1099.85 bkgrnd is 1.5
    wfs 1: type 0, at ( -15.00,    0.00) arcsec,  99 km, siglev is 1099.85 bkgrnd is 1.5
    wfs 2: type 1, at (  60.00,    0.00) arcsec,  30 km, siglev is 1099.85 bkgrnd is 1.5
    wfs 3: type 1, at (  18.54,   57.06) arcsec,  30 km, siglev is 1099.85 bkgrnd is 1.5
    wfs 4: type 1, at ( -48.54,   35.27) arcsec,  30 km, siglev is 1099.85 bkgrnd is 1.5
    wfs 5: type 1, at ( -48.54,  -35.27) arcsec,  30 km, siglev is 1099.85 bkgrnd is 1.5
    wfs 6: type 1, at (  18.54,  -57.06) arcsec,  30 km, siglev is 1099.85 bkgrnd is 1.5
    wfs 7: type 2, at (   5.00,    0.00) arcsec, inf km, siglev is 64529 bkgrnd is 8.273
    wfs 8: type 2, at (  -2.50,    4.33) arcsec, inf km, siglev is 64529 bkgrnd is 8.273
    wfs 9: type 2, at (  -2.50,   -4.33) arcsec, inf km, siglev is 64529 bkgrnd is 8.273
    wfs 10: type 3, at (   0.00,    0.00) arcsec, inf km, siglev is 1.47933e+08 bkgrnd is 25.25
[00;00mThere are 10 DMs[00;00m
  DM 0 at    0km, actuator pitch 0.154m, offset   0, with 300.000000 micron stroke.
    Normalized cubic influence function with inter-actuator coupling of 0.223
  DM 1 at  0.5km, actuator pitch 0.154m, offset   0, with 300.000000 micron stroke.
    Normalized cubic influence function with inter-actuator coupling of 0.223
  DM 2 at    1km, actuator pitch 0.154m, offset   0, with 300.000000 micron stroke.
    Normalized cubic influence function with inter-actuator coupling of 0.223
  DM 3 at    2km, actuator pitch 0.154m, offset   0, with 300.000000 micron stroke.
    Normalized cubic influence function with inter-actuator coupling of 0.223
  DM 4 at    3km, actuator pitch 0.154m, offset   0, with 300.000000 micron stroke.
    Normalized cubic influence function with inter-actuator coupling of 0.223
  DM 5 at    4km, actuator pitch 0.154m, offset   0, with 300.000000 micron stroke.
    Normalized cubic influence function with inter-actuator coupling of 0.223
  DM 6 at    6km, actuator pitch 0.154m, offset   0, with 300.000000 micron stroke.
    Normalized cubic influence function with inter-actuator coupling of 0.223
  DM 7 at    8km, actuator pitch 0.154m, offset   0, with 300.000000 micron stroke.
    Normalized cubic influence function with inter-actuator coupling of 0.223
  DM 8 at   10km, actuator pitch 0.154m, offset   0, with 300.000000 micron stroke.
    Normalized cubic influence function with inter-actuator coupling of 0.223
  DM 9 at   12km, actuator pitch 0.154m, offset   0, with 300.000000 micron stroke.
    Normalized cubic influence function with inter-actuator coupling of 0.223
[00;00mTomography[00;00m is using CG, with [00;00mNo[00;00m preconditioner, [00;00m40[00;00m iterations, ad hoc split tomo.
[00;00mDM Fitting [00;00mis using CG, with [00;00mNo[00;00m preconditioner, [00;00m10[00;00m iterations
[00;00mThere are 9 fit directions[00;00m
    Fit 0: weight is 0.444, at (   0.00,    0.00) arcsec
    Fit 1: weight is 0.111, at (   7.50,    0.00) arcsec
    Fit 2: weight is 0.111, at (   0.00,    7.50) arcsec
    Fit 3: weight is 0.111, at (  -7.50,    0.00) arcsec
    Fit 4: weight is 0.111, at (   0.00,   -7.50) arcsec
    Fit 5: weight is 0.028, at (   7.50,    7.50) arcsec
    Fit 6: weight is 0.028, at (  -7.50,    7.50) arcsec
    Fit 7: weight is 0.028, at (  -7.50,   -7.50) arcsec
    Fit 8: weight is 0.028, at (   7.50,   -7.50) arcsec
[00;00mThere are 10 evaluation directions[00;00m at sampling 1/128 m.
    Evl 0: weight is 0.100, at (   0.00,    0.00) arcsec
    Evl 1: weight is 0.100, at (   5.00,    0.00) arcsec
    Evl 2: weight is 0.100, at (  10.00,    0.00) arcsec
    Evl 3: weight is 0.100, at (  15.00,    0.00) arcsec
    Evl 4: weight is 0.100, at (  20.00,    0.00) arcsec
    Evl 5: weight is 0.100, at (  25.00,    0.00) arcsec
    Evl 6: weight is 0.100, at (  30.00,    0.00) arcsec
    Evl 7: weight is 0.100, at (  35.00,    0.00) arcsec
    Evl 8: weight is 0.100, at (  45.00,    0.00) arcsec
    Evl 9: weight is 0.100, at (  60.00,    0.00) arcsec
[00;00mSimulation[00;00m start at step 0, end at step 1000, with time step 1/1500s, [00;00mclose loop[00;00m.
After setup_parms:	2.1 MiB.

*** Preparation started at 2024/06/21 16:27:00 in dragon. ***

Using thread pool with 32 threads
Reading aperture amplitude map from KECK.fits
Warning(accphi.c:477): 108578 points not covered by input screen
iwvl 0: Science PSF is using grid size of 2880. The PSF will sum to 6.95167232824563
iwvl 1: Science PSF is using grid size of 2880. The PSF will sum to 6.95167232824563
iwvl 2: Science PSF is using grid size of 2880. The PSF will sum to 6.95167232824563
iwvl 3: Science PSF is using grid size of 2880. The PSF will sum to 6.95167232824563
iwvl 4: Science PSF is using grid size of 2880. The PSF will sum to 6.95167232824563
iwvl 5: Science PSF is using grid size of 2880. The PSF will sum to 6.95167232824563
iwvl 6: Science PSF is using grid size of 2880. The PSF will sum to 6.95167232824563
iwvl 7: Science PSF is using grid size of 2880. The PSF will sum to 6.95167232824563
iwvl 8: Science PSF is using grid size of 2880. The PSF will sum to 6.95167232824563
After setup_aper:	88.1 MiB.

[00;00mSetting up powfs 0 geom[00;00m

There are 20 points in each subaperture of 0.154m.
There are 3142 valid subaperture.

[00;00mSetting up powfs 1 geom[00;00m

There are 20 points in each subaperture of 0.154m.
There are 3142 valid subaperture.

[00;00mSetting up powfs 2 geom[00;00m

There are 176 points in each subaperture of 11m.
There are 1 valid subaperture.

[00;00mSetting up powfs 3 geom[00;00m

There are 4 points in each subaperture of 0.154m.
There are 3105 valid subaperture.
After setup_powfs_init:	292.6 MiB.

[00;00mSetting up reconstructor geometry.[00;00m

PLOC is 147x147, with sampling of 0.08m (not square)
    DM 0: grid is 75 x 75
    DM 1: grid is 76 x 77
    DM 2: grid is 78 x 77
    DM 3: grid is 80 x 77
    DM 4: grid is 82 x 79
    DM 5: grid is 85 x 81
    DM 6: grid is 89 x 83
    DM 7: grid is 93 x 85
    DM 8: grid is 98 x 87
    DM 9: grid is 102 x 89
FLOC is 147x147, with sampling of 0.08m (not square)
Tomography grid is not square:
    layer 0: xloc grid is 147 x 147, sampling is 0.077 m, 17069 points
    layer 1: xloc grid is 147 x 147, sampling is 0.077 m, 17103 points
    layer 2: xloc grid is 147 x 147, sampling is 0.077 m, 17123 points
    layer 3: xloc grid is 147 x 147, sampling is 0.077 m, 17131 points
    layer 4: xloc grid is 148 x 147, sampling is 0.077 m, 17226 points
    layer 5: xloc grid is 148 x 147, sampling is 0.077 m, 17332 points
    layer 6: xloc grid is 148 x 149, sampling is 0.077 m, 17442 points
    layer 7: xloc grid is 150 x 149, sampling is 0.077 m, 17564 points
    layer 8: xloc grid is 150 x 149, sampling is 0.077 m, 17672 points
    layer 9: xloc grid is 152 x 151, sampling is 0.076 m, 18192 points
    layer 10: xloc grid is 178 x 167, sampling is 0.073 m, 23693 points
    layer 11: xloc grid is 207 x 187, sampling is 0.070 m, 30427 points
    layer 12: xloc grid is 241 x 209, sampling is 0.066 m, 39136 points
    layer 13: xloc grid is 319 x 259, sampling is 0.060 m, 59567 points
Setting up surface OPD

[00;00mSetting up reconstructor[00;00m

Low order modes: nmod=2, mffocus=1, ahst_focus=1, indps=0, indastig=0
Low order control includes WFS 7 8 9
Recon NEA: geom(43.24) geom(43.24) geom(43.24) geom(43.24) geom(43.24) geom(43.24) geom(43.24) geom(2.22) geom(2.22) geom(2.22) geom(0.04)  mas
Setup or update control matrix parameters.
RRtwfs svd threshold is 1e-10
Replacing HA by HA*fit->actextrap
Adding piston cr to fit matrix
Adding TT cr on upper DMs to fit matrix.
    dm 0, mode 1: there are 32 slave actuators
    dm 1, mode 1: there are 141 slave actuators
    dm 2, mode 1: there are 255 slave actuators
    dm 3, mode 1: there are 425 slave actuators
    dm 4, mode 1: there are 577 slave actuators
    dm 5, mode 1: there are 747 slave actuators
    dm 6, mode 1: there are 1086 slave actuators
    dm 7, mode 1: there are 1371 slave actuators
    dm 8, mode 1: there are 1682 slave actuators
    dm 9, mode 1: there are 1976 slave actuators
Before assembling fit matrix:	2041.4 MiB.
Building fit->FR
Building fit->FL
Adding tikhonov constraint of 1.0e-07 to FLM
The maximum eigen value is estimated to be around 7.2e-05
DM Fit number of Low rank terms: 37 in LHS
After assemble fit matrix:	8630.8 MiB.
After setup_recon:	8630.8 MiB.

*** Simulation started at 2024/06/21 16:27:54 in dragon. ***

Running seed 1
Converting windshake PSD to time series.
DM cache with grid 1/25.974m 1/25.974m 1/25.974m 1/25.974m 1/25.974m 1/25.974m 1/25.974m 1/25.974m 1/25.974m 1/25.974m
Wind dir: 267.3 261.7 167.0 130.5 300.7  32.3 119.8 139.0 150.8 277.7 203.0 133.1  45.9 265.1 deg
Using /u/bpeck/.aos/cache/atm/vonkarman_14_8192x8192_0.0078125_1115374592d.bin
After genatm:	8786.6 MiB.
Step     #  Open Loop  PR TT  On axis  PR TT  Field RMS PR TT Split     HIGH   TT    LOW     Timing 
Step     0: OL  905.4  310.2  OA  905.5 314.9 CL  905.4 310.2 Split   855.0 297.8  297.8 nm  0.601 s
Step     1: OL  906.3  311.3  OA  907.5 316.6 CL  906.3 311.3 Split   855.6 298.9  298.9 nm  2.467 s
Step     2: OL  906.6  310.3  OA  635.0 217.5 CL  674.8 226.6 Split   641.5 209.4  209.4 nm  2.458 s
Step     3: OL  906.1  307.0  OA  424.3 235.2 CL  504.4 254.8 Split   444.4 238.7  238.7 nm  2.468 s
Step     4: OL  904.9  301.6  OA  395.5 319.6 CL  484.6 337.7 Split   359.2 325.3  325.3 nm  2.449 s
Step     5: OL  903.1  294.2  OA  387.6 327.4 CL  478.8 346.1 Split   343.4 333.7  333.7 nm  2.445 s
Step     6: OL  900.7  284.9  OA  305.8 231.9 CL  414.3 257.3 Split   337.5 240.3  240.3 nm  2.437 s
Step     7: OL  897.9  273.9  OA  223.4 109.3 CL  353.3 151.6 Split   332.2 120.3  120.3 nm  2.452 s
Step     8: OL  894.8  261.4  OA  197.6  25.8 CL  331.8  98.6 Split   330.0  34.3   34.3 nm  2.458 s
Step     9: OL  891.5  247.7  OA  199.3  22.1 CL  330.2  94.2 Split   329.8  17.2   17.2 nm  2.467 s
Step    10: OL  888.2  233.0  OA  198.1  16.1 CL  331.4  96.0 Split   330.5  25.0   25.0 nm  2.460 s
Step    11: OL  885.0  217.8  OA  198.0  37.2 CL  334.7 106.2 Split   330.7  51.6   51.6 nm  2.441 s
Step    12: OL  882.0  202.3  OA  201.1  60.3 CL  339.8 119.1 Split   331.6  74.2   74.2 nm  2.451 s
Step    13: OL  879.2  186.9  OA  201.0  70.5 CL  342.6 125.4 Split   332.2  83.4   83.4 nm  2.451 s
Step    14: OL  876.8  172.1  OA  201.5  74.5 CL  344.6 129.1 Split   333.1  88.6   88.6 nm  2.456 s
Step    15: OL  874.8  158.0  OA  193.8  56.5 CL  341.3 118.4 Split   333.8  71.5   71.5 nm  2.461 s
Step    16: OL  873.2  145.2  OA  188.9  42.9 CL  339.4 111.3 Split   334.5  58.0   58.0 nm  2.450 s
Step    17: OL  872.1  134.0  OA  185.6  33.6 CL  338.7 107.2 Split   335.2  48.4   48.4 nm  2.473 s
Step    18: OL  871.3  124.4  OA  183.3  30.9 CL  339.1 106.8 Split   335.9  46.6   46.6 nm  2.473 s
Step    19: OL  870.9  116.7  OA  183.8  39.0 CL  340.8 111.0 Split   336.3  55.0   55.0 nm  2.477 s
Step    20: OL  870.8  110.8  OA  183.0  41.8 CL  341.7 111.9 Split   337.0  56.2   56.2 nm  3.267 s
Step    21: OL  870.9  106.6  OA  181.3  39.0 CL  341.9 110.8 Split   337.7  53.4   53.4 nm  3.033 s
Step    22: OL  871.3  103.8  OA  179.2  32.0 CL  341.1 106.4 Split   338.4  42.6   42.6 nm  3.040 s
Step    23: OL  871.7  102.3  OA  177.2  22.8 CL  340.7 103.8 Split   339.0  34.3   34.3 nm  3.000 s
Step    24: OL  872.3  101.7  OA  175.8  13.3 CL  340.2 100.5 Split   339.6  19.9   19.9 nm  3.005 s
Step    25: OL  873.0  101.9  OA  175.4  11.2 CL  339.5  99.1 Split   339.4   8.8    8.8 nm  3.051 s
Step    26: OL  873.8  102.9  OA  176.4  21.0 CL  340.2  99.3 Split   340.2   2.7    2.7 nm  3.064 s
Step    27: OL  874.7  104.8  OA  176.2  25.6 CL  341.4 100.4 Split   341.3  11.1   11.1 nm  3.101 s
Step    28: OL  875.7  107.8  OA  174.4  18.5 CL  342.1 100.3 Split   342.1   5.0    5.0 nm  3.120 s
Step    29: OL  876.9  111.9  OA  174.1  21.9 CL  342.7 100.7 Split   342.7   2.3    2.3 nm  3.076 s
Step    30: OL  878.3  117.4  OA  174.9  29.3 CL  343.4 101.5 Split   343.3   7.3    7.3 nm  3.087 s
Step    31: OL  879.9  124.2  OA  177.1  42.9 CL  345.0 104.8 Split   344.0  25.5   25.5 nm  3.124 s
Step    32: OL  881.7  132.5  OA  177.0  48.4 CL  345.6 106.6 Split   344.2  30.8   30.8 nm  3.093 s
Step    33: OL  883.8  142.0  OA  174.6  41.8 CL  345.4 105.6 Split   344.4  25.8   25.8 nm  3.139 s
Step    34: OL  886.3  152.6  OA  174.0  43.2 CL  345.7 106.4 Split   344.6  27.9   27.9 nm  3.109 s
Step    35: OL  888.9  163.9  OA  171.7  35.5 CL  345.4 105.1 Split   344.7  21.0   21.0 nm  3.102 s
Step    36: OL  891.8  175.7  OA  172.3  40.1 CL  345.9 106.1 Split   345.1  24.1   24.1 nm  3.144 s
Step    37: OL  894.9  187.6  OA  172.3  40.5 CL  346.0 106.2 Split   345.3  23.2   23.2 nm  3.101 s
Step    38: OL  898.1  199.3  OA  171.7  36.0 CL  346.2 105.4 Split   345.8  16.3   16.3 nm  3.075 s
Step    39: OL  901.2  210.5  OA  173.2  43.5 CL  347.0 106.5 Split   346.5  19.1   19.1 nm  3.027 s
Step    40: OL  904.4  220.9  OA  171.8  41.6 CL  347.4 106.6 Split   347.0  16.8   16.8 nm  3.159 s
Step    41: OL  907.3  230.1  OA  170.1  33.8 CL  347.7 106.3 Split   347.5  11.6   11.6 nm  3.063 s
Step    42: OL  910.0  238.1  OA  170.2  36.8 CL  348.4 106.7 Split   348.2  11.1   11.1 nm  3.079 s
Step    43: OL  912.4  244.5  OA  169.4  33.0 CL  348.6 107.2 Split   348.4  11.8   11.8 nm  3.100 s
Step    44: OL  914.3  249.2  OA  167.9  27.8 CL  348.5 107.2 Split   348.4   7.9    7.9 nm  3.114 s
Step    45: OL  915.7  252.2  OA  168.0  33.3 CL  348.9 107.7 Split   348.9   6.3    6.3 nm  3.114 s
Step    46: OL  916.7  253.3  OA  165.5  27.1 CL  349.6 108.0 Split   349.5   4.1    4.1 nm  3.134 s
Step    47: OL  917.1  252.5  OA  164.4  21.3 CL  350.3 108.7 Split   350.2  10.1   10.1 nm  3.123 s
Step    48: OL  917.0  249.8  OA  163.6   9.6 CL  352.0 111.3 Split   351.1  24.5   24.5 nm  3.082 s
Step    49: OL  916.4  245.3  OA  164.0   5.5 CL  353.0 113.9 Split   351.4  33.5   33.5 nm  3.135 s
Step    50: OL  915.4  239.0  OA  165.1  19.0 CL  354.4 118.7 Split   351.3  46.7   46.7 nm  3.069 s
Step    51: OL  914.1  231.2  OA  165.5  23.2 CL  354.6 118.5 Split   351.7  45.3   45.3 nm  3.181 s
Step    52: OL  912.4  222.0  OA  166.1  30.5 CL  356.3 123.4 Split   351.8  56.3   56.3 nm  3.100 s
Step    53: OL  910.6  211.7  OA  165.8  34.9 CL  357.8 126.6 Split   352.4  62.1   62.1 nm  3.100 s
Step    54: OL  908.7  200.4  OA  165.6  40.4 CL  358.3 127.7 Split   352.6  63.3   63.3 nm  3.113 s
Step    55: OL  906.8  188.5  OA  161.4  29.1 CL  357.4 125.0 Split   352.8  56.8   56.8 nm  3.099 s
Step    56: OL  905.0  176.4  OA  163.0  37.9 CL  358.8 128.1 Split   353.3  62.4   62.4 nm  3.039 s
Step    57: OL  903.4  164.4  OA  165.4  45.8 CL  361.0 132.7 Split   354.0  70.8   70.8 nm  3.090 s
Step    58: OL  902.1  152.8  OA  162.3  34.5 CL  359.4 126.6 Split   354.8  57.4   57.4 nm  3.084 s
Step    59: OL  901.0  142.1  OA  162.3  37.5 CL  360.4 128.5 Split   355.3  60.5   60.5 nm  3.078 s
Step    60: OL  900.2  132.7  OA  164.4  45.5 CL  362.3 133.0 Split   355.8  68.7   68.7 nm  3.140 s
Step    61: OL  899.7  124.8  OA  164.4  45.9 CL  363.1 134.8 Split   356.1  71.3   71.3 nm  3.103 s
Step    62: OL  899.6  118.8  OA  161.0  31.6 CL  360.5 127.5 Split   356.2  55.2   55.2 nm  3.076 s
Step    63: OL  899.8  114.8  OA  159.6  27.0 CL  360.1 125.6 Split   356.7  49.4   49.4 nm  3.100 s
Step    64: OL  900.1  112.5  OA  159.9  30.9 CL  361.6 129.5 Split   356.9  58.0   58.0 nm  3.065 s
Step    65: OL  900.7  111.8  OA  160.3  34.2 CL  362.6 132.1 Split   357.2  62.7   62.7 nm  3.090 s
Step    66: OL  901.5  112.3  OA  159.8  29.5 CL  362.5 130.6 Split   357.7  58.7   58.7 nm  3.051 s
Step    67: OL  902.3  113.5  OA  159.2  30.4 CL  362.9 130.9 Split   358.2  58.2   58.2 nm  3.123 s
Step    68: OL  903.2  115.1  OA  158.0  26.5 CL  362.5 129.4 Split   358.6  53.7   53.7 nm  3.105 s
Step    69: OL  904.1  116.8  OA  156.6  16.9 CL  361.5 127.0 Split   358.5  46.3   46.3 nm  3.096 s
Step    70: OL  904.9  118.1  OA  156.3  13.1 CL  360.8 124.7 Split   358.7  38.3   38.3 nm  3.071 s
Step    71: OL  905.7  119.1  OA  155.4  11.9 CL  360.9 124.9 Split   359.0  37.1   37.1 nm  3.114 s
Step    72: OL  906.5  119.6  OA  156.9  23.6 CL  361.7 125.8 Split   359.7  38.0   38.0 nm  3.156 s
Step    73: OL  907.2  119.7  OA  155.5  13.2 CL  361.2 123.9 Split   360.1  29.0   29.0 nm  3.110 s
Step    74: OL  907.8  119.4  OA  155.9  20.7 CL  361.0 122.3 Split   360.6  17.7   17.7 nm  3.185 s
Step    75: OL  908.5  118.8  OA  153.9  15.6 CL  362.7 124.2 Split   361.8  25.2   25.2 nm  3.179 s
Step    76: OL  909.1  118.3  OA  153.3  20.3 CL  363.2 124.0 Split   362.6  20.3   20.3 nm  3.078 s
Step    77: OL  909.7  117.9  OA  151.5  14.8 CL  364.5 126.4 Split   363.3  28.9   28.9 nm  3.120 s
Step    78: OL  910.4  118.0  OA  150.4   3.5 CL  365.5 129.3 Split   363.6  37.9   37.9 nm  3.147 s
Step    79: OL  911.2  118.9  OA  151.0  13.9 CL  365.1 127.3 Split   364.0  28.0   28.0 nm  3.127 s
Step    80: OL  912.2  120.6  OA  151.1  13.4 CL  365.0 128.2 Split   363.8  30.1   30.1 nm  3.186 s
Step    81: OL  913.2  123.3  OA  152.0  19.5 CL  365.0 128.5 Split   363.9  29.0   29.0 nm  3.071 s
Step    82: OL  914.4  127.1  OA  151.6  22.1 CL  365.7 130.9 Split   363.8  36.8   36.8 nm  3.136 s
Step    83: OL  915.8  131.9  OA  150.7  20.5 CL  365.8 130.5 Split   364.2  33.8   33.8 nm  3.257 s
Step    84: OL  917.3  137.5  OA  152.7  34.7 CL  367.1 133.3 Split   364.7  41.8   41.8 nm  3.051 s
Step    85: OL  919.0  143.7  OA  152.5  35.8 CL  367.9 135.2 Split   364.9  46.4   46.4 nm  3.152 s
Step    86: OL  920.8  150.3  OA  154.9  45.2 CL  368.4 135.9 Split   365.5  46.7   46.7 nm  3.093 s
Step    87: OL  922.6  157.1  OA  155.1  43.5 CL  368.6 135.6 Split   365.9  44.4   44.4 nm  3.111 s
Step    88: OL  924.4  163.8  OA  153.1  35.6 CL  369.1 135.7 Split   366.5  43.4   43.4 nm  3.137 s
Step    89: OL  926.3  170.1  OA  150.1  22.7 CL  370.0 137.5 Split   367.0  47.2   47.2 nm  3.106 s
Step    90: OL  928.1  175.8  OA  150.1  28.1 CL  371.4 140.8 Split   367.3  54.7   54.7 nm  3.024 s
Step    91: OL  929.7  180.9  OA  149.2  23.6 CL  371.2 137.9 Split   368.5  44.9   44.9 nm  3.086 s
Step    92: OL  931.3  185.0  OA  148.7   8.2 CL  371.8 138.6 Split   369.0  46.2   46.2 nm  3.083 s
Step    93: OL  932.6  188.1  OA  148.3  10.3 CL  372.1 138.1 Split   369.7  42.7   42.7 nm  3.229 s
Step    94: OL  933.7  190.1  OA  148.3  16.9 CL  372.3 136.9 Split   370.5  35.9   35.9 nm  3.139 s
Step    95: OL  934.6  191.0  OA  148.5  20.8 CL  372.4 136.6 Split   371.0  33.0   33.0 nm  3.062 s
Step    96: OL  935.2  190.6  OA  147.5  11.7 CL  373.2 139.3 Split   370.9  41.1   41.1 nm  3.102 s
Step    97: OL  935.6  189.1  OA  148.6  14.6 CL  374.3 140.8 Split   371.6  44.8   44.8 nm  3.092 s
Step    98: OL  935.8  186.3  OA  148.7  12.9 CL  376.6 145.7 Split   372.2  57.3   57.3 nm  3.134 s
Step    99: OL  935.7  182.6  OA  148.9  15.8 CL  378.2 147.8 Split   373.2  61.1   61.1 nm  3.105 s
Step   100: OL  935.5  177.8  OA  150.8  24.0 CL  379.7 149.8 Split   374.2  64.8   64.8 nm  3.141 s
Step   101: OL  935.2  172.3  OA  152.9  39.1 CL  380.6 150.5 Split   375.0  65.2   65.2 nm  3.089 s
Step   102: OL  934.8  166.2  OA  152.3  37.2 CL  379.7 146.9 Split   375.8  54.4   54.4 nm  3.094 s
Step   103: OL  934.4  159.8  OA  150.9  32.1 CL  379.4 145.4 Split   376.4  48.1   48.1 nm  3.083 s
Step   104: OL  934.1  153.4  OA  151.8  35.5 CL  380.8 148.5 Split   376.7  55.6   55.6 nm  3.102 s
Step   105: OL  933.8  147.3  OA  151.0  33.0 CL  383.3 153.8 Split   377.3  67.4   67.4 nm  3.077 s
Step   106: OL  933.7  142.0  OA  151.5  36.4 CL  384.0 155.0 Split   377.8  69.2   69.2 nm  3.098 s
Step   107: OL  933.7  137.7  OA  149.3  30.1 CL  386.2 158.1 Split   378.8  74.9   74.9 nm  3.073 s
Step   108: OL  934.0  134.8  OA  148.9  29.2 CL  387.4 160.1 Split   379.5  78.0   78.0 nm  3.061 s
Step   109: OL  934.6  133.6  OA  154.3  50.0 CL  390.4 166.5 Split   379.9  89.9   89.9 nm  3.088 s
Step   110: OL  935.3  134.1  OA  156.0  58.1 CL  394.2 174.2 Split   380.6 102.8  102.8 nm  3.112 s
Step   111: OL  936.4  136.3  OA  155.2  55.6 CL  394.9 175.6 Split   380.8 104.7  104.7 nm  3.077 s
Step   112: OL  937.6  140.0  OA  155.4  57.6 CL  396.9 180.3 Split   380.8 111.8  111.8 nm  3.102 s
Step   113: OL  939.0  144.9  OA  151.2  45.2 CL  393.9 173.3 Split   381.2  99.0   99.0 nm  3.077 s
Step   114: OL  940.6  150.5  OA  148.6  35.9 CL  390.3 165.3 Split   381.3  83.2   83.2 nm  3.114 s
Step   115: OL  942.3  156.5  OA  150.2  41.2 CL  389.1 161.3 Split   382.0  73.9   73.9 nm  3.075 s
Step   116: OL  944.0  162.6  OA  150.7  42.3 CL  389.3 160.9 Split   382.6  72.0   72.0 nm  3.064 s
Step   117: OL  945.7  168.3  OA  148.3  32.1 CL  390.1 162.1 Split   383.0  73.9   73.9 nm  3.110 s
Step   118: OL  947.3  173.4  OA  146.8  24.6 CL  391.2 163.5 Split   383.8  75.6   75.6 nm  3.116 s
Step   119: OL  948.7  177.7  OA  146.3  21.5 CL  392.7 166.0 Split   384.5  79.6   79.6 nm  3.089 s
Step   120: OL  950.0  181.0  OA  145.6  25.9 CL  391.7 163.6 Split   384.7  73.4   73.4 nm  3.247 s
Step   121: OL  951.1  183.1  OA  144.5  27.2 CL  389.4 157.9 Split   385.1  57.7   57.7 nm  3.109 s
Step   122: OL  951.9  184.1  OA  143.5  25.7 CL  389.1 156.5 Split   385.6  51.6   51.6 nm  3.051 s
Step   123: OL  952.5  183.8  OA  142.2  13.0 CL  391.4 161.0 Split   386.3  62.9   62.9 nm  3.111 s
Step   124: OL  952.8  182.3  OA  142.5  10.5 CL  392.0 162.5 Split   386.5  65.7   65.7 nm  3.184 s
Step   125: OL  953.0  179.7  OA  142.4  16.1 CL  391.4 161.1 Split   386.7  60.8   60.8 nm  3.169 s
Step   126: OL  952.9  176.1  OA  143.0  21.3 CL  392.2 161.3 Split   387.6  59.9   59.9 nm  3.066 s
Step   127: OL  952.8  171.8  OA  144.1  26.6 CL  392.1 159.9 Split   388.3  54.7   54.7 nm  3.134 s
Step   128: OL  952.6  167.0  OA  144.6  26.1 CL  393.3 161.5 Split   389.1  57.6   57.6 nm  3.080 s
Step   129: OL  952.3  162.0  OA  145.1  21.1 CL  395.6 166.2 Split   389.6  69.0   69.0 nm  3.124 s
Step   130: OL  952.1  157.2  OA  145.9  28.4 CL  397.9 170.7 Split   390.1  78.0   78.0 nm  3.101 s
Step   131: OL  952.0  152.8  OA  148.0  40.4 CL  399.2 173.4 Split   390.6  82.3   82.3 nm  3.110 s
Step   132: OL  952.1  149.3  OA  149.2  45.7 CL  398.9 171.3 Split   391.6  76.2   76.2 nm  3.106 s
Step   133: OL  952.3  146.9  OA  147.3  40.9 CL  399.3 171.6 Split   392.1  75.4   75.4 nm  3.119 s
Step   134: OL  952.7  145.7  OA  148.6  46.1 CL  397.7 167.8 Split   392.4  64.8   64.8 nm  3.045 s
Step   135: OL  953.3  145.9  OA  146.3  38.8 CL  398.2 169.0 Split   392.5  67.0   67.0 nm  3.090 s
Step   136: OL  954.1  147.3  OA  147.8  44.9 CL  398.5 169.2 Split   392.9  66.4   66.4 nm  3.068 s
Step   137: OL  955.1  149.8  OA  149.4  48.5 CL  399.3 169.9 Split   393.7  66.8   66.8 nm  3.049 s
Step   138: OL  956.2  153.0  OA  145.8  35.9 CL  400.9 172.3 Split   394.5  71.5   71.5 nm  3.126 s
Step   139: OL  957.3  156.6  OA  143.2  24.3 CL  403.3 177.4 Split   394.9  82.1   82.1 nm  3.149 s
Step   140: OL  958.5  160.2  OA  142.9  18.9 CL  403.2 177.5 Split   394.9  81.5   81.5 nm  3.149 s
Step   141: OL  959.6  163.5  OA  143.6  13.5 CL  405.1 182.1 Split   394.9  90.1   90.1 nm  3.114 s
Step   142: OL  960.6  166.3  OA  145.4  20.2 CL  405.6 182.8 Split   395.4  90.6   90.6 nm  3.200 s
Step   143: OL  961.5  168.3  OA  147.4  27.1 CL  407.6 185.3 Split   396.5  94.4   94.4 nm  3.049 s
Step   144: OL  962.2  169.4  OA  147.6  28.5 CL  406.7 181.6 Split   397.6  85.3   85.3 nm  3.188 s
Step   145: OL  962.8  169.5  OA  145.2  18.1 CL  408.7 185.0 Split   398.4  91.2   91.2 nm  3.159 s
Step   146: OL  963.1  168.6  OA  143.2   3.6 CL  412.0 192.0 Split   398.7 103.9  103.9 nm  3.140 s
Step   147: OL  963.3  166.8  OA  143.5   9.8 CL  412.9 193.5 Split   399.2 105.5  105.5 nm  3.173 s
Step   148: OL  963.4  164.4  OA  145.0  20.8 CL  416.1 199.4 Split   399.8 115.3  115.3 nm  3.082 s
Step   149: OL  963.4  161.5  OA  146.4  25.8 CL  414.8 196.2 Split   400.3 108.7  108.7 nm  3.177 s
Step   150: OL  963.4  158.6  OA  146.8  26.7 CL  412.5 190.9 Split   400.8  97.7   97.7 nm  3.203 s
Step   151: OL  963.4  156.0  OA  148.7  33.2 CL  409.6 184.0 Split   401.3  82.0   82.0 nm  3.163 s
Step   152: OL  963.6  154.1  OA  149.5  35.7 CL  410.8 186.0 Split   401.9  85.2   85.2 nm  3.078 s
Step   153: OL  963.9  153.4  OA  148.2  31.0 CL  414.0 192.2 Split   402.4  97.2   97.2 nm  3.119 s
Step   154: OL  964.4  154.0  OA  148.6  33.4 CL  417.6 198.4 Split   403.4 108.1  108.1 nm  3.135 s
Step   155: OL  965.2  156.3  OA  151.4  44.1 CL  417.9 197.6 Split   404.3 105.7  105.7 nm  3.082 s
Step   156: OL  966.3  160.1  OA  154.2  53.6 CL  419.8 199.5 Split   405.6 108.3  108.3 nm  3.155 s
Step   157: OL  967.6  165.4  OA  150.6  43.9 CL  421.4 201.3 Split   406.7 110.6  110.6 nm  3.108 s
Step   158: OL  969.1  171.7  OA  148.3  34.9 CL  421.2 199.2 Split   407.8 105.5  105.5 nm  3.133 s
Step   159: OL  970.7  178.7  OA  145.8  17.1 CL  424.6 205.2 Split   408.5 115.7  115.7 nm  3.153 s
Step   160: OL  972.5  186.0  OA  145.4  10.2 CL  426.7 208.5 Split   409.3 120.7  120.7 nm  3.101 s
Step   161: OL  974.2  193.2  OA  145.9  15.6 CL  428.9 212.6 Split   409.7 126.9  126.9 nm  3.180 s
Step   162: OL  975.9  199.8  OA  146.7  18.1 CL  429.9 216.0 Split   409.0 132.3  132.3 nm  3.112 s
Step   163: OL  977.4  205.5  OA  148.5  29.1 CL  433.3 223.3 Split   408.9 143.4  143.4 nm  3.152 s
Step   164: OL  978.8  210.1  OA  148.9  28.5 CL  432.2 220.8 Split   409.3 138.7  138.7 nm  3.090 s
Step   165: OL  979.8  213.3  OA  147.8  24.0 CL  431.6 218.9 Split   410.0 134.8  134.8 nm  3.076 s
Step   166: OL  980.5  215.1  OA  146.7  12.9 CL  433.0 220.8 Split   410.7 137.1  137.1 nm  3.131 s
Step   167: OL  980.8  215.3  OA  146.4   6.6 CL  431.0 216.5 Split   411.1 129.3  129.3 nm  3.214 s
Step   168: OL  980.9  214.0  OA  146.9   5.8 CL  429.0 212.6 Split   411.4 121.8  121.8 nm  3.100 s
Step   169: OL  980.6  211.3  OA  147.7  13.1 CL  428.9 211.4 Split   412.2 118.5  118.5 nm  3.110 s
Step   170: OL  980.0  207.2  OA  148.0  17.8 CL  431.2 215.5 Split   412.7 124.8  124.8 nm  3.082 s
Step   171: OL  979.2  202.2  OA  150.3  30.2 CL  433.1 218.5 Split   413.5 128.9  128.9 nm  3.069 s
Step   172: OL  978.3  196.3  OA  153.7  44.5 CL  434.4 221.2 Split   413.6 132.6  132.6 nm  3.141 s
Step   173: OL  977.3  190.0  OA  151.9  38.6 CL  433.3 218.7 Split   414.0 127.9  127.9 nm  3.113 s
Step   174: OL  976.3  183.5  OA  152.3  39.8 CL  433.6 219.3 Split   414.3 128.0  128.0 nm  3.089 s
Step   175: OL  975.4  177.4  OA  154.4  46.4 CL  434.5 220.6 Split   414.7 129.5  129.5 nm  3.128 s
Step   176: OL  974.7  171.9  OA  158.7  57.9 CL  435.6 222.2 Split   415.2 131.6  131.6 nm  3.138 s
Step   177: OL  974.1  167.4  OA  157.4  54.5 CL  434.1 218.7 Split   415.8 124.9  124.9 nm  3.153 s
Step   178: OL  973.8  164.0  OA  154.4  43.2 CL  433.4 217.2 Split   416.0 121.5  121.5 nm  3.140 s
Step   179: OL  973.7  161.9  OA  153.7  40.8 CL  437.3 225.0 Split   416.1 134.5  134.5 nm  3.117 s
Step   180: OL  973.7  161.0  OA  151.6  35.7 CL  440.1 231.0 Split   415.9 144.1  144.1 nm  3.203 s
Step   181: OL  974.0  161.1  OA  150.7  31.9 CL  439.6 230.0 Split   416.0 142.0  142.0 nm  3.152 s
Step   182: OL  974.3  162.0  OA  153.3  39.7 CL  436.3 222.6 Split   416.8 129.1  129.1 nm  3.121 s
Step   183: OL  974.8  163.5  OA  153.0  35.6 CL  434.6 219.3 Split   416.9 123.0  123.0 nm  3.135 s
Step   184: OL  975.2  165.0  OA  153.1  32.0 CL  437.0 223.8 Split   417.1 130.4  130.4 nm  3.103 s
Step   185: OL  975.7  166.5  OA  152.6  29.4 CL  440.4 229.7 Split   417.6 139.9  139.9 nm  3.099 s
Step   186: OL  976.0  167.7  OA  150.7  20.3 CL  440.1 229.2 Split   417.8 138.4  138.4 nm  3.120 s
Step   187: OL  976.3  168.3  OA  149.5   1.7 CL  442.5 233.6 Split   417.9 145.2  145.2 nm  3.119 s
Step   188: OL  976.5  168.4  OA  150.4   8.2 CL  445.9 239.6 Split   418.4 154.3  154.3 nm  3.033 s
Step   189: OL  976.6  168.0  OA  152.5  19.4 CL  450.2 246.2 Split   419.2 164.1  164.1 nm  3.057 s
Step   190: OL  976.6  167.1  OA  152.2  15.3 CL  446.8 239.1 Split   419.9 152.6  152.6 nm  3.122 s
Step   191: OL  976.6  166.0  OA  152.3  17.0 CL  445.0 236.6 Split   419.5 148.3  148.3 nm  3.185 s
Step   192: OL  976.5  164.8  OA  151.5   8.9 CL  444.9 236.6 Split   419.6 148.0  148.0 nm  3.139 s
Step   193: OL  976.5  163.7  OA  151.7  13.6 CL  444.7 235.9 Split   419.8 146.5  146.5 nm  3.046 s
Step   194: OL  976.5  163.1  OA  151.9  10.9 CL  445.6 236.6 Split   420.6 147.1  147.1 nm  3.038 s
Step   195: OL  976.7  163.1  OA  153.7  22.0 CL  449.4 243.6 Split   420.8 157.9  157.9 nm  3.032 s
Step   196: OL  976.9  163.9  OA  155.0  29.0 CL  452.1 248.4 Split   421.0 164.8  164.8 nm  3.106 s
Step   197: OL  977.3  165.5  OA  154.4  26.6 CL  454.3 252.9 Split   420.8 171.3  171.3 nm  3.072 s
Step   198: OL  977.9  167.8  OA  154.2  27.4 CL  457.1 258.1 Split   420.8 178.6  178.6 nm  3.145 s
Step   199: OL  978.5  170.8  OA  155.8  34.0 CL  458.9 262.3 Split   420.2 184.4  184.4 nm  3.079 s
Step   200: OL  979.2  174.2  OA  155.2  31.6 CL  458.5 262.3 Split   419.8 184.2  184.2 nm  3.105 s
Step   201: OL  979.9  177.7  OA  153.2  18.8 CL  452.4 251.4 Split   420.0 168.0  168.0 nm  3.121 s
Step   202: OL  980.7  181.2  OA  153.2  21.1 CL  449.1 245.8 Split   419.9 159.3  159.3 nm  3.102 s
Step   203: OL  981.3  184.2  OA  153.8  22.4 CL  448.5 244.6 Split   420.0 157.3  157.3 nm  3.120 s
Step   204: OL  981.9  186.7  OA  154.1  19.9 CL  448.5 244.9 Split   419.9 157.6  157.6 nm  3.106 s
Step   205: OL  982.3  188.3  OA  154.1  13.7 CL  447.7 243.2 Split   420.1 154.7  154.7 nm  3.129 s
Step   206: OL  982.5  189.0  OA  154.2   7.6 CL  449.2 245.7 Split   420.2 158.6  158.6 nm  3.163 s
Step   207: OL  982.5  188.8  OA  154.6   9.0 CL  453.3 253.4 Split   420.2 170.2  170.2 nm  3.117 s
Step   208: OL  982.3  187.5  OA  154.8   6.6 CL  453.6 253.5 Split   420.5 170.2  170.2 nm  3.170 s
Step   209: OL  982.0  185.4  OA  154.3  10.5 CL  452.6 252.0 Split   420.4 167.6  167.6 nm  3.210 s
Step   210: OL  981.5  182.6  OA  154.9  21.0 CL  453.3 253.2 Split   420.6 169.0  169.0 nm  3.177 s
Step   211: OL  980.9  179.2  OA  153.5  12.9 CL  453.8 254.5 Split   420.5 170.7  170.7 nm  3.073 s
Step   212: OL  980.2  175.6  OA  154.3  20.0 CL  449.0 246.2 Split   420.5 157.5  157.5 nm  3.038 s
Step   213: OL  979.6  172.0  OA  156.6  31.6 CL  448.5 245.2 Split   420.6 155.7  155.7 nm  3.124 s
Step   214: OL  979.1  168.8  OA  158.7  39.2 CL  452.1 252.4 Split   420.3 166.6  166.6 nm  3.085 s
Step   215: OL  978.6  166.2  OA  161.8  50.0 CL  452.8 253.5 Split   420.5 168.1  168.1 nm  3.184 s
Step   216: OL  978.3  164.5  OA  159.0  41.1 CL  453.3 254.9 Split   420.1 170.2  170.2 nm  3.138 s
Step   217: OL  978.1  163.8  OA  160.8  47.5 CL  457.6 263.2 Split   419.6 182.5  182.5 nm  3.080 s
Step   218: OL  978.2  164.1  OA  157.5  34.8 CL  455.5 260.1 Split   419.2 178.2  178.2 nm  3.120 s
Step   219: OL  978.3  165.3  OA  157.8  30.9 CL  459.4 266.1 Split   419.7 186.8  186.8 nm  3.013 s
Step   220: OL  978.6  167.3  OA  158.4  30.4 CL  459.8 267.3 Split   419.5 188.2  188.2 nm  3.087 s
Step   221: OL  978.9  169.8  OA  158.3  31.7 CL  456.7 263.2 Split   418.8 182.1  182.1 nm  3.144 s
Step   222: OL  979.3  172.5  OA  158.5  30.3 CL  452.9 256.6 Split   418.8 172.4  172.4 nm  3.186 s
Step   223: OL  979.7  175.0  OA  159.2  31.2 CL  451.7 254.5 Split   418.9 168.9  168.9 nm  3.075 s
Step   224: OL  980.0  177.1  OA  156.7  15.9 CL  451.5 254.3 Split   418.8 168.5  168.5 nm  3.207 s
Step   225: OL  980.1  178.7  OA  156.2  15.3 CL  452.1 255.2 Split   419.0 169.9  169.9 nm  3.156 s
Step   226: OL  980.1  179.4  OA  155.8  21.7 CL  451.6 255.0 Split   418.5 169.7  169.7 nm  3.179 s
Step   227: OL  980.0  179.4  OA  154.6  16.1 CL  451.8 256.6 Split   417.8 171.9  171.9 nm  3.124 s
Step   228: OL  979.7  178.4  OA  154.5   1.3 CL  453.6 260.7 Split   417.1 178.2  178.2 nm  3.120 s
Step   229: OL  979.2  176.7  OA  156.0  10.6 CL  454.8 263.6 Split   416.6 182.4  182.4 nm  3.169 s
Step   230: OL  978.6  174.4  OA  159.4  32.1 CL  460.0 273.1 Split   416.1 196.2  196.2 nm  3.097 s
Step   231: OL  977.9  171.7  OA  161.5  39.5 CL  459.6 272.7 Split   415.9 195.6  195.6 nm  3.130 s
Step   232: OL  977.3  168.8  OA  163.7  48.0 CL  459.9 273.3 Split   415.9 196.4  196.4 nm  3.112 s
Step   233: OL  976.6  166.2  OA  161.2  42.0 CL  465.2 282.8 Split   415.3 209.4  209.4 nm  3.101 s
Step   234: OL  976.0  164.0  OA  160.3  42.7 CL  468.1 289.4 Split   414.1 218.4  218.4 nm  3.157 s
Step   235: OL  975.6  162.6  OA  160.4  43.5 CL  465.7 285.8 Split   413.9 213.6  213.6 nm  3.207 s
Step   236: OL  975.3  162.2  OA  160.0  41.1 CL  467.4 288.9 Split   413.6 217.7  217.7 nm  3.149 s
Step   237: OL  975.2  162.9  OA  158.3  33.3 CL  464.7 284.9 Split   413.4 212.1  212.1 nm  3.142 s
Step   238: OL  975.2  164.6  OA  157.1  28.4 CL  461.6 280.3 Split   413.0 206.1  206.1 nm  3.130 s
Step   239: OL  975.4  167.2  OA  157.4  26.8 CL  457.4 273.6 Split   413.0 196.7  196.7 nm  3.148 s
Step   240: OL  975.6  170.3  OA  157.5  28.9 CL  451.9 266.1 Split   411.9 186.0  186.0 nm  3.152 s
Step   241: OL  976.0  173.8  OA  156.7  26.3 CL  455.2 272.6 Split   411.3 194.9  194.9 nm  3.110 s
Step   242: OL  976.3  177.2  OA  157.9  33.0 CL  454.6 272.3 Split   410.9 194.5  194.5 nm  3.179 s
Step   243: OL  976.5  180.2  OA  156.8  25.4 CL  459.1 280.6 Split   410.4 205.8  205.8 nm  3.277 s
Step   244: OL  976.7  182.5  OA  157.1  27.5 CL  463.4 288.8 Split   409.6 216.8  216.8 nm  3.293 s
Step   245: OL  976.6  183.9  OA  157.6  24.4 CL  462.5 287.4 Split   409.6 214.7  214.7 nm  3.176 s
Step   246: OL  976.3  184.3  OA  158.0  23.7 CL  459.7 283.8 Split   408.9 210.0  210.0 nm  3.187 s
Step   247: OL  975.8  183.5  OA  156.5   6.3 CL  451.1 271.4 Split   407.7 193.0  193.0 nm  3.088 s
Step   248: OL  975.1  181.6  OA  156.6   4.9 CL  451.2 272.1 Split   407.3 194.1  194.1 nm  3.168 s
Step   249: OL  974.2  178.6  OA  157.4  11.9 CL  449.6 269.9 Split   406.9 191.1  191.1 nm  3.214 s
Step   250: OL  973.2  175.0  OA  159.0  22.4 CL  447.3 266.5 Split   406.7 186.2  186.2 nm  3.216 s
Step   251: OL  972.0  170.9  OA  158.0  20.4 CL  446.4 265.6 Split   406.3 184.9  184.9 nm  3.165 s
Step   252: OL  970.9  166.7  OA  158.1  21.0 CL  443.0 260.6 Split   405.8 177.6  177.6 nm  3.242 s
Step   253: OL  969.9  163.1  OA  158.4  25.3 CL  442.0 259.5 Split   405.5 175.9  175.9 nm  3.194 s
Step   254: OL  969.0  160.4  OA  161.5  38.1 CL  444.2 263.3 Split   405.6 181.2  181.2 nm  3.309 s
Step   255: OL  968.4  159.1  OA  162.1  41.8 CL  452.5 278.0 Split   404.8 202.1  202.1 nm  3.152 s
Step   255 updated high order loop gain: 0.458
Step   255 updated low order loop gain : 0.453
Step   256: OL  968.0  159.7  OA  163.8  46.5 CL  450.8 275.9 Split   404.5 199.1  199.1 nm  3.140 s
Step   257: OL  968.0  162.3  OA  162.7  46.1 CL  448.2 272.7 Split   403.8 194.6  194.6 nm  3.149 s
Step   258: OL  968.3  166.8  OA  161.3  44.6 CL  448.9 274.7 Split   403.0 197.7  197.7 nm  3.092 s
Step   259: OL  968.9  172.9  OA  161.3  41.4 CL  449.5 276.3 Split   402.6 200.0  200.0 nm  3.082 s
Step   260: OL  969.7  180.3  OA  164.8  52.8 CL  450.0 276.8 Split   402.7 200.7  200.7 nm  3.138 s
Step   261: OL  970.8  188.4  OA  165.2  51.3 CL  448.9 274.7 Split   403.1 197.6  197.6 nm  3.076 s
Step   262: OL  971.9  196.7  OA  162.0  37.1 CL  449.1 275.2 Split   402.9 198.4  198.4 nm  3.156 s
Step   263: OL  973.0  204.7  OA  159.5  27.2 CL  452.0 281.2 Split   402.0 206.7  206.7 nm  3.264 s
Step   264: OL  974.1  211.9  OA  159.4  25.2 CL  451.0 280.5 Split   401.4 205.7  205.7 nm  3.139 s
Step   265: OL  974.8  217.9  OA  158.6  22.1 CL  447.5 275.6 Split   401.0 198.7  198.7 nm  3.138 s
Step   266: OL  975.3  222.5  OA  157.8  12.1 CL  444.6 271.2 Split   400.7 192.6  192.6 nm  3.197 s
Step   267: OL  975.4  225.3  OA  157.7  10.5 CL  446.8 276.0 Split   399.9 199.4  199.4 nm  3.177 s
Step   268: OL  975.1  226.4  OA  157.5  19.0 CL  444.6 273.0 Split   399.5 195.1  195.1 nm  3.166 s
Step   269: OL  974.3  225.6  OA  156.7  19.7 CL  450.5 283.3 Split   398.9 209.3  209.3 nm  3.071 s
Step   270: OL  973.1  223.0  OA  157.4  22.8 CL  457.8 295.1 Split   398.6 225.1  225.1 nm  3.119 s
Step   271: OL  971.6  218.6  OA  157.6  25.8 CL  460.2 299.5 Split   398.1 230.8  230.8 nm  3.105 s
Step   272: OL  969.6  212.7  OA  157.5  15.4 CL  455.1 291.4 Split   398.3 220.2  220.2 nm  3.128 s
Step   273: OL  967.5  205.6  OA  157.1   3.7 CL  449.1 282.2 Split   398.2 207.8  207.8 nm  3.085 s
Step   274: OL  965.2  197.6  OA  157.9  21.6 CL  439.1 267.3 Split   397.2 187.2  187.2 nm  3.156 s
Step   275: OL  962.8  189.1  OA  157.1  19.7 CL  440.2 270.2 Split   396.4 191.4  191.4 nm  3.239 s
Step   276: OL  960.5  180.5  OA  157.9  27.5 CL  448.6 283.9 Split   396.0 210.7  210.7 nm  3.081 s
Step   277: OL  958.4  172.4  OA  163.8  48.8 CL  455.9 294.6 Split   396.5 224.9  224.9 nm  3.160 s
Step   278: OL  956.5  165.3  OA  170.6  66.5 CL  463.5 306.0 Split   396.7 239.7  239.7 nm  3.176 s
Step   279: OL  954.8  159.6  OA  168.3  59.0 CL  462.3 304.1 Split   396.7 237.4  237.4 nm  3.185 s
Step   280: OL  953.5  155.6  OA  162.1  38.3 CL  456.0 295.1 Split   396.2 225.8  225.8 nm  3.163 s
Step   281: OL  952.4  153.3  OA  158.3  17.5 CL  454.6 294.1 Split   395.4 224.3  224.3 nm  3.216 s
Step   282: OL  951.6  152.7  OA  159.4  24.0 CL  457.6 299.7 Split   394.6 231.7  231.7 nm  3.153 s
Step   283: OL  951.1  153.5  OA  160.0  25.2 CL  453.9 294.1 Split   394.5 224.4  224.4 nm  3.063 s
Step   284: OL  950.7  155.2  OA  161.7  30.3 CL  449.1 286.4 Split   394.7 214.1  214.1 nm  3.180 s
Step   285: OL  950.3  157.4  OA  161.8  32.6 CL  452.9 292.8 Split   394.3 222.8  222.8 nm  3.196 s
Step   286: OL  950.0  159.6  OA  160.4  25.8 CL  452.5 292.7 Split   393.9 222.7  222.7 nm  3.147 s
Step   287: OL  949.6  161.5  OA  158.5  15.2 CL  449.6 288.9 Split   393.4 217.5  217.5 nm  3.121 s
Step   288: OL  949.1  162.5  OA  157.4  11.1 CL  450.7 291.2 Split   392.9 220.7  220.7 nm  3.159 s
Step   289: OL  948.4  162.7  OA  157.7  15.4 CL  454.0 296.7 Split   392.6 228.1  228.1 nm  3.165 s
Step   290: OL  947.5  161.9  OA  158.8  10.0 CL  451.9 293.1 Split   392.8 223.3  223.3 nm  3.089 s
Step   291: OL  946.5  160.2  OA  158.9   4.2 CL  448.2 287.7 Split   392.7 216.1  216.1 nm  3.171 s
Step   292: OL  945.3  157.7  OA  159.7  13.5 CL  440.9 276.5 Split   392.5 200.9  200.9 nm  3.136 s
Step   293: OL  944.1  154.8  OA  160.4  15.9 CL  444.3 282.2 Split   392.3 208.6  208.6 nm  3.139 s
Step   294: OL  942.9  152.0  OA  160.6  25.7 CL  449.7 291.2 Split   391.7 220.8  220.8 nm  3.081 s
Step   295: OL  941.8  149.7  OA  163.6  44.1 CL  441.0 278.5 Split   391.1 203.9  203.9 nm  3.180 s
Step   296: OL  940.9  148.6  OA  161.7  36.5 CL  438.4 274.3 Split   391.0 198.2  198.2 nm  3.081 s
Step   297: OL  940.3  149.3  OA  161.9  32.7 CL  438.0 273.5 Split   391.2 197.0  197.0 nm  3.190 s
Step   298: OL  940.0  152.2  OA  165.9  49.1 CL  439.6 276.3 Split   391.0 200.8  200.8 nm  3.276 s
Step   299: OL  940.1  157.6  OA  167.0  52.6 CL  441.1 278.3 Split   391.3 203.6  203.6 nm  3.109 s
Step   300: OL  940.7  165.4  OA  164.5  42.6 CL  441.3 278.3 Split   391.5 203.6  203.6 nm  3.171 s
Step   301: OL  941.8  175.3  OA  160.4  26.8 CL  449.9 292.5 Split   390.8 223.0  223.0 nm  3.153 s
Step   302: OL  943.2  186.9  OA  160.7  30.3 CL  454.6 299.8 Split   390.5 232.7  232.7 nm  3.207 s
Step   303: OL  945.1  199.6  OA  160.7  28.9 CL  450.5 293.6 Split   390.5 224.7  224.7 nm  3.171 s
Step   304: OL  947.2  213.0  OA  160.4  24.1 CL  444.6 284.8 Split   390.2 213.0  213.0 nm  3.186 s
Step   305: OL  949.6  226.3  OA  160.1  21.3 CL  438.9 276.9 Split   389.5 202.3  202.3 nm  3.136 s
Step   306: OL  951.9  239.3  OA  161.7  24.7 CL  443.0 283.9 Split   389.2 211.6  211.6 nm  3.170 s
Step   307: OL  954.3  251.4  OA  162.5  27.6 CL  446.2 289.0 Split   389.1 218.4  218.4 nm  3.165 s
Step   308: OL  956.4  262.2  OA  162.6  33.4 CL  445.2 287.3 Split   389.0 216.3  216.3 nm  3.201 s
Step   309: OL  958.3  271.6  OA  161.4  30.1 CL  446.3 289.2 Split   389.0 218.9  218.9 nm  3.166 s
Step   310: OL  959.7  279.2  OA  159.9  21.5 CL  445.3 288.0 Split   388.7 217.4  217.4 nm  3.215 s
Step   311: OL  960.6  285.0  OA  158.7  11.2 CL  443.1 285.0 Split   388.4 213.2  213.2 nm  3.201 s
Step   312: OL  960.9  288.6  OA  157.7   6.9 CL  447.5 291.9 Split   388.2 222.5  222.5 nm  3.161 s
Step   313: OL  960.6  290.2  OA  159.3  18.0 CL  447.7 292.0 Split   388.5 222.5  222.5 nm  3.238 s
Step   314: OL  959.6  289.6  OA  159.0   9.2 CL  449.1 293.9 Split   388.6 225.1  225.1 nm  3.148 s
Step   315: OL  958.0  287.0  OA  159.6  11.8 CL  453.2 300.1 Split   388.6 233.2  233.2 nm  3.169 s
Step   316: OL  955.8  282.3  OA  159.8  24.0 CL  455.1 303.8 Split   387.8 238.1  238.1 nm  3.140 s
Step   317: OL  953.1  275.8  OA  158.3  15.7 CL  450.2 296.7 Split   387.6 229.1  229.1 nm  3.193 s
Step   318: OL  949.9  267.7  OA  158.1   8.9 CL  447.4 292.2 Split   387.8 223.1  223.1 nm  3.191 s
Step   319: OL  946.4  258.1  OA  158.7  13.7 CL  446.0 288.8 Split   388.9 218.4  218.4 nm  3.221 s
Step   320: OL  942.7  247.3  OA  159.9  22.6 CL  448.3 291.3 Split   389.5 221.9  221.9 nm  3.210 s
Step   321: OL  938.9  235.6  OA  164.0  43.6 CL  450.5 294.9 Split   389.3 226.7  226.7 nm  3.192 s
Step   322: OL  935.0  223.4  OA  164.3  46.5 CL  452.4 298.4 Split   388.9 231.2  231.2 nm  3.128 s
Step   323: OL  931.3  211.0  OA  162.1  37.3 CL  452.4 298.4 Split   388.9 231.1  231.1 nm  3.334 s
Step   324: OL  927.7  198.8  OA  160.7  33.7 CL  454.8 302.5 Split   388.5 236.4  236.4 nm  3.226 s
Step   325: OL  924.4  187.1  OA  164.8  50.0 CL  456.9 306.0 Split   388.2 241.0  241.0 nm  3.230 s
Step   326: OL  921.4  176.4  OA  163.8  47.6 CL  455.5 304.1 Split   388.0 238.6  238.6 nm  3.240 s
Step   327: OL  918.7  166.8  OA  165.2  47.7 CL  459.8 309.6 Split   388.8 245.4  245.4 nm  3.292 s
Step   328: OL  916.4  158.7  OA  163.9  39.6 CL  456.4 303.9 Split   389.6 237.9  237.9 nm  3.191 s
Step   329: OL  914.4  152.1  OA  165.1  43.3 CL  461.5 310.8 Split   390.1 246.7  246.7 nm  3.166 s
Step   330: OL  912.6  147.0  OA  164.1  41.7 CL  462.1 311.3 Split   390.4 247.3  247.3 nm  3.267 s
Step   331: OL  911.1  143.3  OA  164.1  42.9 CL  460.1 308.6 Split   390.0 244.0  244.0 nm  3.222 s
Step   332: OL  909.8  140.8  OA  161.1  31.7 CL  449.6 293.2 Split   389.7 224.1  224.1 nm  3.115 s
Step   333: OL  908.6  139.3  OA  161.0  32.0 CL  447.1 289.3 Split   389.8 218.9  218.9 nm  3.179 s
Step   334: OL  907.5  138.3  OA  162.1  34.5 CL  445.8 286.8 Split   390.2 215.5  215.5 nm  3.243 s
Step   335: OL  906.4  137.7  OA  161.2  28.4 CL  442.1 280.7 Split   390.6 207.1  207.1 nm  3.180 s
Step   336: OL  905.4  137.4  OA  159.6  17.6 CL  447.4 288.7 Split   390.8 217.7  217.7 nm  3.287 s
Step   337: OL  904.4  137.4  OA  160.0  23.4 CL  455.2 300.9 Split   390.7 233.7  233.7 nm  3.166 s
Step   338: OL  903.5  137.7  OA  159.9  24.0 CL  449.4 292.4 Split   390.5 222.4  222.4 nm  3.155 s
Step   339: OL  902.7  138.7  OA  160.2  26.0 CL  450.4 293.4 Split   390.8 223.9  223.9 nm  3.103 s
Step   340: OL  902.0  140.7  OA  161.0  27.2 CL  455.1 299.7 Split   391.6 232.0  232.0 nm  3.148 s
Step   341: OL  901.6  144.3  OA  163.7  35.0 CL  460.9 307.4 Split   392.3 241.8  241.8 nm  3.224 s
Step   342: OL  901.4  149.8  OA  166.9  50.4 CL  465.0 313.9 Split   392.1 250.0  250.0 nm  3.214 s
Step   343: OL  901.7  157.6  OA  166.6  54.8 CL  462.7 311.0 Split   391.6 246.4  246.4 nm  3.200 s
Step   344: OL  902.6  167.9  OA  166.3  55.8 CL  453.5 297.3 Split   391.5 228.9  228.9 nm  3.231 s
Step   345: OL  904.0  180.8  OA  165.0  52.6 CL  452.4 295.5 Split   391.6 226.6  226.6 nm  3.252 s
Step   346: OL  906.2  196.1  OA  164.8  50.6 CL  454.3 298.1 Split   391.8 230.1  230.1 nm  3.286 s
Step   347: OL  909.1  213.5  OA  163.4  43.8 CL  449.0 289.1 Split   392.4 218.2  218.2 nm  3.168 s
Step   348: OL  912.7  232.6  OA  169.5  64.1 CL  449.5 290.1 Split   392.3 219.4  219.4 nm  3.216 s
Step   349: OL  917.1  253.0  OA  167.3  60.7 CL  454.1 297.4 Split   392.1 229.1  229.1 nm  3.258 s
Step   350: OL  922.1  274.2  OA  166.2  58.9 CL  457.7 302.6 Split   392.3 235.8  235.8 nm  3.174 s
Step   351: OL  927.7  295.8  OA  167.6  64.0 CL  448.8 289.0 Split   392.3 218.0  218.0 nm  3.229 s
Step   352: OL  933.7  317.3  OA  162.4  46.1 CL  446.2 284.4 Split   392.7 211.8  211.8 nm  3.078 s
Step   353: OL  940.0  338.2  OA  161.0  41.3 CL  457.7 301.8 Split   392.8 235.0  235.0 nm  3.115 s
Step   354: OL  946.4  358.3  OA  165.8  56.7 CL  465.0 312.3 Split   393.1 248.5  248.5 nm  3.100 s
Step   355: OL  952.6  377.0  OA  167.4  63.2 CL  455.4 297.9 Split   393.0 230.1  230.1 nm  3.157 s
Step   356: OL  958.4  394.1  OA  162.5  52.2 CL  445.9 283.7 Split   392.5 211.5  211.5 nm  3.141 s
Step   357: OL  963.7  409.2  OA  163.7  56.7 CL  439.9 274.2 Split   392.4 198.6  198.6 nm  3.153 s
Step   358: OL  968.2  422.1  OA  158.1  36.9 CL  444.0 280.7 Split   392.4 207.8  207.8 nm  3.162 s
Step   359: OL  971.8  432.5  OA  153.6   9.8 CL  455.5 298.5 Split   392.3 231.5  231.5 nm  3.166 s
Step   360: OL  974.2  440.3  OA  154.5  14.6 CL  461.5 306.9 Split   392.8 242.2  242.2 nm  3.180 s
Step   361: OL  975.5  445.4  OA  157.3  28.9 CL  465.6 313.0 Split   392.9 249.8  249.8 nm  3.150 s
Step   362: OL  975.4  447.5  OA  157.7  35.0 CL  463.6 309.9 Split   392.9 246.0  246.0 nm  3.182 s
Step   363: OL  974.0  446.8  OA  153.3   9.0 CL  455.6 297.8 Split   393.0 230.6  230.6 nm  3.132 s
Step   364: OL  971.3  443.3  OA  152.0   6.0 CL  459.6 304.3 Split   392.4 239.3  239.3 nm  3.151 s
Step   365: OL  967.4  437.0  OA  152.4   2.6 CL  458.2 301.5 Split   392.8 235.8  235.8 nm  3.134 s
Step   366: OL  962.3  428.0  OA  153.8  18.7 CL  452.7 292.2 Split   393.4 224.0  224.0 nm  3.182 s
Step   367: OL  956.2  416.7  OA  154.3  23.2 CL  454.3 293.7 Split   394.0 226.1  226.1 nm  3.177 s
Step   368: OL  949.2  403.1  OA  156.0  31.4 CL  455.6 296.3 Split   393.6 229.5  229.5 nm  3.155 s
Step   369: OL  941.6  387.5  OA  160.6  51.6 CL  466.6 313.3 Split   393.1 251.4  251.4 nm  3.094 s
Step   370: OL  933.5  370.4  OA  160.2  54.8 CL  471.0 320.0 Split   392.8 259.9  259.9 nm  3.157 s
Step   371: OL  925.2  352.0  OA  157.0  48.1 CL  471.8 321.3 Split   392.6 261.5  261.5 nm  3.148 s
Step   372: OL  916.9  332.7  OA  156.7  45.7 CL  464.2 309.9 Split   392.7 247.4  247.4 nm  3.179 s
Step   373: OL  908.7  312.9  OA  160.3  54.1 CL  458.6 301.1 Split   393.0 236.3  236.3 nm  3.126 s
Step   374: OL  900.8  293.1  OA  159.6  50.4 CL  456.8 298.0 Split   393.2 232.4  232.4 nm  3.233 s
Step   375: OL  893.5  273.6  OA  158.4  47.2 CL  458.3 299.5 Split   393.7 234.5  234.5 nm  3.110 s
Step   376: OL  886.7  254.9  OA  160.7  55.8 CL  466.9 312.3 Split   393.9 250.7  250.7 nm  3.220 s
Step   377: OL  880.5  237.4  OA  158.6  49.1 CL  468.2 314.1 Split   394.0 252.9  252.9 nm  3.199 s
